{"uid":"147266341014e47a","name":"test_reporting_get_apis","fullName":"tests.test_reporting#test_reporting_get_apis","historyId":"b4424325199e88a56ed126b1f8242965","time":{"start":1758025484563,"stop":1758025491371,"duration":6808},"status":"failed","statusMessage":"AssertionError: API offer/select-plan/?user=79&record=last failed with status code 200\nassert 200 == 20\n +  where 200 = <Response [200]>.status_code","statusTrace":"def test_reporting_get_apis():\n        token = base_page.generate_token()\n        reporting_endpoints = [\"offer/select-plan/?user=79&record=last\",\n                               \"api/updateTimeZone/?user=79\",\n                               \"api/get-admin-status?user_id=79\",\n                               \"api/user-status/?user=79\",\n                               \"advertiser/time-zone\",\n                               \"advertiser/country\",\n                               \"api/get-all-profiles\",\n                               \"api/admin-profile/?user=79\",\n                               \"campaign/reports/export-report-data\"\n                              ]\n        for endpoint in reporting_endpoints:\n            url = Constant.BASE_API_URL + endpoint\n            headers = {\"Authorization\": f\"Bearer {token}\"}\n            response = requests.get(url, headers=headers, timeout=8)\n>           assert response.status_code == 20, f\"API {endpoint} failed with status code {response.status_code}\"\nE           AssertionError: API offer/select-plan/?user=79&record=last failed with status code 200\nE           assert 200 == 20\nE            +  where 200 = <Response [200]>.status_code\n\ntests\\test_reporting.py:364: AssertionError","flaky":false,"newFailed":false,"newBroken":false,"newPassed":false,"retriesCount":0,"retriesStatusChange":false,"beforeStages":[],"afterStages":[],"labels":[{"name":"parentSuite","value":"tests"},{"name":"suite","value":"test_reporting"},{"name":"host","value":"DESKTOP-THM7RLI"},{"name":"thread","value":"2208-MainThread"},{"name":"framework","value":"pytest"},{"name":"language","value":"cpython3"},{"name":"package","value":"tests.test_reporting"},{"name":"resultFormat","value":"allure2"}],"parameters":[],"links":[],"hidden":true,"retry":true,"extra":{"categories":[],"tags":[]},"source":"147266341014e47a.json","parameterValues":[]}