{"uid":"16d748f693ddf517","name":"test_reporting_export_this_page","fullName":"tests.test_reporting#test_reporting_export_this_page","historyId":"33a51106bf2e2b8502230901bcf37c62","time":{"start":1756996526764,"stop":1756996560848,"duration":34084},"status":"failed","statusMessage":"AssertionError: DataFrame.iloc[:, 10] (column name=\"Destination Name\") are different\n\nDataFrame.iloc[:, 10] (column name=\"Destination Name\") values are different (76.0 %)\n[index]: [0, 1, 2, 3, 4, 5, 6, 7, 8, 9, 10, 11, 12, 13, 14, 15, 16, 17, 18, 19, 20, 21, 22, 23, 24, 25, 26, 27, 28, 29, 30, 31, 32, 33, 34, 35, 36, 37, 38, 39, 40, 41, 42, 43, 44, 45, 46, 47, 48, 49, 50, 51, 52, 53, 54, 55, 56, 57, 58, 59, 60, 61, 62, 63, 64, 65, 66, 67, 68, 69, 70, 71, 72, 73, 74, 75, 76, 77, 78, 79, 80, 81, 82, 83, 84, 85, 86, 87, 88, 89, 90, 91, 92, 93, 94, 95, 96, 97, 98, 99]\n[left]:  [test_system_4, test_system_4, test_system_4, test_sytem_3, test_sytem_3, test_sytem_3, test_sytem_3, test_sytem_1, test_sytem_3, test_sytem_2, test_sytem_1, test_sytem_3, test_sytem_2, test_sytem_2, test_sytem_2, test_sytem_3, test_sytem_2, test_sytem_3, test_sytem_3, test_sytem_2, test_sytem_3, test_sytem_3, test_sytem_3, test_sytem_3, test_sytem_3, test_sytem_2, test_sytem_2, test_sytem_1, test_sytem_1, test_sytem_1, test_sytem_3, test_sytem_1, test_sytem_3, test_sytem_2, test_sytem_3, test_sytem_2, test_sytem_2, test_sytem_1, nan, test_sytem_2, test_sytem_3, test_sytem_3, test_sytem_2, test_sytem_1, dest4, dest4, dest4, test_sytem_1, test_sytem_1, test_sytem_1, test_sytem_1, test_sytem_1, test_sytem_1, test_sytem_1, dest4, nan, nan, nan, nan, nan, nan, test_sytem_1, test_sytem_1, test_sytem_1, test_sytem_1, test_sytem_1, test_sytem_1, nan, test_system_4, nan, nan, test_sytem_1, test_sytem_1, test_sytem_1, nan, nan, nan, nan, nan, nan, test_system_4, test_system_4, test_system_4, test_sytem_1, nan, nan, nan, test_system_4, test_system_4, test_system_4, test_system_4, test_sytem_1, test_sytem_1, test_sytem_1, nan, nan, nan, nan, nan, test_system_4]\n[right]: [TestSystem4, TestSystem4, TestSystem4, TestSytem3, TestSytem3, TestSytem3, TestSytem3, TestSytem1, TestSytem3, TestSytem2, TestSytem1, TestSytem3, TestSytem2, TestSytem2, TestSytem2, TestSytem3, TestSytem2, TestSytem3, TestSytem3, TestSytem2, TestSytem3, TestSytem3, TestSytem3, TestSytem3, TestSytem3, TestSytem2, TestSytem2, TestSytem1, TestSytem1, TestSytem1, TestSytem3, TestSytem1, TestSytem3, TestSytem2, TestSytem3, TestSytem2, TestSytem2, TestSytem1, nan, TestSytem2, TestSytem3, TestSytem3, TestSytem2, TestSytem1, Dest4, Dest4, Dest4, TestSytem1, TestSytem1, TestSytem1, TestSytem1, TestSytem1, TestSytem1, TestSytem1, Dest4, nan, nan, nan, nan, nan, nan, TestSytem1, TestSytem1, TestSytem1, TestSytem1, TestSytem1, TestSytem1, nan, TestSystem4, nan, nan, TestSytem1, TestSytem1, TestSytem1, nan, nan, nan, nan, nan, nan, TestSystem4, TestSystem4, TestSystem4, TestSytem1, nan, nan, nan, TestSystem4, TestSystem4, TestSystem4, TestSystem4, TestSytem1, TestSytem1, TestSytem1, nan, nan, nan, nan, nan, TestSystem4]\nAt positional index 0, first diff: test_system_4 != TestSystem4","statusTrace":"driver_with_downloads = <selenium.webdriver.chrome.webdriver.WebDriver (session=\"dcdf35bc17f58849cf4b8b96406f3a3e\")>\n\n    def test_reporting_export_this_page(driver_with_downloads):\n        driver = driver_with_downloads\n        lp = LoginPage(driver)\n        r = Reporting(driver)\n        lp.do_login(Constant.USERNAME, Constant.PASSWORD)\n        db = DashBoard(driver)\n        db.element_displayed(db.DASHBOARD_TEXT)\n        db.click_reporting_ele()\n        r.set_date()\n        time.sleep(2)\n        r.do_click(r.REFRESH_BUTTON)\n        time.sleep(3)\n        r.scroll_to_element(r.CALL_DETAILS_TAB)\n        r.wait_for_table_to_load(r.FIRST_CELL)\n        r.select_table_dropdown(\"100\")\n        assert isinstance(r.is_table_data_present(), str),\"Table data not present\"\n        r.scroll_to_element(r.TOTAL_CALLS)\n        r.do_click(r.EXPORT_BUTTON)\n        r.do_click(r.EXPORT_SUB_BUTTON)\n        time.sleep(2)\n        files = [f for f in os.listdir(driver.download_dir) if f.endswith(\".csv\")]\n        assert files, \"No CSV file found!\"\n        csv_file_path = os.path.join(driver.download_dir, files[0])\n        # read downloaded csv\n        csv_data = pd.read_csv(csv_file_path, sep=\",\", engine=\"python\")\n        # get UI dataframe\n        ui_df = r.get_table_as_dataframe()\n        # save UI data for debugging/reference\n        ui_df.to_csv(\"ui_data.csv\", index=False)\n        ui_csv = pd.read_csv(\"ui_data.csv\")\n        # Strip column names\n        csv_data.columns = [col.strip() for col in csv_data.columns]\n        ui_csv.columns = [col.strip() for col in ui_csv.columns]\n        #csv_data = csv_data[ui_df.columns]\n        csv_data = csv_data.astype(str)\n        ui_csv = ui_csv.astype(str)\n        csv_data = csv_data.applymap(normalize_value)\n        ui_csv = ui_csv.applymap(normalize_value)\n        # compare\n>       pd.testing.assert_frame_equal(csv_data, ui_csv, check_dtype=False)\n\ntests\\test_reporting.py:286: \n_ _ _ _ _ _ _ _ _ _ _ _ _ _ _ _ _ _ _ _ _ _ _ _ _ _ _ _ _ _ _ _ _ _ _ _ _ _ _ _ _ _ _ _ _ _ _ _ _ _ _ _ _ _ _ _ _ _ _ _ _ _ _\npandas/_libs/testing.pyx:55: in pandas._libs.testing.assert_almost_equal\n    ???\n_ _ _ _ _ _ _ _ _ _ _ _ _ _ _ _ _ _ _ _ _ _ _ _ _ _ _ _ _ _ _ _ _ _ _ _ _ _ _ _ _ _ _ _ _ _ _ _ _ _ _ _ _ _ _ _ _ _ _ _ _ _ _\n\n>   ???\nE   AssertionError: DataFrame.iloc[:, 10] (column name=\"Destination Name\") are different\nE   \nE   DataFrame.iloc[:, 10] (column name=\"Destination Name\") values are different (76.0 %)\nE   [index]: [0, 1, 2, 3, 4, 5, 6, 7, 8, 9, 10, 11, 12, 13, 14, 15, 16, 17, 18, 19, 20, 21, 22, 23, 24, 25, 26, 27, 28, 29, 30, 31, 32, 33, 34, 35, 36, 37, 38, 39, 40, 41, 42, 43, 44, 45, 46, 47, 48, 49, 50, 51, 52, 53, 54, 55, 56, 57, 58, 59, 60, 61, 62, 63, 64, 65, 66, 67, 68, 69, 70, 71, 72, 73, 74, 75, 76, 77, 78, 79, 80, 81, 82, 83, 84, 85, 86, 87, 88, 89, 90, 91, 92, 93, 94, 95, 96, 97, 98, 99]\nE   [left]:  [test_system_4, test_system_4, test_system_4, test_sytem_3, test_sytem_3, test_sytem_3, test_sytem_3, test_sytem_1, test_sytem_3, test_sytem_2, test_sytem_1, test_sytem_3, test_sytem_2, test_sytem_2, test_sytem_2, test_sytem_3, test_sytem_2, test_sytem_3, test_sytem_3, test_sytem_2, test_sytem_3, test_sytem_3, test_sytem_3, test_sytem_3, test_sytem_3, test_sytem_2, test_sytem_2, test_sytem_1, test_sytem_1, test_sytem_1, test_sytem_3, test_sytem_1, test_sytem_3, test_sytem_2, test_sytem_3, test_sytem_2, test_sytem_2, test_sytem_1, nan, test_sytem_2, test_sytem_3, test_sytem_3, test_sytem_2, test_sytem_1, dest4, dest4, dest4, test_sytem_1, test_sytem_1, test_sytem_1, test_sytem_1, test_sytem_1, test_sytem_1, test_sytem_1, dest4, nan, nan, nan, nan, nan, nan, test_sytem_1, test_sytem_1, test_sytem_1, test_sytem_1, test_sytem_1, test_sytem_1, nan, test_system_4, nan, nan, test_sytem_1, test_sytem_1, test_sytem_1, nan, nan, nan, nan, nan, nan, test_system_4, test_system_4, test_system_4, test_sytem_1, nan, nan, nan, test_system_4, test_system_4, test_system_4, test_system_4, test_sytem_1, test_sytem_1, test_sytem_1, nan, nan, nan, nan, nan, test_system_4]\nE   [right]: [TestSystem4, TestSystem4, TestSystem4, TestSytem3, TestSytem3, TestSytem3, TestSytem3, TestSytem1, TestSytem3, TestSytem2, TestSytem1, TestSytem3, TestSytem2, TestSytem2, TestSytem2, TestSytem3, TestSytem2, TestSytem3, TestSytem3, TestSytem2, TestSytem3, TestSytem3, TestSytem3, TestSytem3, TestSytem3, TestSytem2, TestSytem2, TestSytem1, TestSytem1, TestSytem1, TestSytem3, TestSytem1, TestSytem3, TestSytem2, TestSytem3, TestSytem2, TestSytem2, TestSytem1, nan, TestSytem2, TestSytem3, TestSytem3, TestSytem2, TestSytem1, Dest4, Dest4, Dest4, TestSytem1, TestSytem1, TestSytem1, TestSytem1, TestSytem1, TestSytem1, TestSytem1, Dest4, nan, nan, nan, nan, nan, nan, TestSytem1, TestSytem1, TestSytem1, TestSytem1, TestSytem1, TestSytem1, nan, TestSystem4, nan, nan, TestSytem1, TestSytem1, TestSytem1, nan, nan, nan, nan, nan, nan, TestSystem4, TestSystem4, TestSystem4, TestSytem1, nan, nan, nan, TestSystem4, TestSystem4, TestSystem4, TestSystem4, TestSytem1, TestSytem1, TestSytem1, nan, nan, nan, nan, nan, TestSystem4]\nE   At positional index 0, first diff: test_system_4 != TestSystem4\n\npandas/_libs/testing.pyx:173: AssertionError","flaky":false,"newFailed":false,"newBroken":false,"newPassed":false,"retriesCount":62,"retriesStatusChange":true,"beforeStages":[{"name":"driver_with_downloads","time":{"start":1756996520736,"stop":1756996526764,"duration":6028},"status":"passed","steps":[],"attachments":[],"parameters":[],"stepsCount":0,"shouldDisplayMessage":false,"attachmentsCount":0,"attachmentStep":false,"hasContent":false}],"afterStages":[{"name":"driver_with_downloads::0","time":{"start":1756996560863,"stop":1756996563073,"duration":2210},"status":"passed","steps":[],"attachments":[],"parameters":[],"stepsCount":0,"shouldDisplayMessage":false,"attachmentsCount":0,"attachmentStep":false,"hasContent":false}],"labels":[{"name":"parentSuite","value":"tests"},{"name":"suite","value":"test_reporting"},{"name":"host","value":"DESKTOP-THM7RLI"},{"name":"thread","value":"11180-MainThread"},{"name":"framework","value":"pytest"},{"name":"language","value":"cpython3"},{"name":"package","value":"tests.test_reporting"},{"name":"resultFormat","value":"allure2"}],"parameters":[],"links":[],"hidden":false,"retry":false,"extra":{"severity":"normal","retries":[{"uid":"d7caa68e07877a20","status":"failed","statusDetails":"AssertionError: DataFrame.iloc[:, 10] (column name=\"Destination Name\") are different\n\nDataFrame.iloc[:, 10] (column name=\"Destination Name\") values are different (76.0 %)\n[index]: [0, 1, 2, 3, 4, 5, 6, 7, 8, 9, 10, 11, 12, 13, 14, 15, 16, 17, 18, 19, 20, 21, 22, 23, 24, 25, 26, 27, 28, 29, 30, 31, 32, 33, 34, 35, 36, 37, 38, 39, 40, 41, 42, 43, 44, 45, 46, 47, 48, 49, 50, 51, 52, 53, 54, 55, 56, 57, 58, 59, 60, 61, 62, 63, 64, 65, 66, 67, 68, 69, 70, 71, 72, 73, 74, 75, 76, 77, 78, 79, 80, 81, 82, 83, 84, 85, 86, 87, 88, 89, 90, 91, 92, 93, 94, 95, 96, 97, 98, 99]\n[left]:  [test_system_4, test_system_4, test_system_4, test_sytem_3, test_sytem_3, test_sytem_3, test_sytem_3, test_sytem_1, test_sytem_3, test_sytem_2, test_sytem_1, test_sytem_3, test_sytem_2, test_sytem_2, test_sytem_2, test_sytem_3, test_sytem_2, test_sytem_3, test_sytem_3, test_sytem_2, test_sytem_3, test_sytem_3, test_sytem_3, test_sytem_3, test_sytem_3, test_sytem_2, test_sytem_2, test_sytem_1, test_sytem_1, test_sytem_1, test_sytem_3, test_sytem_1, test_sytem_3, test_sytem_2, test_sytem_3, test_sytem_2, test_sytem_2, test_sytem_1, nan, test_sytem_2, test_sytem_3, test_sytem_3, test_sytem_2, test_sytem_1, dest4, dest4, dest4, test_sytem_1, test_sytem_1, test_sytem_1, test_sytem_1, test_sytem_1, test_sytem_1, test_sytem_1, dest4, nan, nan, nan, nan, nan, nan, test_sytem_1, test_sytem_1, test_sytem_1, test_sytem_1, test_sytem_1, test_sytem_1, nan, test_system_4, nan, nan, test_sytem_1, test_sytem_1, test_sytem_1, nan, nan, nan, nan, nan, nan, test_system_4, test_system_4, test_system_4, test_sytem_1, nan, nan, nan, test_system_4, test_system_4, test_system_4, test_system_4, test_sytem_1, test_sytem_1, test_sytem_1, nan, nan, nan, nan, nan, test_system_4]\n[right]: [TestSystem4, TestSystem4, TestSystem4, TestSytem3, TestSytem3, TestSytem3, TestSytem3, TestSytem1, TestSytem3, TestSytem2, TestSytem1, TestSytem3, TestSytem2, TestSytem2, TestSytem2, TestSytem3, TestSytem2, TestSytem3, TestSytem3, TestSytem2, TestSytem3, TestSytem3, TestSytem3, TestSytem3, TestSytem3, TestSytem2, TestSytem2, TestSytem1, TestSytem1, TestSytem1, TestSytem3, TestSytem1, TestSytem3, TestSytem2, TestSytem3, TestSytem2, TestSytem2, TestSytem1, nan, TestSytem2, TestSytem3, TestSytem3, TestSytem2, TestSytem1, Dest4, Dest4, Dest4, TestSytem1, TestSytem1, TestSytem1, TestSytem1, TestSytem1, TestSytem1, TestSytem1, Dest4, nan, nan, nan, nan, nan, nan, TestSytem1, TestSytem1, TestSytem1, TestSytem1, TestSytem1, TestSytem1, nan, TestSystem4, nan, nan, TestSytem1, TestSytem1, TestSytem1, nan, nan, nan, nan, nan, nan, TestSystem4, TestSystem4, TestSystem4, TestSytem1, nan, nan, nan, TestSystem4, TestSystem4, TestSystem4, TestSystem4, TestSytem1, TestSytem1, TestSytem1, nan, nan, nan, nan, nan, TestSystem4]\nAt positional index 0, first diff: test_system_4 != TestSystem4","time":{"start":1756995803862,"stop":1756995851775,"duration":47913}},{"uid":"c07f0835b3c52164","status":"failed","statusDetails":"AssertionError: DataFrame are different\n\nDataFrame shape mismatch\n[left]:  (10, 16)\n[right]: (100, 16)","time":{"start":1756984194301,"stop":1756984233220,"duration":38919}},{"uid":"bfbb222066a5cfad","status":"failed","statusDetails":"AssertionError: DataFrame.iloc[:, 10] (column name=\"Destination Name\") are different\n\nDataFrame.iloc[:, 10] (column name=\"Destination Name\") values are different (76.0 %)\n[index]: [0, 1, 2, 3, 4, 5, 6, 7, 8, 9, 10, 11, 12, 13, 14, 15, 16, 17, 18, 19, 20, 21, 22, 23, 24, 25, 26, 27, 28, 29, 30, 31, 32, 33, 34, 35, 36, 37, 38, 39, 40, 41, 42, 43, 44, 45, 46, 47, 48, 49, 50, 51, 52, 53, 54, 55, 56, 57, 58, 59, 60, 61, 62, 63, 64, 65, 66, 67, 68, 69, 70, 71, 72, 73, 74, 75, 76, 77, 78, 79, 80, 81, 82, 83, 84, 85, 86, 87, 88, 89, 90, 91, 92, 93, 94, 95, 96, 97, 98, 99]\n[left]:  [test_system_4, test_system_4, test_system_4, test_sytem_3, test_sytem_3, test_sytem_3, test_sytem_3, test_sytem_1, test_sytem_3, test_sytem_2, test_sytem_1, test_sytem_3, test_sytem_2, test_sytem_2, test_sytem_2, test_sytem_3, test_sytem_2, test_sytem_3, test_sytem_3, test_sytem_2, test_sytem_3, test_sytem_3, test_sytem_3, test_sytem_3, test_sytem_3, test_sytem_2, test_sytem_2, test_sytem_1, test_sytem_1, test_sytem_1, test_sytem_3, test_sytem_1, test_sytem_3, test_sytem_2, test_sytem_3, test_sytem_2, test_sytem_2, test_sytem_1, nan, test_sytem_2, test_sytem_3, test_sytem_3, test_sytem_2, test_sytem_1, dest4, dest4, dest4, test_sytem_1, test_sytem_1, test_sytem_1, test_sytem_1, test_sytem_1, test_sytem_1, test_sytem_1, dest4, nan, nan, nan, nan, nan, nan, test_sytem_1, test_sytem_1, test_sytem_1, test_sytem_1, test_sytem_1, test_sytem_1, nan, test_system_4, nan, nan, test_sytem_1, test_sytem_1, test_sytem_1, nan, nan, nan, nan, nan, nan, test_system_4, test_system_4, test_system_4, test_sytem_1, nan, nan, nan, test_system_4, test_system_4, test_system_4, test_system_4, test_sytem_1, test_sytem_1, test_sytem_1, nan, nan, nan, nan, nan, test_system_4]\n[right]: [TestSystem4, TestSystem4, TestSystem4, TestSytem3, TestSytem3, TestSytem3, TestSytem3, TestSytem1, TestSytem3, TestSytem2, TestSytem1, TestSytem3, TestSytem2, TestSytem2, TestSytem2, TestSytem3, TestSytem2, TestSytem3, TestSytem3, TestSytem2, TestSytem3, TestSytem3, TestSytem3, TestSytem3, TestSytem3, TestSytem2, TestSytem2, TestSytem1, TestSytem1, TestSytem1, TestSytem3, TestSytem1, TestSytem3, TestSytem2, TestSytem3, TestSytem2, TestSytem2, TestSytem1, nan, TestSytem2, TestSytem3, TestSytem3, TestSytem2, TestSytem1, Dest4, Dest4, Dest4, TestSytem1, TestSytem1, TestSytem1, TestSytem1, TestSytem1, TestSytem1, TestSytem1, Dest4, nan, nan, nan, nan, nan, nan, TestSytem1, TestSytem1, TestSytem1, TestSytem1, TestSytem1, TestSytem1, nan, TestSystem4, nan, nan, TestSytem1, TestSytem1, TestSytem1, nan, nan, nan, nan, nan, nan, TestSystem4, TestSystem4, TestSystem4, TestSytem1, nan, nan, nan, TestSystem4, TestSystem4, TestSystem4, TestSystem4, TestSytem1, TestSytem1, TestSytem1, nan, nan, nan, nan, nan, TestSystem4]\nAt positional index 0, first diff: test_system_4 != TestSystem4","time":{"start":1756823218104,"stop":1756823250328,"duration":32224}},{"uid":"94885aef0c503f47","status":"failed","statusDetails":"AssertionError: DataFrame.iloc[:, 10] (column name=\"Destination Name\") are different\n\nDataFrame.iloc[:, 10] (column name=\"Destination Name\") values are different (76.0 %)\n[index]: [0, 1, 2, 3, 4, 5, 6, 7, 8, 9, 10, 11, 12, 13, 14, 15, 16, 17, 18, 19, 20, 21, 22, 23, 24, 25, 26, 27, 28, 29, 30, 31, 32, 33, 34, 35, 36, 37, 38, 39, 40, 41, 42, 43, 44, 45, 46, 47, 48, 49, 50, 51, 52, 53, 54, 55, 56, 57, 58, 59, 60, 61, 62, 63, 64, 65, 66, 67, 68, 69, 70, 71, 72, 73, 74, 75, 76, 77, 78, 79, 80, 81, 82, 83, 84, 85, 86, 87, 88, 89, 90, 91, 92, 93, 94, 95, 96, 97, 98, 99]\n[left]:  [test_system_4, test_system_4, test_system_4, test_sytem_3, test_sytem_3, test_sytem_3, test_sytem_3, test_sytem_1, test_sytem_3, test_sytem_2, test_sytem_1, test_sytem_3, test_sytem_2, test_sytem_2, test_sytem_2, test_sytem_3, test_sytem_2, test_sytem_3, test_sytem_3, test_sytem_2, test_sytem_3, test_sytem_3, test_sytem_3, test_sytem_3, test_sytem_3, test_sytem_2, test_sytem_2, test_sytem_1, test_sytem_1, test_sytem_1, test_sytem_3, test_sytem_1, test_sytem_3, test_sytem_2, test_sytem_3, test_sytem_2, test_sytem_2, test_sytem_1, nan, test_sytem_2, test_sytem_3, test_sytem_3, test_sytem_2, test_sytem_1, dest4, dest4, dest4, test_sytem_1, test_sytem_1, test_sytem_1, test_sytem_1, test_sytem_1, test_sytem_1, test_sytem_1, dest4, nan, nan, nan, nan, nan, nan, test_sytem_1, test_sytem_1, test_sytem_1, test_sytem_1, test_sytem_1, test_sytem_1, nan, test_system_4, nan, nan, test_sytem_1, test_sytem_1, test_sytem_1, nan, nan, nan, nan, nan, nan, test_system_4, test_system_4, test_system_4, test_sytem_1, nan, nan, nan, test_system_4, test_system_4, test_system_4, test_system_4, test_sytem_1, test_sytem_1, test_sytem_1, nan, nan, nan, nan, nan, test_system_4]\n[right]: [TestSystem4, TestSystem4, TestSystem4, TestSytem3, TestSytem3, TestSytem3, TestSytem3, TestSytem1, TestSytem3, TestSytem2, TestSytem1, TestSytem3, TestSytem2, TestSytem2, TestSytem2, TestSytem3, TestSytem2, TestSytem3, TestSytem3, TestSytem2, TestSytem3, TestSytem3, TestSytem3, TestSytem3, TestSytem3, TestSytem2, TestSytem2, TestSytem1, TestSytem1, TestSytem1, TestSytem3, TestSytem1, TestSytem3, TestSytem2, TestSytem3, TestSytem2, TestSytem2, TestSytem1, nan, TestSytem2, TestSytem3, TestSytem3, TestSytem2, TestSytem1, Dest4, Dest4, Dest4, TestSytem1, TestSytem1, TestSytem1, TestSytem1, TestSytem1, TestSytem1, TestSytem1, Dest4, nan, nan, nan, nan, nan, nan, TestSytem1, TestSytem1, TestSytem1, TestSytem1, TestSytem1, TestSytem1, nan, TestSystem4, nan, nan, TestSytem1, TestSytem1, TestSytem1, nan, nan, nan, nan, nan, nan, TestSystem4, TestSystem4, TestSystem4, TestSytem1, nan, nan, nan, TestSystem4, TestSystem4, TestSystem4, TestSystem4, TestSytem1, TestSytem1, TestSytem1, nan, nan, nan, nan, nan, TestSystem4]\nAt positional index 0, first diff: test_system_4 != TestSystem4","time":{"start":1756823047009,"stop":1756823081192,"duration":34183}},{"uid":"93a0dfe8c5139937","status":"failed","statusDetails":"AssertionError: DataFrame.iloc[:, 10] (column name=\"Destination Name\") are different\n\nDataFrame.iloc[:, 10] (column name=\"Destination Name\") values are different (76.0 %)\n[index]: [0, 1, 2, 3, 4, 5, 6, 7, 8, 9, 10, 11, 12, 13, 14, 15, 16, 17, 18, 19, 20, 21, 22, 23, 24, 25, 26, 27, 28, 29, 30, 31, 32, 33, 34, 35, 36, 37, 38, 39, 40, 41, 42, 43, 44, 45, 46, 47, 48, 49, 50, 51, 52, 53, 54, 55, 56, 57, 58, 59, 60, 61, 62, 63, 64, 65, 66, 67, 68, 69, 70, 71, 72, 73, 74, 75, 76, 77, 78, 79, 80, 81, 82, 83, 84, 85, 86, 87, 88, 89, 90, 91, 92, 93, 94, 95, 96, 97, 98, 99]\n[left]:  [test_system_4, test_system_4, test_system_4, test_sytem_3, test_sytem_3, test_sytem_3, test_sytem_3, test_sytem_1, test_sytem_3, test_sytem_2, test_sytem_1, test_sytem_3, test_sytem_2, test_sytem_2, test_sytem_2, test_sytem_3, test_sytem_2, test_sytem_3, test_sytem_3, test_sytem_2, test_sytem_3, test_sytem_3, test_sytem_3, test_sytem_3, test_sytem_3, test_sytem_2, test_sytem_2, test_sytem_1, test_sytem_1, test_sytem_1, test_sytem_3, test_sytem_1, test_sytem_3, test_sytem_2, test_sytem_3, test_sytem_2, test_sytem_2, test_sytem_1, nan, test_sytem_2, test_sytem_3, test_sytem_3, test_sytem_2, test_sytem_1, dest4, dest4, dest4, test_sytem_1, test_sytem_1, test_sytem_1, test_sytem_1, test_sytem_1, test_sytem_1, test_sytem_1, dest4, nan, nan, nan, nan, nan, nan, test_sytem_1, test_sytem_1, test_sytem_1, test_sytem_1, test_sytem_1, test_sytem_1, nan, test_system_4, nan, nan, test_sytem_1, test_sytem_1, test_sytem_1, nan, nan, nan, nan, nan, nan, test_system_4, test_system_4, test_system_4, test_sytem_1, nan, nan, nan, test_system_4, test_system_4, test_system_4, test_system_4, test_sytem_1, test_sytem_1, test_sytem_1, nan, nan, nan, nan, nan, test_system_4]\n[right]: [TestSystem4, TestSystem4, TestSystem4, TestSytem3, TestSytem3, TestSytem3, TestSytem3, TestSytem1, TestSytem3, TestSytem2, TestSytem1, TestSytem3, TestSytem2, TestSytem2, TestSytem2, TestSytem3, TestSytem2, TestSytem3, TestSytem3, TestSytem2, TestSytem3, TestSytem3, TestSytem3, TestSytem3, TestSytem3, TestSytem2, TestSytem2, TestSytem1, TestSytem1, TestSytem1, TestSytem3, TestSytem1, TestSytem3, TestSytem2, TestSytem3, TestSytem2, TestSytem2, TestSytem1, nan, TestSytem2, TestSytem3, TestSytem3, TestSytem2, TestSytem1, Dest4, Dest4, Dest4, TestSytem1, TestSytem1, TestSytem1, TestSytem1, TestSytem1, TestSytem1, TestSytem1, Dest4, nan, nan, nan, nan, nan, nan, TestSytem1, TestSytem1, TestSytem1, TestSytem1, TestSytem1, TestSytem1, nan, TestSystem4, nan, nan, TestSytem1, TestSytem1, TestSytem1, nan, nan, nan, nan, nan, nan, TestSystem4, TestSystem4, TestSystem4, TestSytem1, nan, nan, nan, TestSystem4, TestSystem4, TestSystem4, TestSystem4, TestSytem1, TestSytem1, TestSytem1, nan, nan, nan, nan, nan, TestSystem4]\nAt positional index 0, first diff: test_system_4 != TestSystem4","time":{"start":1756822956150,"stop":1756822990851,"duration":34701}},{"uid":"72dbe0bce95b1ca5","status":"failed","statusDetails":"AssertionError: DataFrame.iloc[:, 10] (column name=\"Destination Name\") are different\n\nDataFrame.iloc[:, 10] (column name=\"Destination Name\") values are different (76.0 %)\n[index]: [0, 1, 2, 3, 4, 5, 6, 7, 8, 9, 10, 11, 12, 13, 14, 15, 16, 17, 18, 19, 20, 21, 22, 23, 24, 25, 26, 27, 28, 29, 30, 31, 32, 33, 34, 35, 36, 37, 38, 39, 40, 41, 42, 43, 44, 45, 46, 47, 48, 49, 50, 51, 52, 53, 54, 55, 56, 57, 58, 59, 60, 61, 62, 63, 64, 65, 66, 67, 68, 69, 70, 71, 72, 73, 74, 75, 76, 77, 78, 79, 80, 81, 82, 83, 84, 85, 86, 87, 88, 89, 90, 91, 92, 93, 94, 95, 96, 97, 98, 99]\n[left]:  [test_system_4, test_system_4, test_system_4, test_sytem_3, test_sytem_3, test_sytem_3, test_sytem_3, test_sytem_1, test_sytem_3, test_sytem_2, test_sytem_1, test_sytem_3, test_sytem_2, test_sytem_2, test_sytem_2, test_sytem_3, test_sytem_2, test_sytem_3, test_sytem_3, test_sytem_2, test_sytem_3, test_sytem_3, test_sytem_3, test_sytem_3, test_sytem_3, test_sytem_2, test_sytem_2, test_sytem_1, test_sytem_1, test_sytem_1, test_sytem_3, test_sytem_1, test_sytem_3, test_sytem_2, test_sytem_3, test_sytem_2, test_sytem_2, test_sytem_1, nan, test_sytem_2, test_sytem_3, test_sytem_3, test_sytem_2, test_sytem_1, dest4, dest4, dest4, test_sytem_1, test_sytem_1, test_sytem_1, test_sytem_1, test_sytem_1, test_sytem_1, test_sytem_1, dest4, nan, nan, nan, nan, nan, nan, test_sytem_1, test_sytem_1, test_sytem_1, test_sytem_1, test_sytem_1, test_sytem_1, nan, test_system_4, nan, nan, test_sytem_1, test_sytem_1, test_sytem_1, nan, nan, nan, nan, nan, nan, test_system_4, test_system_4, test_system_4, test_sytem_1, nan, nan, nan, test_system_4, test_system_4, test_system_4, test_system_4, test_sytem_1, test_sytem_1, test_sytem_1, nan, nan, nan, nan, nan, test_system_4]\n[right]: [TestSystem4, TestSystem4, TestSystem4, TestSytem3, TestSytem3, TestSytem3, TestSytem3, TestSytem1, TestSytem3, TestSytem2, TestSytem1, TestSytem3, TestSytem2, TestSytem2, TestSytem2, TestSytem3, TestSytem2, TestSytem3, TestSytem3, TestSytem2, TestSytem3, TestSytem3, TestSytem3, TestSytem3, TestSytem3, TestSytem2, TestSytem2, TestSytem1, TestSytem1, TestSytem1, TestSytem3, TestSytem1, TestSytem3, TestSytem2, TestSytem3, TestSytem2, TestSytem2, TestSytem1, nan, TestSytem2, TestSytem3, TestSytem3, TestSytem2, TestSytem1, Dest4, Dest4, Dest4, TestSytem1, TestSytem1, TestSytem1, TestSytem1, TestSytem1, TestSytem1, TestSytem1, Dest4, nan, nan, nan, nan, nan, nan, TestSytem1, TestSytem1, TestSytem1, TestSytem1, TestSytem1, TestSytem1, nan, TestSystem4, nan, nan, TestSytem1, TestSytem1, TestSytem1, nan, nan, nan, nan, nan, nan, TestSystem4, TestSystem4, TestSystem4, TestSytem1, nan, nan, nan, TestSystem4, TestSystem4, TestSystem4, TestSystem4, TestSytem1, TestSytem1, TestSytem1, nan, nan, nan, nan, nan, TestSystem4]\nAt positional index 0, first diff: test_system_4 != TestSystem4","time":{"start":1756822899501,"stop":1756822931029,"duration":31528}},{"uid":"f1e4bbef4cbac0b1","status":"failed","statusDetails":"AssertionError: DataFrame.iloc[:, 10] (column name=\"Destination Name\") are different\n\nDataFrame.iloc[:, 10] (column name=\"Destination Name\") values are different (76.0 %)\n[index]: [0, 1, 2, 3, 4, 5, 6, 7, 8, 9, 10, 11, 12, 13, 14, 15, 16, 17, 18, 19, 20, 21, 22, 23, 24, 25, 26, 27, 28, 29, 30, 31, 32, 33, 34, 35, 36, 37, 38, 39, 40, 41, 42, 43, 44, 45, 46, 47, 48, 49, 50, 51, 52, 53, 54, 55, 56, 57, 58, 59, 60, 61, 62, 63, 64, 65, 66, 67, 68, 69, 70, 71, 72, 73, 74, 75, 76, 77, 78, 79, 80, 81, 82, 83, 84, 85, 86, 87, 88, 89, 90, 91, 92, 93, 94, 95, 96, 97, 98, 99]\n[left]:  [test_system_4, test_system_4, test_system_4, test_sytem_3, test_sytem_3, test_sytem_3, test_sytem_3, test_sytem_1, test_sytem_3, test_sytem_2, test_sytem_1, test_sytem_3, test_sytem_2, test_sytem_2, test_sytem_2, test_sytem_3, test_sytem_2, test_sytem_3, test_sytem_3, test_sytem_2, test_sytem_3, test_sytem_3, test_sytem_3, test_sytem_3, test_sytem_3, test_sytem_2, test_sytem_2, test_sytem_1, test_sytem_1, test_sytem_1, test_sytem_3, test_sytem_1, test_sytem_3, test_sytem_2, test_sytem_3, test_sytem_2, test_sytem_2, test_sytem_1, nan, test_sytem_2, test_sytem_3, test_sytem_3, test_sytem_2, test_sytem_1, dest4, dest4, dest4, test_sytem_1, test_sytem_1, test_sytem_1, test_sytem_1, test_sytem_1, test_sytem_1, test_sytem_1, dest4, nan, nan, nan, nan, nan, nan, test_sytem_1, test_sytem_1, test_sytem_1, test_sytem_1, test_sytem_1, test_sytem_1, nan, test_system_4, nan, nan, test_sytem_1, test_sytem_1, test_sytem_1, nan, nan, nan, nan, nan, nan, test_system_4, test_system_4, test_system_4, test_sytem_1, nan, nan, nan, test_system_4, test_system_4, test_system_4, test_system_4, test_sytem_1, test_sytem_1, test_sytem_1, nan, nan, nan, nan, nan, test_system_4]\n[right]: [TestSystem4, TestSystem4, TestSystem4, TestSytem3, TestSytem3, TestSytem3, TestSytem3, TestSytem1, TestSytem3, TestSytem2, TestSytem1, TestSytem3, TestSytem2, TestSytem2, TestSytem2, TestSytem3, TestSytem2, TestSytem3, TestSytem3, TestSytem2, TestSytem3, TestSytem3, TestSytem3, TestSytem3, TestSytem3, TestSytem2, TestSytem2, TestSytem1, TestSytem1, TestSytem1, TestSytem3, TestSytem1, TestSytem3, TestSytem2, TestSytem3, TestSytem2, TestSytem2, TestSytem1, nan, TestSytem2, TestSytem3, TestSytem3, TestSytem2, TestSytem1, Dest4, Dest4, Dest4, TestSytem1, TestSytem1, TestSytem1, TestSytem1, TestSytem1, TestSytem1, TestSytem1, Dest4, nan, nan, nan, nan, nan, nan, TestSytem1, TestSytem1, TestSytem1, TestSytem1, TestSytem1, TestSytem1, nan, TestSystem4, nan, nan, TestSytem1, TestSytem1, TestSytem1, nan, nan, nan, nan, nan, nan, TestSystem4, TestSystem4, TestSystem4, TestSytem1, nan, nan, nan, TestSystem4, TestSystem4, TestSystem4, TestSystem4, TestSytem1, TestSytem1, TestSytem1, nan, nan, nan, nan, nan, TestSystem4]\nAt positional index 0, first diff: test_system_4 != TestSystem4","time":{"start":1756822364214,"stop":1756822398858,"duration":34644}},{"uid":"99077cd977beeabf","status":"broken","statusDetails":"AttributeError: 'NoneType' object has no attribute 'strip'","time":{"start":1756822219970,"stop":1756822258771,"duration":38801}},{"uid":"bf76910ad1924d74","status":"failed","statusDetails":"AssertionError: DataFrame.iloc[:, 10] (column name=\"Destination Name\") are different\n\nDataFrame.iloc[:, 10] (column name=\"Destination Name\") values are different (76.0 %)\n[index]: [0, 1, 2, 3, 4, 5, 6, 7, 8, 9, 10, 11, 12, 13, 14, 15, 16, 17, 18, 19, 20, 21, 22, 23, 24, 25, 26, 27, 28, 29, 30, 31, 32, 33, 34, 35, 36, 37, 38, 39, 40, 41, 42, 43, 44, 45, 46, 47, 48, 49, 50, 51, 52, 53, 54, 55, 56, 57, 58, 59, 60, 61, 62, 63, 64, 65, 66, 67, 68, 69, 70, 71, 72, 73, 74, 75, 76, 77, 78, 79, 80, 81, 82, 83, 84, 85, 86, 87, 88, 89, 90, 91, 92, 93, 94, 95, 96, 97, 98, 99]\n[left]:  [test_system_4, test_system_4, test_system_4, test_sytem_3, test_sytem_3, test_sytem_3, test_sytem_3, test_sytem_1, test_sytem_3, test_sytem_2, test_sytem_1, test_sytem_3, test_sytem_2, test_sytem_2, test_sytem_2, test_sytem_3, test_sytem_2, test_sytem_3, test_sytem_3, test_sytem_2, test_sytem_3, test_sytem_3, test_sytem_3, test_sytem_3, test_sytem_3, test_sytem_2, test_sytem_2, test_sytem_1, test_sytem_1, test_sytem_1, test_sytem_3, test_sytem_1, test_sytem_3, test_sytem_2, test_sytem_3, test_sytem_2, test_sytem_2, test_sytem_1, nan, test_sytem_2, test_sytem_3, test_sytem_3, test_sytem_2, test_sytem_1, dest4, dest4, dest4, test_sytem_1, test_sytem_1, test_sytem_1, test_sytem_1, test_sytem_1, test_sytem_1, test_sytem_1, dest4, nan, nan, nan, nan, nan, nan, test_sytem_1, test_sytem_1, test_sytem_1, test_sytem_1, test_sytem_1, test_sytem_1, nan, test_system_4, nan, nan, test_sytem_1, test_sytem_1, test_sytem_1, nan, nan, nan, nan, nan, nan, test_system_4, test_system_4, test_system_4, test_sytem_1, nan, nan, nan, test_system_4, test_system_4, test_system_4, test_system_4, test_sytem_1, test_sytem_1, test_sytem_1, nan, nan, nan, nan, nan, test_system_4]\n[right]: [TestSystem4, TestSystem4, TestSystem4, TestSytem3, TestSytem3, TestSytem3, TestSytem3, TestSytem1, TestSytem3, TestSytem2, TestSytem1, TestSytem3, TestSytem2, TestSytem2, TestSytem2, TestSytem3, TestSytem2, TestSytem3, TestSytem3, TestSytem2, TestSytem3, TestSytem3, TestSytem3, TestSytem3, TestSytem3, TestSytem2, TestSytem2, TestSytem1, TestSytem1, TestSytem1, TestSytem3, TestSytem1, TestSytem3, TestSytem2, TestSytem3, TestSytem2, TestSytem2, TestSytem1, nan, TestSytem2, TestSytem3, TestSytem3, TestSytem2, TestSytem1, Dest4, Dest4, Dest4, TestSytem1, TestSytem1, TestSytem1, TestSytem1, TestSytem1, TestSytem1, TestSytem1, Dest4, nan, nan, nan, nan, nan, nan, TestSytem1, TestSytem1, TestSytem1, TestSytem1, TestSytem1, TestSytem1, nan, TestSystem4, nan, nan, TestSytem1, TestSytem1, TestSytem1, nan, nan, nan, nan, nan, nan, TestSystem4, TestSystem4, TestSystem4, TestSytem1, nan, nan, nan, TestSystem4, TestSystem4, TestSystem4, TestSystem4, TestSytem1, TestSytem1, TestSytem1, nan, nan, nan, nan, nan, TestSystem4]\nAt positional index 0, first diff: test_system_4 != TestSystem4","time":{"start":1756822147841,"stop":1756822180661,"duration":32820}},{"uid":"5f565312d1f13dd8","status":"failed","statusDetails":"AssertionError: DataFrame.iloc[:, 10] (column name=\"Destination Name\") are different\n\nDataFrame.iloc[:, 10] (column name=\"Destination Name\") values are different (76.0 %)\n[index]: [0, 1, 2, 3, 4, 5, 6, 7, 8, 9, 10, 11, 12, 13, 14, 15, 16, 17, 18, 19, 20, 21, 22, 23, 24, 25, 26, 27, 28, 29, 30, 31, 32, 33, 34, 35, 36, 37, 38, 39, 40, 41, 42, 43, 44, 45, 46, 47, 48, 49, 50, 51, 52, 53, 54, 55, 56, 57, 58, 59, 60, 61, 62, 63, 64, 65, 66, 67, 68, 69, 70, 71, 72, 73, 74, 75, 76, 77, 78, 79, 80, 81, 82, 83, 84, 85, 86, 87, 88, 89, 90, 91, 92, 93, 94, 95, 96, 97, 98, 99]\n[left]:  [test_system_4, test_system_4, test_system_4, test_sytem_3, test_sytem_3, test_sytem_3, test_sytem_3, test_sytem_1, test_sytem_3, test_sytem_2, test_sytem_1, test_sytem_3, test_sytem_2, test_sytem_2, test_sytem_2, test_sytem_3, test_sytem_2, test_sytem_3, test_sytem_3, test_sytem_2, test_sytem_3, test_sytem_3, test_sytem_3, test_sytem_3, test_sytem_3, test_sytem_2, test_sytem_2, test_sytem_1, test_sytem_1, test_sytem_1, test_sytem_3, test_sytem_1, test_sytem_3, test_sytem_2, test_sytem_3, test_sytem_2, test_sytem_2, test_sytem_1, nan, test_sytem_2, test_sytem_3, test_sytem_3, test_sytem_2, test_sytem_1, dest4, dest4, dest4, test_sytem_1, test_sytem_1, test_sytem_1, test_sytem_1, test_sytem_1, test_sytem_1, test_sytem_1, dest4, nan, nan, nan, nan, nan, nan, test_sytem_1, test_sytem_1, test_sytem_1, test_sytem_1, test_sytem_1, test_sytem_1, nan, test_system_4, nan, nan, test_sytem_1, test_sytem_1, test_sytem_1, nan, nan, nan, nan, nan, nan, test_system_4, test_system_4, test_system_4, test_sytem_1, nan, nan, nan, test_system_4, test_system_4, test_system_4, test_system_4, test_sytem_1, test_sytem_1, test_sytem_1, nan, nan, nan, nan, nan, test_system_4]\n[right]: [TestSystem4, TestSystem4, TestSystem4, TestSytem3, TestSytem3, TestSytem3, TestSytem3, TestSytem1, TestSytem3, TestSytem2, TestSytem1, TestSytem3, TestSytem2, TestSytem2, TestSytem2, TestSytem3, TestSytem2, TestSytem3, TestSytem3, TestSytem2, TestSytem3, TestSytem3, TestSytem3, TestSytem3, TestSytem3, TestSytem2, TestSytem2, TestSytem1, TestSytem1, TestSytem1, TestSytem3, TestSytem1, TestSytem3, TestSytem2, TestSytem3, TestSytem2, TestSytem2, TestSytem1, nan, TestSytem2, TestSytem3, TestSytem3, TestSytem2, TestSytem1, Dest4, Dest4, Dest4, TestSytem1, TestSytem1, TestSytem1, TestSytem1, TestSytem1, TestSytem1, TestSytem1, Dest4, nan, nan, nan, nan, nan, nan, TestSytem1, TestSytem1, TestSytem1, TestSytem1, TestSytem1, TestSytem1, nan, TestSystem4, nan, nan, TestSytem1, TestSytem1, TestSytem1, nan, nan, nan, nan, nan, nan, TestSystem4, TestSystem4, TestSystem4, TestSytem1, nan, nan, nan, TestSystem4, TestSystem4, TestSystem4, TestSystem4, TestSytem1, TestSytem1, TestSytem1, nan, nan, nan, nan, nan, TestSystem4]\nAt positional index 0, first diff: test_system_4 != TestSystem4","time":{"start":1756821888526,"stop":1756821923818,"duration":35292}},{"uid":"258860a3a60809f1","status":"failed","statusDetails":"AssertionError: DataFrame.iloc[:, 10] (column name=\"Destination Name\") are different\n\nDataFrame.iloc[:, 10] (column name=\"Destination Name\") values are different (76.0 %)\n[index]: [0, 1, 2, 3, 4, 5, 6, 7, 8, 9, 10, 11, 12, 13, 14, 15, 16, 17, 18, 19, 20, 21, 22, 23, 24, 25, 26, 27, 28, 29, 30, 31, 32, 33, 34, 35, 36, 37, 38, 39, 40, 41, 42, 43, 44, 45, 46, 47, 48, 49, 50, 51, 52, 53, 54, 55, 56, 57, 58, 59, 60, 61, 62, 63, 64, 65, 66, 67, 68, 69, 70, 71, 72, 73, 74, 75, 76, 77, 78, 79, 80, 81, 82, 83, 84, 85, 86, 87, 88, 89, 90, 91, 92, 93, 94, 95, 96, 97, 98, 99]\n[left]:  [test_system_4, test_system_4, test_system_4, test_sytem_3, test_sytem_3, test_sytem_3, test_sytem_3, test_sytem_1, test_sytem_3, test_sytem_2, test_sytem_1, test_sytem_3, test_sytem_2, test_sytem_2, test_sytem_2, test_sytem_3, test_sytem_2, test_sytem_3, test_sytem_3, test_sytem_2, test_sytem_3, test_sytem_3, test_sytem_3, test_sytem_3, test_sytem_3, test_sytem_2, test_sytem_2, test_sytem_1, test_sytem_1, test_sytem_1, test_sytem_3, test_sytem_1, test_sytem_3, test_sytem_2, test_sytem_3, test_sytem_2, test_sytem_2, test_sytem_1, nan, test_sytem_2, test_sytem_3, test_sytem_3, test_sytem_2, test_sytem_1, dest4, dest4, dest4, test_sytem_1, test_sytem_1, test_sytem_1, test_sytem_1, test_sytem_1, test_sytem_1, test_sytem_1, dest4, nan, nan, nan, nan, nan, nan, test_sytem_1, test_sytem_1, test_sytem_1, test_sytem_1, test_sytem_1, test_sytem_1, nan, test_system_4, nan, nan, test_sytem_1, test_sytem_1, test_sytem_1, nan, nan, nan, nan, nan, nan, test_system_4, test_system_4, test_system_4, test_sytem_1, nan, nan, nan, test_system_4, test_system_4, test_system_4, test_system_4, test_sytem_1, test_sytem_1, test_sytem_1, nan, nan, nan, nan, nan, test_system_4]\n[right]: [TestSystem4, TestSystem4, TestSystem4, TestSytem3, TestSytem3, TestSytem3, TestSytem3, TestSytem1, TestSytem3, TestSytem2, TestSytem1, TestSytem3, TestSytem2, TestSytem2, TestSytem2, TestSytem3, TestSytem2, TestSytem3, TestSytem3, TestSytem2, TestSytem3, TestSytem3, TestSytem3, TestSytem3, TestSytem3, TestSytem2, TestSytem2, TestSytem1, TestSytem1, TestSytem1, TestSytem3, TestSytem1, TestSytem3, TestSytem2, TestSytem3, TestSytem2, TestSytem2, TestSytem1, nan, TestSytem2, TestSytem3, TestSytem3, TestSytem2, TestSytem1, Dest4, Dest4, Dest4, TestSytem1, TestSytem1, TestSytem1, TestSytem1, TestSytem1, TestSytem1, TestSytem1, Dest4, nan, nan, nan, nan, nan, nan, TestSytem1, TestSytem1, TestSytem1, TestSytem1, TestSytem1, TestSytem1, nan, TestSystem4, nan, nan, TestSytem1, TestSytem1, TestSytem1, nan, nan, nan, nan, nan, nan, TestSystem4, TestSystem4, TestSystem4, TestSytem1, nan, nan, nan, TestSystem4, TestSystem4, TestSystem4, TestSystem4, TestSytem1, TestSytem1, TestSytem1, nan, nan, nan, nan, nan, TestSystem4]\nAt positional index 0, first diff: test_system_4 != TestSystem4","time":{"start":1756818207211,"stop":1756818244790,"duration":37579}},{"uid":"b30afe1f7ee6c20","status":"failed","statusDetails":"AssertionError: DataFrame.iloc[:, 10] (column name=\"Destination Name\") are different\n\nDataFrame.iloc[:, 10] (column name=\"Destination Name\") values are different (76.0 %)\n[index]: [0, 1, 2, 3, 4, 5, 6, 7, 8, 9, 10, 11, 12, 13, 14, 15, 16, 17, 18, 19, 20, 21, 22, 23, 24, 25, 26, 27, 28, 29, 30, 31, 32, 33, 34, 35, 36, 37, 38, 39, 40, 41, 42, 43, 44, 45, 46, 47, 48, 49, 50, 51, 52, 53, 54, 55, 56, 57, 58, 59, 60, 61, 62, 63, 64, 65, 66, 67, 68, 69, 70, 71, 72, 73, 74, 75, 76, 77, 78, 79, 80, 81, 82, 83, 84, 85, 86, 87, 88, 89, 90, 91, 92, 93, 94, 95, 96, 97, 98, 99]\n[left]:  [test_system_4, test_system_4, test_system_4, test_sytem_3, test_sytem_3, test_sytem_3, test_sytem_3, test_sytem_1, test_sytem_3, test_sytem_2, test_sytem_1, test_sytem_3, test_sytem_2, test_sytem_2, test_sytem_2, test_sytem_3, test_sytem_2, test_sytem_3, test_sytem_3, test_sytem_2, test_sytem_3, test_sytem_3, test_sytem_3, test_sytem_3, test_sytem_3, test_sytem_2, test_sytem_2, test_sytem_1, test_sytem_1, test_sytem_1, test_sytem_3, test_sytem_1, test_sytem_3, test_sytem_2, test_sytem_3, test_sytem_2, test_sytem_2, test_sytem_1, nan, test_sytem_2, test_sytem_3, test_sytem_3, test_sytem_2, test_sytem_1, dest4, dest4, dest4, test_sytem_1, test_sytem_1, test_sytem_1, test_sytem_1, test_sytem_1, test_sytem_1, test_sytem_1, dest4, nan, nan, nan, nan, nan, nan, test_sytem_1, test_sytem_1, test_sytem_1, test_sytem_1, test_sytem_1, test_sytem_1, nan, test_system_4, nan, nan, test_sytem_1, test_sytem_1, test_sytem_1, nan, nan, nan, nan, nan, nan, test_system_4, test_system_4, test_system_4, test_sytem_1, nan, nan, nan, test_system_4, test_system_4, test_system_4, test_system_4, test_sytem_1, test_sytem_1, test_sytem_1, nan, nan, nan, nan, nan, test_system_4]\n[right]: [TestSystem4, TestSystem4, TestSystem4, TestSytem3, TestSytem3, TestSytem3, TestSytem3, TestSytem1, TestSytem3, TestSytem2, TestSytem1, TestSytem3, TestSytem2, TestSytem2, TestSytem2, TestSytem3, TestSytem2, TestSytem3, TestSytem3, TestSytem2, TestSytem3, TestSytem3, TestSytem3, TestSytem3, TestSytem3, TestSytem2, TestSytem2, TestSytem1, TestSytem1, TestSytem1, TestSytem3, TestSytem1, TestSytem3, TestSytem2, TestSytem3, TestSytem2, TestSytem2, TestSytem1, nan, TestSytem2, TestSytem3, TestSytem3, TestSytem2, TestSytem1, Dest4, Dest4, Dest4, TestSytem1, TestSytem1, TestSytem1, TestSytem1, TestSytem1, TestSytem1, TestSytem1, Dest4, nan, nan, nan, nan, nan, nan, TestSytem1, TestSytem1, TestSytem1, TestSytem1, TestSytem1, TestSytem1, nan, TestSystem4, nan, nan, TestSytem1, TestSytem1, TestSytem1, nan, nan, nan, nan, nan, nan, TestSystem4, TestSystem4, TestSystem4, TestSytem1, nan, nan, nan, TestSystem4, TestSystem4, TestSystem4, TestSystem4, TestSytem1, TestSytem1, TestSytem1, nan, nan, nan, nan, nan, TestSystem4]\nAt positional index 0, first diff: test_system_4 != TestSystem4","time":{"start":1756818113138,"stop":1756818151829,"duration":38691}},{"uid":"8fb537a20b8fd6d8","status":"broken","statusDetails":"selenium.common.exceptions.ElementClickInterceptedException: Message: element click intercepted: Element <button type=\"button\" class=\" bg-brand-500 border-0 justify-center rounded-md text-white  inline-flex gap-2 items-center px-5 text-lg\">...</button> is not clickable at point (1185, 87). Other element would receive the click: <button type=\"button\" class=\"border-2 justify-center rounded-md text-xl inline-flex items-center md:rounded-xl md:size-14 size-12 border-filter-button-default filter-button-icon-default\">...</button>\n  (Session info: chrome=139.0.7258.155); For documentation on this error, please visit: https://www.selenium.dev/documentation/webdriver/troubleshooting/errors#elementclickinterceptedexception\nStacktrace:\n\tGetHandleVerifier [0x0x7ff73dc13d85+79397]\n\tGetHandleVerifier [0x0x7ff73dc13de0+79488]\n\t(No symbol) [0x0x7ff73d9bc0fa]\n\t(No symbol) [0x0x7ff73da1afd9]\n\t(No symbol) [0x0x7ff73da18972]\n\t(No symbol) [0x0x7ff73da159c1]\n\t(No symbol) [0x0x7ff73da148b1]\n\t(No symbol) [0x0x7ff73da060e8]\n\t(No symbol) [0x0x7ff73da3b19a]\n\t(No symbol) [0x0x7ff73da05996]\n\t(No symbol) [0x0x7ff73da3b3b0]\n\t(No symbol) [0x0x7ff73da63344]\n\t(No symbol) [0x0x7ff73da3af73]\n\t(No symbol) [0x0x7ff73da041b1]\n\t(No symbol) [0x0x7ff73da04f43]\n\tGetHandleVerifier [0x0x7ff73dede1ed+3005069]\n\tGetHandleVerifier [0x0x7ff73ded831d+2980797]\n\tGetHandleVerifier [0x0x7ff73def7e0d+3110573]\n\tGetHandleVerifier [0x0x7ff73dc2d6de+184190]\n\tGetHandleVerifier [0x0x7ff73dc3516f+215567]\n\tGetHandleVerifier [0x0x7ff73dc1c974+115220]\n\tGetHandleVerifier [0x0x7ff73dc1cb29+115657]\n\tGetHandleVerifier [0x0x7ff73dc03268+11016]\n\tBaseThreadInitThunk [0x0x7fffac0be8d7+23]\n\tRtlUserThreadStart [0x0x7fffadb68d9c+44]","time":{"start":1756818036580,"stop":1756818057047,"duration":20467}},{"uid":"ead0371db2ef77af","status":"broken","statusDetails":"selenium.common.exceptions.ElementClickInterceptedException: Message: element click intercepted: Element <button type=\"button\" class=\" bg-brand-500 border-0 justify-center rounded-md text-white  inline-flex gap-2 items-center px-5 text-lg\">...</button> is not clickable at point (1185, 87). Other element would receive the click: <button type=\"button\" class=\"border-2 justify-center rounded-md text-xl inline-flex items-center md:rounded-xl md:size-14 size-12 border-filter-button-default filter-button-icon-default\">...</button>\n  (Session info: chrome=139.0.7258.155); For documentation on this error, please visit: https://www.selenium.dev/documentation/webdriver/troubleshooting/errors#elementclickinterceptedexception\nStacktrace:\n\tGetHandleVerifier [0x0x7ff73dc13d85+79397]\n\tGetHandleVerifier [0x0x7ff73dc13de0+79488]\n\t(No symbol) [0x0x7ff73d9bc0fa]\n\t(No symbol) [0x0x7ff73da1afd9]\n\t(No symbol) [0x0x7ff73da18972]\n\t(No symbol) [0x0x7ff73da159c1]\n\t(No symbol) [0x0x7ff73da148b1]\n\t(No symbol) [0x0x7ff73da060e8]\n\t(No symbol) [0x0x7ff73da3b19a]\n\t(No symbol) [0x0x7ff73da05996]\n\t(No symbol) [0x0x7ff73da3b3b0]\n\t(No symbol) [0x0x7ff73da63344]\n\t(No symbol) [0x0x7ff73da3af73]\n\t(No symbol) [0x0x7ff73da041b1]\n\t(No symbol) [0x0x7ff73da04f43]\n\tGetHandleVerifier [0x0x7ff73dede1ed+3005069]\n\tGetHandleVerifier [0x0x7ff73ded831d+2980797]\n\tGetHandleVerifier [0x0x7ff73def7e0d+3110573]\n\tGetHandleVerifier [0x0x7ff73dc2d6de+184190]\n\tGetHandleVerifier [0x0x7ff73dc3516f+215567]\n\tGetHandleVerifier [0x0x7ff73dc1c974+115220]\n\tGetHandleVerifier [0x0x7ff73dc1cb29+115657]\n\tGetHandleVerifier [0x0x7ff73dc03268+11016]\n\tBaseThreadInitThunk [0x0x7fffac0be8d7+23]\n\tRtlUserThreadStart [0x0x7fffadb68d9c+44]","time":{"start":1756817935586,"stop":1756817955529,"duration":19943}},{"uid":"25f31789979b100a","status":"broken","statusDetails":"selenium.common.exceptions.ElementClickInterceptedException: Message: element click intercepted: Element <button type=\"button\" class=\" bg-brand-500 border-0 justify-center rounded-md text-white  inline-flex gap-2 items-center px-5 text-lg\">...</button> is not clickable at point (1185, 87). Other element would receive the click: <button type=\"button\" class=\"border-2 justify-center rounded-md text-xl inline-flex items-center md:rounded-xl md:size-14 size-12 border-filter-button-default filter-button-icon-default\">...</button>\n  (Session info: chrome=139.0.7258.155); For documentation on this error, please visit: https://www.selenium.dev/documentation/webdriver/troubleshooting/errors#elementclickinterceptedexception\nStacktrace:\n\tGetHandleVerifier [0x0x7ff73dc13d85+79397]\n\tGetHandleVerifier [0x0x7ff73dc13de0+79488]\n\t(No symbol) [0x0x7ff73d9bc0fa]\n\t(No symbol) [0x0x7ff73da1afd9]\n\t(No symbol) [0x0x7ff73da18972]\n\t(No symbol) [0x0x7ff73da159c1]\n\t(No symbol) [0x0x7ff73da148b1]\n\t(No symbol) [0x0x7ff73da060e8]\n\t(No symbol) [0x0x7ff73da3b19a]\n\t(No symbol) [0x0x7ff73da05996]\n\t(No symbol) [0x0x7ff73da3b3b0]\n\t(No symbol) [0x0x7ff73da63344]\n\t(No symbol) [0x0x7ff73da3af73]\n\t(No symbol) [0x0x7ff73da041b1]\n\t(No symbol) [0x0x7ff73da04f43]\n\tGetHandleVerifier [0x0x7ff73dede1ed+3005069]\n\tGetHandleVerifier [0x0x7ff73ded831d+2980797]\n\tGetHandleVerifier [0x0x7ff73def7e0d+3110573]\n\tGetHandleVerifier [0x0x7ff73dc2d6de+184190]\n\tGetHandleVerifier [0x0x7ff73dc3516f+215567]\n\tGetHandleVerifier [0x0x7ff73dc1c974+115220]\n\tGetHandleVerifier [0x0x7ff73dc1cb29+115657]\n\tGetHandleVerifier [0x0x7ff73dc03268+11016]\n\tBaseThreadInitThunk [0x0x7fffac0be8d7+23]\n\tRtlUserThreadStart [0x0x7fffadb68d9c+44]","time":{"start":1756817445979,"stop":1756817462837,"duration":16858}},{"uid":"a1032881106a4cff","status":"failed","statusDetails":"AssertionError: DataFrame.iloc[:, 10] (column name=\"Destination Name\") are different\n\nDataFrame.iloc[:, 10] (column name=\"Destination Name\") values are different (76.0 %)\n[index]: [0, 1, 2, 3, 4, 5, 6, 7, 8, 9, 10, 11, 12, 13, 14, 15, 16, 17, 18, 19, 20, 21, 22, 23, 24, 25, 26, 27, 28, 29, 30, 31, 32, 33, 34, 35, 36, 37, 38, 39, 40, 41, 42, 43, 44, 45, 46, 47, 48, 49, 50, 51, 52, 53, 54, 55, 56, 57, 58, 59, 60, 61, 62, 63, 64, 65, 66, 67, 68, 69, 70, 71, 72, 73, 74, 75, 76, 77, 78, 79, 80, 81, 82, 83, 84, 85, 86, 87, 88, 89, 90, 91, 92, 93, 94, 95, 96, 97, 98, 99]\n[left]:  [test_system_4, test_system_4, test_system_4, test_sytem_3, test_sytem_3, test_sytem_3, test_sytem_3, test_sytem_1, test_sytem_3, test_sytem_2, test_sytem_1, test_sytem_3, test_sytem_2, test_sytem_2, test_sytem_2, test_sytem_3, test_sytem_2, test_sytem_3, test_sytem_3, test_sytem_2, test_sytem_3, test_sytem_3, test_sytem_3, test_sytem_3, test_sytem_3, test_sytem_2, test_sytem_2, test_sytem_1, test_sytem_1, test_sytem_1, test_sytem_3, test_sytem_1, test_sytem_3, test_sytem_2, test_sytem_3, test_sytem_2, test_sytem_2, test_sytem_1, nan, test_sytem_2, test_sytem_3, test_sytem_3, test_sytem_2, test_sytem_1, dest4, dest4, dest4, test_sytem_1, test_sytem_1, test_sytem_1, test_sytem_1, test_sytem_1, test_sytem_1, test_sytem_1, dest4, nan, nan, nan, nan, nan, nan, test_sytem_1, test_sytem_1, test_sytem_1, test_sytem_1, test_sytem_1, test_sytem_1, nan, test_system_4, nan, nan, test_sytem_1, test_sytem_1, test_sytem_1, nan, nan, nan, nan, nan, nan, test_system_4, test_system_4, test_system_4, test_sytem_1, nan, nan, nan, test_system_4, test_system_4, test_system_4, test_system_4, test_sytem_1, test_sytem_1, test_sytem_1, nan, nan, nan, nan, nan, test_system_4]\n[right]: [TestSystem4, TestSystem4, TestSystem4, TestSytem3, TestSytem3, TestSytem3, TestSytem3, TestSytem1, TestSytem3, TestSytem2, TestSytem1, TestSytem3, TestSytem2, TestSytem2, TestSytem2, TestSytem3, TestSytem2, TestSytem3, TestSytem3, TestSytem2, TestSytem3, TestSytem3, TestSytem3, TestSytem3, TestSytem3, TestSytem2, TestSytem2, TestSytem1, TestSytem1, TestSytem1, TestSytem3, TestSytem1, TestSytem3, TestSytem2, TestSytem3, TestSytem2, TestSytem2, TestSytem1, nan, TestSytem2, TestSytem3, TestSytem3, TestSytem2, TestSytem1, Dest4, Dest4, Dest4, TestSytem1, TestSytem1, TestSytem1, TestSytem1, TestSytem1, TestSytem1, TestSytem1, Dest4, nan, nan, nan, nan, nan, nan, TestSytem1, TestSytem1, TestSytem1, TestSytem1, TestSytem1, TestSytem1, nan, TestSystem4, nan, nan, TestSytem1, TestSytem1, TestSytem1, nan, nan, nan, nan, nan, nan, TestSystem4, TestSystem4, TestSystem4, TestSytem1, nan, nan, nan, TestSystem4, TestSystem4, TestSystem4, TestSystem4, TestSytem1, TestSytem1, TestSytem1, nan, nan, nan, nan, nan, TestSystem4]\nAt positional index 0, first diff: test_system_4 != TestSystem4","time":{"start":1756817292629,"stop":1756817335077,"duration":42448}},{"uid":"e7d1f63aaa081c37","status":"broken","statusDetails":"selenium.common.exceptions.ElementClickInterceptedException: Message: element click intercepted: Element <button type=\"button\" class=\" bg-brand-500 border-0 justify-center rounded-md text-white  inline-flex gap-2 items-center px-5 text-lg\">...</button> is not clickable at point (1185, 87). Other element would receive the click: <button type=\"button\" class=\"border-2 justify-center rounded-md text-xl inline-flex items-center md:rounded-xl md:size-14 size-12 border-filter-button-default filter-button-icon-default\">...</button>\n  (Session info: chrome=139.0.7258.155); For documentation on this error, please visit: https://www.selenium.dev/documentation/webdriver/troubleshooting/errors#elementclickinterceptedexception\nStacktrace:\n\tGetHandleVerifier [0x0x7ff73dc13d85+79397]\n\tGetHandleVerifier [0x0x7ff73dc13de0+79488]\n\t(No symbol) [0x0x7ff73d9bc0fa]\n\t(No symbol) [0x0x7ff73da1afd9]\n\t(No symbol) [0x0x7ff73da18972]\n\t(No symbol) [0x0x7ff73da159c1]\n\t(No symbol) [0x0x7ff73da148b1]\n\t(No symbol) [0x0x7ff73da060e8]\n\t(No symbol) [0x0x7ff73da3b19a]\n\t(No symbol) [0x0x7ff73da05996]\n\t(No symbol) [0x0x7ff73da3b3b0]\n\t(No symbol) [0x0x7ff73da63344]\n\t(No symbol) [0x0x7ff73da3af73]\n\t(No symbol) [0x0x7ff73da041b1]\n\t(No symbol) [0x0x7ff73da04f43]\n\tGetHandleVerifier [0x0x7ff73dede1ed+3005069]\n\tGetHandleVerifier [0x0x7ff73ded831d+2980797]\n\tGetHandleVerifier [0x0x7ff73def7e0d+3110573]\n\tGetHandleVerifier [0x0x7ff73dc2d6de+184190]\n\tGetHandleVerifier [0x0x7ff73dc3516f+215567]\n\tGetHandleVerifier [0x0x7ff73dc1c974+115220]\n\tGetHandleVerifier [0x0x7ff73dc1cb29+115657]\n\tGetHandleVerifier [0x0x7ff73dc03268+11016]\n\tBaseThreadInitThunk [0x0x7fffac0be8d7+23]\n\tRtlUserThreadStart [0x0x7fffadb68d9c+44]","time":{"start":1756817233673,"stop":1756817248542,"duration":14869}},{"uid":"2af1ae9b3936f20f","status":"broken","statusDetails":"selenium.common.exceptions.ElementClickInterceptedException: Message: element click intercepted: Element <button type=\"button\" class=\" bg-brand-500 border-0 justify-center rounded-md text-white  inline-flex gap-2 items-center px-5 text-lg\">...</button> is not clickable at point (1205, 69). Other element would receive the click: <button type=\"button\" class=\"border-2 justify-center rounded-md text-xl inline-flex items-center md:rounded-xl md:size-14 size-12 border-filter-button-default filter-button-icon-default\">...</button>\n  (Session info: chrome=139.0.7258.155); For documentation on this error, please visit: https://www.selenium.dev/documentation/webdriver/troubleshooting/errors#elementclickinterceptedexception\nStacktrace:\n\tGetHandleVerifier [0x0x7ff73dc13d85+79397]\n\tGetHandleVerifier [0x0x7ff73dc13de0+79488]\n\t(No symbol) [0x0x7ff73d9bc0fa]\n\t(No symbol) [0x0x7ff73da1afd9]\n\t(No symbol) [0x0x7ff73da18972]\n\t(No symbol) [0x0x7ff73da159c1]\n\t(No symbol) [0x0x7ff73da148b1]\n\t(No symbol) [0x0x7ff73da060e8]\n\t(No symbol) [0x0x7ff73da3b19a]\n\t(No symbol) [0x0x7ff73da05996]\n\t(No symbol) [0x0x7ff73da3b3b0]\n\t(No symbol) [0x0x7ff73da63344]\n\t(No symbol) [0x0x7ff73da3af73]\n\t(No symbol) [0x0x7ff73da041b1]\n\t(No symbol) [0x0x7ff73da04f43]\n\tGetHandleVerifier [0x0x7ff73dede1ed+3005069]\n\tGetHandleVerifier [0x0x7ff73ded831d+2980797]\n\tGetHandleVerifier [0x0x7ff73def7e0d+3110573]\n\tGetHandleVerifier [0x0x7ff73dc2d6de+184190]\n\tGetHandleVerifier [0x0x7ff73dc3516f+215567]\n\tGetHandleVerifier [0x0x7ff73dc1c974+115220]\n\tGetHandleVerifier [0x0x7ff73dc1cb29+115657]\n\tGetHandleVerifier [0x0x7ff73dc03268+11016]\n\tBaseThreadInitThunk [0x0x7fffac0be8d7+23]\n\tRtlUserThreadStart [0x0x7fffadb68d9c+44]","time":{"start":1756817095658,"stop":1756817108661,"duration":13003}},{"uid":"b51fa397c1a34cbf","status":"broken","statusDetails":"selenium.common.exceptions.ElementClickInterceptedException: Message: element click intercepted: Element <button type=\"button\" class=\" bg-brand-500 border-0 justify-center rounded-md text-white  inline-flex gap-2 items-center px-5 text-lg\">...</button> is not clickable at point (1205, 69). Other element would receive the click: <button type=\"button\" class=\"border-2 justify-center rounded-md text-xl inline-flex items-center md:rounded-xl md:size-14 size-12 border-filter-button-default filter-button-icon-default\">...</button>\n  (Session info: chrome=139.0.7258.155); For documentation on this error, please visit: https://www.selenium.dev/documentation/webdriver/troubleshooting/errors#elementclickinterceptedexception\nStacktrace:\n\tGetHandleVerifier [0x0x7ff73dc13d85+79397]\n\tGetHandleVerifier [0x0x7ff73dc13de0+79488]\n\t(No symbol) [0x0x7ff73d9bc0fa]\n\t(No symbol) [0x0x7ff73da1afd9]\n\t(No symbol) [0x0x7ff73da18972]\n\t(No symbol) [0x0x7ff73da159c1]\n\t(No symbol) [0x0x7ff73da148b1]\n\t(No symbol) [0x0x7ff73da060e8]\n\t(No symbol) [0x0x7ff73da3b19a]\n\t(No symbol) [0x0x7ff73da05996]\n\t(No symbol) [0x0x7ff73da3b3b0]\n\t(No symbol) [0x0x7ff73da63344]\n\t(No symbol) [0x0x7ff73da3af73]\n\t(No symbol) [0x0x7ff73da041b1]\n\t(No symbol) [0x0x7ff73da04f43]\n\tGetHandleVerifier [0x0x7ff73dede1ed+3005069]\n\tGetHandleVerifier [0x0x7ff73ded831d+2980797]\n\tGetHandleVerifier [0x0x7ff73def7e0d+3110573]\n\tGetHandleVerifier [0x0x7ff73dc2d6de+184190]\n\tGetHandleVerifier [0x0x7ff73dc3516f+215567]\n\tGetHandleVerifier [0x0x7ff73dc1c974+115220]\n\tGetHandleVerifier [0x0x7ff73dc1cb29+115657]\n\tGetHandleVerifier [0x0x7ff73dc03268+11016]\n\tBaseThreadInitThunk [0x0x7fffac0be8d7+23]\n\tRtlUserThreadStart [0x0x7fffadb68d9c+44]","time":{"start":1756817051094,"stop":1756817063838,"duration":12744}},{"uid":"141fcd8a1eee5b1f","status":"broken","statusDetails":"selenium.common.exceptions.ElementClickInterceptedException: Message: element click intercepted: Element <button type=\"button\" class=\" bg-brand-500 border-0 justify-center rounded-md text-white  inline-flex gap-2 items-center px-5 text-lg\">...</button> is not clickable at point (1185, 101). Other element would receive the click: <svg xmlns=\"http://www.w3.org/2000/svg\" class=\"inline-block h-5 w-5 md:h-7 md:w-7\" fill=\"none\" viewBox=\"0 0 18 16\">...</svg>\n  (Session info: chrome=139.0.7258.155); For documentation on this error, please visit: https://www.selenium.dev/documentation/webdriver/troubleshooting/errors#elementclickinterceptedexception\nStacktrace:\n\tGetHandleVerifier [0x0x7ff73dc13d85+79397]\n\tGetHandleVerifier [0x0x7ff73dc13de0+79488]\n\t(No symbol) [0x0x7ff73d9bc0fa]\n\t(No symbol) [0x0x7ff73da1afd9]\n\t(No symbol) [0x0x7ff73da18972]\n\t(No symbol) [0x0x7ff73da159c1]\n\t(No symbol) [0x0x7ff73da148b1]\n\t(No symbol) [0x0x7ff73da060e8]\n\t(No symbol) [0x0x7ff73da3b19a]\n\t(No symbol) [0x0x7ff73da05996]\n\t(No symbol) [0x0x7ff73da3b3b0]\n\t(No symbol) [0x0x7ff73da63344]\n\t(No symbol) [0x0x7ff73da3af73]\n\t(No symbol) [0x0x7ff73da041b1]\n\t(No symbol) [0x0x7ff73da04f43]\n\tGetHandleVerifier [0x0x7ff73dede1ed+3005069]\n\tGetHandleVerifier [0x0x7ff73ded831d+2980797]\n\tGetHandleVerifier [0x0x7ff73def7e0d+3110573]\n\tGetHandleVerifier [0x0x7ff73dc2d6de+184190]\n\tGetHandleVerifier [0x0x7ff73dc3516f+215567]\n\tGetHandleVerifier [0x0x7ff73dc1c974+115220]\n\tGetHandleVerifier [0x0x7ff73dc1cb29+115657]\n\tGetHandleVerifier [0x0x7ff73dc03268+11016]\n\tBaseThreadInitThunk [0x0x7fffac0be8d7+23]\n\tRtlUserThreadStart [0x0x7fffadb68d9c+44]","time":{"start":1756816903694,"stop":1756816921859,"duration":18165}},{"uid":"67b7b71f1e6d8502","status":"broken","statusDetails":"selenium.common.exceptions.ElementClickInterceptedException: Message: element click intercepted: Element <button type=\"button\" class=\" bg-brand-500 border-0 justify-center rounded-md text-white  inline-flex gap-2 items-center px-5 text-lg\">...</button> is not clickable at point (1185, 101). Other element would receive the click: <svg xmlns=\"http://www.w3.org/2000/svg\" class=\"inline-block h-5 w-5 md:h-7 md:w-7\" fill=\"none\" viewBox=\"0 0 18 16\">...</svg>\n  (Session info: chrome=139.0.7258.155); For documentation on this error, please visit: https://www.selenium.dev/documentation/webdriver/troubleshooting/errors#elementclickinterceptedexception\nStacktrace:\n\tGetHandleVerifier [0x0x7ff73dc13d85+79397]\n\tGetHandleVerifier [0x0x7ff73dc13de0+79488]\n\t(No symbol) [0x0x7ff73d9bc0fa]\n\t(No symbol) [0x0x7ff73da1afd9]\n\t(No symbol) [0x0x7ff73da18972]\n\t(No symbol) [0x0x7ff73da159c1]\n\t(No symbol) [0x0x7ff73da148b1]\n\t(No symbol) [0x0x7ff73da060e8]\n\t(No symbol) [0x0x7ff73da3b19a]\n\t(No symbol) [0x0x7ff73da05996]\n\t(No symbol) [0x0x7ff73da3b3b0]\n\t(No symbol) [0x0x7ff73da63344]\n\t(No symbol) [0x0x7ff73da3af73]\n\t(No symbol) [0x0x7ff73da041b1]\n\t(No symbol) [0x0x7ff73da04f43]\n\tGetHandleVerifier [0x0x7ff73dede1ed+3005069]\n\tGetHandleVerifier [0x0x7ff73ded831d+2980797]\n\tGetHandleVerifier [0x0x7ff73def7e0d+3110573]\n\tGetHandleVerifier [0x0x7ff73dc2d6de+184190]\n\tGetHandleVerifier [0x0x7ff73dc3516f+215567]\n\tGetHandleVerifier [0x0x7ff73dc1c974+115220]\n\tGetHandleVerifier [0x0x7ff73dc1cb29+115657]\n\tGetHandleVerifier [0x0x7ff73dc03268+11016]\n\tBaseThreadInitThunk [0x0x7fffac0be8d7+23]\n\tRtlUserThreadStart [0x0x7fffadb68d9c+44]","time":{"start":1756816797534,"stop":1756816812560,"duration":15026}},{"uid":"9687d979efd986a9","status":"broken","statusDetails":"selenium.common.exceptions.NoSuchElementException: Message: no such element: Unable to locate element: {\"method\":\"xpath\",\"selector\":\"//select\"}\n  (Session info: chrome=139.0.7258.155); For documentation on this error, please visit: https://www.selenium.dev/documentation/webdriver/troubleshooting/errors#nosuchelementexception\nStacktrace:\n\tGetHandleVerifier [0x0x7ff73dc13d85+79397]\n\tGetHandleVerifier [0x0x7ff73dc13de0+79488]\n\t(No symbol) [0x0x7ff73d9bc0fa]\n\t(No symbol) [0x0x7ff73da12fd6]\n\t(No symbol) [0x0x7ff73da1328c]\n\t(No symbol) [0x0x7ff73da66537]\n\t(No symbol) [0x0x7ff73da3b1df]\n\t(No symbol) [0x0x7ff73da63344]\n\t(No symbol) [0x0x7ff73da3af73]\n\t(No symbol) [0x0x7ff73da041b1]\n\t(No symbol) [0x0x7ff73da04f43]\n\tGetHandleVerifier [0x0x7ff73dede1ed+3005069]\n\tGetHandleVerifier [0x0x7ff73ded831d+2980797]\n\tGetHandleVerifier [0x0x7ff73def7e0d+3110573]\n\tGetHandleVerifier [0x0x7ff73dc2d6de+184190]\n\tGetHandleVerifier [0x0x7ff73dc3516f+215567]\n\tGetHandleVerifier [0x0x7ff73dc1c974+115220]\n\tGetHandleVerifier [0x0x7ff73dc1cb29+115657]\n\tGetHandleVerifier [0x0x7ff73dc03268+11016]\n\tBaseThreadInitThunk [0x0x7fffac0be8d7+23]\n\tRtlUserThreadStart [0x0x7fffadb68d9c+44]","time":{"start":1756816579099,"stop":1756816586749,"duration":7650}},{"uid":"6f7ce63a151ef63c","status":"broken","statusDetails":"selenium.common.exceptions.ElementClickInterceptedException: Message: element click intercepted: Element <button type=\"button\" class=\" bg-brand-500 border-0 justify-center rounded-md text-white  inline-flex gap-2 items-center px-5 text-lg\">...</button> is not clickable at point (1185, 87). Other element would receive the click: <button type=\"button\" class=\"border-2 justify-center rounded-md text-xl inline-flex items-center md:rounded-xl md:size-14 size-12 border-filter-button-default filter-button-icon-default\">...</button>\n  (Session info: chrome=139.0.7258.155); For documentation on this error, please visit: https://www.selenium.dev/documentation/webdriver/troubleshooting/errors#elementclickinterceptedexception\nStacktrace:\n\tGetHandleVerifier [0x0x7ff73dc13d85+79397]\n\tGetHandleVerifier [0x0x7ff73dc13de0+79488]\n\t(No symbol) [0x0x7ff73d9bc0fa]\n\t(No symbol) [0x0x7ff73da1afd9]\n\t(No symbol) [0x0x7ff73da18972]\n\t(No symbol) [0x0x7ff73da159c1]\n\t(No symbol) [0x0x7ff73da148b1]\n\t(No symbol) [0x0x7ff73da060e8]\n\t(No symbol) [0x0x7ff73da3b19a]\n\t(No symbol) [0x0x7ff73da05996]\n\t(No symbol) [0x0x7ff73da3b3b0]\n\t(No symbol) [0x0x7ff73da63344]\n\t(No symbol) [0x0x7ff73da3af73]\n\t(No symbol) [0x0x7ff73da041b1]\n\t(No symbol) [0x0x7ff73da04f43]\n\tGetHandleVerifier [0x0x7ff73dede1ed+3005069]\n\tGetHandleVerifier [0x0x7ff73ded831d+2980797]\n\tGetHandleVerifier [0x0x7ff73def7e0d+3110573]\n\tGetHandleVerifier [0x0x7ff73dc2d6de+184190]\n\tGetHandleVerifier [0x0x7ff73dc3516f+215567]\n\tGetHandleVerifier [0x0x7ff73dc1c974+115220]\n\tGetHandleVerifier [0x0x7ff73dc1cb29+115657]\n\tGetHandleVerifier [0x0x7ff73dc03268+11016]\n\tBaseThreadInitThunk [0x0x7fffac0be8d7+23]\n\tRtlUserThreadStart [0x0x7fffadb68d9c+44]","time":{"start":1756816492827,"stop":1756816505709,"duration":12882}},{"uid":"e3144d5c4418cee1","status":"broken","statusDetails":"selenium.common.exceptions.ElementClickInterceptedException: Message: element click intercepted: Element <button type=\"button\" class=\" bg-brand-500 border-0 justify-center rounded-md text-white  inline-flex gap-2 items-center px-5 text-lg\">...</button> is not clickable at point (1185, 112). Other element would receive the click: <svg xmlns=\"http://www.w3.org/2000/svg\" class=\"inline-block h-5 w-5 md:h-7 md:w-7\" fill=\"none\" viewBox=\"0 0 18 16\">...</svg>\n  (Session info: chrome=139.0.7258.155); For documentation on this error, please visit: https://www.selenium.dev/documentation/webdriver/troubleshooting/errors#elementclickinterceptedexception\nStacktrace:\n\tGetHandleVerifier [0x0x7ff73dc13d85+79397]\n\tGetHandleVerifier [0x0x7ff73dc13de0+79488]\n\t(No symbol) [0x0x7ff73d9bc0fa]\n\t(No symbol) [0x0x7ff73da1afd9]\n\t(No symbol) [0x0x7ff73da18972]\n\t(No symbol) [0x0x7ff73da159c1]\n\t(No symbol) [0x0x7ff73da148b1]\n\t(No symbol) [0x0x7ff73da060e8]\n\t(No symbol) [0x0x7ff73da3b19a]\n\t(No symbol) [0x0x7ff73da05996]\n\t(No symbol) [0x0x7ff73da3b3b0]\n\t(No symbol) [0x0x7ff73da63344]\n\t(No symbol) [0x0x7ff73da3af73]\n\t(No symbol) [0x0x7ff73da041b1]\n\t(No symbol) [0x0x7ff73da04f43]\n\tGetHandleVerifier [0x0x7ff73dede1ed+3005069]\n\tGetHandleVerifier [0x0x7ff73ded831d+2980797]\n\tGetHandleVerifier [0x0x7ff73def7e0d+3110573]\n\tGetHandleVerifier [0x0x7ff73dc2d6de+184190]\n\tGetHandleVerifier [0x0x7ff73dc3516f+215567]\n\tGetHandleVerifier [0x0x7ff73dc1c974+115220]\n\tGetHandleVerifier [0x0x7ff73dc1cb29+115657]\n\tGetHandleVerifier [0x0x7ff73dc03268+11016]\n\tBaseThreadInitThunk [0x0x7fffac0be8d7+23]\n\tRtlUserThreadStart [0x0x7fffadb68d9c+44]","time":{"start":1756816311340,"stop":1756816323807,"duration":12467}},{"uid":"afedb7c737d366f3","status":"broken","statusDetails":"selenium.common.exceptions.ElementClickInterceptedException: Message: element click intercepted: Element <button type=\"button\" class=\" bg-brand-500 border-0 justify-center rounded-md text-white  inline-flex gap-2 items-center px-5 text-lg\">...</button> is not clickable at point (1185, 112). Other element would receive the click: <svg xmlns=\"http://www.w3.org/2000/svg\" class=\"inline-block h-5 w-5 md:h-7 md:w-7\" fill=\"none\" viewBox=\"0 0 18 16\">...</svg>\n  (Session info: chrome=139.0.7258.155); For documentation on this error, please visit: https://www.selenium.dev/documentation/webdriver/troubleshooting/errors#elementclickinterceptedexception\nStacktrace:\n\tGetHandleVerifier [0x0x7ff73dc13d85+79397]\n\tGetHandleVerifier [0x0x7ff73dc13de0+79488]\n\t(No symbol) [0x0x7ff73d9bc0fa]\n\t(No symbol) [0x0x7ff73da1afd9]\n\t(No symbol) [0x0x7ff73da18972]\n\t(No symbol) [0x0x7ff73da159c1]\n\t(No symbol) [0x0x7ff73da148b1]\n\t(No symbol) [0x0x7ff73da060e8]\n\t(No symbol) [0x0x7ff73da3b19a]\n\t(No symbol) [0x0x7ff73da05996]\n\t(No symbol) [0x0x7ff73da3b3b0]\n\t(No symbol) [0x0x7ff73da63344]\n\t(No symbol) [0x0x7ff73da3af73]\n\t(No symbol) [0x0x7ff73da041b1]\n\t(No symbol) [0x0x7ff73da04f43]\n\tGetHandleVerifier [0x0x7ff73dede1ed+3005069]\n\tGetHandleVerifier [0x0x7ff73ded831d+2980797]\n\tGetHandleVerifier [0x0x7ff73def7e0d+3110573]\n\tGetHandleVerifier [0x0x7ff73dc2d6de+184190]\n\tGetHandleVerifier [0x0x7ff73dc3516f+215567]\n\tGetHandleVerifier [0x0x7ff73dc1c974+115220]\n\tGetHandleVerifier [0x0x7ff73dc1cb29+115657]\n\tGetHandleVerifier [0x0x7ff73dc03268+11016]\n\tBaseThreadInitThunk [0x0x7fffac0be8d7+23]\n\tRtlUserThreadStart [0x0x7fffadb68d9c+44]","time":{"start":1756816244156,"stop":1756816256692,"duration":12536}},{"uid":"a3ff89ce5cb20613","status":"broken","statusDetails":"selenium.common.exceptions.StaleElementReferenceException: Message: stale element reference: stale element not found in the current frame\n  (Session info: chrome=139.0.7258.155); For documentation on this error, please visit: https://www.selenium.dev/documentation/webdriver/troubleshooting/errors#staleelementreferenceexception\nStacktrace:\n\tGetHandleVerifier [0x0x7ff73dc13d85+79397]\n\tGetHandleVerifier [0x0x7ff73dc13de0+79488]\n\t(No symbol) [0x0x7ff73d9bc0fa]\n\t(No symbol) [0x0x7ff73d9c3a99]\n\t(No symbol) [0x0x7ff73d9c6b3c]\n\t(No symbol) [0x0x7ff73d9c6c0f]\n\t(No symbol) [0x0x7ff73da17574]\n\t(No symbol) [0x0x7ff73da06e88]\n\t(No symbol) [0x0x7ff73da3b19a]\n\t(No symbol) [0x0x7ff73da05996]\n\t(No symbol) [0x0x7ff73da3b3b0]\n\t(No symbol) [0x0x7ff73da63344]\n\t(No symbol) [0x0x7ff73da3af73]\n\t(No symbol) [0x0x7ff73da041b1]\n\t(No symbol) [0x0x7ff73da04f43]\n\tGetHandleVerifier [0x0x7ff73dede1ed+3005069]\n\tGetHandleVerifier [0x0x7ff73ded831d+2980797]\n\tGetHandleVerifier [0x0x7ff73def7e0d+3110573]\n\tGetHandleVerifier [0x0x7ff73dc2d6de+184190]\n\tGetHandleVerifier [0x0x7ff73dc3516f+215567]\n\tGetHandleVerifier [0x0x7ff73dc1c974+115220]\n\tGetHandleVerifier [0x0x7ff73dc1cb29+115657]\n\tGetHandleVerifier [0x0x7ff73dc03268+11016]\n\tBaseThreadInitThunk [0x0x7fffac0be8d7+23]\n\tRtlUserThreadStart [0x0x7fffadb68d9c+44]","time":{"start":1756816097629,"stop":1756816107821,"duration":10192}},{"uid":"2e8a891ba8fec5bd","status":"broken","statusDetails":"selenium.common.exceptions.ElementClickInterceptedException: Message: element click intercepted: Element <button type=\"button\" class=\" bg-brand-500 border-0 justify-center rounded-md text-white  inline-flex gap-2 items-center px-5 text-lg\">...</button> is not clickable at point (1185, 112). Other element would receive the click: <svg xmlns=\"http://www.w3.org/2000/svg\" class=\"inline-block h-5 w-5 md:h-7 md:w-7\" fill=\"none\" viewBox=\"0 0 18 16\">...</svg>\n  (Session info: chrome=139.0.7258.155); For documentation on this error, please visit: https://www.selenium.dev/documentation/webdriver/troubleshooting/errors#elementclickinterceptedexception\nStacktrace:\n\tGetHandleVerifier [0x0x7ff73dc13d85+79397]\n\tGetHandleVerifier [0x0x7ff73dc13de0+79488]\n\t(No symbol) [0x0x7ff73d9bc0fa]\n\t(No symbol) [0x0x7ff73da1afd9]\n\t(No symbol) [0x0x7ff73da18972]\n\t(No symbol) [0x0x7ff73da159c1]\n\t(No symbol) [0x0x7ff73da148b1]\n\t(No symbol) [0x0x7ff73da060e8]\n\t(No symbol) [0x0x7ff73da3b19a]\n\t(No symbol) [0x0x7ff73da05996]\n\t(No symbol) [0x0x7ff73da3b3b0]\n\t(No symbol) [0x0x7ff73da63344]\n\t(No symbol) [0x0x7ff73da3af73]\n\t(No symbol) [0x0x7ff73da041b1]\n\t(No symbol) [0x0x7ff73da04f43]\n\tGetHandleVerifier [0x0x7ff73dede1ed+3005069]\n\tGetHandleVerifier [0x0x7ff73ded831d+2980797]\n\tGetHandleVerifier [0x0x7ff73def7e0d+3110573]\n\tGetHandleVerifier [0x0x7ff73dc2d6de+184190]\n\tGetHandleVerifier [0x0x7ff73dc3516f+215567]\n\tGetHandleVerifier [0x0x7ff73dc1c974+115220]\n\tGetHandleVerifier [0x0x7ff73dc1cb29+115657]\n\tGetHandleVerifier [0x0x7ff73dc03268+11016]\n\tBaseThreadInitThunk [0x0x7fffac0be8d7+23]\n\tRtlUserThreadStart [0x0x7fffadb68d9c+44]","time":{"start":1756814870630,"stop":1756814886478,"duration":15848}},{"uid":"544c8224e233a6ab","status":"broken","statusDetails":"selenium.common.exceptions.NoSuchElementException: Message: no such element: Unable to locate element: {\"method\":\"xpath\",\"selector\":\"//select\"}\n  (Session info: chrome=139.0.7258.155); For documentation on this error, please visit: https://www.selenium.dev/documentation/webdriver/troubleshooting/errors#nosuchelementexception\nStacktrace:\n\tGetHandleVerifier [0x0x7ff73dc13d85+79397]\n\tGetHandleVerifier [0x0x7ff73dc13de0+79488]\n\t(No symbol) [0x0x7ff73d9bc0fa]\n\t(No symbol) [0x0x7ff73da12fd6]\n\t(No symbol) [0x0x7ff73da1328c]\n\t(No symbol) [0x0x7ff73da66537]\n\t(No symbol) [0x0x7ff73da3b1df]\n\t(No symbol) [0x0x7ff73da63344]\n\t(No symbol) [0x0x7ff73da3af73]\n\t(No symbol) [0x0x7ff73da041b1]\n\t(No symbol) [0x0x7ff73da04f43]\n\tGetHandleVerifier [0x0x7ff73dede1ed+3005069]\n\tGetHandleVerifier [0x0x7ff73ded831d+2980797]\n\tGetHandleVerifier [0x0x7ff73def7e0d+3110573]\n\tGetHandleVerifier [0x0x7ff73dc2d6de+184190]\n\tGetHandleVerifier [0x0x7ff73dc3516f+215567]\n\tGetHandleVerifier [0x0x7ff73dc1c974+115220]\n\tGetHandleVerifier [0x0x7ff73dc1cb29+115657]\n\tGetHandleVerifier [0x0x7ff73dc03268+11016]\n\tBaseThreadInitThunk [0x0x7fffac0be8d7+23]\n\tRtlUserThreadStart [0x0x7fffadb68d9c+44]","time":{"start":1756814745386,"stop":1756814754958,"duration":9572}},{"uid":"5951d7a4f5a62a00","status":"broken","statusDetails":"selenium.common.exceptions.InvalidArgumentException: Message: invalid argument: 'using' must be a string\n  (Session info: chrome=139.0.7258.155)\nStacktrace:\n\tGetHandleVerifier [0x0x7ff73dc13d85+79397]\n\tGetHandleVerifier [0x0x7ff73dc13de0+79488]\n\t(No symbol) [0x0x7ff73d9bc0fa]\n\t(No symbol) [0x0x7ff73da12d9e]\n\t(No symbol) [0x0x7ff73da1328c]\n\t(No symbol) [0x0x7ff73da66537]\n\t(No symbol) [0x0x7ff73da3b1df]\n\t(No symbol) [0x0x7ff73da63344]\n\t(No symbol) [0x0x7ff73da3af73]\n\t(No symbol) [0x0x7ff73da041b1]\n\t(No symbol) [0x0x7ff73da04f43]\n\tGetHandleVerifier [0x0x7ff73dede1ed+3005069]\n\tGetHandleVerifier [0x0x7ff73ded831d+2980797]\n\tGetHandleVerifier [0x0x7ff73def7e0d+3110573]\n\tGetHandleVerifier [0x0x7ff73dc2d6de+184190]\n\tGetHandleVerifier [0x0x7ff73dc3516f+215567]\n\tGetHandleVerifier [0x0x7ff73dc1c974+115220]\n\tGetHandleVerifier [0x0x7ff73dc1cb29+115657]\n\tGetHandleVerifier [0x0x7ff73dc03268+11016]\n\tBaseThreadInitThunk [0x0x7fffac0be8d7+23]\n\tRtlUserThreadStart [0x0x7fffadb68d9c+44]","time":{"start":1756814404695,"stop":1756814414847,"duration":10152}},{"uid":"2ff08eb3afcf6bf9","status":"broken","statusDetails":"selenium.common.exceptions.StaleElementReferenceException: Message: stale element reference: stale element not found in the current frame\n  (Session info: chrome=139.0.7258.155); For documentation on this error, please visit: https://www.selenium.dev/documentation/webdriver/troubleshooting/errors#staleelementreferenceexception\nStacktrace:\n\tGetHandleVerifier [0x0x7ff73dc13d85+79397]\n\tGetHandleVerifier [0x0x7ff73dc13de0+79488]\n\t(No symbol) [0x0x7ff73d9bc0fa]\n\t(No symbol) [0x0x7ff73d9c3a99]\n\t(No symbol) [0x0x7ff73d9c6b3c]\n\t(No symbol) [0x0x7ff73d9c6c0f]\n\t(No symbol) [0x0x7ff73da1aebb]\n\t(No symbol) [0x0x7ff73da183e1]\n\t(No symbol) [0x0x7ff73da159c1]\n\t(No symbol) [0x0x7ff73da148b1]\n\t(No symbol) [0x0x7ff73da060e8]\n\t(No symbol) [0x0x7ff73da3b19a]\n\t(No symbol) [0x0x7ff73da05996]\n\t(No symbol) [0x0x7ff73da3b3b0]\n\t(No symbol) [0x0x7ff73da63344]\n\t(No symbol) [0x0x7ff73da3af73]\n\t(No symbol) [0x0x7ff73da041b1]\n\t(No symbol) [0x0x7ff73da04f43]\n\tGetHandleVerifier [0x0x7ff73dede1ed+3005069]\n\tGetHandleVerifier [0x0x7ff73ded831d+2980797]\n\tGetHandleVerifier [0x0x7ff73def7e0d+3110573]\n\tGetHandleVerifier [0x0x7ff73dc2d6de+184190]\n\tGetHandleVerifier [0x0x7ff73dc3516f+215567]\n\tGetHandleVerifier [0x0x7ff73dc1c974+115220]\n\tGetHandleVerifier [0x0x7ff73dc1cb29+115657]\n\tGetHandleVerifier [0x0x7ff73dc03268+11016]\n\tBaseThreadInitThunk [0x0x7fffac0be8d7+23]\n\tRtlUserThreadStart [0x0x7fffadb68d9c+44]","time":{"start":1756814314373,"stop":1756814324480,"duration":10107}},{"uid":"e6b3296b8a3d8f13","status":"broken","statusDetails":"AttributeError: 'tuple' object has no attribute 'tag_name'","time":{"start":1756814120225,"stop":1756814130395,"duration":10170}},{"uid":"8a56fcd1d44ec056","status":"broken","statusDetails":"AttributeError: 'WebDriver' object has no attribute 'tag_name'","time":{"start":1756813854493,"stop":1756813867305,"duration":12812}},{"uid":"a8cb7ddca3a6f766","status":"broken","statusDetails":"selenium.common.exceptions.StaleElementReferenceException: Message: stale element reference: stale element not found in the current frame\n  (Session info: chrome=139.0.7258.155); For documentation on this error, please visit: https://www.selenium.dev/documentation/webdriver/troubleshooting/errors#staleelementreferenceexception\nStacktrace:\n\tGetHandleVerifier [0x0x7ff73dc13d85+79397]\n\tGetHandleVerifier [0x0x7ff73dc13de0+79488]\n\t(No symbol) [0x0x7ff73d9bc0fa]\n\t(No symbol) [0x0x7ff73d9c3a99]\n\t(No symbol) [0x0x7ff73d9c6b3c]\n\t(No symbol) [0x0x7ff73d9c6c0f]\n\t(No symbol) [0x0x7ff73da1aebb]\n\t(No symbol) [0x0x7ff73da183e1]\n\t(No symbol) [0x0x7ff73da159c1]\n\t(No symbol) [0x0x7ff73da148b1]\n\t(No symbol) [0x0x7ff73da06484]\n\t(No symbol) [0x0x7ff73da3b19a]\n\t(No symbol) [0x0x7ff73da05996]\n\t(No symbol) [0x0x7ff73da3b3b0]\n\t(No symbol) [0x0x7ff73da63344]\n\t(No symbol) [0x0x7ff73da3af73]\n\t(No symbol) [0x0x7ff73da041b1]\n\t(No symbol) [0x0x7ff73da04f43]\n\tGetHandleVerifier [0x0x7ff73dede1ed+3005069]\n\tGetHandleVerifier [0x0x7ff73ded831d+2980797]\n\tGetHandleVerifier [0x0x7ff73def7e0d+3110573]\n\tGetHandleVerifier [0x0x7ff73dc2d6de+184190]\n\tGetHandleVerifier [0x0x7ff73dc3516f+215567]\n\tGetHandleVerifier [0x0x7ff73dc1c974+115220]\n\tGetHandleVerifier [0x0x7ff73dc1cb29+115657]\n\tGetHandleVerifier [0x0x7ff73dc03268+11016]\n\tBaseThreadInitThunk [0x0x7fffac0be8d7+23]\n\tRtlUserThreadStart [0x0x7fffadb68d9c+44]","time":{"start":1756813748541,"stop":1756813759620,"duration":11079}},{"uid":"b6b4d50aed2f8c22","status":"failed","statusDetails":"AssertionError: DataFrame.iloc[:, 10] (column name=\"Destination Name\") are different\n\nDataFrame.iloc[:, 10] (column name=\"Destination Name\") values are different (100.0 %)\n[index]: [0, 1, 2, 3, 4, 5, 6, 7, 8, 9]\n[left]:  [test_system_4, test_system_4, test_system_4, test_sytem_3, test_sytem_3, test_sytem_3, test_sytem_3, test_sytem_1, test_sytem_3, test_sytem_2]\n[right]: [TestSystem4, TestSystem4, TestSystem4, TestSytem3, TestSytem3, TestSytem3, TestSytem3, TestSytem1, TestSytem3, TestSytem2]\nAt positional index 0, first diff: test_system_4 != TestSystem4","time":{"start":1756813364251,"stop":1756813380918,"duration":16667}},{"uid":"48b741ca2846c0e2","status":"failed","statusDetails":"AssertionError: DataFrame.iloc[:, 10] (column name=\"Destination Name\") are different\n\nDataFrame.iloc[:, 10] (column name=\"Destination Name\") values are different (100.0 %)\n[index]: [0, 1, 2, 3, 4, 5, 6, 7, 8, 9]\n[left]:  [test_system_4, test_system_4, test_system_4, test_sytem_3, test_sytem_3, test_sytem_3, test_sytem_3, test_sytem_1, test_sytem_3, test_sytem_2]\n[right]: [TestSystem4, TestSystem4, TestSystem4, TestSytem3, TestSytem3, TestSytem3, TestSytem3, TestSytem1, TestSytem3, TestSytem2]\nAt positional index 0, first diff: test_system_4 != TestSystem4","time":{"start":1756726664735,"stop":1756726682687,"duration":17952}},{"uid":"2f916163ee4b685f","status":"failed","statusDetails":"AssertionError: DataFrame.iloc[:, 10] (column name=\"Destination Name\") are different\n\nDataFrame.iloc[:, 10] (column name=\"Destination Name\") values are different (30.0 %)\n[index]: [0, 1, 2, 3, 4, 5, 6, 7, 8, 9]\n[left]:  [testdest, testdest, testdest, TestingPlatform2, TestingPlatform2, nan, nan, nan, nan, TestingPlatform2]\n[right]: [TestDest, TestDest, TestDest, TestingPlatform2, TestingPlatform2, nan, nan, nan, nan, TestingPlatform2]\nAt positional index 0, first diff: testdest != TestDest","time":{"start":1756636147361,"stop":1756636172528,"duration":25167}},{"uid":"3a7c6a7f497f560b","status":"failed","statusDetails":"AssertionError: DataFrame.iloc[:, 3] (column name=\"Caller ID\") are different\n\nDataFrame.iloc[:, 3] (column name=\"Caller ID\") values are different (100.0 %)\n[index]: [0, 1, 2, 3, 4, 5, 6, 7, 8, 9]\n[left]:  [19803271868, 19787971079, 12568548442, 13644440950, 17543060630, 19803271868, 19787971079, 12568548442, 13644440950, 17543060630]\n[right]: [19803271868, 19787971079, 12568548442, 13644440950, 17543060630, 19803271868, 19787971079, 12568548442, 13644440950, 17543060630]","time":{"start":1756635429349,"stop":1756635445331,"duration":15982}},{"uid":"722b2bcf048a9400","status":"passed","time":{"start":1756635167513,"stop":1756635183964,"duration":16451}},{"uid":"164f356b3258e35f","status":"failed","statusDetails":"AssertionError: DataFrame.iloc[:, 10] (column name=\"Destination Name\") are different\n\nDataFrame.iloc[:, 10] (column name=\"Destination Name\") values are different (70.0 %)\n[index]: [0, 1, 2, 3, 4, 5, 6, 7, 8, 9]\n[left]:  [testdest, testdest, testdest, TestingPlatform2, TestingPlatform2, nan, nan, nan, nan, TestingPlatform2]\n[right]: [TestDest, TestDest, TestDest, TestingPlatform2, TestingPlatform2, NA, NA, NA, NA, TestingPlatform2]\nAt positional index 0, first diff: testdest != TestDest","time":{"start":1756634524402,"stop":1756634550568,"duration":26166}},{"uid":"b2c485a2d10796bf","status":"broken","statusDetails":"NameError: name 'remove_all_spaces' is not defined","time":{"start":1756634329763,"stop":1756634347345,"duration":17582}},{"uid":"daccc4a3345298c","status":"failed","statusDetails":"AssertionError: DataFrame.iloc[:, 3] (column name=\"Caller ID\") are different\n\nDataFrame.iloc[:, 3] (column name=\"Caller ID\") values are different (100.0 %)\n[index]: [0, 1, 2, 3, 4, 5, 6, 7, 8, 9]\n[left]:  [19803271868, 19787971079, 12568548442, 13644440950, 17543060630, 19803271868, 19787971079, 12568548442, 13644440950, 17543060630]\n[right]: [+19803271868, +19787971079, +12568548442, +13644440950, +17543060630, +19803271868, +19787971079, +12568548442, +13644440950, +17543060630]\nAt positional index 0, first diff: 19803271868 != +19803271868","time":{"start":1756634155556,"stop":1756634175378,"duration":19822}},{"uid":"378372807bb2aab9","status":"failed","statusDetails":"AssertionError: DataFrame.iloc[:, 3] (column name=\"Caller ID\") are different\n\nDataFrame.iloc[:, 3] (column name=\"Caller ID\") values are different (100.0 %)\n[index]: [0, 1, 2, 3, 4, 5, 6, 7, 8, 9]\n[left]:  [19803271868, 19787971079, 12568548442, 13644440950, 17543060630, 19803271868, 19787971079, 12568548442, 13644440950, 17543060630]\n[right]: [+19803271868, +19787971079, +12568548442, +13644440950, +17543060630, +19803271868, +19787971079, +12568548442, +13644440950, +17543060630]","time":{"start":1756633891379,"stop":1756633909280,"duration":17901}},{"uid":"735243a72f8a1948","status":"failed","statusDetails":"AssertionError: DataFrame.iloc[:, 3] (column name=\"Caller ID\") are different\n\nDataFrame.iloc[:, 3] (column name=\"Caller ID\") values are different (100.0 %)\n[index]: [0, 1, 2, 3, 4, 5, 6, 7, 8, 9]\n[left]:  [19803271868, 19787971079, 12568548442, 13644440950, 17543060630, 19803271868, 19787971079, 12568548442, 13644440950, 17543060630]\n[right]: [+19803271868, +19787971079, +12568548442, +13644440950, +17543060630, +19803271868, +19787971079, +12568548442, +13644440950, +17543060630]","time":{"start":1756632682732,"stop":1756632704824,"duration":22092}},{"uid":"26c6d04950b08033","status":"failed","statusDetails":"AssertionError: DataFrame.iloc[:, 3] (column name=\"Caller ID\") are different\n\nDataFrame.iloc[:, 3] (column name=\"Caller ID\") values are different (100.0 %)\n[index]: [0, 1, 2, 3, 4, 5, 6, 7, 8, 9]\n[left]:  [19803271868, 19787971079, 12568548442, 13644440950, 17543060630, 19803271868, 19787971079, 12568548442, 13644440950, 17543060630]\n[right]: [+19803271868, +19787971079, +12568548442, +13644440950, +17543060630, +19803271868, +19787971079, +12568548442, +13644440950, +17543060630]","time":{"start":1756632314069,"stop":1756632333856,"duration":19787}},{"uid":"f0d35309d621fcee","status":"failed","statusDetails":"AssertionError: UI table data does not match exported CSV!","time":{"start":1756631307974,"stop":1756631323165,"duration":15191}},{"uid":"fe13a2875aee6043","status":"failed","statusDetails":"AssertionError: UI table data does not match exported CSV!","time":{"start":1756631204367,"stop":1756631219659,"duration":15292}},{"uid":"fb0a2dc7e01e6d21","status":"failed","statusDetails":"AssertionError: DataFrame.iloc[:, 0] (column name=\"Date & Time\") are different\n\nDataFrame.iloc[:, 0] (column name=\"Date & Time\") values are different (100.0 %)\n[index]: [0, 1, 2, 3, 4, 5, 6, 7, 8, 9]\n[left]:  [07/30/2025  06:01:33, 07/30/2025  06:01:32, 07/30/2025  06:01:31, 07/30/2025  06:01:30, 07/30/2025  06:01:30, 07/30/2025  06:00:02, 07/30/2025  06:00:02, 07/30/2025  06:00:00, 07/30/2025  05:59:59, 07/30/2025  05:59:59]\n[right]: [07/30/2025 06:01:33, 07/30/2025 06:01:32, 07/30/2025 06:01:31, 07/30/2025 06:01:30, 07/30/2025 06:01:30, 07/30/2025 06:00:02, 07/30/2025 06:00:02, 07/30/2025 06:00:00, 07/30/2025 05:59:59, 07/30/2025 05:59:59]\nAt positional index 0, first diff: 07/30/2025  06:01:33 != 07/30/2025 06:01:33","time":{"start":1756630792581,"stop":1756630808255,"duration":15674}},{"uid":"5909bbcec0e6329b","status":"passed","time":{"start":1756630699018,"stop":1756630716961,"duration":17943}},{"uid":"78ac17469cb7bc14","status":"failed","statusDetails":"AssertionError: UI table data does not match exported CSV!\nassert False\n +  where False = equals(            Date & Time                       Campaign  ... Revenue  Payout\\n0  07/30/2025  06:01:33  Campaign Testing - 09.09.2024  ...   $0.00   $0.00\\n1  07/30/2025  06:01:32  Campaign Testing - 09.09.2024  ...   $0.00   $0.00\\n2  07/30/2025  06:01:31  Campaign Testing - 09.09.2024  ...   $0.00   $0.00\\n3  07/30/2025  06:01:30  Campaign Testing - 09.09.2024  ...   $0.00   $0.00\\n4  07/30/2025  06:01:30  Campaign Testing - 09.09.2024  ...   $0.00   $0.00\\n5  07/30/2025  06:00:02  Campaign Testing - 09.09.2024  ...   $0.00   $0.00\\n6  07/30/2025  06:00:02  Campaign Testing - 09.09.2024  ...   $0.00   $0.00\\n7  07/30/2025  06:00:00  Campaign Testing - 09.09.2024  ...   $0.00   $0.00\\n8  07/30/2025  05:59:59  Campaign Testing - 09.09.2024  ...   $0.00   $0.00\\n9  07/30/2025  05:59:59  Campaign Testing - 09.09.2024  ...   $0.00   $0.00\\n\\n[10 rows x 16 columns])\n +    where equals =            Date & Time                       Campaign  ... Revenue Payout\\n0  07/30/2025 06:01:33  Campaign Testing - 09.09.2024  ...   $0.00  $0.00\\n1  07/30/2025 06:01:32  Campaign Testing - 09.09.2024  ...   $0.00  $0.00\\n2  07/30/2025 06:01:31  Campaign Testing - 09.09.2024  ...   $0.00  $0.00\\n3  07/30/2025 06:01:30  Campaign Testing - 09.09.2024  ...   $0.00  $0.00\\n4  07/30/2025 06:01:30  Campaign Testing - 09.09.2024  ...   $0.00  $0.00\\n5  07/30/2025 06:00:02  Campaign Testing - 09.09.2024  ...   $0.00  $0.00\\n6  07/30/2025 06:00:02  Campaign Testing - 09.09.2024  ...   $0.00  $0.00\\n7  07/30/2025 06:00:00  Campaign Testing - 09.09.2024  ...   $0.00  $0.00\\n8  07/30/2025 05:59:59  Campaign Testing - 09.09.2024  ...   $0.00  $0.00\\n9  07/30/2025 05:59:59  Campaign Testing - 09.09.2024  ...   $0.00  $0.00\\n\\n[10 rows x 16 columns].equals","time":{"start":1756571459996,"stop":1756571480441,"duration":20445}},{"uid":"246bba3ab55e046c","status":"passed","time":{"start":1756570549201,"stop":1756570567399,"duration":18198}},{"uid":"d9311ca3cbab703d","status":"passed","time":{"start":1756570285393,"stop":1756570303869,"duration":18476}},{"uid":"d07aad00709bdddb","status":"failed","statusDetails":"AssertionError: Mismatch:\n  UI:\n             Date & Time                       Campaign  ... Revenue Payout\n  0  07/30/2025 06:01:33  Campaign Testing - 09.09.2024  ...   $0.00  $0.00\n  1  07/30/2025 06:01:32  Campaign Testing - 09.09.2024  ...   $0.00  $0.00\n  2  07/30/2025 06:01:31  Campaign Testing - 09.09.2024  ...   $0.00  $0.00\n  3  07/30/2025 06:01:30  Campaign Testing - 09.09.2024  ...   $0.00  $0.00\n  4  07/30/2025 06:01:30  Campaign Testing - 09.09.2024  ...   $0.00  $0.00\n  5  07/30/2025 06:00:02  Campaign Testing - 09.09.2024  ...   $0.00  $0.00\n  6  07/30/2025 06:00:02  Campaign Testing - 09.09.2024  ...   $0.00  $0.00\n  7  07/30/2025 06:00:00  Campaign Testing - 09.09.2024  ...   $0.00  $0.00\n  8  07/30/2025 05:59:59  Campaign Testing - 09.09.2024  ...   $0.00  $0.00\n  9  07/30/2025 05:59:59  Campaign Testing - 09.09.2024  ...   $0.00  $0.00\n  \n  [10 rows x 16 columns]\n  CSV:\n             Date & Time                       Campaign  ... Revenue  Payout\n  0  07/30/2025 06:01:33  Campaign Testing - 09.09.2024  ...   $0.00   $0.00\n  1  07/30/2025 06:01:32  Campaign Testing - 09.09.2024  ...   $0.00   $0.00\n  2  07/30/2025 06:01:31  Campaign Testing - 09.09.2024  ...   $0.00   $0.00\n  3  07/30/2025 06:01:30  Campaign Testing - 09.09.2024  ...   $0.00   $0.00\n  4  07/30/2025 06:01:30  Campaign Testing - 09.09.2024  ...   $0.00   $0.00\n  5  07/30/2025 06:00:02  Campaign Testing - 09.09.2024  ...   $0.00   $0.00\n  6  07/30/2025 06:00:02  Campaign Testing - 09.09.2024  ...   $0.00   $0.00\n  7  07/30/2025 06:00:00  Campaign Testing - 09.09.2024  ...   $0.00   $0.00\n  8  07/30/2025 05:59:59  Campaign Testing - 09.09.2024  ...   $0.00   $0.00\n  9  07/30/2025 05:59:59  Campaign Testing - 09.09.2024  ...   $0.00   $0.00\n  \n  [10 rows x 16 columns]\nassert False\n +  where False = equals(           Date & Time                       Campaign  ... Revenue Payout\\n0  07/30/2025 06:01:33  Campaign Testing - 09.09.2024  ...   $0.00  $0.00\\n1  07/30/2025 06:01:32  Campaign Testing - 09.09.2024  ...   $0.00  $0.00\\n2  07/30/2025 06:01:31  Campaign Testing - 09.09.2024  ...   $0.00  $0.00\\n3  07/30/2025 06:01:30  Campaign Testing - 09.09.2024  ...   $0.00  $0.00\\n4  07/30/2025 06:01:30  Campaign Testing - 09.09.2024  ...   $0.00  $0.00\\n5  07/30/2025 06:00:02  Campaign Testing - 09.09.2024  ...   $0.00  $0.00\\n6  07/30/2025 06:00:02  Campaign Testing - 09.09.2024  ...   $0.00  $0.00\\n7  07/30/2025 06:00:00  Campaign Testing - 09.09.2024  ...   $0.00  $0.00\\n8  07/30/2025 05:59:59  Campaign Testing - 09.09.2024  ...   $0.00  $0.00\\n9  07/30/2025 05:59:59  Campaign Testing - 09.09.2024  ...   $0.00  $0.00\\n\\n[10 rows x 16 columns])\n +    where equals =            Date & Time                       Campaign  ... Revenue  Payout\\n0  07/30/2025 06:01:33  Campaign Testing - 09.09.2024  ...   $0.00   $0.00\\n1  07/30/2025 06:01:32  Campaign Testing - 09.09.2024  ...   $0.00   $0.00\\n2  07/30/2025 06:01:31  Campaign Testing - 09.09.2024  ...   $0.00   $0.00\\n3  07/30/2025 06:01:30  Campaign Testing - 09.09.2024  ...   $0.00   $0.00\\n4  07/30/2025 06:01:30  Campaign Testing - 09.09.2024  ...   $0.00   $0.00\\n5  07/30/2025 06:00:02  Campaign Testing - 09.09.2024  ...   $0.00   $0.00\\n6  07/30/2025 06:00:02  Campaign Testing - 09.09.2024  ...   $0.00   $0.00\\n7  07/30/2025 06:00:00  Campaign Testing - 09.09.2024  ...   $0.00   $0.00\\n8  07/30/2025 05:59:59  Campaign Testing - 09.09.2024  ...   $0.00   $0.00\\n9  07/30/2025 05:59:59  Campaign Testing - 09.09.2024  ...   $0.00   $0.00\\n\\n[10 rows x 16 columns].equals","time":{"start":1756569959124,"stop":1756569979303,"duration":20179}},{"uid":"eadcc72eef8e80","status":"failed","statusDetails":"AssertionError: Mismatch:\n  UI:\n             Date & Time                       Campaign  ... Revenue Payout\n  0  07/30/2025 06:01:33  Campaign Testing - 09.09.2024  ...   $0.00  $0.00\n  1  07/30/2025 06:01:32  Campaign Testing - 09.09.2024  ...   $0.00  $0.00\n  2  07/30/2025 06:01:31  Campaign Testing - 09.09.2024  ...   $0.00  $0.00\n  3  07/30/2025 06:01:30  Campaign Testing - 09.09.2024  ...   $0.00  $0.00\n  4  07/30/2025 06:01:30  Campaign Testing - 09.09.2024  ...   $0.00  $0.00\n  5  07/30/2025 06:00:02  Campaign Testing - 09.09.2024  ...   $0.00  $0.00\n  6  07/30/2025 06:00:02  Campaign Testing - 09.09.2024  ...   $0.00  $0.00\n  7  07/30/2025 06:00:00  Campaign Testing - 09.09.2024  ...   $0.00  $0.00\n  8  07/30/2025 05:59:59  Campaign Testing - 09.09.2024  ...   $0.00  $0.00\n  9  07/30/2025 05:59:59  Campaign Testing - 09.09.2024  ...   $0.00  $0.00\n  \n  [10 rows x 16 columns]\n  CSV:\n              Date & Time                       Campaign  ... Revenue  Payout\n  0  07/30/2025  06:01:33  Campaign Testing - 09.09.2024  ...   $0.00   $0.00\n  1  07/30/2025  06:01:32  Campaign Testing - 09.09.2024  ...   $0.00   $0.00\n  2  07/30/2025  06:01:31  Campaign Testing - 09.09.2024  ...   $0.00   $0.00\n  3  07/30/2025  06:01:30  Campaign Testing - 09.09.2024  ...   $0.00   $0.00\n  4  07/30/2025  06:01:30  Campaign Testing - 09.09.2024  ...   $0.00   $0.00\n  5  07/30/2025  06:00:02  Campaign Testing - 09.09.2024  ...   $0.00   $0.00\n  6  07/30/2025  06:00:02  Campaign Testing - 09.09.2024  ...   $0.00   $0.00\n  7  07/30/2025  06:00:00  Campaign Testing - 09.09.2024  ...   $0.00   $0.00\n  8  07/30/2025  05:59:59  Campaign Testing - 09.09.2024  ...   $0.00   $0.00\n  9  07/30/2025  05:59:59  Campaign Testing - 09.09.2024  ...   $0.00   $0.00\n  \n  [10 rows x 16 columns]\nassert False\n +  where False = equals(           Date & Time                       Campaign  ... Revenue Payout\\n0  07/30/2025 06:01:33  Campaign Testing - 09.09.2024  ...   $0.00  $0.00\\n1  07/30/2025 06:01:32  Campaign Testing - 09.09.2024  ...   $0.00  $0.00\\n2  07/30/2025 06:01:31  Campaign Testing - 09.09.2024  ...   $0.00  $0.00\\n3  07/30/2025 06:01:30  Campaign Testing - 09.09.2024  ...   $0.00  $0.00\\n4  07/30/2025 06:01:30  Campaign Testing - 09.09.2024  ...   $0.00  $0.00\\n5  07/30/2025 06:00:02  Campaign Testing - 09.09.2024  ...   $0.00  $0.00\\n6  07/30/2025 06:00:02  Campaign Testing - 09.09.2024  ...   $0.00  $0.00\\n7  07/30/2025 06:00:00  Campaign Testing - 09.09.2024  ...   $0.00  $0.00\\n8  07/30/2025 05:59:59  Campaign Testing - 09.09.2024  ...   $0.00  $0.00\\n9  07/30/2025 05:59:59  Campaign Testing - 09.09.2024  ...   $0.00  $0.00\\n\\n[10 rows x 16 columns])\n +    where equals =             Date & Time                       Campaign  ... Revenue  Payout\\n0  07/30/2025  06:01:33  Campaign Testing - 09.09.2024  ...   $0.00   $0.00\\n1  07/30/2025  06:01:32  Campaign Testing - 09.09.2024  ...   $0.00   $0.00\\n2  07/30/2025  06:01:31  Campaign Testing - 09.09.2024  ...   $0.00   $0.00\\n3  07/30/2025  06:01:30  Campaign Testing - 09.09.2024  ...   $0.00   $0.00\\n4  07/30/2025  06:01:30  Campaign Testing - 09.09.2024  ...   $0.00   $0.00\\n5  07/30/2025  06:00:02  Campaign Testing - 09.09.2024  ...   $0.00   $0.00\\n6  07/30/2025  06:00:02  Campaign Testing - 09.09.2024  ...   $0.00   $0.00\\n7  07/30/2025  06:00:00  Campaign Testing - 09.09.2024  ...   $0.00   $0.00\\n8  07/30/2025  05:59:59  Campaign Testing - 09.09.2024  ...   $0.00   $0.00\\n9  07/30/2025  05:59:59  Campaign Testing - 09.09.2024  ...   $0.00   $0.00\\n\\n[10 rows x 16 columns].equals","time":{"start":1756569020243,"stop":1756569046878,"duration":26635}},{"uid":"739a66836a5f393d","status":"failed","statusDetails":"AssertionError: Mismatch:\n  UI:\n             Date & Time                       Campaign  ... Revenue Payout\n  0  07/30/2025 06:01:33  Campaign Testing - 09.09.2024  ...   $0.00  $0.00\n  1  07/30/2025 06:01:32  Campaign Testing - 09.09.2024  ...   $0.00  $0.00\n  2  07/30/2025 06:01:31  Campaign Testing - 09.09.2024  ...   $0.00  $0.00\n  3  07/30/2025 06:01:30  Campaign Testing - 09.09.2024  ...   $0.00  $0.00\n  4  07/30/2025 06:01:30  Campaign Testing - 09.09.2024  ...   $0.00  $0.00\n  5  07/30/2025 06:00:02  Campaign Testing - 09.09.2024  ...   $0.00  $0.00\n  6  07/30/2025 06:00:02  Campaign Testing - 09.09.2024  ...   $0.00  $0.00\n  7  07/30/2025 06:00:00  Campaign Testing - 09.09.2024  ...   $0.00  $0.00\n  8  07/30/2025 05:59:59  Campaign Testing - 09.09.2024  ...   $0.00  $0.00\n  9  07/30/2025 05:59:59  Campaign Testing - 09.09.2024  ...   $0.00  $0.00\n  \n  [10 rows x 16 columns]\n  CSV:\n              Date & Time                       Campaign  ... Revenue  Payout\n  0  07/30/2025  06:01:33  Campaign Testing - 09.09.2024  ...   $0.00   $0.00\n  1  07/30/2025  06:01:32  Campaign Testing - 09.09.2024  ...   $0.00   $0.00\n  2  07/30/2025  06:01:31  Campaign Testing - 09.09.2024  ...   $0.00   $0.00\n  3  07/30/2025  06:01:30  Campaign Testing - 09.09.2024  ...   $0.00   $0.00\n  4  07/30/2025  06:01:30  Campaign Testing - 09.09.2024  ...   $0.00   $0.00\n  5  07/30/2025  06:00:02  Campaign Testing - 09.09.2024  ...   $0.00   $0.00\n  6  07/30/2025  06:00:02  Campaign Testing - 09.09.2024  ...   $0.00   $0.00\n  7  07/30/2025  06:00:00  Campaign Testing - 09.09.2024  ...   $0.00   $0.00\n  8  07/30/2025  05:59:59  Campaign Testing - 09.09.2024  ...   $0.00   $0.00\n  9  07/30/2025  05:59:59  Campaign Testing - 09.09.2024  ...   $0.00   $0.00\n  \n  [10 rows x 16 columns]\nassert False\n +  where False = equals(           Date & Time                       Campaign  ... Revenue Payout\\n0  07/30/2025 06:01:33  Campaign Testing - 09.09.2024  ...   $0.00  $0.00\\n1  07/30/2025 06:01:32  Campaign Testing - 09.09.2024  ...   $0.00  $0.00\\n2  07/30/2025 06:01:31  Campaign Testing - 09.09.2024  ...   $0.00  $0.00\\n3  07/30/2025 06:01:30  Campaign Testing - 09.09.2024  ...   $0.00  $0.00\\n4  07/30/2025 06:01:30  Campaign Testing - 09.09.2024  ...   $0.00  $0.00\\n5  07/30/2025 06:00:02  Campaign Testing - 09.09.2024  ...   $0.00  $0.00\\n6  07/30/2025 06:00:02  Campaign Testing - 09.09.2024  ...   $0.00  $0.00\\n7  07/30/2025 06:00:00  Campaign Testing - 09.09.2024  ...   $0.00  $0.00\\n8  07/30/2025 05:59:59  Campaign Testing - 09.09.2024  ...   $0.00  $0.00\\n9  07/30/2025 05:59:59  Campaign Testing - 09.09.2024  ...   $0.00  $0.00\\n\\n[10 rows x 16 columns])\n +    where equals =             Date & Time                       Campaign  ... Revenue  Payout\\n0  07/30/2025  06:01:33  Campaign Testing - 09.09.2024  ...   $0.00   $0.00\\n1  07/30/2025  06:01:32  Campaign Testing - 09.09.2024  ...   $0.00   $0.00\\n2  07/30/2025  06:01:31  Campaign Testing - 09.09.2024  ...   $0.00   $0.00\\n3  07/30/2025  06:01:30  Campaign Testing - 09.09.2024  ...   $0.00   $0.00\\n4  07/30/2025  06:01:30  Campaign Testing - 09.09.2024  ...   $0.00   $0.00\\n5  07/30/2025  06:00:02  Campaign Testing - 09.09.2024  ...   $0.00   $0.00\\n6  07/30/2025  06:00:02  Campaign Testing - 09.09.2024  ...   $0.00   $0.00\\n7  07/30/2025  06:00:00  Campaign Testing - 09.09.2024  ...   $0.00   $0.00\\n8  07/30/2025  05:59:59  Campaign Testing - 09.09.2024  ...   $0.00   $0.00\\n9  07/30/2025  05:59:59  Campaign Testing - 09.09.2024  ...   $0.00   $0.00\\n\\n[10 rows x 16 columns].equals","time":{"start":1756566225222,"stop":1756566240365,"duration":15143}},{"uid":"de26ca5181f49903","status":"failed","statusDetails":"AssertionError: Mismatch:\n  UI:\n             Date & Time                       Campaign  ... Revenue Payout\n  0  07/30/2025 06:01:33  Campaign Testing - 09.09.2024  ...   $0.00  $0.00\n  1  07/30/2025 06:01:32  Campaign Testing - 09.09.2024  ...   $0.00  $0.00\n  2  07/30/2025 06:01:31  Campaign Testing - 09.09.2024  ...   $0.00  $0.00\n  3  07/30/2025 06:01:30  Campaign Testing - 09.09.2024  ...   $0.00  $0.00\n  4  07/30/2025 06:01:30  Campaign Testing - 09.09.2024  ...   $0.00  $0.00\n  5  07/30/2025 06:00:02  Campaign Testing - 09.09.2024  ...   $0.00  $0.00\n  6  07/30/2025 06:00:02  Campaign Testing - 09.09.2024  ...   $0.00  $0.00\n  7  07/30/2025 06:00:00  Campaign Testing - 09.09.2024  ...   $0.00  $0.00\n  8  07/30/2025 05:59:59  Campaign Testing - 09.09.2024  ...   $0.00  $0.00\n  9  07/30/2025 05:59:59  Campaign Testing - 09.09.2024  ...   $0.00  $0.00\n  \n  [10 rows x 16 columns]\n  CSV:\n              Date & Time                       Campaign  ... Revenue  Payout\n  0  07/30/2025  06:01:33  Campaign Testing - 09.09.2024  ...   $0.00   $0.00\n  1  07/30/2025  06:01:32  Campaign Testing - 09.09.2024  ...   $0.00   $0.00\n  2  07/30/2025  06:01:31  Campaign Testing - 09.09.2024  ...   $0.00   $0.00\n  3  07/30/2025  06:01:30  Campaign Testing - 09.09.2024  ...   $0.00   $0.00\n  4  07/30/2025  06:01:30  Campaign Testing - 09.09.2024  ...   $0.00   $0.00\n  5  07/30/2025  06:00:02  Campaign Testing - 09.09.2024  ...   $0.00   $0.00\n  6  07/30/2025  06:00:02  Campaign Testing - 09.09.2024  ...   $0.00   $0.00\n  7  07/30/2025  06:00:00  Campaign Testing - 09.09.2024  ...   $0.00   $0.00\n  8  07/30/2025  05:59:59  Campaign Testing - 09.09.2024  ...   $0.00   $0.00\n  9  07/30/2025  05:59:59  Campaign Testing - 09.09.2024  ...   $0.00   $0.00\n  \n  [10 rows x 16 columns]\nassert False\n +  where False = equals(           Date & Time                       Campaign  ... Revenue Payout\\n0  07/30/2025 06:01:33  Campaign Testing - 09.09.2024  ...   $0.00  $0.00\\n1  07/30/2025 06:01:32  Campaign Testing - 09.09.2024  ...   $0.00  $0.00\\n2  07/30/2025 06:01:31  Campaign Testing - 09.09.2024  ...   $0.00  $0.00\\n3  07/30/2025 06:01:30  Campaign Testing - 09.09.2024  ...   $0.00  $0.00\\n4  07/30/2025 06:01:30  Campaign Testing - 09.09.2024  ...   $0.00  $0.00\\n5  07/30/2025 06:00:02  Campaign Testing - 09.09.2024  ...   $0.00  $0.00\\n6  07/30/2025 06:00:02  Campaign Testing - 09.09.2024  ...   $0.00  $0.00\\n7  07/30/2025 06:00:00  Campaign Testing - 09.09.2024  ...   $0.00  $0.00\\n8  07/30/2025 05:59:59  Campaign Testing - 09.09.2024  ...   $0.00  $0.00\\n9  07/30/2025 05:59:59  Campaign Testing - 09.09.2024  ...   $0.00  $0.00\\n\\n[10 rows x 16 columns])\n +    where equals =             Date & Time                       Campaign  ... Revenue  Payout\\n0  07/30/2025  06:01:33  Campaign Testing - 09.09.2024  ...   $0.00   $0.00\\n1  07/30/2025  06:01:32  Campaign Testing - 09.09.2024  ...   $0.00   $0.00\\n2  07/30/2025  06:01:31  Campaign Testing - 09.09.2024  ...   $0.00   $0.00\\n3  07/30/2025  06:01:30  Campaign Testing - 09.09.2024  ...   $0.00   $0.00\\n4  07/30/2025  06:01:30  Campaign Testing - 09.09.2024  ...   $0.00   $0.00\\n5  07/30/2025  06:00:02  Campaign Testing - 09.09.2024  ...   $0.00   $0.00\\n6  07/30/2025  06:00:02  Campaign Testing - 09.09.2024  ...   $0.00   $0.00\\n7  07/30/2025  06:00:00  Campaign Testing - 09.09.2024  ...   $0.00   $0.00\\n8  07/30/2025  05:59:59  Campaign Testing - 09.09.2024  ...   $0.00   $0.00\\n9  07/30/2025  05:59:59  Campaign Testing - 09.09.2024  ...   $0.00   $0.00\\n\\n[10 rows x 16 columns].equals","time":{"start":1756565559380,"stop":1756565574320,"duration":14940}},{"uid":"78469191cbbafa40","status":"failed","statusDetails":"AssertionError: Mismatch:\n  UI:\n    S.no          Date & Time  ... Revenue Payout\n  0    1  07/30/2025 06:01:33  ...   $0.00  $0.00\n  1    2  07/30/2025 06:01:32  ...   $0.00  $0.00\n  2    3  07/30/2025 06:01:31  ...   $0.00  $0.00\n  3    4  07/30/2025 06:01:30  ...   $0.00  $0.00\n  4    5  07/30/2025 06:01:30  ...   $0.00  $0.00\n  5    6  07/30/2025 06:00:02  ...   $0.00  $0.00\n  6    7  07/30/2025 06:00:02  ...   $0.00  $0.00\n  7    8  07/30/2025 06:00:00  ...   $0.00  $0.00\n  8    9  07/30/2025 05:59:59  ...   $0.00  $0.00\n  9   10  07/30/2025 05:59:59  ...   $0.00  $0.00\n  \n  [10 rows x 17 columns]\n  CSV:\n              Date & Time                       Campaign  ... Revenue  Payout\n  0  07/30/2025  06:01:33  Campaign Testing - 09.09.2024  ...   $0.00   $0.00\n  1  07/30/2025  06:01:32  Campaign Testing - 09.09.2024  ...   $0.00   $0.00\n  2  07/30/2025  06:01:31  Campaign Testing - 09.09.2024  ...   $0.00   $0.00\n  3  07/30/2025  06:01:30  Campaign Testing - 09.09.2024  ...   $0.00   $0.00\n  4  07/30/2025  06:01:30  Campaign Testing - 09.09.2024  ...   $0.00   $0.00\n  5  07/30/2025  06:00:02  Campaign Testing - 09.09.2024  ...   $0.00   $0.00\n  6  07/30/2025  06:00:02  Campaign Testing - 09.09.2024  ...   $0.00   $0.00\n  7  07/30/2025  06:00:00  Campaign Testing - 09.09.2024  ...   $0.00   $0.00\n  8  07/30/2025  05:59:59  Campaign Testing - 09.09.2024  ...   $0.00   $0.00\n  9  07/30/2025  05:59:59  Campaign Testing - 09.09.2024  ...   $0.00   $0.00\n  \n  [10 rows x 16 columns]\nassert False\n +  where False = equals(  S.no          Date & Time  ... Revenue Payout\\n0    1  07/30/2025 06:01:33  ...   $0.00  $0.00\\n1    2  07/30/2025 06:01:32  ...   $0.00  $0.00\\n2    3  07/30/2025 06:01:31  ...   $0.00  $0.00\\n3    4  07/30/2025 06:01:30  ...   $0.00  $0.00\\n4    5  07/30/2025 06:01:30  ...   $0.00  $0.00\\n5    6  07/30/2025 06:00:02  ...   $0.00  $0.00\\n6    7  07/30/2025 06:00:02  ...   $0.00  $0.00\\n7    8  07/30/2025 06:00:00  ...   $0.00  $0.00\\n8    9  07/30/2025 05:59:59  ...   $0.00  $0.00\\n9   10  07/30/2025 05:59:59  ...   $0.00  $0.00\\n\\n[10 rows x 17 columns])\n +    where equals =             Date & Time                       Campaign  ... Revenue  Payout\\n0  07/30/2025  06:01:33  Campaign Testing - 09.09.2024  ...   $0.00   $0.00\\n1  07/30/2025  06:01:32  Campaign Testing - 09.09.2024  ...   $0.00   $0.00\\n2  07/30/2025  06:01:31  Campaign Testing - 09.09.2024  ...   $0.00   $0.00\\n3  07/30/2025  06:01:30  Campaign Testing - 09.09.2024  ...   $0.00   $0.00\\n4  07/30/2025  06:01:30  Campaign Testing - 09.09.2024  ...   $0.00   $0.00\\n5  07/30/2025  06:00:02  Campaign Testing - 09.09.2024  ...   $0.00   $0.00\\n6  07/30/2025  06:00:02  Campaign Testing - 09.09.2024  ...   $0.00   $0.00\\n7  07/30/2025  06:00:00  Campaign Testing - 09.09.2024  ...   $0.00   $0.00\\n8  07/30/2025  05:59:59  Campaign Testing - 09.09.2024  ...   $0.00   $0.00\\n9  07/30/2025  05:59:59  Campaign Testing - 09.09.2024  ...   $0.00   $0.00\\n\\n[10 rows x 16 columns].equals","time":{"start":1756565428732,"stop":1756565443500,"duration":14768}},{"uid":"baf9d7395cb214c6","status":"failed","statusDetails":"AssertionError: Mismatch:\n  UI:\n    S.no          Date & Time  ... Revenue Payout\n  0    1  07/30/2025 06:01:33  ...   $0.00  $0.00\n  1    2  07/30/2025 06:01:32  ...   $0.00  $0.00\n  2    3  07/30/2025 06:01:31  ...   $0.00  $0.00\n  3    4  07/30/2025 06:01:30  ...   $0.00  $0.00\n  4    5  07/30/2025 06:01:30  ...   $0.00  $0.00\n  5    6  07/30/2025 06:00:02  ...   $0.00  $0.00\n  6    7  07/30/2025 06:00:02  ...   $0.00  $0.00\n  7    8  07/30/2025 06:00:00  ...   $0.00  $0.00\n  8    9  07/30/2025 05:59:59  ...   $0.00  $0.00\n  9   10  07/30/2025 05:59:59  ...   $0.00  $0.00\n  \n  [10 rows x 17 columns]\n  CSV:\n              Date & Time                       Campaign  ... Revenue  Payout\n  0  07/30/2025  06:01:33  Campaign Testing - 09.09.2024  ...   $0.00   $0.00\n  1  07/30/2025  06:01:32  Campaign Testing - 09.09.2024  ...   $0.00   $0.00\n  2  07/30/2025  06:01:31  Campaign Testing - 09.09.2024  ...   $0.00   $0.00\n  3  07/30/2025  06:01:30  Campaign Testing - 09.09.2024  ...   $0.00   $0.00\n  4  07/30/2025  06:01:30  Campaign Testing - 09.09.2024  ...   $0.00   $0.00\n  5  07/30/2025  06:00:02  Campaign Testing - 09.09.2024  ...   $0.00   $0.00\n  6  07/30/2025  06:00:02  Campaign Testing - 09.09.2024  ...   $0.00   $0.00\n  7  07/30/2025  06:00:00  Campaign Testing - 09.09.2024  ...   $0.00   $0.00\n  8  07/30/2025  05:59:59  Campaign Testing - 09.09.2024  ...   $0.00   $0.00\n  9  07/30/2025  05:59:59  Campaign Testing - 09.09.2024  ...   $0.00   $0.00\n  \n  [10 rows x 16 columns]\nassert False\n +  where False = equals(  S.no          Date & Time  ... Revenue Payout\\n0    1  07/30/2025 06:01:33  ...   $0.00  $0.00\\n1    2  07/30/2025 06:01:32  ...   $0.00  $0.00\\n2    3  07/30/2025 06:01:31  ...   $0.00  $0.00\\n3    4  07/30/2025 06:01:30  ...   $0.00  $0.00\\n4    5  07/30/2025 06:01:30  ...   $0.00  $0.00\\n5    6  07/30/2025 06:00:02  ...   $0.00  $0.00\\n6    7  07/30/2025 06:00:02  ...   $0.00  $0.00\\n7    8  07/30/2025 06:00:00  ...   $0.00  $0.00\\n8    9  07/30/2025 05:59:59  ...   $0.00  $0.00\\n9   10  07/30/2025 05:59:59  ...   $0.00  $0.00\\n\\n[10 rows x 17 columns])\n +    where equals =             Date & Time                       Campaign  ... Revenue  Payout\\n0  07/30/2025  06:01:33  Campaign Testing - 09.09.2024  ...   $0.00   $0.00\\n1  07/30/2025  06:01:32  Campaign Testing - 09.09.2024  ...   $0.00   $0.00\\n2  07/30/2025  06:01:31  Campaign Testing - 09.09.2024  ...   $0.00   $0.00\\n3  07/30/2025  06:01:30  Campaign Testing - 09.09.2024  ...   $0.00   $0.00\\n4  07/30/2025  06:01:30  Campaign Testing - 09.09.2024  ...   $0.00   $0.00\\n5  07/30/2025  06:00:02  Campaign Testing - 09.09.2024  ...   $0.00   $0.00\\n6  07/30/2025  06:00:02  Campaign Testing - 09.09.2024  ...   $0.00   $0.00\\n7  07/30/2025  06:00:00  Campaign Testing - 09.09.2024  ...   $0.00   $0.00\\n8  07/30/2025  05:59:59  Campaign Testing - 09.09.2024  ...   $0.00   $0.00\\n9  07/30/2025  05:59:59  Campaign Testing - 09.09.2024  ...   $0.00   $0.00\\n\\n[10 rows x 16 columns].equals","time":{"start":1756564753589,"stop":1756564768220,"duration":14631}},{"uid":"ccb77a5c483adaf9","status":"passed","time":{"start":1756562821239,"stop":1756562834246,"duration":13007}},{"uid":"6f86b7fb54450ce7","status":"passed","time":{"start":1756560753958,"stop":1756560771704,"duration":17746}},{"uid":"ce55d4a10f8e8207","status":"passed","time":{"start":1756560600898,"stop":1756560614179,"duration":13281}},{"uid":"d938d97f51ad3125","status":"passed","time":{"start":1756461382051,"stop":1756461397272,"duration":15221}},{"uid":"db788cf8e379883","status":"passed","time":{"start":1756461199100,"stop":1756461214288,"duration":15188}}],"categories":[{"name":"Product defects","matchedStatuses":[]}],"tags":[]},"source":"16d748f693ddf517.json","parameterValues":[]}