{"uid":"187ee4211b421fb5","name":"test_req_received_publisher","fullName":"tests.test_offer#test_req_received_publisher","historyId":"9388c2b54aab6845155cee15bc1ab760","time":{"start":1760098910328,"stop":1760098926330,"duration":16002},"status":"passed","flaky":false,"newFailed":false,"newBroken":false,"newPassed":false,"retriesCount":14,"retriesStatusChange":true,"beforeStages":[{"name":"driver","time":{"start":1760098896286,"stop":1760098910327,"duration":14041},"status":"passed","steps":[],"attachments":[],"parameters":[],"shouldDisplayMessage":false,"attachmentsCount":0,"attachmentStep":false,"stepsCount":0,"hasContent":false}],"afterStages":[{"name":"driver::0","time":{"start":1760098926331,"stop":1760098928513,"duration":2182},"status":"passed","steps":[],"attachments":[],"parameters":[],"shouldDisplayMessage":false,"attachmentsCount":0,"attachmentStep":false,"stepsCount":0,"hasContent":false}],"labels":[{"name":"parentSuite","value":"tests"},{"name":"suite","value":"test_offer"},{"name":"host","value":"DESKTOP-THM7RLI"},{"name":"thread","value":"332-MainThread"},{"name":"framework","value":"pytest"},{"name":"language","value":"cpython3"},{"name":"package","value":"tests.test_offer"},{"name":"resultFormat","value":"allure2"}],"parameters":[],"links":[],"hidden":false,"retry":false,"extra":{"severity":"normal","retries":[{"uid":"55d9c35e340c8ade","status":"broken","statusDetails":"selenium.common.exceptions.StaleElementReferenceException: Message: stale element reference: stale element not found in the current frame\n  (Session info: chrome=140.0.7339.185); For documentation on this error, please visit: https://www.selenium.dev/documentation/webdriver/troubleshooting/errors#staleelementreferenceexception\nStacktrace:\n\tGetHandleVerifier [0x0x7ff6c5041eb5+80197]\n\tGetHandleVerifier [0x0x7ff6c5041f10+80288]\n\t(No symbol) [0x0x7ff6c4dc02fa]\n\t(No symbol) [0x0x7ff6c4dc7e5a]\n\t(No symbol) [0x0x7ff6c4dcaf6f]\n\t(No symbol) [0x0x7ff6c4dcb02f]\n\t(No symbol) [0x0x7ff6c4e116b6]\n\t(No symbol) [0x0x7ff6c4e4037a]\n\t(No symbol) [0x0x7ff6c4e0a456]\n\t(No symbol) [0x0x7ff6c4e40590]\n\t(No symbol) [0x0x7ff6c4e687fb]\n\t(No symbol) [0x0x7ff6c4e40153]\n\t(No symbol) [0x0x7ff6c4e08b02]\n\t(No symbol) [0x0x7ff6c4e098d3]\n\tGetHandleVerifier [0x0x7ff6c52fe83d+2949837]\n\tGetHandleVerifier [0x0x7ff6c52f8c6a+2926330]\n\tGetHandleVerifier [0x0x7ff6c53186c7+3055959]\n\tGetHandleVerifier [0x0x7ff6c505cfee+191102]\n\tGetHandleVerifier [0x0x7ff6c50650af+224063]\n\tGetHandleVerifier [0x0x7ff6c504af64+117236]\n\tGetHandleVerifier [0x0x7ff6c504b119+117673]\n\tGetHandleVerifier [0x0x7ff6c50310a8+11064]\n\tBaseThreadInitThunk [0x0x7ff8999be8d7+23]\n\tRtlUserThreadStart [0x0x7ff89ad0c53c+44]","time":{"start":1760098637177,"stop":1760098665752,"duration":28575}},{"uid":"2f9fbcbc213a2116","status":"broken","statusDetails":"selenium.common.exceptions.TimeoutException: Message:","time":{"start":1760098384519,"stop":1760098400994,"duration":16475}},{"uid":"71d18167ebce89d7","status":"broken","statusDetails":"selenium.common.exceptions.TimeoutException: Message:","time":{"start":1760098222486,"stop":1760098239094,"duration":16608}},{"uid":"6fd59826956ccf8b","status":"broken","statusDetails":"selenium.common.exceptions.TimeoutException: Message:","time":{"start":1760096957316,"stop":1760096973653,"duration":16337}},{"uid":"ca8640c93fd974a2","status":"passed","time":{"start":1760006726459,"stop":1760006739396,"duration":12937}},{"uid":"610ae0dbadc8a82","status":"passed","time":{"start":1758797521168,"stop":1758797532764,"duration":11596}},{"uid":"b48703ec0a361ed2","status":"broken","statusDetails":"selenium.common.exceptions.StaleElementReferenceException: Message: stale element reference: stale element not found in the current frame\n  (Session info: chrome=140.0.7339.185); For documentation on this error, please visit: https://www.selenium.dev/documentation/webdriver/troubleshooting/errors#staleelementreferenceexception\nStacktrace:\n\tGetHandleVerifier [0x0x7ff6003c1eb5+80197]\n\tGetHandleVerifier [0x0x7ff6003c1f10+80288]\n\t(No symbol) [0x0x7ff6001402fa]\n\t(No symbol) [0x0x7ff600147e5a]\n\t(No symbol) [0x0x7ff60014af6f]\n\t(No symbol) [0x0x7ff60014b02f]\n\t(No symbol) [0x0x7ff6001916b6]\n\t(No symbol) [0x0x7ff6001c037a]\n\t(No symbol) [0x0x7ff60018a456]\n\t(No symbol) [0x0x7ff6001c0590]\n\t(No symbol) [0x0x7ff6001e87fb]\n\t(No symbol) [0x0x7ff6001c0153]\n\t(No symbol) [0x0x7ff600188b02]\n\t(No symbol) [0x0x7ff6001898d3]\n\tGetHandleVerifier [0x0x7ff60067e83d+2949837]\n\tGetHandleVerifier [0x0x7ff600678c6a+2926330]\n\tGetHandleVerifier [0x0x7ff6006986c7+3055959]\n\tGetHandleVerifier [0x0x7ff6003dcfee+191102]\n\tGetHandleVerifier [0x0x7ff6003e50af+224063]\n\tGetHandleVerifier [0x0x7ff6003caf64+117236]\n\tGetHandleVerifier [0x0x7ff6003cb119+117673]\n\tGetHandleVerifier [0x0x7ff6003b10a8+11064]\n\tBaseThreadInitThunk [0x0x7fffb70fe8d7+23]\n\tRtlUserThreadStart [0x0x7fffb8f48d9c+44]","time":{"start":1758796749766,"stop":1758796763103,"duration":13337}},{"uid":"6affee4c016fc0af","status":"passed","time":{"start":1758540607623,"stop":1758540622232,"duration":14609}},{"uid":"d9a528298ddbdad1","status":"passed","time":{"start":1758540461958,"stop":1758540471992,"duration":10034}},{"uid":"96f520b97ded8392","status":"broken","statusDetails":"selenium.common.exceptions.StaleElementReferenceException: Message: stale element reference: stale element not found in the current frame\n  (Session info: chrome=140.0.7339.185); For documentation on this error, please visit: https://www.selenium.dev/documentation/webdriver/troubleshooting/errors#staleelementreferenceexception\nStacktrace:\n\tGetHandleVerifier [0x0x7ff6004f30f5+79493]\n\tGetHandleVerifier [0x0x7ff6004f3150+79584]\n\t(No symbol) [0x0x7ff6002701ba]\n\t(No symbol) [0x0x7ff600277cfe]\n\t(No symbol) [0x0x7ff60027adef]\n\t(No symbol) [0x0x7ff60027aeaf]\n\t(No symbol) [0x0x7ff6002c1a46]\n\t(No symbol) [0x0x7ff6002f070a]\n\t(No symbol) [0x0x7ff6002ba7e6]\n\t(No symbol) [0x0x7ff6002f0920]\n\t(No symbol) [0x0x7ff600318b8b]\n\t(No symbol) [0x0x7ff6002f04e3]\n\t(No symbol) [0x0x7ff6002b8e92]\n\t(No symbol) [0x0x7ff6002b9c63]\n\tGetHandleVerifier [0x0x7ff6007b0dbd+2954061]\n\tGetHandleVerifier [0x0x7ff6007ab02a+2930106]\n\tGetHandleVerifier [0x0x7ff6007cb357+3061991]\n\tGetHandleVerifier [0x0x7ff60050d60e+187294]\n\tGetHandleVerifier [0x0x7ff60051557f+219919]\n\tGetHandleVerifier [0x0x7ff6004fc294+116772]\n\tGetHandleVerifier [0x0x7ff6004fc449+117209]\n\tGetHandleVerifier [0x0x7ff6004e2618+11176]\n\tBaseThreadInitThunk [0x0x7ffb889ae8d7+23]\n\tRtlUserThreadStart [0x0x7ffb8a7c8d9c+44]","time":{"start":1758540422970,"stop":1758540432293,"duration":9323}},{"uid":"d9597cb5eecea33","status":"broken","statusDetails":"selenium.common.exceptions.StaleElementReferenceException: Message: stale element reference: stale element not found in the current frame\n  (Session info: chrome=140.0.7339.185); For documentation on this error, please visit: https://www.selenium.dev/documentation/webdriver/troubleshooting/errors#staleelementreferenceexception\nStacktrace:\n\tGetHandleVerifier [0x0x7ff6004f30f5+79493]\n\tGetHandleVerifier [0x0x7ff6004f3150+79584]\n\t(No symbol) [0x0x7ff6002701ba]\n\t(No symbol) [0x0x7ff600277cfe]\n\t(No symbol) [0x0x7ff60027adef]\n\t(No symbol) [0x0x7ff60027aeaf]\n\t(No symbol) [0x0x7ff6002c1a46]\n\t(No symbol) [0x0x7ff6002f070a]\n\t(No symbol) [0x0x7ff6002ba7e6]\n\t(No symbol) [0x0x7ff6002f0920]\n\t(No symbol) [0x0x7ff600318b8b]\n\t(No symbol) [0x0x7ff6002f04e3]\n\t(No symbol) [0x0x7ff6002b8e92]\n\t(No symbol) [0x0x7ff6002b9c63]\n\tGetHandleVerifier [0x0x7ff6007b0dbd+2954061]\n\tGetHandleVerifier [0x0x7ff6007ab02a+2930106]\n\tGetHandleVerifier [0x0x7ff6007cb357+3061991]\n\tGetHandleVerifier [0x0x7ff60050d60e+187294]\n\tGetHandleVerifier [0x0x7ff60051557f+219919]\n\tGetHandleVerifier [0x0x7ff6004fc294+116772]\n\tGetHandleVerifier [0x0x7ff6004fc449+117209]\n\tGetHandleVerifier [0x0x7ff6004e2618+11176]\n\tBaseThreadInitThunk [0x0x7ffb889ae8d7+23]\n\tRtlUserThreadStart [0x0x7ffb8a7c8d9c+44]","time":{"start":1758540363940,"stop":1758540376222,"duration":12282}},{"uid":"92380ce2a13ca54e","status":"broken","statusDetails":"selenium.common.exceptions.StaleElementReferenceException: Message: stale element reference: stale element not found in the current frame\n  (Session info: chrome=140.0.7339.185); For documentation on this error, please visit: https://www.selenium.dev/documentation/webdriver/troubleshooting/errors#staleelementreferenceexception\nStacktrace:\n\tGetHandleVerifier [0x0x7ff6004f30f5+79493]\n\tGetHandleVerifier [0x0x7ff6004f3150+79584]\n\t(No symbol) [0x0x7ff6002701ba]\n\t(No symbol) [0x0x7ff600277cfe]\n\t(No symbol) [0x0x7ff60027adef]\n\t(No symbol) [0x0x7ff60027aeaf]\n\t(No symbol) [0x0x7ff6002c1a46]\n\t(No symbol) [0x0x7ff6002f070a]\n\t(No symbol) [0x0x7ff6002ba7e6]\n\t(No symbol) [0x0x7ff6002f0920]\n\t(No symbol) [0x0x7ff600318b8b]\n\t(No symbol) [0x0x7ff6002f04e3]\n\t(No symbol) [0x0x7ff6002b8e92]\n\t(No symbol) [0x0x7ff6002b9c63]\n\tGetHandleVerifier [0x0x7ff6007b0dbd+2954061]\n\tGetHandleVerifier [0x0x7ff6007ab02a+2930106]\n\tGetHandleVerifier [0x0x7ff6007cb357+3061991]\n\tGetHandleVerifier [0x0x7ff60050d60e+187294]\n\tGetHandleVerifier [0x0x7ff60051557f+219919]\n\tGetHandleVerifier [0x0x7ff6004fc294+116772]\n\tGetHandleVerifier [0x0x7ff6004fc449+117209]\n\tGetHandleVerifier [0x0x7ff6004e2618+11176]\n\tBaseThreadInitThunk [0x0x7ffb889ae8d7+23]\n\tRtlUserThreadStart [0x0x7ffb8a7c8d9c+44]","time":{"start":1758539626724,"stop":1758539636845,"duration":10121}},{"uid":"1466775551ca0b4b","status":"broken","statusDetails":"TypeError: WebDriver.find_element() takes from 1 to 3 positional arguments but 15 were given","time":{"start":1758539036794,"stop":1758539045636,"duration":8842}},{"uid":"812e72f54359de71","status":"broken","statusDetails":"TypeError: WebDriver.find_element() takes from 1 to 3 positional arguments but 11 were given","time":{"start":1758537895872,"stop":1758537904397,"duration":8525}}],"categories":[],"tags":[]},"source":"187ee4211b421fb5.json","parameterValues":[]}