{"uid":"19d1101ce5837ac3","name":"test_delete_offer","fullName":"tests.test_offer#test_delete_offer","historyId":"ab920fa3de74a7926de6d39f2c7fdbd8","time":{"start":1758797545173,"stop":1758797562831,"duration":17658},"status":"broken","statusMessage":"selenium.common.exceptions.TimeoutException: Message:","statusTrace":"driver = <selenium.webdriver.chrome.webdriver.WebDriver (session=\"6305b3cc759f84eb3eca8dd423560cd3\")>\n\n    def test_delete_offer(driver):\n        lp = LoginPage(driver)\n        o = Offer(driver)\n        lp.do_login(Constant.USERNAME, Constant.PASSWORD)\n        db = DashBoard(driver)\n        db.element_displayed(db.DASHBOARD_TEXT)\n        db.click_offer_ele()\n        assert isinstance(o.is_table_data_present(), str), \"Table data not present\"\n>       o.do_click(o.DELETE_OFFER_BUTTON)\n\ntests\\test_offer.py:115: \n_ _ _ _ _ _ _ _ _ _ _ _ _ _ _ _ _ _ _ _ _ _ _ _ _ _ _ _ _ _ _ _ _ _ _ _ _ _ _ _ _ _ _ _ _ _ _ _ _ _ _ _ _ _ _ _ _ _ _ _ _ _ _\npages\\base_page.py:14: in do_click\n    WebDriverWait(self.driver,10).until(EC.element_to_be_clickable(by_locator)).click()\n    ^^^^^^^^^^^^^^^^^^^^^^^^^^^^^^^^^^^^^^^^^^^^^^^^^^^^^^^^^^^^^^^^^^^^^^^^^^^\n_ _ _ _ _ _ _ _ _ _ _ _ _ _ _ _ _ _ _ _ _ _ _ _ _ _ _ _ _ _ _ _ _ _ _ _ _ _ _ _ _ _ _ _ _ _ _ _ _ _ _ _ _ _ _ _ _ _ _ _ _ _ _\n\nself = <selenium.webdriver.support.wait.WebDriverWait (session=\"6305b3cc759f84eb3eca8dd423560cd3\")>\nmethod = <function element_to_be_clickable.<locals>._predicate at 0x0000025E4E803060>, message = ''\n\n    def until(self, method: Callable[[D], Union[Literal[False], T]], message: str = \"\") -> T:\n        \"\"\"Wait until the method returns a value that is not False.\n    \n        Calls the method provided with the driver as an argument until the\n        return value does not evaluate to ``False``.\n    \n        Parameters:\n        -----------\n        method: callable(WebDriver)\n            - A callable object that takes a WebDriver instance as an argument.\n    \n        message: str\n            - Optional message for :exc:`TimeoutException`\n    \n        Return:\n        -------\n        object: T\n            - The result of the last call to `method`\n    \n        Raises:\n        -------\n        TimeoutException\n            - If 'method' does not return a truthy value within the WebDriverWait\n            object's timeout\n    \n        Example:\n        --------\n        >>> from selenium.webdriver.common.by import By\n        >>> from selenium.webdriver.support.ui import WebDriverWait\n        >>> from selenium.webdriver.support import expected_conditions as EC\n    \n        # Wait until an element is visible on the page\n        >>> wait = WebDriverWait(driver, 10)\n        >>> element = wait.until(EC.visibility_of_element_located((By.ID, \"exampleId\")))\n        >>> print(element.text)\n        \"\"\"\n        screen = None\n        stacktrace = None\n    \n        end_time = time.monotonic() + self._timeout\n        while True:\n            try:\n                value = method(self._driver)\n                if value:\n                    return value\n            except self._ignored_exceptions as exc:\n                screen = getattr(exc, \"screen\", None)\n                stacktrace = getattr(exc, \"stacktrace\", None)\n            if time.monotonic() > end_time:\n                break\n            time.sleep(self._poll)\n>       raise TimeoutException(message, screen, stacktrace)\nE       selenium.common.exceptions.TimeoutException: Message:\n\n.venv\\Lib\\site-packages\\selenium\\webdriver\\support\\wait.py:138: TimeoutException","flaky":false,"newFailed":false,"newBroken":false,"newPassed":false,"retriesCount":5,"retriesStatusChange":true,"beforeStages":[{"name":"driver","time":{"start":1758797534950,"stop":1758797545173,"duration":10223},"status":"passed","steps":[],"attachments":[],"parameters":[],"shouldDisplayMessage":false,"attachmentsCount":0,"attachmentStep":false,"stepsCount":0,"hasContent":false}],"afterStages":[{"name":"driver::0","time":{"start":1758797563128,"stop":1758797565328,"duration":2200},"status":"passed","steps":[],"attachments":[],"parameters":[],"shouldDisplayMessage":false,"attachmentsCount":0,"attachmentStep":false,"stepsCount":0,"hasContent":false}],"labels":[{"name":"parentSuite","value":"tests"},{"name":"suite","value":"test_offer"},{"name":"host","value":"DESKTOP-THM7RLI"},{"name":"thread","value":"2408-MainThread"},{"name":"framework","value":"pytest"},{"name":"language","value":"cpython3"},{"name":"package","value":"tests.test_offer"},{"name":"resultFormat","value":"allure2"}],"parameters":[],"links":[],"hidden":false,"retry":false,"extra":{"severity":"normal","retries":[{"uid":"92d41b89018736d","status":"broken","statusDetails":"selenium.common.exceptions.TimeoutException: Message:","time":{"start":1758796774484,"stop":1758796791669,"duration":17185}},{"uid":"f68dcde647730a9f","status":"failed","statusDetails":"AssertionError: Offer not deleted\nassert '' == 'Offer deleted successfully'\n  \n  - Offer deleted successfully","time":{"start":1758544329764,"stop":1758544339394,"duration":9630}},{"uid":"d7a18560da166186","status":"failed","statusDetails":"AssertionError: Offer not deleted\nassert '' == 'Offer deleted successfully'\n  \n  - Offer deleted successfully","time":{"start":1758542201098,"stop":1758542212349,"duration":11251}},{"uid":"25f1d839bc2144f5","status":"failed","statusDetails":"AssertionError: Offer not deleted\nassert '' == 'Offer deleted successfully'\n  \n  - Offer deleted successfully","time":{"start":1758541570171,"stop":1758541579046,"duration":8875}},{"uid":"3e041aab96eb0744","status":"failed","statusDetails":"AssertionError: Offer not deleted\nassert '' == 'Offer deleted successfully'\n  \n  - Offer deleted successfully","time":{"start":1758541466050,"stop":1758541475721,"duration":9671}}],"categories":[{"name":"Test defects","matchedStatuses":[]}],"tags":[]},"source":"19d1101ce5837ac3.json","parameterValues":[]}