{"uid":"1cade1ebe13c3d70","name":"test_export_offer","fullName":"tests.test_offer#test_export_offer","historyId":"4708d067d01fce0834722e65bb61c4bd","time":{"start":1758715988344,"stop":1758716012786,"duration":24442},"status":"failed","statusMessage":"AssertionError: DataFrame are different\n\nDataFrame shape mismatch\n[left]:  (15, 7)\n[right]: (15, 8)","statusTrace":"driver_with_downloads = <selenium.webdriver.chrome.webdriver.WebDriver (session=\"0dcb2086a4cbd93aa3abc80e658d9bf2\")>\n\n    def test_export_offer(driver_with_downloads):\n        driver = driver_with_downloads\n        lp = LoginPage(driver)\n        o = Offer(driver)\n        lp.do_login(Constant.USERNAME, Constant.PASSWORD)\n        db = DashBoard(driver)\n        db.element_displayed(db.DASHBOARD_TEXT)\n        db.click_offer_ele()\n        assert isinstance(o.is_table_data_present(), str), \"Table data not present\"\n        o.js_click(o.OFFER_EXPORT_BTN)\n        time.sleep(5)\n        files = [f for f in os.listdir(driver.download_dir) if f.endswith(\".csv\")]\n        assert files, \"No CSV file found!\"\n        csv_file_path = os.path.join(driver.download_dir, files[0])\n        csv_data = pd.read_csv(csv_file_path, sep=\",\", engine=\"python\")\n        # get UI dataframe\n        ui_df = o.get_all_pages_as_dataframe()\n        # save UI data for debugging/reference\n        ui_df.to_csv(\"ui_all_data_export.csv\", index=False)\n        ui_csv = pd.read_csv(\"ui_all_data_export.csv\")\n        # Strip column names\n        csv_data.columns = [col.strip() for col in csv_data.columns]\n        ui_csv.columns = [col.strip() for col in ui_csv.columns]\n        # csv_data = csv_data[ui_df.columns]\n        csv_data = csv_data.astype(str)\n        ui_csv = ui_csv.astype(str)\n        csv_data = csv_data.applymap(normalize_value)\n        ui_csv = ui_csv.applymap(normalize_value)\n        # compare\n>       pd.testing.assert_frame_equal(csv_data, ui_csv, check_dtype=False)\nE       AssertionError: DataFrame are different\nE       \nE       DataFrame shape mismatch\nE       [left]:  (15, 7)\nE       [right]: (15, 8)\n\ntests\\test_offer.py:220: AssertionError","flaky":false,"newFailed":false,"newBroken":false,"newPassed":false,"retriesCount":0,"retriesStatusChange":false,"beforeStages":[{"name":"driver_with_downloads","time":{"start":1758715977094,"stop":1758715988343,"duration":11249},"status":"passed","steps":[],"attachments":[],"parameters":[],"shouldDisplayMessage":false,"attachmentsCount":0,"attachmentStep":false,"stepsCount":0,"hasContent":false}],"afterStages":[{"name":"driver_with_downloads::0","time":{"start":1758716013061,"stop":1758716015389,"duration":2328},"status":"passed","steps":[],"attachments":[],"parameters":[],"shouldDisplayMessage":false,"attachmentsCount":0,"attachmentStep":false,"stepsCount":0,"hasContent":false}],"labels":[{"name":"parentSuite","value":"tests"},{"name":"suite","value":"test_offer"},{"name":"host","value":"DESKTOP-THM7RLI"},{"name":"thread","value":"15612-MainThread"},{"name":"framework","value":"pytest"},{"name":"language","value":"cpython3"},{"name":"package","value":"tests.test_offer"},{"name":"resultFormat","value":"allure2"}],"parameters":[],"links":[],"hidden":true,"retry":true,"extra":{"categories":[],"tags":[]},"source":"1cade1ebe13c3d70.json","parameterValues":[]}