{"uid":"1fd2c47354207d90","name":"test_create_new_offer","fullName":"tests.test_offer#test_create_new_offer","historyId":"fb9ecd2733452b011ae9cdbd5adbf9e4","time":{"start":1758111677865,"stop":1758111696121,"duration":18256},"status":"passed","flaky":false,"newFailed":false,"newBroken":false,"newPassed":false,"retriesCount":10,"retriesStatusChange":true,"beforeStages":[{"name":"driver","time":{"start":1758111667844,"stop":1758111677864,"duration":10020},"status":"passed","steps":[],"attachments":[],"parameters":[],"hasContent":false,"stepsCount":0,"attachmentsCount":0,"attachmentStep":false,"shouldDisplayMessage":false}],"afterStages":[{"name":"driver::0","time":{"start":1758111696123,"stop":1758111698352,"duration":2229},"status":"passed","steps":[],"attachments":[],"parameters":[],"hasContent":false,"stepsCount":0,"attachmentsCount":0,"attachmentStep":false,"shouldDisplayMessage":false}],"labels":[{"name":"parentSuite","value":"tests"},{"name":"suite","value":"test_offer"},{"name":"host","value":"DESKTOP-THM7RLI"},{"name":"thread","value":"2596-MainThread"},{"name":"framework","value":"pytest"},{"name":"language","value":"cpython3"},{"name":"package","value":"tests.test_offer"},{"name":"resultFormat","value":"allure2"}],"parameters":[],"links":[],"hidden":false,"retry":false,"extra":{"severity":"normal","retries":[{"uid":"1113d6e03daa6b04","status":"passed","time":{"start":1758111635837,"stop":1758111654632,"duration":18795}},{"uid":"d640359893196ac5","status":"passed","time":{"start":1758111348215,"stop":1758111366474,"duration":18259}},{"uid":"302a1c2341d559c4","status":"passed","time":{"start":1758111139644,"stop":1758111167522,"duration":27878}},{"uid":"883974e393d8f052","status":"broken","statusDetails":"TypeError: Date is not selectable, Please select today or future date","time":{"start":1758110718511,"stop":1758110727660,"duration":9149}},{"uid":"a7f7810721aa07f4","status":"broken","statusDetails":"TypeError: Date is not selectable, Please select today or future date","time":{"start":1758109978944,"stop":1758109985906,"duration":6962}},{"uid":"d05c771490571f0b","status":"broken","statusDetails":"TypeError: Date is not selectable, Please select today or future date","time":{"start":1758109879806,"stop":1758109886792,"duration":6986}},{"uid":"277d8af8d846f14d","status":"broken","statusDetails":"selenium.common.exceptions.InvalidSelectorException: Message: invalid selector: Unable to locate an element with the xpath expression (//div[@class='grid grid-cols-7 gap-1'])[1]/button' because of the following error:\nSyntaxError: Failed to execute 'evaluate' on 'Document': The string '(//div[@class='grid grid-cols-7 gap-1'])[1]/button'' is not a valid XPath expression.\n  (Session info: chrome=140.0.7339.128); For documentation on this error, please visit: https://www.selenium.dev/documentation/webdriver/troubleshooting/errors#invalidselectorexception\nStacktrace:\n\tGetHandleVerifier [0x0x7ff76d76fc95+79861]\n\tGetHandleVerifier [0x0x7ff76d76fcf0+79952]\n\t(No symbol) [0x0x7ff76d4ecada]\n\t(No symbol) [0x0x7ff76d4f461a]\n\t(No symbol) [0x0x7ff76d4f770f]\n\t(No symbol) [0x0x7ff76d4f77cf]\n\t(No symbol) [0x0x7ff76d543d07]\n\t(No symbol) [0x0x7ff76d54471c]\n\t(No symbol) [0x0x7ff76d598247]\n\t(No symbol) [0x0x7ff76d56cb1f]\n\t(No symbol) [0x0x7ff76d594f8b]\n\t(No symbol) [0x0x7ff76d56c8b3]\n\t(No symbol) [0x0x7ff76d535272]\n\t(No symbol) [0x0x7ff76d536043]\n\tGetHandleVerifier [0x0x7ff76da2b9cd+2946349]\n\tGetHandleVerifier [0x0x7ff76da25c4a+2922410]\n\tGetHandleVerifier [0x0x7ff76da459d7+3052855]\n\tGetHandleVerifier [0x0x7ff76d78aa7e+189918]\n\tGetHandleVerifier [0x0x7ff76d792a1f+222591]\n\tGetHandleVerifier [0x0x7ff76d778ab4+116244]\n\tGetHandleVerifier [0x0x7ff76d778c69+116681]\n\tGetHandleVerifier [0x0x7ff76d75f048+11176]\n\tBaseThreadInitThunk [0x0x7ffba9f8e8d7+23]\n\tRtlUserThreadStart [0x0x7ffbab248d9c+44]","time":{"start":1758109761989,"stop":1758109768855,"duration":6866}},{"uid":"4dc06f4d49ea28e1","status":"passed","time":{"start":1758108921525,"stop":1758108935554,"duration":14029}},{"uid":"e888ee0f6d88595b","status":"broken","statusDetails":"selenium.common.exceptions.ElementClickInterceptedException: Message: element click intercepted: Element <span data-ref=\"placeholder\" style=\"display: block; font-size: 12px; line-height: 18px; text-align: start; padding-top: 8px; padding-left: 8px; padding-right: 8px; margin-top: 0px; margin-left: 0px;\" class=\"jodit-placeholder\">...</span> is not clickable at point (678, 290). Other element would receive the click: <div contenteditable=\"true\" aria-disabled=\"false\" tabindex=\"-1\" class=\"jodit-wysiwyg\" style=\"min-height: 160px;\" spellcheck=\"false\"></div>\n  (Session info: chrome=140.0.7339.128); For documentation on this error, please visit: https://www.selenium.dev/documentation/webdriver/troubleshooting/errors#elementclickinterceptedexception\nStacktrace:\n\tGetHandleVerifier [0x0x7ff76d76fc95+79861]\n\tGetHandleVerifier [0x0x7ff76d76fcf0+79952]\n\t(No symbol) [0x0x7ff76d4ecada]\n\t(No symbol) [0x0x7ff76d54c5d9]\n\t(No symbol) [0x0x7ff76d549f5e]\n\t(No symbol) [0x0x7ff76d546eb1]\n\t(No symbol) [0x0x7ff76d545da0]\n\t(No symbol) [0x0x7ff76d537338]\n\t(No symbol) [0x0x7ff76d56cada]\n\t(No symbol) [0x0x7ff76d536bc6]\n\t(No symbol) [0x0x7ff76d56ccf0]\n\t(No symbol) [0x0x7ff76d594f8b]\n\t(No symbol) [0x0x7ff76d56c8b3]\n\t(No symbol) [0x0x7ff76d535272]\n\t(No symbol) [0x0x7ff76d536043]\n\tGetHandleVerifier [0x0x7ff76da2b9cd+2946349]\n\tGetHandleVerifier [0x0x7ff76da25c4a+2922410]\n\tGetHandleVerifier [0x0x7ff76da459d7+3052855]\n\tGetHandleVerifier [0x0x7ff76d78aa7e+189918]\n\tGetHandleVerifier [0x0x7ff76d792a1f+222591]\n\tGetHandleVerifier [0x0x7ff76d778ab4+116244]\n\tGetHandleVerifier [0x0x7ff76d778c69+116681]\n\tGetHandleVerifier [0x0x7ff76d75f048+11176]\n\tBaseThreadInitThunk [0x0x7ffba9f8e8d7+23]\n\tRtlUserThreadStart [0x0x7ffbab248d9c+44]","time":{"start":1758108815828,"stop":1758108825540,"duration":9712}},{"uid":"f37eadbb66f0e8e6","status":"broken","statusDetails":"selenium.common.exceptions.ElementClickInterceptedException: Message: element click intercepted: Element <span data-ref=\"placeholder\" style=\"display: block; font-size: 12px; line-height: 18px; text-align: start; padding-top: 8px; padding-left: 8px; padding-right: 8px; margin-top: 0px; margin-left: 0px;\" class=\"jodit-placeholder\">...</span> is not clickable at point (678, 290). Other element would receive the click: <div contenteditable=\"true\" aria-disabled=\"false\" tabindex=\"-1\" class=\"jodit-wysiwyg\" style=\"min-height: 160px;\" spellcheck=\"false\"></div>\n  (Session info: chrome=140.0.7339.128); For documentation on this error, please visit: https://www.selenium.dev/documentation/webdriver/troubleshooting/errors#elementclickinterceptedexception\nStacktrace:\n\tGetHandleVerifier [0x0x7ff76d76fc95+79861]\n\tGetHandleVerifier [0x0x7ff76d76fcf0+79952]\n\t(No symbol) [0x0x7ff76d4ecada]\n\t(No symbol) [0x0x7ff76d54c5d9]\n\t(No symbol) [0x0x7ff76d549f5e]\n\t(No symbol) [0x0x7ff76d546eb1]\n\t(No symbol) [0x0x7ff76d545da0]\n\t(No symbol) [0x0x7ff76d537338]\n\t(No symbol) [0x0x7ff76d56cada]\n\t(No symbol) [0x0x7ff76d536bc6]\n\t(No symbol) [0x0x7ff76d56ccf0]\n\t(No symbol) [0x0x7ff76d594f8b]\n\t(No symbol) [0x0x7ff76d56c8b3]\n\t(No symbol) [0x0x7ff76d535272]\n\t(No symbol) [0x0x7ff76d536043]\n\tGetHandleVerifier [0x0x7ff76da2b9cd+2946349]\n\tGetHandleVerifier [0x0x7ff76da25c4a+2922410]\n\tGetHandleVerifier [0x0x7ff76da459d7+3052855]\n\tGetHandleVerifier [0x0x7ff76d78aa7e+189918]\n\tGetHandleVerifier [0x0x7ff76d792a1f+222591]\n\tGetHandleVerifier [0x0x7ff76d778ab4+116244]\n\tGetHandleVerifier [0x0x7ff76d778c69+116681]\n\tGetHandleVerifier [0x0x7ff76d75f048+11176]\n\tBaseThreadInitThunk [0x0x7ffba9f8e8d7+23]\n\tRtlUserThreadStart [0x0x7ffbab248d9c+44]","time":{"start":1758108702560,"stop":1758108712503,"duration":9943}}],"categories":[],"tags":[]},"source":"1fd2c47354207d90.json","parameterValues":[]}