{"uid":"25eefdf0bbf09367","name":"test_offer_search_functionality","fullName":"tests.test_offer#test_offer_search_functionality","historyId":"ce634b5ddbab686d114c45b25e9ee7ee","time":{"start":1758106157998,"stop":1758106173692,"duration":15694},"status":"failed","statusMessage":"AssertionError: Search functionality not working, offer testing does not contain 'avi'\nassert 'avi' in 'offer testing'\n +  where 'offer testing' = <built-in method lower of str object at 0x000001AB7E0502F0>()\n +    where <built-in method lower of str object at 0x000001AB7E0502F0> = 'offer testing'.lower","statusTrace":"driver = <selenium.webdriver.chrome.webdriver.WebDriver (session=\"c8c40f8579334cf5ddaa95807d70b407\")>\n\n    def test_offer_search_functionality(driver):\n        lp = LoginPage(driver)\n        o = Offer(driver)\n        lp.do_login(Constant.USERNAME, Constant.PASSWORD)\n        db = DashBoard(driver)\n        db.element_displayed(db.DASHBOARD_TEXT)\n        db.click_offer_ele()\n        # db.do_click(db.OFFER_TAB)\n        assert isinstance(o.is_table_data_present(), str), \"Table data not present\"\n        #o.do_click(o.SEARCH_INPUT)\n        o.select_table_count(\"100\")\n        assert isinstance(o.is_table_data_present(), str), \"Table data not present\"\n        o.fill(o.SEARCH_INPUT,\"off\")\n        time.sleep(4)\n        offer_name_list = o.get_elements_text_as_list()\n        for name in offer_name_list:\n>           assert \"avi\" in name.lower(), f\"Search functionality not working, {name} does not contain 'avi'\"\nE           AssertionError: Search functionality not working, offer testing does not contain 'avi'\nE           assert 'avi' in 'offer testing'\nE            +  where 'offer testing' = <built-in method lower of str object at 0x000001AB7E0502F0>()\nE            +    where <built-in method lower of str object at 0x000001AB7E0502F0> = 'offer testing'.lower\n\ntests\\test_offer.py:59: AssertionError","flaky":false,"newFailed":false,"newBroken":false,"newPassed":false,"retriesCount":0,"retriesStatusChange":false,"beforeStages":[{"name":"driver","time":{"start":1758106148191,"stop":1758106157997,"duration":9806},"status":"passed","steps":[],"attachments":[],"parameters":[],"shouldDisplayMessage":false,"attachmentsCount":0,"attachmentStep":false,"stepsCount":0,"hasContent":false}],"afterStages":[{"name":"driver::0","time":{"start":1758106174102,"stop":1758106176320,"duration":2218},"status":"passed","steps":[],"attachments":[],"parameters":[],"shouldDisplayMessage":false,"attachmentsCount":0,"attachmentStep":false,"stepsCount":0,"hasContent":false}],"labels":[{"name":"parentSuite","value":"tests"},{"name":"suite","value":"test_offer"},{"name":"host","value":"DESKTOP-THM7RLI"},{"name":"thread","value":"11580-MainThread"},{"name":"framework","value":"pytest"},{"name":"language","value":"cpython3"},{"name":"package","value":"tests.test_offer"},{"name":"resultFormat","value":"allure2"}],"parameters":[],"links":[],"hidden":true,"retry":true,"extra":{"categories":[],"tags":[]},"source":"25eefdf0bbf09367.json","parameterValues":[]}