{"uid":"25f1d839bc2144f5","name":"test_delete_offer","fullName":"tests.test_offer#test_delete_offer","historyId":"ab920fa3de74a7926de6d39f2c7fdbd8","time":{"start":1758541570171,"stop":1758541579046,"duration":8875},"status":"failed","statusMessage":"AssertionError: Offer not deleted\nassert '' == 'Offer deleted successfully'\n  \n  - Offer deleted successfully","statusTrace":"driver = <selenium.webdriver.chrome.webdriver.WebDriver (session=\"d1f10d80fb50ca0996c2109a6c4ce15d\")>\n\n    def test_delete_offer(driver):\n        lp = LoginPage(driver)\n        o = Offer(driver)\n        lp.do_login(Constant.USERNAME, Constant.PASSWORD)\n        db = DashBoard(driver)\n        db.element_displayed(db.DASHBOARD_TEXT)\n        db.click_offer_ele()\n        assert isinstance(o.is_table_data_present(), str), \"Table data not present\"\n        o.do_click(o.DELETE_OFFER_BUTTON)\n        o.do_click(o.DELETE_OFFER_YES_BUTTON)\n        text = o.get_element_text(o.POPUP_OFFER_DELETED)\n>       assert text == \"Offer deleted successfully\", \"Offer not deleted\"\nE       AssertionError: Offer not deleted\nE       assert '' == 'Offer deleted successfully'\nE         \nE         - Offer deleted successfully\n\ntests\\test_offer.py:115: AssertionError","flaky":false,"newFailed":false,"newBroken":false,"newPassed":false,"retriesCount":0,"retriesStatusChange":false,"beforeStages":[{"name":"driver","time":{"start":1758541560615,"stop":1758541570170,"duration":9555},"status":"passed","steps":[],"attachments":[],"parameters":[],"shouldDisplayMessage":false,"attachmentsCount":0,"attachmentStep":false,"stepsCount":0,"hasContent":false}],"afterStages":[{"name":"driver::0","time":{"start":1758541579232,"stop":1758541581487,"duration":2255},"status":"passed","steps":[],"attachments":[],"parameters":[],"shouldDisplayMessage":false,"attachmentsCount":0,"attachmentStep":false,"stepsCount":0,"hasContent":false}],"labels":[{"name":"parentSuite","value":"tests"},{"name":"suite","value":"test_offer"},{"name":"host","value":"DESKTOP-THM7RLI"},{"name":"thread","value":"5220-MainThread"},{"name":"framework","value":"pytest"},{"name":"language","value":"cpython3"},{"name":"package","value":"tests.test_offer"},{"name":"resultFormat","value":"allure2"}],"parameters":[],"links":[],"hidden":true,"retry":true,"extra":{"categories":[],"tags":[]},"source":"25f1d839bc2144f5.json","parameterValues":[]}