{"uid":"280751caed9c3c1a","name":"test_reporting_export_all_data","fullName":"tests.test_reporting#test_reporting_export_all_data","historyId":"417b6463bd44627a8cb9fd484c629ace","time":{"start":1758190670684,"stop":1758190917386,"duration":246702},"status":"failed","statusMessage":"AssertionError: DataFrame.columns are different\n\nDataFrame.columns values are different (25.0 %)\n[left]:  Index(['Date & Time', 'Campaign', 'Publisher', 'Caller Id', 'Dialed Number',\n       'Duplicate', 'Hang Up', 'Time to Connect', 'City', 'State',\n       'Destination Name', 'Destination Number', 'Destination Status',\n       'Revenue', 'Payout', 'Duration'],\n      dtype='object')\n[right]: Index(['Date & Time', 'Campaign', 'Publisher', 'Caller ID', 'Dialed Number',\n       'Duplicate', 'Hang Up', 'Time to Connect', 'City', 'State',\n       'Destination Name', 'Destination Number', 'Destination Status',\n       'Duration', 'Revenue', 'Payout'],\n      dtype='object')\nAt positional index 3, first diff: Caller Id != Caller ID","statusTrace":"driver_with_downloads = <selenium.webdriver.chrome.webdriver.WebDriver (session=\"3e3b6a50ec0ac30754192a9a6e574b0f\")>\n\n    def test_reporting_export_all_data(driver_with_downloads):\n        driver = driver_with_downloads\n        lp = LoginPage(driver)\n        r = Reporting(driver)\n        lp.do_login(Constant.USERNAME, Constant.PASSWORD)\n        db = DashBoard(driver)\n        db.element_displayed(db.DASHBOARD_TEXT)\n        db.click_reporting_ele()\n        r.set_date(Constant.DATE_RANGE)\n        time.sleep(2)\n        r.do_click(r.REFRESH_BUTTON)\n        time.sleep(3)\n        r.scroll_to_element(r.CALL_DETAILS_TAB)\n        assert isinstance(r.is_table_data_present(), str), \"Table data not present\"\n        r.select_table_dropdown(\"100\")\n        assert isinstance(r.is_table_data_present(), str), \"Table data not present\"\n        r.scroll_to_element(r.REVENUE)\n        r.do_click(r.EXPORT_BUTTON)\n        r.do_click(r.EXPORT_ALL_ROWS)\n        r.do_click(r.EXPORT_SUB_BUTTON_ALL_DATA)\n        time.sleep(15)\n        files = [f for f in os.listdir(driver.download_dir) if f.endswith(\".csv\")]\n        assert files, \"No CSV file found!\"\n        csv_file_path = os.path.join(driver.download_dir, files[0])\n        # read downloaded csv\n        csv_data = pd.read_csv(csv_file_path, sep=\",\", engine=\"python\")\n        # get UI dataframe\n        r.scroll_to_element(r.TABLE_NEXT_BUTTON)\n        ui_df = r.get_all_pages_as_dataframe()\n        # save UI data for debugging/reference\n        ui_df.to_csv(\"ui_all_data.csv\", index=False)\n        ui_csv = pd.read_csv(\"ui_all_data.csv\")\n        # Strip column names\n        csv_data.columns = [col.strip() for col in csv_data.columns]\n        ui_csv.columns = [col.strip() for col in ui_csv.columns]\n        # csv_data = csv_data[ui_df.columns]\n        csv_data = csv_data.astype(str)\n        ui_csv = ui_csv.astype(str)\n        csv_data = csv_data.applymap(normalize_value)\n        ui_csv = ui_csv.applymap(normalize_value)\n        # compare\n>       pd.testing.assert_frame_equal(csv_data, ui_csv, check_dtype=False)\n\ntests\\test_reporting.py:346: \n_ _ _ _ _ _ _ _ _ _ _ _ _ _ _ _ _ _ _ _ _ _ _ _ _ _ _ _ _ _ _ _ _ _ _ _ _ _ _ _ _ _ _ _ _ _ _ _ _ _ _ _ _ _ _ _ _ _ _ _ _ _ _\npandas/_libs/testing.pyx:55: in pandas._libs.testing.assert_almost_equal\n    ???\n_ _ _ _ _ _ _ _ _ _ _ _ _ _ _ _ _ _ _ _ _ _ _ _ _ _ _ _ _ _ _ _ _ _ _ _ _ _ _ _ _ _ _ _ _ _ _ _ _ _ _ _ _ _ _ _ _ _ _ _ _ _ _\n\n>   ???\nE   AssertionError: DataFrame.columns are different\nE   \nE   DataFrame.columns values are different (25.0 %)\nE   [left]:  Index(['Date & Time', 'Campaign', 'Publisher', 'Caller Id', 'Dialed Number',\nE          'Duplicate', 'Hang Up', 'Time to Connect', 'City', 'State',\nE          'Destination Name', 'Destination Number', 'Destination Status',\nE          'Revenue', 'Payout', 'Duration'],\nE         dtype='object')\nE   [right]: Index(['Date & Time', 'Campaign', 'Publisher', 'Caller ID', 'Dialed Number',\nE          'Duplicate', 'Hang Up', 'Time to Connect', 'City', 'State',\nE          'Destination Name', 'Destination Number', 'Destination Status',\nE          'Duration', 'Revenue', 'Payout'],\nE         dtype='object')\nE   At positional index 3, first diff: Caller Id != Caller ID\n\npandas/_libs/testing.pyx:173: AssertionError","flaky":false,"newFailed":false,"newBroken":false,"newPassed":false,"retriesCount":25,"retriesStatusChange":true,"beforeStages":[{"name":"driver_with_downloads","time":{"start":1758190662491,"stop":1758190670683,"duration":8192},"status":"passed","steps":[],"attachments":[],"parameters":[],"hasContent":false,"stepsCount":0,"attachmentsCount":0,"attachmentStep":false,"shouldDisplayMessage":false}],"afterStages":[{"name":"driver_with_downloads::0","time":{"start":1758190917846,"stop":1758190920072,"duration":2226},"status":"passed","steps":[],"attachments":[],"parameters":[],"hasContent":false,"stepsCount":0,"attachmentsCount":0,"attachmentStep":false,"shouldDisplayMessage":false}],"labels":[{"name":"parentSuite","value":"tests"},{"name":"suite","value":"test_reporting"},{"name":"host","value":"DESKTOP-THM7RLI"},{"name":"thread","value":"9356-MainThread"},{"name":"framework","value":"pytest"},{"name":"language","value":"cpython3"},{"name":"package","value":"tests.test_reporting"},{"name":"resultFormat","value":"allure2"}],"parameters":[],"links":[],"hidden":false,"retry":false,"extra":{"severity":"normal","retries":[{"uid":"cb465b6bd5d671e8","status":"broken","statusDetails":"selenium.common.exceptions.StaleElementReferenceException: Message: stale element reference: stale element not found in the current frame\n  (Session info: chrome=140.0.7339.128); For documentation on this error, please visit: https://www.selenium.dev/documentation/webdriver/troubleshooting/errors#staleelementreferenceexception\nStacktrace:\n\tGetHandleVerifier [0x0x7ff7ecae30f5+79493]\n\tGetHandleVerifier [0x0x7ff7ecae3150+79584]\n\t(No symbol) [0x0x7ff7ec8601ba]\n\t(No symbol) [0x0x7ff7ec867cfe]\n\t(No symbol) [0x0x7ff7ec86adef]\n\t(No symbol) [0x0x7ff7ec86aeaf]\n\t(No symbol) [0x0x7ff7ec8b1a46]\n\t(No symbol) [0x0x7ff7ec8e070a]\n\t(No symbol) [0x0x7ff7ec8aa7e6]\n\t(No symbol) [0x0x7ff7ec8e0920]\n\t(No symbol) [0x0x7ff7ec908b8b]\n\t(No symbol) [0x0x7ff7ec8e04e3]\n\t(No symbol) [0x0x7ff7ec8a8e92]\n\t(No symbol) [0x0x7ff7ec8a9c63]\n\tGetHandleVerifier [0x0x7ff7ecda0dbd+2954061]\n\tGetHandleVerifier [0x0x7ff7ecd9b02a+2930106]\n\tGetHandleVerifier [0x0x7ff7ecdbb357+3061991]\n\tGetHandleVerifier [0x0x7ff7ecafd60e+187294]\n\tGetHandleVerifier [0x0x7ff7ecb0557f+219919]\n\tGetHandleVerifier [0x0x7ff7ecaec294+116772]\n\tGetHandleVerifier [0x0x7ff7ecaec449+117209]\n\tGetHandleVerifier [0x0x7ff7ecad2618+11176]\n\tBaseThreadInitThunk [0x0x7ffb93dae8d7+23]\n\tRtlUserThreadStart [0x0x7ffb943a8d9c+44]","time":{"start":1758188893180,"stop":1758188907507,"duration":14327}},{"uid":"8f57832a94485d82","status":"broken","statusDetails":"selenium.common.exceptions.StaleElementReferenceException: Message: stale element reference: stale element not found in the current frame\n  (Session info: chrome=140.0.7339.128); For documentation on this error, please visit: https://www.selenium.dev/documentation/webdriver/troubleshooting/errors#staleelementreferenceexception\nStacktrace:\n\tGetHandleVerifier [0x0x7ff7ecae30f5+79493]\n\tGetHandleVerifier [0x0x7ff7ecae3150+79584]\n\t(No symbol) [0x0x7ff7ec8601ba]\n\t(No symbol) [0x0x7ff7ec867cfe]\n\t(No symbol) [0x0x7ff7ec86adef]\n\t(No symbol) [0x0x7ff7ec86aeaf]\n\t(No symbol) [0x0x7ff7ec8b1a46]\n\t(No symbol) [0x0x7ff7ec8e070a]\n\t(No symbol) [0x0x7ff7ec8aa7e6]\n\t(No symbol) [0x0x7ff7ec8e0920]\n\t(No symbol) [0x0x7ff7ec908b8b]\n\t(No symbol) [0x0x7ff7ec8e04e3]\n\t(No symbol) [0x0x7ff7ec8a8e92]\n\t(No symbol) [0x0x7ff7ec8a9c63]\n\tGetHandleVerifier [0x0x7ff7ecda0dbd+2954061]\n\tGetHandleVerifier [0x0x7ff7ecd9b02a+2930106]\n\tGetHandleVerifier [0x0x7ff7ecdbb357+3061991]\n\tGetHandleVerifier [0x0x7ff7ecafd60e+187294]\n\tGetHandleVerifier [0x0x7ff7ecb0557f+219919]\n\tGetHandleVerifier [0x0x7ff7ecaec294+116772]\n\tGetHandleVerifier [0x0x7ff7ecaec449+117209]\n\tGetHandleVerifier [0x0x7ff7ecad2618+11176]\n\tBaseThreadInitThunk [0x0x7ffb93dae8d7+23]\n\tRtlUserThreadStart [0x0x7ffb943a8d9c+44]","time":{"start":1758188424937,"stop":1758188438208,"duration":13271}},{"uid":"5fa4dfcb2cf77a17","status":"failed","statusDetails":"AssertionError: DataFrame.columns are different\n\nDataFrame.columns values are different (25.0 %)\n[left]:  Index(['Date & Time', 'Campaign', 'Publisher', 'Caller Id', 'Dialed Number',\n       'Duplicate', 'Hang Up', 'Time to Connect', 'City', 'State',\n       'Destination Name', 'Destination Number', 'Destination Status',\n       'Revenue', 'Payout', 'Duration'],\n      dtype='object')\n[right]: Index(['Date & Time', 'Campaign', 'Publisher', 'Caller ID', 'Dialed Number',\n       'Duplicate', 'Hang Up', 'Time to Connect', 'City', 'State',\n       'Destination Name', 'Destination Number', 'Destination Status',\n       'Duration', 'Revenue', 'Payout'],\n      dtype='object')\nAt positional index 3, first diff: Caller Id != Caller ID","time":{"start":1757926384839,"stop":1757926468201,"duration":83362}},{"uid":"467e0308867a4a1f","status":"failed","statusDetails":"AssertionError: DataFrame.columns are different\n\nDataFrame.columns values are different (25.0 %)\n[left]:  Index(['Date & Time', 'Campaign', 'Publisher', 'Caller Id', 'Dialed Number',\n       'Duplicate', 'Hang Up', 'Time to Connect', 'City', 'State',\n       'Destination Name', 'Destination Number', 'Destination Status',\n       'Revenue', 'Payout', 'Duration'],\n      dtype='object')\n[right]: Index(['Date & Time', 'Campaign', 'Publisher', 'Caller ID', 'Dialed Number',\n       'Duplicate', 'Hang Up', 'Time to Connect', 'City', 'State',\n       'Destination Name', 'Destination Number', 'Destination Status',\n       'Duration', 'Revenue', 'Payout'],\n      dtype='object')\nAt positional index 3, first diff: Caller Id != Caller ID","time":{"start":1757677832298,"stop":1757677977600,"duration":145302}},{"uid":"22f497119614ad5b","status":"failed","statusDetails":"AssertionError: DataFrame are different\n\nDataFrame shape mismatch\n[left]:  (508, 16)\n[right]: (208, 16)","time":{"start":1757677339186,"stop":1757677412068,"duration":72882}},{"uid":"fe9fdbb2aa03e34d","status":"broken","statusDetails":"selenium.common.exceptions.StaleElementReferenceException: Message: stale element reference: stale element not found in the current frame\n  (Session info: chrome=139.0.7258.155); For documentation on this error, please visit: https://www.selenium.dev/documentation/webdriver/troubleshooting/errors#staleelementreferenceexception\nStacktrace:\n\tGetHandleVerifier [0x0x7ff7698a3d85+79397]\n\tGetHandleVerifier [0x0x7ff7698a3de0+79488]\n\t(No symbol) [0x0x7ff76964c0fa]\n\t(No symbol) [0x0x7ff769653a99]\n\t(No symbol) [0x0x7ff769656b3c]\n\t(No symbol) [0x0x7ff769656c0f]\n\t(No symbol) [0x0x7ff76969cae6]\n\t(No symbol) [0x0x7ff7696cb19a]\n\t(No symbol) [0x0x7ff769695996]\n\t(No symbol) [0x0x7ff7696cb3b0]\n\t(No symbol) [0x0x7ff7696f3344]\n\t(No symbol) [0x0x7ff7696caf73]\n\t(No symbol) [0x0x7ff7696941b1]\n\t(No symbol) [0x0x7ff769694f43]\n\tGetHandleVerifier [0x0x7ff769b6e1ed+3005069]\n\tGetHandleVerifier [0x0x7ff769b6831d+2980797]\n\tGetHandleVerifier [0x0x7ff769b87e0d+3110573]\n\tGetHandleVerifier [0x0x7ff7698bd6de+184190]\n\tGetHandleVerifier [0x0x7ff7698c516f+215567]\n\tGetHandleVerifier [0x0x7ff7698ac974+115220]\n\tGetHandleVerifier [0x0x7ff7698acb29+115657]\n\tGetHandleVerifier [0x0x7ff769893268+11016]\n\tBaseThreadInitThunk [0x0x7ffc37b5e8d7+23]\n\tRtlUserThreadStart [0x0x7ffc39048d9c+44]","time":{"start":1757676856373,"stop":1757676972213,"duration":115840}},{"uid":"60a50630c914a295","status":"failed","statusDetails":"AssertionError: DataFrame are different\n\nDataFrame shape mismatch\n[left]:  (508, 16)\n[right]: (208, 16)","time":{"start":1757676669372,"stop":1757676790893,"duration":121521}},{"uid":"adfe7e24b353252f","status":"broken","statusDetails":"selenium.common.exceptions.StaleElementReferenceException: Message: stale element reference: stale element not found in the current frame\n  (Session info: chrome=139.0.7258.155); For documentation on this error, please visit: https://www.selenium.dev/documentation/webdriver/troubleshooting/errors#staleelementreferenceexception\nStacktrace:\n\tGetHandleVerifier [0x0x7ff7698a3d85+79397]\n\tGetHandleVerifier [0x0x7ff7698a3de0+79488]\n\t(No symbol) [0x0x7ff76964c0fa]\n\t(No symbol) [0x0x7ff769653a99]\n\t(No symbol) [0x0x7ff769656b3c]\n\t(No symbol) [0x0x7ff769656c0f]\n\t(No symbol) [0x0x7ff76969cae6]\n\t(No symbol) [0x0x7ff7696cb19a]\n\t(No symbol) [0x0x7ff769695996]\n\t(No symbol) [0x0x7ff7696cb3b0]\n\t(No symbol) [0x0x7ff7696f3344]\n\t(No symbol) [0x0x7ff7696caf73]\n\t(No symbol) [0x0x7ff7696941b1]\n\t(No symbol) [0x0x7ff769694f43]\n\tGetHandleVerifier [0x0x7ff769b6e1ed+3005069]\n\tGetHandleVerifier [0x0x7ff769b6831d+2980797]\n\tGetHandleVerifier [0x0x7ff769b87e0d+3110573]\n\tGetHandleVerifier [0x0x7ff7698bd6de+184190]\n\tGetHandleVerifier [0x0x7ff7698c516f+215567]\n\tGetHandleVerifier [0x0x7ff7698ac974+115220]\n\tGetHandleVerifier [0x0x7ff7698acb29+115657]\n\tGetHandleVerifier [0x0x7ff769893268+11016]\n\tBaseThreadInitThunk [0x0x7ffc37b5e8d7+23]\n\tRtlUserThreadStart [0x0x7ffc39048d9c+44]","time":{"start":1757676462819,"stop":1757676548758,"duration":85939}},{"uid":"9d385f4e9db1bf73","status":"broken","statusDetails":"selenium.common.exceptions.StaleElementReferenceException: Message: stale element reference: stale element not found in the current frame\n  (Session info: chrome=139.0.7258.155); For documentation on this error, please visit: https://www.selenium.dev/documentation/webdriver/troubleshooting/errors#staleelementreferenceexception\nStacktrace:\n\tGetHandleVerifier [0x0x7ff7698a3d85+79397]\n\tGetHandleVerifier [0x0x7ff7698a3de0+79488]\n\t(No symbol) [0x0x7ff76964c0fa]\n\t(No symbol) [0x0x7ff769653a99]\n\t(No symbol) [0x0x7ff769656b3c]\n\t(No symbol) [0x0x7ff769656c0f]\n\t(No symbol) [0x0x7ff76969cae6]\n\t(No symbol) [0x0x7ff7696cb19a]\n\t(No symbol) [0x0x7ff769695996]\n\t(No symbol) [0x0x7ff7696cb3b0]\n\t(No symbol) [0x0x7ff7696f3344]\n\t(No symbol) [0x0x7ff7696caf73]\n\t(No symbol) [0x0x7ff7696941b1]\n\t(No symbol) [0x0x7ff769694f43]\n\tGetHandleVerifier [0x0x7ff769b6e1ed+3005069]\n\tGetHandleVerifier [0x0x7ff769b6831d+2980797]\n\tGetHandleVerifier [0x0x7ff769b87e0d+3110573]\n\tGetHandleVerifier [0x0x7ff7698bd6de+184190]\n\tGetHandleVerifier [0x0x7ff7698c516f+215567]\n\tGetHandleVerifier [0x0x7ff7698ac974+115220]\n\tGetHandleVerifier [0x0x7ff7698acb29+115657]\n\tGetHandleVerifier [0x0x7ff769893268+11016]\n\tBaseThreadInitThunk [0x0x7ffc37b5e8d7+23]\n\tRtlUserThreadStart [0x0x7ffc39048d9c+44]","time":{"start":1757675525228,"stop":1757675603355,"duration":78127}},{"uid":"176c53ba06e9bd02","status":"broken","statusDetails":"selenium.common.exceptions.StaleElementReferenceException: Message: stale element reference: stale element not found in the current frame\n  (Session info: chrome=139.0.7258.155); For documentation on this error, please visit: https://www.selenium.dev/documentation/webdriver/troubleshooting/errors#staleelementreferenceexception\nStacktrace:\n\tGetHandleVerifier [0x0x7ff7698a3d85+79397]\n\tGetHandleVerifier [0x0x7ff7698a3de0+79488]\n\t(No symbol) [0x0x7ff76964c0fa]\n\t(No symbol) [0x0x7ff769653a99]\n\t(No symbol) [0x0x7ff769656b3c]\n\t(No symbol) [0x0x7ff769656c0f]\n\t(No symbol) [0x0x7ff76969cae6]\n\t(No symbol) [0x0x7ff7696cb19a]\n\t(No symbol) [0x0x7ff769695996]\n\t(No symbol) [0x0x7ff7696cb3b0]\n\t(No symbol) [0x0x7ff7696f3344]\n\t(No symbol) [0x0x7ff7696caf73]\n\t(No symbol) [0x0x7ff7696941b1]\n\t(No symbol) [0x0x7ff769694f43]\n\tGetHandleVerifier [0x0x7ff769b6e1ed+3005069]\n\tGetHandleVerifier [0x0x7ff769b6831d+2980797]\n\tGetHandleVerifier [0x0x7ff769b87e0d+3110573]\n\tGetHandleVerifier [0x0x7ff7698bd6de+184190]\n\tGetHandleVerifier [0x0x7ff7698c516f+215567]\n\tGetHandleVerifier [0x0x7ff7698ac974+115220]\n\tGetHandleVerifier [0x0x7ff7698acb29+115657]\n\tGetHandleVerifier [0x0x7ff769893268+11016]\n\tBaseThreadInitThunk [0x0x7ffc37b5e8d7+23]\n\tRtlUserThreadStart [0x0x7ffc39048d9c+44]","time":{"start":1757674418281,"stop":1757674473661,"duration":55380}},{"uid":"f9c399e0e85343b2","status":"broken","statusDetails":"selenium.common.exceptions.StaleElementReferenceException: Message: stale element reference: stale element not found in the current frame\n  (Session info: chrome=139.0.7258.155); For documentation on this error, please visit: https://www.selenium.dev/documentation/webdriver/troubleshooting/errors#staleelementreferenceexception\nStacktrace:\n\tGetHandleVerifier [0x0x7ff7698a3d85+79397]\n\tGetHandleVerifier [0x0x7ff7698a3de0+79488]\n\t(No symbol) [0x0x7ff76964c0fa]\n\t(No symbol) [0x0x7ff769653a99]\n\t(No symbol) [0x0x7ff769656b3c]\n\t(No symbol) [0x0x7ff769656c0f]\n\t(No symbol) [0x0x7ff76969cae6]\n\t(No symbol) [0x0x7ff7696cb19a]\n\t(No symbol) [0x0x7ff769695996]\n\t(No symbol) [0x0x7ff7696cb3b0]\n\t(No symbol) [0x0x7ff7696f3344]\n\t(No symbol) [0x0x7ff7696caf73]\n\t(No symbol) [0x0x7ff7696941b1]\n\t(No symbol) [0x0x7ff769694f43]\n\tGetHandleVerifier [0x0x7ff769b6e1ed+3005069]\n\tGetHandleVerifier [0x0x7ff769b6831d+2980797]\n\tGetHandleVerifier [0x0x7ff769b87e0d+3110573]\n\tGetHandleVerifier [0x0x7ff7698bd6de+184190]\n\tGetHandleVerifier [0x0x7ff7698c516f+215567]\n\tGetHandleVerifier [0x0x7ff7698ac974+115220]\n\tGetHandleVerifier [0x0x7ff7698acb29+115657]\n\tGetHandleVerifier [0x0x7ff769893268+11016]\n\tBaseThreadInitThunk [0x0x7ffc37b5e8d7+23]\n\tRtlUserThreadStart [0x0x7ffc39048d9c+44]","time":{"start":1757674303337,"stop":1757674354713,"duration":51376}},{"uid":"ede396e46cdd1f6a","status":"broken","statusDetails":"selenium.common.exceptions.StaleElementReferenceException: Message: stale element reference: stale element not found in the current frame\n  (Session info: chrome=139.0.7258.155); For documentation on this error, please visit: https://www.selenium.dev/documentation/webdriver/troubleshooting/errors#staleelementreferenceexception\nStacktrace:\n\tGetHandleVerifier [0x0x7ff7698a3d85+79397]\n\tGetHandleVerifier [0x0x7ff7698a3de0+79488]\n\t(No symbol) [0x0x7ff76964c0fa]\n\t(No symbol) [0x0x7ff769653a99]\n\t(No symbol) [0x0x7ff769656b3c]\n\t(No symbol) [0x0x7ff769656c0f]\n\t(No symbol) [0x0x7ff76969cae6]\n\t(No symbol) [0x0x7ff7696cb19a]\n\t(No symbol) [0x0x7ff769695996]\n\t(No symbol) [0x0x7ff7696cb3b0]\n\t(No symbol) [0x0x7ff7696f3344]\n\t(No symbol) [0x0x7ff7696caf73]\n\t(No symbol) [0x0x7ff7696941b1]\n\t(No symbol) [0x0x7ff769694f43]\n\tGetHandleVerifier [0x0x7ff769b6e1ed+3005069]\n\tGetHandleVerifier [0x0x7ff769b6831d+2980797]\n\tGetHandleVerifier [0x0x7ff769b87e0d+3110573]\n\tGetHandleVerifier [0x0x7ff7698bd6de+184190]\n\tGetHandleVerifier [0x0x7ff7698c516f+215567]\n\tGetHandleVerifier [0x0x7ff7698ac974+115220]\n\tGetHandleVerifier [0x0x7ff7698acb29+115657]\n\tGetHandleVerifier [0x0x7ff769893268+11016]\n\tBaseThreadInitThunk [0x0x7ffc37b5e8d7+23]\n\tRtlUserThreadStart [0x0x7ffc39048d9c+44]","time":{"start":1757674013225,"stop":1757674062991,"duration":49766}},{"uid":"b9ec6b59d2ce9cdf","status":"failed","statusDetails":"AssertionError: DataFrame are different\n\nDataFrame shape mismatch\n[left]:  (508, 16)\n[right]: (100, 16)","time":{"start":1757673309560,"stop":1757673360060,"duration":50500}},{"uid":"16af6607ad65561b","status":"failed","statusDetails":"AssertionError: DataFrame are different\n\nDataFrame shape mismatch\n[left]:  (508, 16)\n[right]: (100, 16)","time":{"start":1757673086362,"stop":1757673154850,"duration":68488}},{"uid":"c052959155610586","status":"failed","statusDetails":"AssertionError: DataFrame are different\n\nDataFrame shape mismatch\n[left]:  (508, 16)\n[right]: (100, 16)","time":{"start":1757672705776,"stop":1757672772904,"duration":67128}},{"uid":"df7fb442416fc7e3","status":"failed","statusDetails":"AssertionError: DataFrame are different\n\nDataFrame shape mismatch\n[left]:  (508, 16)\n[right]: (100, 18)","time":{"start":1757671360856,"stop":1757671429743,"duration":68887}},{"uid":"20035c048220f0c0","status":"failed","statusDetails":"AssertionError: DataFrame are different\n\nDataFrame shape mismatch\n[left]:  (508, 16)\n[right]: (100, 18)","time":{"start":1757671228980,"stop":1757671279840,"duration":50860}},{"uid":"46e346be8cfb9d3c","status":"failed","statusDetails":"AssertionError: DataFrame are different\n\nDataFrame shape mismatch\n[left]:  (508, 16)\n[right]: (100, 18)","time":{"start":1757670200667,"stop":1757670251945,"duration":51278}},{"uid":"3f3cbbe20d506a92","status":"failed","statusDetails":"AssertionError: DataFrame are different\n\nDataFrame shape mismatch\n[left]:  (508, 16)\n[right]: (100, 18)","time":{"start":1757669959434,"stop":1757670008390,"duration":48956}},{"uid":"2df57d59589ba01c","status":"failed","statusDetails":"AssertionError: No CSV file found!\nassert []","time":{"start":1757669905529,"stop":1757669933157,"duration":27628}},{"uid":"67dc26f9b0d3e251","status":"broken","statusDetails":"selenium.common.exceptions.TimeoutException: Message: \nStacktrace:\n\tGetHandleVerifier [0x0x7ff7698a3d85+79397]\n\tGetHandleVerifier [0x0x7ff7698a3de0+79488]\n\t(No symbol) [0x0x7ff76964c0fa]\n\t(No symbol) [0x0x7ff7696a2fd6]\n\t(No symbol) [0x0x7ff7696a328c]\n\t(No symbol) [0x0x7ff7696f6537]\n\t(No symbol) [0x0x7ff7696cb1df]\n\t(No symbol) [0x0x7ff7696f3344]\n\t(No symbol) [0x0x7ff7696caf73]\n\t(No symbol) [0x0x7ff7696941b1]\n\t(No symbol) [0x0x7ff769694f43]\n\tGetHandleVerifier [0x0x7ff769b6e1ed+3005069]\n\tGetHandleVerifier [0x0x7ff769b6831d+2980797]\n\tGetHandleVerifier [0x0x7ff769b87e0d+3110573]\n\tGetHandleVerifier [0x0x7ff7698bd6de+184190]\n\tGetHandleVerifier [0x0x7ff7698c516f+215567]\n\tGetHandleVerifier [0x0x7ff7698ac974+115220]\n\tGetHandleVerifier [0x0x7ff7698acb29+115657]\n\tGetHandleVerifier [0x0x7ff769893268+11016]\n\tBaseThreadInitThunk [0x0x7ffc37b5e8d7+23]\n\tRtlUserThreadStart [0x0x7ffc39048d9c+44]","time":{"start":1757663712947,"stop":1757663744215,"duration":31268}},{"uid":"c3eaee24468ecb46","status":"broken","statusDetails":"selenium.common.exceptions.StaleElementReferenceException: Message: stale element reference: stale element not found in the current frame\n  (Session info: chrome=139.0.7258.155); For documentation on this error, please visit: https://www.selenium.dev/documentation/webdriver/troubleshooting/errors#staleelementreferenceexception\nStacktrace:\n\tGetHandleVerifier [0x0x7ff7698a3d85+79397]\n\tGetHandleVerifier [0x0x7ff7698a3de0+79488]\n\t(No symbol) [0x0x7ff76964c0fa]\n\t(No symbol) [0x0x7ff769653a99]\n\t(No symbol) [0x0x7ff769656b3c]\n\t(No symbol) [0x0x7ff769656c0f]\n\t(No symbol) [0x0x7ff76969cae6]\n\t(No symbol) [0x0x7ff7696cb19a]\n\t(No symbol) [0x0x7ff769695996]\n\t(No symbol) [0x0x7ff7696cb3b0]\n\t(No symbol) [0x0x7ff7696f3344]\n\t(No symbol) [0x0x7ff7696caf73]\n\t(No symbol) [0x0x7ff7696941b1]\n\t(No symbol) [0x0x7ff769694f43]\n\tGetHandleVerifier [0x0x7ff769b6e1ed+3005069]\n\tGetHandleVerifier [0x0x7ff769b6831d+2980797]\n\tGetHandleVerifier [0x0x7ff769b87e0d+3110573]\n\tGetHandleVerifier [0x0x7ff7698bd6de+184190]\n\tGetHandleVerifier [0x0x7ff7698c516f+215567]\n\tGetHandleVerifier [0x0x7ff7698ac974+115220]\n\tGetHandleVerifier [0x0x7ff7698acb29+115657]\n\tGetHandleVerifier [0x0x7ff769893268+11016]\n\tBaseThreadInitThunk [0x0x7ffc37b5e8d7+23]\n\tRtlUserThreadStart [0x0x7ffc39048d9c+44]","time":{"start":1757663655605,"stop":1757663669893,"duration":14288}},{"uid":"72604cd0f1ca9429","status":"broken","statusDetails":"selenium.common.exceptions.TimeoutException: Message: \nStacktrace:\n\tGetHandleVerifier [0x0x7ff7698a3d85+79397]\n\tGetHandleVerifier [0x0x7ff7698a3de0+79488]\n\t(No symbol) [0x0x7ff76964c0fa]\n\t(No symbol) [0x0x7ff7696a2fd6]\n\t(No symbol) [0x0x7ff7696a328c]\n\t(No symbol) [0x0x7ff7696f6537]\n\t(No symbol) [0x0x7ff7696cb1df]\n\t(No symbol) [0x0x7ff7696f3344]\n\t(No symbol) [0x0x7ff7696caf73]\n\t(No symbol) [0x0x7ff7696941b1]\n\t(No symbol) [0x0x7ff769694f43]\n\tGetHandleVerifier [0x0x7ff769b6e1ed+3005069]\n\tGetHandleVerifier [0x0x7ff769b6831d+2980797]\n\tGetHandleVerifier [0x0x7ff769b87e0d+3110573]\n\tGetHandleVerifier [0x0x7ff7698bd6de+184190]\n\tGetHandleVerifier [0x0x7ff7698c516f+215567]\n\tGetHandleVerifier [0x0x7ff7698ac974+115220]\n\tGetHandleVerifier [0x0x7ff7698acb29+115657]\n\tGetHandleVerifier [0x0x7ff769893268+11016]\n\tBaseThreadInitThunk [0x0x7ffc37b5e8d7+23]\n\tRtlUserThreadStart [0x0x7ffc39048d9c+44]","time":{"start":1757663263110,"stop":1757663293927,"duration":30817}},{"uid":"ecc4b3b4737fa6ab","status":"passed","time":{"start":1757662560685,"stop":1757662588911,"duration":28226}},{"uid":"1bd67d220a506775","status":"broken","statusDetails":"selenium.common.exceptions.InvalidSessionIdException: Message: invalid session id: session deleted as the browser has closed the connection\nfrom disconnected: not connected to DevTools\n  (Session info: chrome=139.0.7258.155); For documentation on this error, please visit: https://www.selenium.dev/documentation/webdriver/troubleshooting/errors#invalidsessionidexception\nStacktrace:\n\tGetHandleVerifier [0x0x7ff7698a3d85+79397]\n\tGetHandleVerifier [0x0x7ff7698a3de0+79488]\n\t(No symbol) [0x0x7ff76964c0fa]\n\t(No symbol) [0x0x7ff769638355]\n\t(No symbol) [0x0x7ff76965ceee]\n\t(No symbol) [0x0x7ff7696d27c5]\n\t(No symbol) [0x0x7ff7696f2c72]\n\t(No symbol) [0x0x7ff7696caf73]\n\t(No symbol) [0x0x7ff7696941b1]\n\t(No symbol) [0x0x7ff769694f43]\n\tGetHandleVerifier [0x0x7ff769b6e1ed+3005069]\n\tGetHandleVerifier [0x0x7ff769b6831d+2980797]\n\tGetHandleVerifier [0x0x7ff769b87e0d+3110573]\n\tGetHandleVerifier [0x0x7ff7698bd6de+184190]\n\tGetHandleVerifier [0x0x7ff7698c516f+215567]\n\tGetHandleVerifier [0x0x7ff7698ac974+115220]\n\tGetHandleVerifier [0x0x7ff7698acb29+115657]\n\tGetHandleVerifier [0x0x7ff769893268+11016]\n\tBaseThreadInitThunk [0x0x7ffc37b5e8d7+23]\n\tRtlUserThreadStart [0x0x7ffc39048d9c+44]","time":{"start":1757658105558,"stop":1757658108498,"duration":2940}}],"categories":[{"name":"Product defects","matchedStatuses":[]}],"tags":[]},"source":"280751caed9c3c1a.json","parameterValues":[]}