{"uid":"2a12ae46667a8027","name":"test_visibility_of_advertiser_table","fullName":"tests.test_advertiser#test_visibility_of_advertiser_table","historyId":"d2b226c9bdca1102c71af1011933334b","time":{"start":1756995497067,"stop":1756995502909,"duration":5842},"status":"broken","statusMessage":"selenium.common.exceptions.StaleElementReferenceException: Message: stale element reference: stale element not found in the current frame\n  (Session info: chrome=139.0.7258.155); For documentation on this error, please visit: https://www.selenium.dev/documentation/webdriver/troubleshooting/errors#staleelementreferenceexception\nStacktrace:\n\tGetHandleVerifier [0x0x7ff643fb3d85+79397]\n\tGetHandleVerifier [0x0x7ff643fb3de0+79488]\n\t(No symbol) [0x0x7ff643d5c0fa]\n\t(No symbol) [0x0x7ff643d63a99]\n\t(No symbol) [0x0x7ff643d66b3c]\n\t(No symbol) [0x0x7ff643d66c0f]\n\t(No symbol) [0x0x7ff643dacae6]\n\t(No symbol) [0x0x7ff643ddb19a]\n\t(No symbol) [0x0x7ff643da5996]\n\t(No symbol) [0x0x7ff643ddb3b0]\n\t(No symbol) [0x0x7ff643e03344]\n\t(No symbol) [0x0x7ff643ddaf73]\n\t(No symbol) [0x0x7ff643da41b1]\n\t(No symbol) [0x0x7ff643da4f43]\n\tGetHandleVerifier [0x0x7ff64427e1ed+3005069]\n\tGetHandleVerifier [0x0x7ff64427831d+2980797]\n\tGetHandleVerifier [0x0x7ff644297e0d+3110573]\n\tGetHandleVerifier [0x0x7ff643fcd6de+184190]\n\tGetHandleVerifier [0x0x7ff643fd516f+215567]\n\tGetHandleVerifier [0x0x7ff643fbc974+115220]\n\tGetHandleVerifier [0x0x7ff643fbcb29+115657]\n\tGetHandleVerifier [0x0x7ff643fa3268+11016]\n\tBaseThreadInitThunk [0x0x7fff5f39e8d7+23]\n\tRtlUserThreadStart [0x0x7fff60d48d9c+44]","statusTrace":"driver = <selenium.webdriver.chrome.webdriver.WebDriver (session=\"ee981be8d7072a170dc22ce52ac21b97\")>\n\n    def test_visibility_of_advertiser_table(driver):\n        lp = LoginPage(driver)\n        lp.do_login(Constant.USERNAME, Constant.PASSWORD)\n        db = DashBoard(driver)\n        db.element_displayed(db.DASHBOARD_TEXT)\n        db.click_advertiser_ele()\n        db.do_click(db.ADVERTISER_PAGE_TAB)\n        a = Advertiser(driver)\n        #time.sleep(4)\n>       assert isinstance(a.is_table_data_present(), str),\"Table data not present\"\n                          ^^^^^^^^^^^^^^^^^^^^^^^^^\n\ntests\\test_advertiser.py:16: \n_ _ _ _ _ _ _ _ _ _ _ _ _ _ _ _ _ _ _ _ _ _ _ _ _ _ _ _ _ _ _ _ _ _ _ _ _ _ _ _\npages\\advertiser_page.py:15: in is_table_data_present\n    self.wait_for_non_empty_text(self.FIRST_CELL)\npages\\base_page.py:73: in wait_for_non_empty_text\n    return WebDriverWait(self.driver, timeout).until(\n.venv\\Lib\\site-packages\\selenium\\webdriver\\support\\wait.py:129: in until\n    value = method(self._driver)\n            ^^^^^^^^^^^^^^^^^^^^\npages\\base_page.py:74: in <lambda>\n    lambda d: d.find_element(*locator).text.strip() != \"\"\n              ^^^^^^^^^^^^^^^^^^^^^^^^^^^^^\n.venv\\Lib\\site-packages\\selenium\\webdriver\\remote\\webelement.py:110: in text\n    return self._execute(Command.GET_ELEMENT_TEXT)[\"value\"]\n           ^^^^^^^^^^^^^^^^^^^^^^^^^^^^^^^^^^^^^^^\n.venv\\Lib\\site-packages\\selenium\\webdriver\\remote\\webelement.py:573: in _execute\n    return self._parent.execute(command, params)\n           ^^^^^^^^^^^^^^^^^^^^^^^^^^^^^^^^^^^^^\n.venv\\Lib\\site-packages\\selenium\\webdriver\\remote\\webdriver.py:458: in execute\n    self.error_handler.check_response(response)\n_ _ _ _ _ _ _ _ _ _ _ _ _ _ _ _ _ _ _ _ _ _ _ _ _ _ _ _ _ _ _ _ _ _ _ _ _ _ _ _\n\nself = <selenium.webdriver.remote.errorhandler.ErrorHandler object at 0x000001969CDC6660>\nresponse = {'status': 404, 'value': '{\"value\":{\"error\":\"stale element reference\",\"message\":\"stale element reference: stale elemen...ff643fa3268+11016]\\\\n\\\\tBaseThreadInitThunk [0x0x7fff5f39e8d7+23]\\\\n\\\\tRtlUserThreadStart [0x0x7fff60d48d9c+44]\\\\n\"}}'}\n\n    def check_response(self, response: dict[str, Any]) -> None:\n        \"\"\"Checks that a JSON response from the WebDriver does not have an\n        error.\n    \n        :Args:\n         - response - The JSON response from the WebDriver server as a dictionary\n           object.\n    \n        :Raises: If the response contains an error message.\n        \"\"\"\n        status = response.get(\"status\", None)\n        if not status or status == ErrorCode.SUCCESS:\n            return\n        value = None\n        message = response.get(\"message\", \"\")\n        screen: str = response.get(\"screen\", \"\")\n        stacktrace = None\n        if isinstance(status, int):\n            value_json = response.get(\"value\", None)\n            if value_json and isinstance(value_json, str):\n                try:\n                    value = json.loads(value_json)\n                    if isinstance(value, dict):\n                        if len(value) == 1:\n                            value = value[\"value\"]\n                        status = value.get(\"error\", None)\n                        if not status:\n                            status = value.get(\"status\", ErrorCode.UNKNOWN_ERROR)\n                            message = value.get(\"value\") or value.get(\"message\")\n                            if not isinstance(message, str):\n                                value = message\n                                message = message.get(\"message\")\n                        else:\n                            message = value.get(\"message\", None)\n                except ValueError:\n                    pass\n    \n        exception_class: type[WebDriverException]\n        e = ErrorCode()\n        error_codes = [item for item in dir(e) if not item.startswith(\"__\")]\n        for error_code in error_codes:\n            error_info = getattr(ErrorCode, error_code)\n            if isinstance(error_info, list) and status in error_info:\n                exception_class = getattr(ExceptionMapping, error_code, WebDriverException)\n                break\n        else:\n            exception_class = WebDriverException\n    \n        if not value:\n            value = response[\"value\"]\n        if isinstance(value, str):\n            raise exception_class(value)\n        if message == \"\" and \"message\" in value:\n            message = value[\"message\"]\n    \n        screen = None  # type: ignore[assignment]\n        if \"screen\" in value:\n            screen = value[\"screen\"]\n    \n        stacktrace = None\n        st_value = value.get(\"stackTrace\") or value.get(\"stacktrace\")\n        if st_value:\n            if isinstance(st_value, str):\n                stacktrace = st_value.split(\"\\n\")\n            else:\n                stacktrace = []\n                try:\n                    for frame in st_value:\n                        line = frame.get(\"lineNumber\", \"\")\n                        file = frame.get(\"fileName\", \"<anonymous>\")\n                        if line:\n                            file = f\"{file}:{line}\"\n                        meth = frame.get(\"methodName\", \"<anonymous>\")\n                        if \"className\" in frame:\n                            meth = f\"{frame['className']}.{meth}\"\n                        msg = \"    at %s (%s)\"\n                        msg = msg % (meth, file)\n                        stacktrace.append(msg)\n                except TypeError:\n                    pass\n        if exception_class == UnexpectedAlertPresentException:\n            alert_text = None\n            if \"data\" in value:\n                alert_text = value[\"data\"].get(\"text\")\n            elif \"alert\" in value:\n                alert_text = value[\"alert\"].get(\"text\")\n            raise exception_class(message, screen, stacktrace, alert_text)  # type: ignore[call-arg]  # mypy is not smart enough here\n>       raise exception_class(message, screen, stacktrace)\nE       selenium.common.exceptions.StaleElementReferenceException: Message: stale element reference: stale element not found in the current frame\nE         (Session info: chrome=139.0.7258.155); For documentation on this error, please visit: https://www.selenium.dev/documentation/webdriver/troubleshooting/errors#staleelementreferenceexception\nE       Stacktrace:\nE       \tGetHandleVerifier [0x0x7ff643fb3d85+79397]\nE       \tGetHandleVerifier [0x0x7ff643fb3de0+79488]\nE       \t(No symbol) [0x0x7ff643d5c0fa]\nE       \t(No symbol) [0x0x7ff643d63a99]\nE       \t(No symbol) [0x0x7ff643d66b3c]\nE       \t(No symbol) [0x0x7ff643d66c0f]\nE       \t(No symbol) [0x0x7ff643dacae6]\nE       \t(No symbol) [0x0x7ff643ddb19a]\nE       \t(No symbol) [0x0x7ff643da5996]\nE       \t(No symbol) [0x0x7ff643ddb3b0]\nE       \t(No symbol) [0x0x7ff643e03344]\nE       \t(No symbol) [0x0x7ff643ddaf73]\nE       \t(No symbol) [0x0x7ff643da41b1]\nE       \t(No symbol) [0x0x7ff643da4f43]\nE       \tGetHandleVerifier [0x0x7ff64427e1ed+3005069]\nE       \tGetHandleVerifier [0x0x7ff64427831d+2980797]\nE       \tGetHandleVerifier [0x0x7ff644297e0d+3110573]\nE       \tGetHandleVerifier [0x0x7ff643fcd6de+184190]\nE       \tGetHandleVerifier [0x0x7ff643fd516f+215567]\nE       \tGetHandleVerifier [0x0x7ff643fbc974+115220]\nE       \tGetHandleVerifier [0x0x7ff643fbcb29+115657]\nE       \tGetHandleVerifier [0x0x7ff643fa3268+11016]\nE       \tBaseThreadInitThunk [0x0x7fff5f39e8d7+23]\nE       \tRtlUserThreadStart [0x0x7fff60d48d9c+44]\n\n.venv\\Lib\\site-packages\\selenium\\webdriver\\remote\\errorhandler.py:232: StaleElementReferenceException","flaky":false,"newFailed":false,"newBroken":false,"newPassed":false,"retriesCount":0,"retriesStatusChange":false,"beforeStages":[{"name":"driver","time":{"start":1756995490219,"stop":1756995497066,"duration":6847},"status":"passed","steps":[],"attachments":[],"parameters":[],"stepsCount":0,"shouldDisplayMessage":false,"attachmentsCount":0,"attachmentStep":false,"hasContent":false}],"afterStages":[{"name":"driver::0","time":{"start":1756995504043,"stop":1756995507786,"duration":3743},"status":"passed","steps":[],"attachments":[],"parameters":[],"stepsCount":0,"shouldDisplayMessage":false,"attachmentsCount":0,"attachmentStep":false,"hasContent":false}],"labels":[{"name":"parentSuite","value":"tests"},{"name":"suite","value":"test_advertiser"},{"name":"host","value":"DESKTOP-THM7RLI"},{"name":"thread","value":"3772-MainThread"},{"name":"framework","value":"pytest"},{"name":"language","value":"cpython3"},{"name":"package","value":"tests.test_advertiser"},{"name":"resultFormat","value":"allure2"}],"parameters":[],"links":[],"hidden":true,"retry":true,"extra":{"categories":[],"tags":[]},"source":"2a12ae46667a8027.json","parameterValues":[]}