{"uid":"33f329ca6ea4c151","name":"test_reporting_export_this_page","fullName":"tests.test_reporting#test_reporting_export_this_page","historyId":"33a51106bf2e2b8502230901bcf37c62","time":{"start":1758188402192,"stop":1758188465348,"duration":63156},"status":"passed","flaky":false,"newFailed":false,"newBroken":false,"newPassed":false,"retriesCount":78,"retriesStatusChange":true,"beforeStages":[{"name":"driver_with_downloads","time":{"start":1758188390830,"stop":1758188402192,"duration":11362},"status":"passed","steps":[],"attachments":[],"parameters":[],"hasContent":false,"stepsCount":0,"attachmentsCount":0,"attachmentStep":false,"shouldDisplayMessage":false}],"afterStages":[{"name":"driver_with_downloads::0","time":{"start":1758188465350,"stop":1758188467597,"duration":2247},"status":"passed","steps":[],"attachments":[],"parameters":[],"hasContent":false,"stepsCount":0,"attachmentsCount":0,"attachmentStep":false,"shouldDisplayMessage":false}],"labels":[{"name":"parentSuite","value":"tests"},{"name":"suite","value":"test_reporting"},{"name":"host","value":"DESKTOP-THM7RLI"},{"name":"thread","value":"14076-MainThread"},{"name":"framework","value":"pytest"},{"name":"language","value":"cpython3"},{"name":"package","value":"tests.test_reporting"},{"name":"resultFormat","value":"allure2"}],"parameters":[],"links":[],"hidden":false,"retry":false,"extra":{"severity":"normal","retries":[{"uid":"978313ff7c13e2e4","status":"failed","statusDetails":"AssertionError: DataFrame.iloc[:, 10] (column name=\"Destination Name\") are different\n\nDataFrame.iloc[:, 10] (column name=\"Destination Name\") values are different (76.0 %)\n[index]: [0, 1, 2, 3, 4, 5, 6, 7, 8, 9, 10, 11, 12, 13, 14, 15, 16, 17, 18, 19, 20, 21, 22, 23, 24, 25, 26, 27, 28, 29, 30, 31, 32, 33, 34, 35, 36, 37, 38, 39, 40, 41, 42, 43, 44, 45, 46, 47, 48, 49, 50, 51, 52, 53, 54, 55, 56, 57, 58, 59, 60, 61, 62, 63, 64, 65, 66, 67, 68, 69, 70, 71, 72, 73, 74, 75, 76, 77, 78, 79, 80, 81, 82, 83, 84, 85, 86, 87, 88, 89, 90, 91, 92, 93, 94, 95, 96, 97, 98, 99]\n[left]:  [test_system_4, test_system_4, test_system_4, test_sytem_3, test_sytem_3, test_sytem_3, test_sytem_3, test_sytem_1, test_sytem_3, test_sytem_2, test_sytem_1, test_sytem_3, test_sytem_2, test_sytem_2, test_sytem_2, test_sytem_3, test_sytem_2, test_sytem_3, test_sytem_3, test_sytem_2, test_sytem_3, test_sytem_3, test_sytem_3, test_sytem_3, test_sytem_3, test_sytem_2, test_sytem_2, test_sytem_1, test_sytem_1, test_sytem_1, test_sytem_3, test_sytem_1, test_sytem_3, test_sytem_2, test_sytem_3, test_sytem_2, test_sytem_2, test_sytem_1, nan, test_sytem_2, test_sytem_3, test_sytem_3, test_sytem_2, test_sytem_1, dest4, dest4, dest4, test_sytem_1, test_sytem_1, test_sytem_1, test_sytem_1, test_sytem_1, test_sytem_1, test_sytem_1, dest4, nan, nan, nan, nan, nan, nan, test_sytem_1, test_sytem_1, test_sytem_1, test_sytem_1, test_sytem_1, test_sytem_1, nan, test_system_4, nan, nan, test_sytem_1, test_sytem_1, test_sytem_1, nan, nan, nan, nan, nan, nan, test_system_4, test_system_4, test_system_4, test_sytem_1, nan, nan, nan, test_system_4, test_system_4, test_system_4, test_system_4, test_sytem_1, test_sytem_1, test_sytem_1, nan, nan, nan, nan, nan, test_system_4]\n[right]: [TestSystem4, TestSystem4, TestSystem4, TestSytem3, TestSytem3, TestSytem3, TestSytem3, TestSytem1, TestSytem3, TestSytem2, TestSytem1, TestSytem3, TestSytem2, TestSytem2, TestSytem2, TestSytem3, TestSytem2, TestSytem3, TestSytem3, TestSytem2, TestSytem3, TestSytem3, TestSytem3, TestSytem3, TestSytem3, TestSytem2, TestSytem2, TestSytem1, TestSytem1, TestSytem1, TestSytem3, TestSytem1, TestSytem3, TestSytem2, TestSytem3, TestSytem2, TestSytem2, TestSytem1, nan, TestSytem2, TestSytem3, TestSytem3, TestSytem2, TestSytem1, Dest4, Dest4, Dest4, TestSytem1, TestSytem1, TestSytem1, TestSytem1, TestSytem1, TestSytem1, TestSytem1, Dest4, nan, nan, nan, nan, nan, nan, TestSytem1, TestSytem1, TestSytem1, TestSytem1, TestSytem1, TestSytem1, nan, TestSystem4, nan, nan, TestSytem1, TestSytem1, TestSytem1, nan, nan, nan, nan, nan, nan, TestSystem4, TestSystem4, TestSystem4, TestSytem1, nan, nan, nan, TestSystem4, TestSystem4, TestSystem4, TestSystem4, TestSytem1, TestSytem1, TestSytem1, nan, nan, nan, nan, nan, TestSystem4]\nAt positional index 0, first diff: test_system_4 != TestSystem4","time":{"start":1757675397008,"stop":1757675452316,"duration":55308}},{"uid":"4cbab249d7fe21fc","status":"failed","statusDetails":"AssertionError: DataFrame.iloc[:, 10] (column name=\"Destination Name\") are different\n\nDataFrame.iloc[:, 10] (column name=\"Destination Name\") values are different (76.0 %)\n[index]: [0, 1, 2, 3, 4, 5, 6, 7, 8, 9, 10, 11, 12, 13, 14, 15, 16, 17, 18, 19, 20, 21, 22, 23, 24, 25, 26, 27, 28, 29, 30, 31, 32, 33, 34, 35, 36, 37, 38, 39, 40, 41, 42, 43, 44, 45, 46, 47, 48, 49, 50, 51, 52, 53, 54, 55, 56, 57, 58, 59, 60, 61, 62, 63, 64, 65, 66, 67, 68, 69, 70, 71, 72, 73, 74, 75, 76, 77, 78, 79, 80, 81, 82, 83, 84, 85, 86, 87, 88, 89, 90, 91, 92, 93, 94, 95, 96, 97, 98, 99]\n[left]:  [test_system_4, test_system_4, test_system_4, test_sytem_3, test_sytem_3, test_sytem_3, test_sytem_3, test_sytem_1, test_sytem_3, test_sytem_2, test_sytem_1, test_sytem_3, test_sytem_2, test_sytem_2, test_sytem_2, test_sytem_3, test_sytem_2, test_sytem_3, test_sytem_3, test_sytem_2, test_sytem_3, test_sytem_3, test_sytem_3, test_sytem_3, test_sytem_3, test_sytem_2, test_sytem_2, test_sytem_1, test_sytem_1, test_sytem_1, test_sytem_3, test_sytem_1, test_sytem_3, test_sytem_2, test_sytem_3, test_sytem_2, test_sytem_2, test_sytem_1, nan, test_sytem_2, test_sytem_3, test_sytem_3, test_sytem_2, test_sytem_1, dest4, dest4, dest4, test_sytem_1, test_sytem_1, test_sytem_1, test_sytem_1, test_sytem_1, test_sytem_1, test_sytem_1, dest4, nan, nan, nan, nan, nan, nan, test_sytem_1, test_sytem_1, test_sytem_1, test_sytem_1, test_sytem_1, test_sytem_1, nan, test_system_4, nan, nan, test_sytem_1, test_sytem_1, test_sytem_1, nan, nan, nan, nan, nan, nan, test_system_4, test_system_4, test_system_4, test_sytem_1, nan, nan, nan, test_system_4, test_system_4, test_system_4, test_system_4, test_sytem_1, test_sytem_1, test_sytem_1, nan, nan, nan, nan, nan, test_system_4]\n[right]: [TestSystem4, TestSystem4, TestSystem4, TestSytem3, TestSytem3, TestSytem3, TestSytem3, TestSytem1, TestSytem3, TestSytem2, TestSytem1, TestSytem3, TestSytem2, TestSytem2, TestSytem2, TestSytem3, TestSytem2, TestSytem3, TestSytem3, TestSytem2, TestSytem3, TestSytem3, TestSytem3, TestSytem3, TestSytem3, TestSytem2, TestSytem2, TestSytem1, TestSytem1, TestSytem1, TestSytem3, TestSytem1, TestSytem3, TestSytem2, TestSytem3, TestSytem2, TestSytem2, TestSytem1, nan, TestSytem2, TestSytem3, TestSytem3, TestSytem2, TestSytem1, Dest4, Dest4, Dest4, TestSytem1, TestSytem1, TestSytem1, TestSytem1, TestSytem1, TestSytem1, TestSytem1, Dest4, nan, nan, nan, nan, nan, nan, TestSytem1, TestSytem1, TestSytem1, TestSytem1, TestSytem1, TestSytem1, nan, TestSystem4, nan, nan, TestSytem1, TestSytem1, TestSytem1, nan, nan, nan, nan, nan, nan, TestSystem4, TestSystem4, TestSystem4, TestSytem1, nan, nan, nan, TestSystem4, TestSystem4, TestSystem4, TestSystem4, TestSytem1, TestSytem1, TestSytem1, nan, nan, nan, nan, nan, TestSystem4]\nAt positional index 0, first diff: test_system_4 != TestSystem4","time":{"start":1757663570103,"stop":1757663622677,"duration":52574}},{"uid":"97f31b665e619ca3","status":"failed","statusDetails":"AssertionError","time":{"start":1757663499432,"stop":1757663527730,"duration":28298}},{"uid":"194cbff3ba9c08ac","status":"failed","statusDetails":"AssertionError: DataFrame.iloc[:, 10] (column name=\"Destination Name\") are different\n\nDataFrame.iloc[:, 10] (column name=\"Destination Name\") values are different (76.0 %)\n[index]: [0, 1, 2, 3, 4, 5, 6, 7, 8, 9, 10, 11, 12, 13, 14, 15, 16, 17, 18, 19, 20, 21, 22, 23, 24, 25, 26, 27, 28, 29, 30, 31, 32, 33, 34, 35, 36, 37, 38, 39, 40, 41, 42, 43, 44, 45, 46, 47, 48, 49, 50, 51, 52, 53, 54, 55, 56, 57, 58, 59, 60, 61, 62, 63, 64, 65, 66, 67, 68, 69, 70, 71, 72, 73, 74, 75, 76, 77, 78, 79, 80, 81, 82, 83, 84, 85, 86, 87, 88, 89, 90, 91, 92, 93, 94, 95, 96, 97, 98, 99]\n[left]:  [test_system_4, test_system_4, test_system_4, test_sytem_3, test_sytem_3, test_sytem_3, test_sytem_3, test_sytem_1, test_sytem_3, test_sytem_2, test_sytem_1, test_sytem_3, test_sytem_2, test_sytem_2, test_sytem_2, test_sytem_3, test_sytem_2, test_sytem_3, test_sytem_3, test_sytem_2, test_sytem_3, test_sytem_3, test_sytem_3, test_sytem_3, test_sytem_3, test_sytem_2, test_sytem_2, test_sytem_1, test_sytem_1, test_sytem_1, test_sytem_3, test_sytem_1, test_sytem_3, test_sytem_2, test_sytem_3, test_sytem_2, test_sytem_2, test_sytem_1, nan, test_sytem_2, test_sytem_3, test_sytem_3, test_sytem_2, test_sytem_1, dest4, dest4, dest4, test_sytem_1, test_sytem_1, test_sytem_1, test_sytem_1, test_sytem_1, test_sytem_1, test_sytem_1, dest4, nan, nan, nan, nan, nan, nan, test_sytem_1, test_sytem_1, test_sytem_1, test_sytem_1, test_sytem_1, test_sytem_1, nan, test_system_4, nan, nan, test_sytem_1, test_sytem_1, test_sytem_1, nan, nan, nan, nan, nan, nan, test_system_4, test_system_4, test_system_4, test_sytem_1, nan, nan, nan, test_system_4, test_system_4, test_system_4, test_system_4, test_sytem_1, test_sytem_1, test_sytem_1, nan, nan, nan, nan, nan, test_system_4]\n[right]: [TestSystem4, TestSystem4, TestSystem4, TestSytem3, TestSytem3, TestSytem3, TestSytem3, TestSytem1, TestSytem3, TestSytem2, TestSytem1, TestSytem3, TestSytem2, TestSytem2, TestSytem2, TestSytem3, TestSytem2, TestSytem3, TestSytem3, TestSytem2, TestSytem3, TestSytem3, TestSytem3, TestSytem3, TestSytem3, TestSytem2, TestSytem2, TestSytem1, TestSytem1, TestSytem1, TestSytem3, TestSytem1, TestSytem3, TestSytem2, TestSytem3, TestSytem2, TestSytem2, TestSytem1, nan, TestSytem2, TestSytem3, TestSytem3, TestSytem2, TestSytem1, Dest4, Dest4, Dest4, TestSytem1, TestSytem1, TestSytem1, TestSytem1, TestSytem1, TestSytem1, TestSytem1, Dest4, nan, nan, nan, nan, nan, nan, TestSytem1, TestSytem1, TestSytem1, TestSytem1, TestSytem1, TestSytem1, nan, TestSystem4, nan, nan, TestSytem1, TestSytem1, TestSytem1, nan, nan, nan, nan, nan, nan, TestSystem4, TestSystem4, TestSystem4, TestSytem1, nan, nan, nan, TestSystem4, TestSystem4, TestSystem4, TestSystem4, TestSytem1, TestSytem1, TestSytem1, nan, nan, nan, nan, nan, TestSystem4]\nAt positional index 0, first diff: test_system_4 != TestSystem4","time":{"start":1757653907410,"stop":1757653942018,"duration":34608}},{"uid":"a19d902fb4fb0287","status":"failed","statusDetails":"AssertionError: DataFrame.iloc[:, 10] (column name=\"Destination Name\") are different\n\nDataFrame.iloc[:, 10] (column name=\"Destination Name\") values are different (76.0 %)\n[index]: [0, 1, 2, 3, 4, 5, 6, 7, 8, 9, 10, 11, 12, 13, 14, 15, 16, 17, 18, 19, 20, 21, 22, 23, 24, 25, 26, 27, 28, 29, 30, 31, 32, 33, 34, 35, 36, 37, 38, 39, 40, 41, 42, 43, 44, 45, 46, 47, 48, 49, 50, 51, 52, 53, 54, 55, 56, 57, 58, 59, 60, 61, 62, 63, 64, 65, 66, 67, 68, 69, 70, 71, 72, 73, 74, 75, 76, 77, 78, 79, 80, 81, 82, 83, 84, 85, 86, 87, 88, 89, 90, 91, 92, 93, 94, 95, 96, 97, 98, 99]\n[left]:  [test_system_4, test_system_4, test_system_4, test_sytem_3, test_sytem_3, test_sytem_3, test_sytem_3, test_sytem_1, test_sytem_3, test_sytem_2, test_sytem_1, test_sytem_3, test_sytem_2, test_sytem_2, test_sytem_2, test_sytem_3, test_sytem_2, test_sytem_3, test_sytem_3, test_sytem_2, test_sytem_3, test_sytem_3, test_sytem_3, test_sytem_3, test_sytem_3, test_sytem_2, test_sytem_2, test_sytem_1, test_sytem_1, test_sytem_1, test_sytem_3, test_sytem_1, test_sytem_3, test_sytem_2, test_sytem_3, test_sytem_2, test_sytem_2, test_sytem_1, nan, test_sytem_2, test_sytem_3, test_sytem_3, test_sytem_2, test_sytem_1, dest4, dest4, dest4, test_sytem_1, test_sytem_1, test_sytem_1, test_sytem_1, test_sytem_1, test_sytem_1, test_sytem_1, dest4, nan, nan, nan, nan, nan, nan, test_sytem_1, test_sytem_1, test_sytem_1, test_sytem_1, test_sytem_1, test_sytem_1, nan, test_system_4, nan, nan, test_sytem_1, test_sytem_1, test_sytem_1, nan, nan, nan, nan, nan, nan, test_system_4, test_system_4, test_system_4, test_sytem_1, nan, nan, nan, test_system_4, test_system_4, test_system_4, test_system_4, test_sytem_1, test_sytem_1, test_sytem_1, nan, nan, nan, nan, nan, test_system_4]\n[right]: [TestSystem4, TestSystem4, TestSystem4, TestSytem3, TestSytem3, TestSytem3, TestSytem3, TestSytem1, TestSytem3, TestSytem2, TestSytem1, TestSytem3, TestSytem2, TestSytem2, TestSytem2, TestSytem3, TestSytem2, TestSytem3, TestSytem3, TestSytem2, TestSytem3, TestSytem3, TestSytem3, TestSytem3, TestSytem3, TestSytem2, TestSytem2, TestSytem1, TestSytem1, TestSytem1, TestSytem3, TestSytem1, TestSytem3, TestSytem2, TestSytem3, TestSytem2, TestSytem2, TestSytem1, nan, TestSytem2, TestSytem3, TestSytem3, TestSytem2, TestSytem1, Dest4, Dest4, Dest4, TestSytem1, TestSytem1, TestSytem1, TestSytem1, TestSytem1, TestSytem1, TestSytem1, Dest4, nan, nan, nan, nan, nan, nan, TestSytem1, TestSytem1, TestSytem1, TestSytem1, TestSytem1, TestSytem1, nan, TestSystem4, nan, nan, TestSytem1, TestSytem1, TestSytem1, nan, nan, nan, nan, nan, nan, TestSystem4, TestSystem4, TestSystem4, TestSytem1, nan, nan, nan, TestSystem4, TestSystem4, TestSystem4, TestSystem4, TestSytem1, TestSytem1, TestSytem1, nan, nan, nan, nan, nan, TestSystem4]\nAt positional index 0, first diff: test_system_4 != TestSystem4","time":{"start":1757575360343,"stop":1757575418275,"duration":57932}},{"uid":"7165ca9b0b92971","status":"failed","statusDetails":"AssertionError: DataFrame are different\n\nDataFrame shape mismatch\n[left]:  (10, 16)\n[right]: (100, 16)","time":{"start":1757575088581,"stop":1757575135551,"duration":46970}},{"uid":"780e889caa17ac49","status":"broken","statusDetails":"selenium.common.exceptions.StaleElementReferenceException: Message: stale element reference: stale element not found in the current frame\n  (Session info: chrome=139.0.7258.155); For documentation on this error, please visit: https://www.selenium.dev/documentation/webdriver/troubleshooting/errors#staleelementreferenceexception\nStacktrace:\n\tGetHandleVerifier [0x0x7ff7aede3d85+79397]\n\tGetHandleVerifier [0x0x7ff7aede3de0+79488]\n\t(No symbol) [0x0x7ff7aeb8c0fa]\n\t(No symbol) [0x0x7ff7aeb93a99]\n\t(No symbol) [0x0x7ff7aeb96b3c]\n\t(No symbol) [0x0x7ff7aeb96c0f]\n\t(No symbol) [0x0x7ff7aebdcae6]\n\t(No symbol) [0x0x7ff7aec0b19a]\n\t(No symbol) [0x0x7ff7aebd5996]\n\t(No symbol) [0x0x7ff7aec0b3b0]\n\t(No symbol) [0x0x7ff7aec33344]\n\t(No symbol) [0x0x7ff7aec0af73]\n\t(No symbol) [0x0x7ff7aebd41b1]\n\t(No symbol) [0x0x7ff7aebd4f43]\n\tGetHandleVerifier [0x0x7ff7af0ae1ed+3005069]\n\tGetHandleVerifier [0x0x7ff7af0a831d+2980797]\n\tGetHandleVerifier [0x0x7ff7af0c7e0d+3110573]\n\tGetHandleVerifier [0x0x7ff7aedfd6de+184190]\n\tGetHandleVerifier [0x0x7ff7aee0516f+215567]\n\tGetHandleVerifier [0x0x7ff7aedec974+115220]\n\tGetHandleVerifier [0x0x7ff7aedecb29+115657]\n\tGetHandleVerifier [0x0x7ff7aedd3268+11016]\n\tBaseThreadInitThunk [0x0x7ffdb83de8d7+23]\n\tRtlUserThreadStart [0x0x7ffdba588d9c+44]","time":{"start":1757574895899,"stop":1757574908724,"duration":12825}},{"uid":"960dd68bbc9b60b6","status":"broken","statusDetails":"selenium.common.exceptions.TimeoutException: Message: \nStacktrace:\n\tGetHandleVerifier [0x0x7ff7aede3d85+79397]\n\tGetHandleVerifier [0x0x7ff7aede3de0+79488]\n\t(No symbol) [0x0x7ff7aeb8c0fa]\n\t(No symbol) [0x0x7ff7aebe2fd6]\n\t(No symbol) [0x0x7ff7aebe328c]\n\t(No symbol) [0x0x7ff7aec36537]\n\t(No symbol) [0x0x7ff7aec0b1df]\n\t(No symbol) [0x0x7ff7aec33344]\n\t(No symbol) [0x0x7ff7aec0af73]\n\t(No symbol) [0x0x7ff7aebd41b1]\n\t(No symbol) [0x0x7ff7aebd4f43]\n\tGetHandleVerifier [0x0x7ff7af0ae1ed+3005069]\n\tGetHandleVerifier [0x0x7ff7af0a831d+2980797]\n\tGetHandleVerifier [0x0x7ff7af0c7e0d+3110573]\n\tGetHandleVerifier [0x0x7ff7aedfd6de+184190]\n\tGetHandleVerifier [0x0x7ff7aee0516f+215567]\n\tGetHandleVerifier [0x0x7ff7aedec974+115220]\n\tGetHandleVerifier [0x0x7ff7aedecb29+115657]\n\tGetHandleVerifier [0x0x7ff7aedd3268+11016]\n\tBaseThreadInitThunk [0x0x7ffdb83de8d7+23]\n\tRtlUserThreadStart [0x0x7ffdba588d9c+44]","time":{"start":1757574854512,"stop":1757574865565,"duration":11053}},{"uid":"d2a3beff89155f8c","status":"broken","statusDetails":"selenium.common.exceptions.ElementClickInterceptedException: Message: element click intercepted: Element <button type=\"button\" class=\" bg-brand-500 border-0 justify-center rounded-md text-white  inline-flex gap-2 items-center px-5 text-lg\">...</button> is not clickable at point (1185, 447). Other element would receive the click: <iframe id=\"chat-widget-minimized\" name=\"chat-widget-minimized\" title=\"LiveChat chat widget\" scrolling=\"no\" style=\"width: 100%; height: 100%; min-height: 0px; min-width: 0px; margin: 0px; padding: 0px; background-image: none; background-position: 0% 0%; background-size: initial; background-attachment: scroll; background-origin: initial; background-clip: initial; background-color: rgba(0, 0, 0, 0); border-width: 0px; float: none; color-scheme: normal; display: block;\"></iframe>\n  (Session info: chrome=139.0.7258.155); For documentation on this error, please visit: https://www.selenium.dev/documentation/webdriver/troubleshooting/errors#elementclickinterceptedexception\nStacktrace:\n\tGetHandleVerifier [0x0x7ff7aede3d85+79397]\n\tGetHandleVerifier [0x0x7ff7aede3de0+79488]\n\t(No symbol) [0x0x7ff7aeb8c0fa]\n\t(No symbol) [0x0x7ff7aebeafd9]\n\t(No symbol) [0x0x7ff7aebe8972]\n\t(No symbol) [0x0x7ff7aebe59c1]\n\t(No symbol) [0x0x7ff7aebe48b1]\n\t(No symbol) [0x0x7ff7aebd60e8]\n\t(No symbol) [0x0x7ff7aec0b19a]\n\t(No symbol) [0x0x7ff7aebd5996]\n\t(No symbol) [0x0x7ff7aec0b3b0]\n\t(No symbol) [0x0x7ff7aec33344]\n\t(No symbol) [0x0x7ff7aec0af73]\n\t(No symbol) [0x0x7ff7aebd41b1]\n\t(No symbol) [0x0x7ff7aebd4f43]\n\tGetHandleVerifier [0x0x7ff7af0ae1ed+3005069]\n\tGetHandleVerifier [0x0x7ff7af0a831d+2980797]\n\tGetHandleVerifier [0x0x7ff7af0c7e0d+3110573]\n\tGetHandleVerifier [0x0x7ff7aedfd6de+184190]\n\tGetHandleVerifier [0x0x7ff7aee0516f+215567]\n\tGetHandleVerifier [0x0x7ff7aedec974+115220]\n\tGetHandleVerifier [0x0x7ff7aedecb29+115657]\n\tGetHandleVerifier [0x0x7ff7aedd3268+11016]\n\tBaseThreadInitThunk [0x0x7ffdb83de8d7+23]\n\tRtlUserThreadStart [0x0x7ffdba588d9c+44]","time":{"start":1757574694796,"stop":1757574708341,"duration":13545}},{"uid":"e715a1bf86953ac","status":"broken","statusDetails":"selenium.common.exceptions.StaleElementReferenceException: Message: stale element reference: stale element not found in the current frame\n  (Session info: chrome=139.0.7258.155); For documentation on this error, please visit: https://www.selenium.dev/documentation/webdriver/troubleshooting/errors#staleelementreferenceexception\nStacktrace:\n\tGetHandleVerifier [0x0x7ff7aede3d85+79397]\n\tGetHandleVerifier [0x0x7ff7aede3de0+79488]\n\t(No symbol) [0x0x7ff7aeb8c0fa]\n\t(No symbol) [0x0x7ff7aeb93a99]\n\t(No symbol) [0x0x7ff7aeb96b3c]\n\t(No symbol) [0x0x7ff7aeb96c0f]\n\t(No symbol) [0x0x7ff7aebdcae6]\n\t(No symbol) [0x0x7ff7aec0b19a]\n\t(No symbol) [0x0x7ff7aebd5996]\n\t(No symbol) [0x0x7ff7aec0b3b0]\n\t(No symbol) [0x0x7ff7aec33344]\n\t(No symbol) [0x0x7ff7aec0af73]\n\t(No symbol) [0x0x7ff7aebd41b1]\n\t(No symbol) [0x0x7ff7aebd4f43]\n\tGetHandleVerifier [0x0x7ff7af0ae1ed+3005069]\n\tGetHandleVerifier [0x0x7ff7af0a831d+2980797]\n\tGetHandleVerifier [0x0x7ff7af0c7e0d+3110573]\n\tGetHandleVerifier [0x0x7ff7aedfd6de+184190]\n\tGetHandleVerifier [0x0x7ff7aee0516f+215567]\n\tGetHandleVerifier [0x0x7ff7aedec974+115220]\n\tGetHandleVerifier [0x0x7ff7aedecb29+115657]\n\tGetHandleVerifier [0x0x7ff7aedd3268+11016]\n\tBaseThreadInitThunk [0x0x7ffdb83de8d7+23]\n\tRtlUserThreadStart [0x0x7ffdba588d9c+44]","time":{"start":1757574632082,"stop":1757574644262,"duration":12180}},{"uid":"dae18a5db9c1a88f","status":"broken","statusDetails":"selenium.common.exceptions.ElementClickInterceptedException: Message: element click intercepted: Element <button type=\"button\" class=\" bg-brand-500 border-0 justify-center rounded-md text-white  inline-flex gap-2 items-center px-5 text-lg\">...</button> is not clickable at point (1185, 447). Other element would receive the click: <iframe id=\"chat-widget-minimized\" name=\"chat-widget-minimized\" title=\"LiveChat chat widget\" scrolling=\"no\" style=\"width: 100%; height: 100%; min-height: 0px; min-width: 0px; margin: 0px; padding: 0px; background-image: none; background-position: 0% 0%; background-size: initial; background-attachment: scroll; background-origin: initial; background-clip: initial; background-color: rgba(0, 0, 0, 0); border-width: 0px; float: none; color-scheme: normal; display: block;\"></iframe>\n  (Session info: chrome=139.0.7258.155); For documentation on this error, please visit: https://www.selenium.dev/documentation/webdriver/troubleshooting/errors#elementclickinterceptedexception\nStacktrace:\n\tGetHandleVerifier [0x0x7ff7aede3d85+79397]\n\tGetHandleVerifier [0x0x7ff7aede3de0+79488]\n\t(No symbol) [0x0x7ff7aeb8c0fa]\n\t(No symbol) [0x0x7ff7aebeafd9]\n\t(No symbol) [0x0x7ff7aebe8972]\n\t(No symbol) [0x0x7ff7aebe59c1]\n\t(No symbol) [0x0x7ff7aebe48b1]\n\t(No symbol) [0x0x7ff7aebd60e8]\n\t(No symbol) [0x0x7ff7aec0b19a]\n\t(No symbol) [0x0x7ff7aebd5996]\n\t(No symbol) [0x0x7ff7aec0b3b0]\n\t(No symbol) [0x0x7ff7aec33344]\n\t(No symbol) [0x0x7ff7aec0af73]\n\t(No symbol) [0x0x7ff7aebd41b1]\n\t(No symbol) [0x0x7ff7aebd4f43]\n\tGetHandleVerifier [0x0x7ff7af0ae1ed+3005069]\n\tGetHandleVerifier [0x0x7ff7af0a831d+2980797]\n\tGetHandleVerifier [0x0x7ff7af0c7e0d+3110573]\n\tGetHandleVerifier [0x0x7ff7aedfd6de+184190]\n\tGetHandleVerifier [0x0x7ff7aee0516f+215567]\n\tGetHandleVerifier [0x0x7ff7aedec974+115220]\n\tGetHandleVerifier [0x0x7ff7aedecb29+115657]\n\tGetHandleVerifier [0x0x7ff7aedd3268+11016]\n\tBaseThreadInitThunk [0x0x7ffdb83de8d7+23]\n\tRtlUserThreadStart [0x0x7ffdba588d9c+44]","time":{"start":1757574229297,"stop":1757574244698,"duration":15401}},{"uid":"ad2a0363211add7e","status":"broken","statusDetails":"selenium.common.exceptions.ElementClickInterceptedException: Message: element click intercepted: Element <button type=\"button\" class=\" bg-brand-500 border-0 justify-center rounded-md text-white  inline-flex gap-2 items-center px-5 text-lg\">...</button> is not clickable at point (1185, 447). Other element would receive the click: <iframe id=\"chat-widget-minimized\" name=\"chat-widget-minimized\" title=\"LiveChat chat widget\" scrolling=\"no\" style=\"width: 100%; height: 100%; min-height: 0px; min-width: 0px; margin: 0px; padding: 0px; background-image: none; background-position: 0% 0%; background-size: initial; background-attachment: scroll; background-origin: initial; background-clip: initial; background-color: rgba(0, 0, 0, 0); border-width: 0px; float: none; color-scheme: normal; display: block;\"></iframe>\n  (Session info: chrome=139.0.7258.155); For documentation on this error, please visit: https://www.selenium.dev/documentation/webdriver/troubleshooting/errors#elementclickinterceptedexception\nStacktrace:\n\tGetHandleVerifier [0x0x7ff74fdc3d85+79397]\n\tGetHandleVerifier [0x0x7ff74fdc3de0+79488]\n\t(No symbol) [0x0x7ff74fb6c0fa]\n\t(No symbol) [0x0x7ff74fbcafd9]\n\t(No symbol) [0x0x7ff74fbc8972]\n\t(No symbol) [0x0x7ff74fbc59c1]\n\t(No symbol) [0x0x7ff74fbc48b1]\n\t(No symbol) [0x0x7ff74fbb60e8]\n\t(No symbol) [0x0x7ff74fbeb19a]\n\t(No symbol) [0x0x7ff74fbb5996]\n\t(No symbol) [0x0x7ff74fbeb3b0]\n\t(No symbol) [0x0x7ff74fc13344]\n\t(No symbol) [0x0x7ff74fbeaf73]\n\t(No symbol) [0x0x7ff74fbb41b1]\n\t(No symbol) [0x0x7ff74fbb4f43]\n\tGetHandleVerifier [0x0x7ff75008e1ed+3005069]\n\tGetHandleVerifier [0x0x7ff75008831d+2980797]\n\tGetHandleVerifier [0x0x7ff7500a7e0d+3110573]\n\tGetHandleVerifier [0x0x7ff74fddd6de+184190]\n\tGetHandleVerifier [0x0x7ff74fde516f+215567]\n\tGetHandleVerifier [0x0x7ff74fdcc974+115220]\n\tGetHandleVerifier [0x0x7ff74fdccb29+115657]\n\tGetHandleVerifier [0x0x7ff74fdb3268+11016]\n\tBaseThreadInitThunk [0x0x7fffd61fe8d7+23]\n\tRtlUserThreadStart [0x0x7fffd7a88d9c+44]","time":{"start":1757420894029,"stop":1757420907861,"duration":13832}},{"uid":"5c53f439226c92dc","status":"broken","statusDetails":"selenium.common.exceptions.ElementClickInterceptedException: Message: element click intercepted: Element <button type=\"button\" class=\" bg-brand-500 border-0 justify-center rounded-md text-white  inline-flex gap-2 items-center px-5 text-lg\">...</button> is not clickable at point (1185, 447). Other element would receive the click: <iframe id=\"chat-widget-minimized\" name=\"chat-widget-minimized\" title=\"LiveChat chat widget\" scrolling=\"no\" style=\"width: 100%; height: 100%; min-height: 0px; min-width: 0px; margin: 0px; padding: 0px; background-image: none; background-position: 0% 0%; background-size: initial; background-attachment: scroll; background-origin: initial; background-clip: initial; background-color: rgba(0, 0, 0, 0); border-width: 0px; float: none; color-scheme: normal; display: block;\"></iframe>\n  (Session info: chrome=139.0.7258.155); For documentation on this error, please visit: https://www.selenium.dev/documentation/webdriver/troubleshooting/errors#elementclickinterceptedexception\nStacktrace:\n\tGetHandleVerifier [0x0x7ff7971f3d85+79397]\n\tGetHandleVerifier [0x0x7ff7971f3de0+79488]\n\t(No symbol) [0x0x7ff796f9c0fa]\n\t(No symbol) [0x0x7ff796ffafd9]\n\t(No symbol) [0x0x7ff796ff8972]\n\t(No symbol) [0x0x7ff796ff59c1]\n\t(No symbol) [0x0x7ff796ff48b1]\n\t(No symbol) [0x0x7ff796fe60e8]\n\t(No symbol) [0x0x7ff79701b19a]\n\t(No symbol) [0x0x7ff796fe5996]\n\t(No symbol) [0x0x7ff79701b3b0]\n\t(No symbol) [0x0x7ff797043344]\n\t(No symbol) [0x0x7ff79701af73]\n\t(No symbol) [0x0x7ff796fe41b1]\n\t(No symbol) [0x0x7ff796fe4f43]\n\tGetHandleVerifier [0x0x7ff7974be1ed+3005069]\n\tGetHandleVerifier [0x0x7ff7974b831d+2980797]\n\tGetHandleVerifier [0x0x7ff7974d7e0d+3110573]\n\tGetHandleVerifier [0x0x7ff79720d6de+184190]\n\tGetHandleVerifier [0x0x7ff79721516f+215567]\n\tGetHandleVerifier [0x0x7ff7971fc974+115220]\n\tGetHandleVerifier [0x0x7ff7971fcb29+115657]\n\tGetHandleVerifier [0x0x7ff7971e3268+11016]\n\tBaseThreadInitThunk [0x0x7ffb4240e8d7+23]\n\tRtlUserThreadStart [0x0x7ffb426c8d9c+44]","time":{"start":1757067068448,"stop":1757067081556,"duration":13108}},{"uid":"e311fbfd6dfdc42c","status":"broken","statusDetails":"selenium.common.exceptions.ElementClickInterceptedException: Message: element click intercepted: Element <button type=\"button\" class=\" bg-brand-500 border-0 justify-center rounded-md text-white  inline-flex gap-2 items-center px-5 text-lg\">...</button> is not clickable at point (1185, 447). Other element would receive the click: <iframe id=\"chat-widget-minimized\" name=\"chat-widget-minimized\" title=\"LiveChat chat widget\" scrolling=\"no\" style=\"width: 100%; height: 100%; min-height: 0px; min-width: 0px; margin: 0px; padding: 0px; background-image: none; background-position: 0% 0%; background-size: initial; background-attachment: scroll; background-origin: initial; background-clip: initial; background-color: rgba(0, 0, 0, 0); border-width: 0px; float: none; color-scheme: normal; display: block;\"></iframe>\n  (Session info: chrome=139.0.7258.155); For documentation on this error, please visit: https://www.selenium.dev/documentation/webdriver/troubleshooting/errors#elementclickinterceptedexception\nStacktrace:\n\tGetHandleVerifier [0x0x7ff7971f3d85+79397]\n\tGetHandleVerifier [0x0x7ff7971f3de0+79488]\n\t(No symbol) [0x0x7ff796f9c0fa]\n\t(No symbol) [0x0x7ff796ffafd9]\n\t(No symbol) [0x0x7ff796ff8972]\n\t(No symbol) [0x0x7ff796ff59c1]\n\t(No symbol) [0x0x7ff796ff48b1]\n\t(No symbol) [0x0x7ff796fe60e8]\n\t(No symbol) [0x0x7ff79701b19a]\n\t(No symbol) [0x0x7ff796fe5996]\n\t(No symbol) [0x0x7ff79701b3b0]\n\t(No symbol) [0x0x7ff797043344]\n\t(No symbol) [0x0x7ff79701af73]\n\t(No symbol) [0x0x7ff796fe41b1]\n\t(No symbol) [0x0x7ff796fe4f43]\n\tGetHandleVerifier [0x0x7ff7974be1ed+3005069]\n\tGetHandleVerifier [0x0x7ff7974b831d+2980797]\n\tGetHandleVerifier [0x0x7ff7974d7e0d+3110573]\n\tGetHandleVerifier [0x0x7ff79720d6de+184190]\n\tGetHandleVerifier [0x0x7ff79721516f+215567]\n\tGetHandleVerifier [0x0x7ff7971fc974+115220]\n\tGetHandleVerifier [0x0x7ff7971fcb29+115657]\n\tGetHandleVerifier [0x0x7ff7971e3268+11016]\n\tBaseThreadInitThunk [0x0x7ffb4240e8d7+23]\n\tRtlUserThreadStart [0x0x7ffb426c8d9c+44]","time":{"start":1757066180847,"stop":1757066197708,"duration":16861}},{"uid":"50638e58c0a26be2","status":"broken","statusDetails":"selenium.common.exceptions.ElementClickInterceptedException: Message: element click intercepted: Element <button type=\"button\" class=\"bg-brand-500 border-0 justify-center rounded-md text-white text-xl inline-flex items-center md:rounded-xl md:size-14 size-12\">...</button> is not clickable at point (1231, 103). Other element would receive the click: <iframe id=\"chat-widget-minimized\" name=\"chat-widget-minimized\" title=\"LiveChat chat widget\" scrolling=\"no\" style=\"width: 100%; height: 100%; min-height: 0px; min-width: 0px; margin: 0px; padding: 0px; background-image: none; background-position: 0% 0%; background-size: initial; background-attachment: scroll; background-origin: initial; background-clip: initial; background-color: rgba(0, 0, 0, 0); border-width: 0px; float: none; color-scheme: normal; display: block;\"></iframe>\n  (Session info: chrome=139.0.7258.155); For documentation on this error, please visit: https://www.selenium.dev/documentation/webdriver/troubleshooting/errors#elementclickinterceptedexception\nStacktrace:\n\tGetHandleVerifier [0x0x7ff7971f3d85+79397]\n\tGetHandleVerifier [0x0x7ff7971f3de0+79488]\n\t(No symbol) [0x0x7ff796f9c0fa]\n\t(No symbol) [0x0x7ff796ffafd9]\n\t(No symbol) [0x0x7ff796ff8972]\n\t(No symbol) [0x0x7ff796ff59c1]\n\t(No symbol) [0x0x7ff796ff48b1]\n\t(No symbol) [0x0x7ff796fe60e8]\n\t(No symbol) [0x0x7ff79701b19a]\n\t(No symbol) [0x0x7ff796fe5996]\n\t(No symbol) [0x0x7ff79701b3b0]\n\t(No symbol) [0x0x7ff797043344]\n\t(No symbol) [0x0x7ff79701af73]\n\t(No symbol) [0x0x7ff796fe41b1]\n\t(No symbol) [0x0x7ff796fe4f43]\n\tGetHandleVerifier [0x0x7ff7974be1ed+3005069]\n\tGetHandleVerifier [0x0x7ff7974b831d+2980797]\n\tGetHandleVerifier [0x0x7ff7974d7e0d+3110573]\n\tGetHandleVerifier [0x0x7ff79720d6de+184190]\n\tGetHandleVerifier [0x0x7ff79721516f+215567]\n\tGetHandleVerifier [0x0x7ff7971fc974+115220]\n\tGetHandleVerifier [0x0x7ff7971fcb29+115657]\n\tGetHandleVerifier [0x0x7ff7971e3268+11016]\n\tBaseThreadInitThunk [0x0x7ffb4240e8d7+23]\n\tRtlUserThreadStart [0x0x7ffb426c8d9c+44]","time":{"start":1757065599613,"stop":1757065607624,"duration":8011}},{"uid":"1b7222a099e633a5","status":"failed","statusDetails":"AssertionError: DataFrame.iloc[:, 10] (column name=\"Destination Name\") are different\n\nDataFrame.iloc[:, 10] (column name=\"Destination Name\") values are different (76.0 %)\n[index]: [0, 1, 2, 3, 4, 5, 6, 7, 8, 9, 10, 11, 12, 13, 14, 15, 16, 17, 18, 19, 20, 21, 22, 23, 24, 25, 26, 27, 28, 29, 30, 31, 32, 33, 34, 35, 36, 37, 38, 39, 40, 41, 42, 43, 44, 45, 46, 47, 48, 49, 50, 51, 52, 53, 54, 55, 56, 57, 58, 59, 60, 61, 62, 63, 64, 65, 66, 67, 68, 69, 70, 71, 72, 73, 74, 75, 76, 77, 78, 79, 80, 81, 82, 83, 84, 85, 86, 87, 88, 89, 90, 91, 92, 93, 94, 95, 96, 97, 98, 99]\n[left]:  [test_system_4, test_system_4, test_system_4, test_sytem_3, test_sytem_3, test_sytem_3, test_sytem_3, test_sytem_1, test_sytem_3, test_sytem_2, test_sytem_1, test_sytem_3, test_sytem_2, test_sytem_2, test_sytem_2, test_sytem_3, test_sytem_2, test_sytem_3, test_sytem_3, test_sytem_2, test_sytem_3, test_sytem_3, test_sytem_3, test_sytem_3, test_sytem_3, test_sytem_2, test_sytem_2, test_sytem_1, test_sytem_1, test_sytem_1, test_sytem_3, test_sytem_1, test_sytem_3, test_sytem_2, test_sytem_3, test_sytem_2, test_sytem_2, test_sytem_1, nan, test_sytem_2, test_sytem_3, test_sytem_3, test_sytem_2, test_sytem_1, dest4, dest4, dest4, test_sytem_1, test_sytem_1, test_sytem_1, test_sytem_1, test_sytem_1, test_sytem_1, test_sytem_1, dest4, nan, nan, nan, nan, nan, nan, test_sytem_1, test_sytem_1, test_sytem_1, test_sytem_1, test_sytem_1, test_sytem_1, nan, test_system_4, nan, nan, test_sytem_1, test_sytem_1, test_sytem_1, nan, nan, nan, nan, nan, nan, test_system_4, test_system_4, test_system_4, test_sytem_1, nan, nan, nan, test_system_4, test_system_4, test_system_4, test_system_4, test_sytem_1, test_sytem_1, test_sytem_1, nan, nan, nan, nan, nan, test_system_4]\n[right]: [TestSystem4, TestSystem4, TestSystem4, TestSytem3, TestSytem3, TestSytem3, TestSytem3, TestSytem1, TestSytem3, TestSytem2, TestSytem1, TestSytem3, TestSytem2, TestSytem2, TestSytem2, TestSytem3, TestSytem2, TestSytem3, TestSytem3, TestSytem2, TestSytem3, TestSytem3, TestSytem3, TestSytem3, TestSytem3, TestSytem2, TestSytem2, TestSytem1, TestSytem1, TestSytem1, TestSytem3, TestSytem1, TestSytem3, TestSytem2, TestSytem3, TestSytem2, TestSytem2, TestSytem1, nan, TestSytem2, TestSytem3, TestSytem3, TestSytem2, TestSytem1, Dest4, Dest4, Dest4, TestSytem1, TestSytem1, TestSytem1, TestSytem1, TestSytem1, TestSytem1, TestSytem1, Dest4, nan, nan, nan, nan, nan, nan, TestSytem1, TestSytem1, TestSytem1, TestSytem1, TestSytem1, TestSytem1, nan, TestSystem4, nan, nan, TestSytem1, TestSytem1, TestSytem1, nan, nan, nan, nan, nan, nan, TestSystem4, TestSystem4, TestSystem4, TestSytem1, nan, nan, nan, TestSystem4, TestSystem4, TestSystem4, TestSystem4, TestSytem1, TestSytem1, TestSytem1, nan, nan, nan, nan, nan, TestSystem4]\nAt positional index 0, first diff: test_system_4 != TestSystem4","time":{"start":1756996526764,"stop":1756996560848,"duration":34084}},{"uid":"25576a2f8bcb332f","status":"failed","statusDetails":"AssertionError: DataFrame.iloc[:, 10] (column name=\"Destination Name\") are different\n\nDataFrame.iloc[:, 10] (column name=\"Destination Name\") values are different (76.0 %)\n[index]: [0, 1, 2, 3, 4, 5, 6, 7, 8, 9, 10, 11, 12, 13, 14, 15, 16, 17, 18, 19, 20, 21, 22, 23, 24, 25, 26, 27, 28, 29, 30, 31, 32, 33, 34, 35, 36, 37, 38, 39, 40, 41, 42, 43, 44, 45, 46, 47, 48, 49, 50, 51, 52, 53, 54, 55, 56, 57, 58, 59, 60, 61, 62, 63, 64, 65, 66, 67, 68, 69, 70, 71, 72, 73, 74, 75, 76, 77, 78, 79, 80, 81, 82, 83, 84, 85, 86, 87, 88, 89, 90, 91, 92, 93, 94, 95, 96, 97, 98, 99]\n[left]:  [test_system_4, test_system_4, test_system_4, test_sytem_3, test_sytem_3, test_sytem_3, test_sytem_3, test_sytem_1, test_sytem_3, test_sytem_2, test_sytem_1, test_sytem_3, test_sytem_2, test_sytem_2, test_sytem_2, test_sytem_3, test_sytem_2, test_sytem_3, test_sytem_3, test_sytem_2, test_sytem_3, test_sytem_3, test_sytem_3, test_sytem_3, test_sytem_3, test_sytem_2, test_sytem_2, test_sytem_1, test_sytem_1, test_sytem_1, test_sytem_3, test_sytem_1, test_sytem_3, test_sytem_2, test_sytem_3, test_sytem_2, test_sytem_2, test_sytem_1, nan, test_sytem_2, test_sytem_3, test_sytem_3, test_sytem_2, test_sytem_1, dest4, dest4, dest4, test_sytem_1, test_sytem_1, test_sytem_1, test_sytem_1, test_sytem_1, test_sytem_1, test_sytem_1, dest4, nan, nan, nan, nan, nan, nan, test_sytem_1, test_sytem_1, test_sytem_1, test_sytem_1, test_sytem_1, test_sytem_1, nan, test_system_4, nan, nan, test_sytem_1, test_sytem_1, test_sytem_1, nan, nan, nan, nan, nan, nan, test_system_4, test_system_4, test_system_4, test_sytem_1, nan, nan, nan, test_system_4, test_system_4, test_system_4, test_system_4, test_sytem_1, test_sytem_1, test_sytem_1, nan, nan, nan, nan, nan, test_system_4]\n[right]: [TestSystem4, TestSystem4, TestSystem4, TestSytem3, TestSytem3, TestSytem3, TestSytem3, TestSytem1, TestSytem3, TestSytem2, TestSytem1, TestSytem3, TestSytem2, TestSytem2, TestSytem2, TestSytem3, TestSytem2, TestSytem3, TestSytem3, TestSytem2, TestSytem3, TestSytem3, TestSytem3, TestSytem3, TestSytem3, TestSytem2, TestSytem2, TestSytem1, TestSytem1, TestSytem1, TestSytem3, TestSytem1, TestSytem3, TestSytem2, TestSytem3, TestSytem2, TestSytem2, TestSytem1, nan, TestSytem2, TestSytem3, TestSytem3, TestSytem2, TestSytem1, Dest4, Dest4, Dest4, TestSytem1, TestSytem1, TestSytem1, TestSytem1, TestSytem1, TestSytem1, TestSytem1, Dest4, nan, nan, nan, nan, nan, nan, TestSytem1, TestSytem1, TestSytem1, TestSytem1, TestSytem1, TestSytem1, nan, TestSystem4, nan, nan, TestSytem1, TestSytem1, TestSytem1, nan, nan, nan, nan, nan, nan, TestSystem4, TestSystem4, TestSystem4, TestSytem1, nan, nan, nan, TestSystem4, TestSystem4, TestSystem4, TestSystem4, TestSytem1, TestSytem1, TestSytem1, nan, nan, nan, nan, nan, TestSystem4]\nAt positional index 0, first diff: test_system_4 != TestSystem4","time":{"start":1756995803862,"stop":1756995851775,"duration":47913}},{"uid":"531251d484a87124","status":"failed","statusDetails":"AssertionError: DataFrame are different\n\nDataFrame shape mismatch\n[left]:  (10, 16)\n[right]: (100, 16)","time":{"start":1756984194301,"stop":1756984233220,"duration":38919}},{"uid":"a62b96ea93d2a3ba","status":"failed","statusDetails":"AssertionError: DataFrame.iloc[:, 10] (column name=\"Destination Name\") are different\n\nDataFrame.iloc[:, 10] (column name=\"Destination Name\") values are different (76.0 %)\n[index]: [0, 1, 2, 3, 4, 5, 6, 7, 8, 9, 10, 11, 12, 13, 14, 15, 16, 17, 18, 19, 20, 21, 22, 23, 24, 25, 26, 27, 28, 29, 30, 31, 32, 33, 34, 35, 36, 37, 38, 39, 40, 41, 42, 43, 44, 45, 46, 47, 48, 49, 50, 51, 52, 53, 54, 55, 56, 57, 58, 59, 60, 61, 62, 63, 64, 65, 66, 67, 68, 69, 70, 71, 72, 73, 74, 75, 76, 77, 78, 79, 80, 81, 82, 83, 84, 85, 86, 87, 88, 89, 90, 91, 92, 93, 94, 95, 96, 97, 98, 99]\n[left]:  [test_system_4, test_system_4, test_system_4, test_sytem_3, test_sytem_3, test_sytem_3, test_sytem_3, test_sytem_1, test_sytem_3, test_sytem_2, test_sytem_1, test_sytem_3, test_sytem_2, test_sytem_2, test_sytem_2, test_sytem_3, test_sytem_2, test_sytem_3, test_sytem_3, test_sytem_2, test_sytem_3, test_sytem_3, test_sytem_3, test_sytem_3, test_sytem_3, test_sytem_2, test_sytem_2, test_sytem_1, test_sytem_1, test_sytem_1, test_sytem_3, test_sytem_1, test_sytem_3, test_sytem_2, test_sytem_3, test_sytem_2, test_sytem_2, test_sytem_1, nan, test_sytem_2, test_sytem_3, test_sytem_3, test_sytem_2, test_sytem_1, dest4, dest4, dest4, test_sytem_1, test_sytem_1, test_sytem_1, test_sytem_1, test_sytem_1, test_sytem_1, test_sytem_1, dest4, nan, nan, nan, nan, nan, nan, test_sytem_1, test_sytem_1, test_sytem_1, test_sytem_1, test_sytem_1, test_sytem_1, nan, test_system_4, nan, nan, test_sytem_1, test_sytem_1, test_sytem_1, nan, nan, nan, nan, nan, nan, test_system_4, test_system_4, test_system_4, test_sytem_1, nan, nan, nan, test_system_4, test_system_4, test_system_4, test_system_4, test_sytem_1, test_sytem_1, test_sytem_1, nan, nan, nan, nan, nan, test_system_4]\n[right]: [TestSystem4, TestSystem4, TestSystem4, TestSytem3, TestSytem3, TestSytem3, TestSytem3, TestSytem1, TestSytem3, TestSytem2, TestSytem1, TestSytem3, TestSytem2, TestSytem2, TestSytem2, TestSytem3, TestSytem2, TestSytem3, TestSytem3, TestSytem2, TestSytem3, TestSytem3, TestSytem3, TestSytem3, TestSytem3, TestSytem2, TestSytem2, TestSytem1, TestSytem1, TestSytem1, TestSytem3, TestSytem1, TestSytem3, TestSytem2, TestSytem3, TestSytem2, TestSytem2, TestSytem1, nan, TestSytem2, TestSytem3, TestSytem3, TestSytem2, TestSytem1, Dest4, Dest4, Dest4, TestSytem1, TestSytem1, TestSytem1, TestSytem1, TestSytem1, TestSytem1, TestSytem1, Dest4, nan, nan, nan, nan, nan, nan, TestSytem1, TestSytem1, TestSytem1, TestSytem1, TestSytem1, TestSytem1, nan, TestSystem4, nan, nan, TestSytem1, TestSytem1, TestSytem1, nan, nan, nan, nan, nan, nan, TestSystem4, TestSystem4, TestSystem4, TestSytem1, nan, nan, nan, TestSystem4, TestSystem4, TestSystem4, TestSystem4, TestSytem1, TestSytem1, TestSytem1, nan, nan, nan, nan, nan, TestSystem4]\nAt positional index 0, first diff: test_system_4 != TestSystem4","time":{"start":1756823218104,"stop":1756823250328,"duration":32224}},{"uid":"bc684e54548190d4","status":"failed","statusDetails":"AssertionError: DataFrame.iloc[:, 10] (column name=\"Destination Name\") are different\n\nDataFrame.iloc[:, 10] (column name=\"Destination Name\") values are different (76.0 %)\n[index]: [0, 1, 2, 3, 4, 5, 6, 7, 8, 9, 10, 11, 12, 13, 14, 15, 16, 17, 18, 19, 20, 21, 22, 23, 24, 25, 26, 27, 28, 29, 30, 31, 32, 33, 34, 35, 36, 37, 38, 39, 40, 41, 42, 43, 44, 45, 46, 47, 48, 49, 50, 51, 52, 53, 54, 55, 56, 57, 58, 59, 60, 61, 62, 63, 64, 65, 66, 67, 68, 69, 70, 71, 72, 73, 74, 75, 76, 77, 78, 79, 80, 81, 82, 83, 84, 85, 86, 87, 88, 89, 90, 91, 92, 93, 94, 95, 96, 97, 98, 99]\n[left]:  [test_system_4, test_system_4, test_system_4, test_sytem_3, test_sytem_3, test_sytem_3, test_sytem_3, test_sytem_1, test_sytem_3, test_sytem_2, test_sytem_1, test_sytem_3, test_sytem_2, test_sytem_2, test_sytem_2, test_sytem_3, test_sytem_2, test_sytem_3, test_sytem_3, test_sytem_2, test_sytem_3, test_sytem_3, test_sytem_3, test_sytem_3, test_sytem_3, test_sytem_2, test_sytem_2, test_sytem_1, test_sytem_1, test_sytem_1, test_sytem_3, test_sytem_1, test_sytem_3, test_sytem_2, test_sytem_3, test_sytem_2, test_sytem_2, test_sytem_1, nan, test_sytem_2, test_sytem_3, test_sytem_3, test_sytem_2, test_sytem_1, dest4, dest4, dest4, test_sytem_1, test_sytem_1, test_sytem_1, test_sytem_1, test_sytem_1, test_sytem_1, test_sytem_1, dest4, nan, nan, nan, nan, nan, nan, test_sytem_1, test_sytem_1, test_sytem_1, test_sytem_1, test_sytem_1, test_sytem_1, nan, test_system_4, nan, nan, test_sytem_1, test_sytem_1, test_sytem_1, nan, nan, nan, nan, nan, nan, test_system_4, test_system_4, test_system_4, test_sytem_1, nan, nan, nan, test_system_4, test_system_4, test_system_4, test_system_4, test_sytem_1, test_sytem_1, test_sytem_1, nan, nan, nan, nan, nan, test_system_4]\n[right]: [TestSystem4, TestSystem4, TestSystem4, TestSytem3, TestSytem3, TestSytem3, TestSytem3, TestSytem1, TestSytem3, TestSytem2, TestSytem1, TestSytem3, TestSytem2, TestSytem2, TestSytem2, TestSytem3, TestSytem2, TestSytem3, TestSytem3, TestSytem2, TestSytem3, TestSytem3, TestSytem3, TestSytem3, TestSytem3, TestSytem2, TestSytem2, TestSytem1, TestSytem1, TestSytem1, TestSytem3, TestSytem1, TestSytem3, TestSytem2, TestSytem3, TestSytem2, TestSytem2, TestSytem1, nan, TestSytem2, TestSytem3, TestSytem3, TestSytem2, TestSytem1, Dest4, Dest4, Dest4, TestSytem1, TestSytem1, TestSytem1, TestSytem1, TestSytem1, TestSytem1, TestSytem1, Dest4, nan, nan, nan, nan, nan, nan, TestSytem1, TestSytem1, TestSytem1, TestSytem1, TestSytem1, TestSytem1, nan, TestSystem4, nan, nan, TestSytem1, TestSytem1, TestSytem1, nan, nan, nan, nan, nan, nan, TestSystem4, TestSystem4, TestSystem4, TestSytem1, nan, nan, nan, TestSystem4, TestSystem4, TestSystem4, TestSystem4, TestSytem1, TestSytem1, TestSytem1, nan, nan, nan, nan, nan, TestSystem4]\nAt positional index 0, first diff: test_system_4 != TestSystem4","time":{"start":1756823047009,"stop":1756823081192,"duration":34183}},{"uid":"f1befad265462285","status":"failed","statusDetails":"AssertionError: DataFrame.iloc[:, 10] (column name=\"Destination Name\") are different\n\nDataFrame.iloc[:, 10] (column name=\"Destination Name\") values are different (76.0 %)\n[index]: [0, 1, 2, 3, 4, 5, 6, 7, 8, 9, 10, 11, 12, 13, 14, 15, 16, 17, 18, 19, 20, 21, 22, 23, 24, 25, 26, 27, 28, 29, 30, 31, 32, 33, 34, 35, 36, 37, 38, 39, 40, 41, 42, 43, 44, 45, 46, 47, 48, 49, 50, 51, 52, 53, 54, 55, 56, 57, 58, 59, 60, 61, 62, 63, 64, 65, 66, 67, 68, 69, 70, 71, 72, 73, 74, 75, 76, 77, 78, 79, 80, 81, 82, 83, 84, 85, 86, 87, 88, 89, 90, 91, 92, 93, 94, 95, 96, 97, 98, 99]\n[left]:  [test_system_4, test_system_4, test_system_4, test_sytem_3, test_sytem_3, test_sytem_3, test_sytem_3, test_sytem_1, test_sytem_3, test_sytem_2, test_sytem_1, test_sytem_3, test_sytem_2, test_sytem_2, test_sytem_2, test_sytem_3, test_sytem_2, test_sytem_3, test_sytem_3, test_sytem_2, test_sytem_3, test_sytem_3, test_sytem_3, test_sytem_3, test_sytem_3, test_sytem_2, test_sytem_2, test_sytem_1, test_sytem_1, test_sytem_1, test_sytem_3, test_sytem_1, test_sytem_3, test_sytem_2, test_sytem_3, test_sytem_2, test_sytem_2, test_sytem_1, nan, test_sytem_2, test_sytem_3, test_sytem_3, test_sytem_2, test_sytem_1, dest4, dest4, dest4, test_sytem_1, test_sytem_1, test_sytem_1, test_sytem_1, test_sytem_1, test_sytem_1, test_sytem_1, dest4, nan, nan, nan, nan, nan, nan, test_sytem_1, test_sytem_1, test_sytem_1, test_sytem_1, test_sytem_1, test_sytem_1, nan, test_system_4, nan, nan, test_sytem_1, test_sytem_1, test_sytem_1, nan, nan, nan, nan, nan, nan, test_system_4, test_system_4, test_system_4, test_sytem_1, nan, nan, nan, test_system_4, test_system_4, test_system_4, test_system_4, test_sytem_1, test_sytem_1, test_sytem_1, nan, nan, nan, nan, nan, test_system_4]\n[right]: [TestSystem4, TestSystem4, TestSystem4, TestSytem3, TestSytem3, TestSytem3, TestSytem3, TestSytem1, TestSytem3, TestSytem2, TestSytem1, TestSytem3, TestSytem2, TestSytem2, TestSytem2, TestSytem3, TestSytem2, TestSytem3, TestSytem3, TestSytem2, TestSytem3, TestSytem3, TestSytem3, TestSytem3, TestSytem3, TestSytem2, TestSytem2, TestSytem1, TestSytem1, TestSytem1, TestSytem3, TestSytem1, TestSytem3, TestSytem2, TestSytem3, TestSytem2, TestSytem2, TestSytem1, nan, TestSytem2, TestSytem3, TestSytem3, TestSytem2, TestSytem1, Dest4, Dest4, Dest4, TestSytem1, TestSytem1, TestSytem1, TestSytem1, TestSytem1, TestSytem1, TestSytem1, Dest4, nan, nan, nan, nan, nan, nan, TestSytem1, TestSytem1, TestSytem1, TestSytem1, TestSytem1, TestSytem1, nan, TestSystem4, nan, nan, TestSytem1, TestSytem1, TestSytem1, nan, nan, nan, nan, nan, nan, TestSystem4, TestSystem4, TestSystem4, TestSytem1, nan, nan, nan, TestSystem4, TestSystem4, TestSystem4, TestSystem4, TestSytem1, TestSytem1, TestSytem1, nan, nan, nan, nan, nan, TestSystem4]\nAt positional index 0, first diff: test_system_4 != TestSystem4","time":{"start":1756822956150,"stop":1756822990851,"duration":34701}},{"uid":"31f184ab5c0e3f04","status":"failed","statusDetails":"AssertionError: DataFrame.iloc[:, 10] (column name=\"Destination Name\") are different\n\nDataFrame.iloc[:, 10] (column name=\"Destination Name\") values are different (76.0 %)\n[index]: [0, 1, 2, 3, 4, 5, 6, 7, 8, 9, 10, 11, 12, 13, 14, 15, 16, 17, 18, 19, 20, 21, 22, 23, 24, 25, 26, 27, 28, 29, 30, 31, 32, 33, 34, 35, 36, 37, 38, 39, 40, 41, 42, 43, 44, 45, 46, 47, 48, 49, 50, 51, 52, 53, 54, 55, 56, 57, 58, 59, 60, 61, 62, 63, 64, 65, 66, 67, 68, 69, 70, 71, 72, 73, 74, 75, 76, 77, 78, 79, 80, 81, 82, 83, 84, 85, 86, 87, 88, 89, 90, 91, 92, 93, 94, 95, 96, 97, 98, 99]\n[left]:  [test_system_4, test_system_4, test_system_4, test_sytem_3, test_sytem_3, test_sytem_3, test_sytem_3, test_sytem_1, test_sytem_3, test_sytem_2, test_sytem_1, test_sytem_3, test_sytem_2, test_sytem_2, test_sytem_2, test_sytem_3, test_sytem_2, test_sytem_3, test_sytem_3, test_sytem_2, test_sytem_3, test_sytem_3, test_sytem_3, test_sytem_3, test_sytem_3, test_sytem_2, test_sytem_2, test_sytem_1, test_sytem_1, test_sytem_1, test_sytem_3, test_sytem_1, test_sytem_3, test_sytem_2, test_sytem_3, test_sytem_2, test_sytem_2, test_sytem_1, nan, test_sytem_2, test_sytem_3, test_sytem_3, test_sytem_2, test_sytem_1, dest4, dest4, dest4, test_sytem_1, test_sytem_1, test_sytem_1, test_sytem_1, test_sytem_1, test_sytem_1, test_sytem_1, dest4, nan, nan, nan, nan, nan, nan, test_sytem_1, test_sytem_1, test_sytem_1, test_sytem_1, test_sytem_1, test_sytem_1, nan, test_system_4, nan, nan, test_sytem_1, test_sytem_1, test_sytem_1, nan, nan, nan, nan, nan, nan, test_system_4, test_system_4, test_system_4, test_sytem_1, nan, nan, nan, test_system_4, test_system_4, test_system_4, test_system_4, test_sytem_1, test_sytem_1, test_sytem_1, nan, nan, nan, nan, nan, test_system_4]\n[right]: [TestSystem4, TestSystem4, TestSystem4, TestSytem3, TestSytem3, TestSytem3, TestSytem3, TestSytem1, TestSytem3, TestSytem2, TestSytem1, TestSytem3, TestSytem2, TestSytem2, TestSytem2, TestSytem3, TestSytem2, TestSytem3, TestSytem3, TestSytem2, TestSytem3, TestSytem3, TestSytem3, TestSytem3, TestSytem3, TestSytem2, TestSytem2, TestSytem1, TestSytem1, TestSytem1, TestSytem3, TestSytem1, TestSytem3, TestSytem2, TestSytem3, TestSytem2, TestSytem2, TestSytem1, nan, TestSytem2, TestSytem3, TestSytem3, TestSytem2, TestSytem1, Dest4, Dest4, Dest4, TestSytem1, TestSytem1, TestSytem1, TestSytem1, TestSytem1, TestSytem1, TestSytem1, Dest4, nan, nan, nan, nan, nan, nan, TestSytem1, TestSytem1, TestSytem1, TestSytem1, TestSytem1, TestSytem1, nan, TestSystem4, nan, nan, TestSytem1, TestSytem1, TestSytem1, nan, nan, nan, nan, nan, nan, TestSystem4, TestSystem4, TestSystem4, TestSytem1, nan, nan, nan, TestSystem4, TestSystem4, TestSystem4, TestSystem4, TestSytem1, TestSytem1, TestSytem1, nan, nan, nan, nan, nan, TestSystem4]\nAt positional index 0, first diff: test_system_4 != TestSystem4","time":{"start":1756822899501,"stop":1756822931029,"duration":31528}},{"uid":"dfe57244f8df6d42","status":"failed","statusDetails":"AssertionError: DataFrame.iloc[:, 10] (column name=\"Destination Name\") are different\n\nDataFrame.iloc[:, 10] (column name=\"Destination Name\") values are different (76.0 %)\n[index]: [0, 1, 2, 3, 4, 5, 6, 7, 8, 9, 10, 11, 12, 13, 14, 15, 16, 17, 18, 19, 20, 21, 22, 23, 24, 25, 26, 27, 28, 29, 30, 31, 32, 33, 34, 35, 36, 37, 38, 39, 40, 41, 42, 43, 44, 45, 46, 47, 48, 49, 50, 51, 52, 53, 54, 55, 56, 57, 58, 59, 60, 61, 62, 63, 64, 65, 66, 67, 68, 69, 70, 71, 72, 73, 74, 75, 76, 77, 78, 79, 80, 81, 82, 83, 84, 85, 86, 87, 88, 89, 90, 91, 92, 93, 94, 95, 96, 97, 98, 99]\n[left]:  [test_system_4, test_system_4, test_system_4, test_sytem_3, test_sytem_3, test_sytem_3, test_sytem_3, test_sytem_1, test_sytem_3, test_sytem_2, test_sytem_1, test_sytem_3, test_sytem_2, test_sytem_2, test_sytem_2, test_sytem_3, test_sytem_2, test_sytem_3, test_sytem_3, test_sytem_2, test_sytem_3, test_sytem_3, test_sytem_3, test_sytem_3, test_sytem_3, test_sytem_2, test_sytem_2, test_sytem_1, test_sytem_1, test_sytem_1, test_sytem_3, test_sytem_1, test_sytem_3, test_sytem_2, test_sytem_3, test_sytem_2, test_sytem_2, test_sytem_1, nan, test_sytem_2, test_sytem_3, test_sytem_3, test_sytem_2, test_sytem_1, dest4, dest4, dest4, test_sytem_1, test_sytem_1, test_sytem_1, test_sytem_1, test_sytem_1, test_sytem_1, test_sytem_1, dest4, nan, nan, nan, nan, nan, nan, test_sytem_1, test_sytem_1, test_sytem_1, test_sytem_1, test_sytem_1, test_sytem_1, nan, test_system_4, nan, nan, test_sytem_1, test_sytem_1, test_sytem_1, nan, nan, nan, nan, nan, nan, test_system_4, test_system_4, test_system_4, test_sytem_1, nan, nan, nan, test_system_4, test_system_4, test_system_4, test_system_4, test_sytem_1, test_sytem_1, test_sytem_1, nan, nan, nan, nan, nan, test_system_4]\n[right]: [TestSystem4, TestSystem4, TestSystem4, TestSytem3, TestSytem3, TestSytem3, TestSytem3, TestSytem1, TestSytem3, TestSytem2, TestSytem1, TestSytem3, TestSytem2, TestSytem2, TestSytem2, TestSytem3, TestSytem2, TestSytem3, TestSytem3, TestSytem2, TestSytem3, TestSytem3, TestSytem3, TestSytem3, TestSytem3, TestSytem2, TestSytem2, TestSytem1, TestSytem1, TestSytem1, TestSytem3, TestSytem1, TestSytem3, TestSytem2, TestSytem3, TestSytem2, TestSytem2, TestSytem1, nan, TestSytem2, TestSytem3, TestSytem3, TestSytem2, TestSytem1, Dest4, Dest4, Dest4, TestSytem1, TestSytem1, TestSytem1, TestSytem1, TestSytem1, TestSytem1, TestSytem1, Dest4, nan, nan, nan, nan, nan, nan, TestSytem1, TestSytem1, TestSytem1, TestSytem1, TestSytem1, TestSytem1, nan, TestSystem4, nan, nan, TestSytem1, TestSytem1, TestSytem1, nan, nan, nan, nan, nan, nan, TestSystem4, TestSystem4, TestSystem4, TestSytem1, nan, nan, nan, TestSystem4, TestSystem4, TestSystem4, TestSystem4, TestSytem1, TestSytem1, TestSytem1, nan, nan, nan, nan, nan, TestSystem4]\nAt positional index 0, first diff: test_system_4 != TestSystem4","time":{"start":1756822364214,"stop":1756822398858,"duration":34644}},{"uid":"50852dc33082223b","status":"broken","statusDetails":"AttributeError: 'NoneType' object has no attribute 'strip'","time":{"start":1756822219970,"stop":1756822258771,"duration":38801}},{"uid":"c16962b1f2a59d","status":"failed","statusDetails":"AssertionError: DataFrame.iloc[:, 10] (column name=\"Destination Name\") are different\n\nDataFrame.iloc[:, 10] (column name=\"Destination Name\") values are different (76.0 %)\n[index]: [0, 1, 2, 3, 4, 5, 6, 7, 8, 9, 10, 11, 12, 13, 14, 15, 16, 17, 18, 19, 20, 21, 22, 23, 24, 25, 26, 27, 28, 29, 30, 31, 32, 33, 34, 35, 36, 37, 38, 39, 40, 41, 42, 43, 44, 45, 46, 47, 48, 49, 50, 51, 52, 53, 54, 55, 56, 57, 58, 59, 60, 61, 62, 63, 64, 65, 66, 67, 68, 69, 70, 71, 72, 73, 74, 75, 76, 77, 78, 79, 80, 81, 82, 83, 84, 85, 86, 87, 88, 89, 90, 91, 92, 93, 94, 95, 96, 97, 98, 99]\n[left]:  [test_system_4, test_system_4, test_system_4, test_sytem_3, test_sytem_3, test_sytem_3, test_sytem_3, test_sytem_1, test_sytem_3, test_sytem_2, test_sytem_1, test_sytem_3, test_sytem_2, test_sytem_2, test_sytem_2, test_sytem_3, test_sytem_2, test_sytem_3, test_sytem_3, test_sytem_2, test_sytem_3, test_sytem_3, test_sytem_3, test_sytem_3, test_sytem_3, test_sytem_2, test_sytem_2, test_sytem_1, test_sytem_1, test_sytem_1, test_sytem_3, test_sytem_1, test_sytem_3, test_sytem_2, test_sytem_3, test_sytem_2, test_sytem_2, test_sytem_1, nan, test_sytem_2, test_sytem_3, test_sytem_3, test_sytem_2, test_sytem_1, dest4, dest4, dest4, test_sytem_1, test_sytem_1, test_sytem_1, test_sytem_1, test_sytem_1, test_sytem_1, test_sytem_1, dest4, nan, nan, nan, nan, nan, nan, test_sytem_1, test_sytem_1, test_sytem_1, test_sytem_1, test_sytem_1, test_sytem_1, nan, test_system_4, nan, nan, test_sytem_1, test_sytem_1, test_sytem_1, nan, nan, nan, nan, nan, nan, test_system_4, test_system_4, test_system_4, test_sytem_1, nan, nan, nan, test_system_4, test_system_4, test_system_4, test_system_4, test_sytem_1, test_sytem_1, test_sytem_1, nan, nan, nan, nan, nan, test_system_4]\n[right]: [TestSystem4, TestSystem4, TestSystem4, TestSytem3, TestSytem3, TestSytem3, TestSytem3, TestSytem1, TestSytem3, TestSytem2, TestSytem1, TestSytem3, TestSytem2, TestSytem2, TestSytem2, TestSytem3, TestSytem2, TestSytem3, TestSytem3, TestSytem2, TestSytem3, TestSytem3, TestSytem3, TestSytem3, TestSytem3, TestSytem2, TestSytem2, TestSytem1, TestSytem1, TestSytem1, TestSytem3, TestSytem1, TestSytem3, TestSytem2, TestSytem3, TestSytem2, TestSytem2, TestSytem1, nan, TestSytem2, TestSytem3, TestSytem3, TestSytem2, TestSytem1, Dest4, Dest4, Dest4, TestSytem1, TestSytem1, TestSytem1, TestSytem1, TestSytem1, TestSytem1, TestSytem1, Dest4, nan, nan, nan, nan, nan, nan, TestSytem1, TestSytem1, TestSytem1, TestSytem1, TestSytem1, TestSytem1, nan, TestSystem4, nan, nan, TestSytem1, TestSytem1, TestSytem1, nan, nan, nan, nan, nan, nan, TestSystem4, TestSystem4, TestSystem4, TestSytem1, nan, nan, nan, TestSystem4, TestSystem4, TestSystem4, TestSystem4, TestSytem1, TestSytem1, TestSytem1, nan, nan, nan, nan, nan, TestSystem4]\nAt positional index 0, first diff: test_system_4 != TestSystem4","time":{"start":1756822147841,"stop":1756822180661,"duration":32820}},{"uid":"99d5ba144955dd1d","status":"failed","statusDetails":"AssertionError: DataFrame.iloc[:, 10] (column name=\"Destination Name\") are different\n\nDataFrame.iloc[:, 10] (column name=\"Destination Name\") values are different (76.0 %)\n[index]: [0, 1, 2, 3, 4, 5, 6, 7, 8, 9, 10, 11, 12, 13, 14, 15, 16, 17, 18, 19, 20, 21, 22, 23, 24, 25, 26, 27, 28, 29, 30, 31, 32, 33, 34, 35, 36, 37, 38, 39, 40, 41, 42, 43, 44, 45, 46, 47, 48, 49, 50, 51, 52, 53, 54, 55, 56, 57, 58, 59, 60, 61, 62, 63, 64, 65, 66, 67, 68, 69, 70, 71, 72, 73, 74, 75, 76, 77, 78, 79, 80, 81, 82, 83, 84, 85, 86, 87, 88, 89, 90, 91, 92, 93, 94, 95, 96, 97, 98, 99]\n[left]:  [test_system_4, test_system_4, test_system_4, test_sytem_3, test_sytem_3, test_sytem_3, test_sytem_3, test_sytem_1, test_sytem_3, test_sytem_2, test_sytem_1, test_sytem_3, test_sytem_2, test_sytem_2, test_sytem_2, test_sytem_3, test_sytem_2, test_sytem_3, test_sytem_3, test_sytem_2, test_sytem_3, test_sytem_3, test_sytem_3, test_sytem_3, test_sytem_3, test_sytem_2, test_sytem_2, test_sytem_1, test_sytem_1, test_sytem_1, test_sytem_3, test_sytem_1, test_sytem_3, test_sytem_2, test_sytem_3, test_sytem_2, test_sytem_2, test_sytem_1, nan, test_sytem_2, test_sytem_3, test_sytem_3, test_sytem_2, test_sytem_1, dest4, dest4, dest4, test_sytem_1, test_sytem_1, test_sytem_1, test_sytem_1, test_sytem_1, test_sytem_1, test_sytem_1, dest4, nan, nan, nan, nan, nan, nan, test_sytem_1, test_sytem_1, test_sytem_1, test_sytem_1, test_sytem_1, test_sytem_1, nan, test_system_4, nan, nan, test_sytem_1, test_sytem_1, test_sytem_1, nan, nan, nan, nan, nan, nan, test_system_4, test_system_4, test_system_4, test_sytem_1, nan, nan, nan, test_system_4, test_system_4, test_system_4, test_system_4, test_sytem_1, test_sytem_1, test_sytem_1, nan, nan, nan, nan, nan, test_system_4]\n[right]: [TestSystem4, TestSystem4, TestSystem4, TestSytem3, TestSytem3, TestSytem3, TestSytem3, TestSytem1, TestSytem3, TestSytem2, TestSytem1, TestSytem3, TestSytem2, TestSytem2, TestSytem2, TestSytem3, TestSytem2, TestSytem3, TestSytem3, TestSytem2, TestSytem3, TestSytem3, TestSytem3, TestSytem3, TestSytem3, TestSytem2, TestSytem2, TestSytem1, TestSytem1, TestSytem1, TestSytem3, TestSytem1, TestSytem3, TestSytem2, TestSytem3, TestSytem2, TestSytem2, TestSytem1, nan, TestSytem2, TestSytem3, TestSytem3, TestSytem2, TestSytem1, Dest4, Dest4, Dest4, TestSytem1, TestSytem1, TestSytem1, TestSytem1, TestSytem1, TestSytem1, TestSytem1, Dest4, nan, nan, nan, nan, nan, nan, TestSytem1, TestSytem1, TestSytem1, TestSytem1, TestSytem1, TestSytem1, nan, TestSystem4, nan, nan, TestSytem1, TestSytem1, TestSytem1, nan, nan, nan, nan, nan, nan, TestSystem4, TestSystem4, TestSystem4, TestSytem1, nan, nan, nan, TestSystem4, TestSystem4, TestSystem4, TestSystem4, TestSytem1, TestSytem1, TestSytem1, nan, nan, nan, nan, nan, TestSystem4]\nAt positional index 0, first diff: test_system_4 != TestSystem4","time":{"start":1756821888526,"stop":1756821923818,"duration":35292}},{"uid":"1227c65e52507133","status":"failed","statusDetails":"AssertionError: DataFrame.iloc[:, 10] (column name=\"Destination Name\") are different\n\nDataFrame.iloc[:, 10] (column name=\"Destination Name\") values are different (76.0 %)\n[index]: [0, 1, 2, 3, 4, 5, 6, 7, 8, 9, 10, 11, 12, 13, 14, 15, 16, 17, 18, 19, 20, 21, 22, 23, 24, 25, 26, 27, 28, 29, 30, 31, 32, 33, 34, 35, 36, 37, 38, 39, 40, 41, 42, 43, 44, 45, 46, 47, 48, 49, 50, 51, 52, 53, 54, 55, 56, 57, 58, 59, 60, 61, 62, 63, 64, 65, 66, 67, 68, 69, 70, 71, 72, 73, 74, 75, 76, 77, 78, 79, 80, 81, 82, 83, 84, 85, 86, 87, 88, 89, 90, 91, 92, 93, 94, 95, 96, 97, 98, 99]\n[left]:  [test_system_4, test_system_4, test_system_4, test_sytem_3, test_sytem_3, test_sytem_3, test_sytem_3, test_sytem_1, test_sytem_3, test_sytem_2, test_sytem_1, test_sytem_3, test_sytem_2, test_sytem_2, test_sytem_2, test_sytem_3, test_sytem_2, test_sytem_3, test_sytem_3, test_sytem_2, test_sytem_3, test_sytem_3, test_sytem_3, test_sytem_3, test_sytem_3, test_sytem_2, test_sytem_2, test_sytem_1, test_sytem_1, test_sytem_1, test_sytem_3, test_sytem_1, test_sytem_3, test_sytem_2, test_sytem_3, test_sytem_2, test_sytem_2, test_sytem_1, nan, test_sytem_2, test_sytem_3, test_sytem_3, test_sytem_2, test_sytem_1, dest4, dest4, dest4, test_sytem_1, test_sytem_1, test_sytem_1, test_sytem_1, test_sytem_1, test_sytem_1, test_sytem_1, dest4, nan, nan, nan, nan, nan, nan, test_sytem_1, test_sytem_1, test_sytem_1, test_sytem_1, test_sytem_1, test_sytem_1, nan, test_system_4, nan, nan, test_sytem_1, test_sytem_1, test_sytem_1, nan, nan, nan, nan, nan, nan, test_system_4, test_system_4, test_system_4, test_sytem_1, nan, nan, nan, test_system_4, test_system_4, test_system_4, test_system_4, test_sytem_1, test_sytem_1, test_sytem_1, nan, nan, nan, nan, nan, test_system_4]\n[right]: [TestSystem4, TestSystem4, TestSystem4, TestSytem3, TestSytem3, TestSytem3, TestSytem3, TestSytem1, TestSytem3, TestSytem2, TestSytem1, TestSytem3, TestSytem2, TestSytem2, TestSytem2, TestSytem3, TestSytem2, TestSytem3, TestSytem3, TestSytem2, TestSytem3, TestSytem3, TestSytem3, TestSytem3, TestSytem3, TestSytem2, TestSytem2, TestSytem1, TestSytem1, TestSytem1, TestSytem3, TestSytem1, TestSytem3, TestSytem2, TestSytem3, TestSytem2, TestSytem2, TestSytem1, nan, TestSytem2, TestSytem3, TestSytem3, TestSytem2, TestSytem1, Dest4, Dest4, Dest4, TestSytem1, TestSytem1, TestSytem1, TestSytem1, TestSytem1, TestSytem1, TestSytem1, Dest4, nan, nan, nan, nan, nan, nan, TestSytem1, TestSytem1, TestSytem1, TestSytem1, TestSytem1, TestSytem1, nan, TestSystem4, nan, nan, TestSytem1, TestSytem1, TestSytem1, nan, nan, nan, nan, nan, nan, TestSystem4, TestSystem4, TestSystem4, TestSytem1, nan, nan, nan, TestSystem4, TestSystem4, TestSystem4, TestSystem4, TestSytem1, TestSytem1, TestSytem1, nan, nan, nan, nan, nan, TestSystem4]\nAt positional index 0, first diff: test_system_4 != TestSystem4","time":{"start":1756818207211,"stop":1756818244790,"duration":37579}},{"uid":"9e47d978293b9108","status":"failed","statusDetails":"AssertionError: DataFrame.iloc[:, 10] (column name=\"Destination Name\") are different\n\nDataFrame.iloc[:, 10] (column name=\"Destination Name\") values are different (76.0 %)\n[index]: [0, 1, 2, 3, 4, 5, 6, 7, 8, 9, 10, 11, 12, 13, 14, 15, 16, 17, 18, 19, 20, 21, 22, 23, 24, 25, 26, 27, 28, 29, 30, 31, 32, 33, 34, 35, 36, 37, 38, 39, 40, 41, 42, 43, 44, 45, 46, 47, 48, 49, 50, 51, 52, 53, 54, 55, 56, 57, 58, 59, 60, 61, 62, 63, 64, 65, 66, 67, 68, 69, 70, 71, 72, 73, 74, 75, 76, 77, 78, 79, 80, 81, 82, 83, 84, 85, 86, 87, 88, 89, 90, 91, 92, 93, 94, 95, 96, 97, 98, 99]\n[left]:  [test_system_4, test_system_4, test_system_4, test_sytem_3, test_sytem_3, test_sytem_3, test_sytem_3, test_sytem_1, test_sytem_3, test_sytem_2, test_sytem_1, test_sytem_3, test_sytem_2, test_sytem_2, test_sytem_2, test_sytem_3, test_sytem_2, test_sytem_3, test_sytem_3, test_sytem_2, test_sytem_3, test_sytem_3, test_sytem_3, test_sytem_3, test_sytem_3, test_sytem_2, test_sytem_2, test_sytem_1, test_sytem_1, test_sytem_1, test_sytem_3, test_sytem_1, test_sytem_3, test_sytem_2, test_sytem_3, test_sytem_2, test_sytem_2, test_sytem_1, nan, test_sytem_2, test_sytem_3, test_sytem_3, test_sytem_2, test_sytem_1, dest4, dest4, dest4, test_sytem_1, test_sytem_1, test_sytem_1, test_sytem_1, test_sytem_1, test_sytem_1, test_sytem_1, dest4, nan, nan, nan, nan, nan, nan, test_sytem_1, test_sytem_1, test_sytem_1, test_sytem_1, test_sytem_1, test_sytem_1, nan, test_system_4, nan, nan, test_sytem_1, test_sytem_1, test_sytem_1, nan, nan, nan, nan, nan, nan, test_system_4, test_system_4, test_system_4, test_sytem_1, nan, nan, nan, test_system_4, test_system_4, test_system_4, test_system_4, test_sytem_1, test_sytem_1, test_sytem_1, nan, nan, nan, nan, nan, test_system_4]\n[right]: [TestSystem4, TestSystem4, TestSystem4, TestSytem3, TestSytem3, TestSytem3, TestSytem3, TestSytem1, TestSytem3, TestSytem2, TestSytem1, TestSytem3, TestSytem2, TestSytem2, TestSytem2, TestSytem3, TestSytem2, TestSytem3, TestSytem3, TestSytem2, TestSytem3, TestSytem3, TestSytem3, TestSytem3, TestSytem3, TestSytem2, TestSytem2, TestSytem1, TestSytem1, TestSytem1, TestSytem3, TestSytem1, TestSytem3, TestSytem2, TestSytem3, TestSytem2, TestSytem2, TestSytem1, nan, TestSytem2, TestSytem3, TestSytem3, TestSytem2, TestSytem1, Dest4, Dest4, Dest4, TestSytem1, TestSytem1, TestSytem1, TestSytem1, TestSytem1, TestSytem1, TestSytem1, Dest4, nan, nan, nan, nan, nan, nan, TestSytem1, TestSytem1, TestSytem1, TestSytem1, TestSytem1, TestSytem1, nan, TestSystem4, nan, nan, TestSytem1, TestSytem1, TestSytem1, nan, nan, nan, nan, nan, nan, TestSystem4, TestSystem4, TestSystem4, TestSytem1, nan, nan, nan, TestSystem4, TestSystem4, TestSystem4, TestSystem4, TestSytem1, TestSytem1, TestSytem1, nan, nan, nan, nan, nan, TestSystem4]\nAt positional index 0, first diff: test_system_4 != TestSystem4","time":{"start":1756818113138,"stop":1756818151829,"duration":38691}},{"uid":"575dca1af92452a0","status":"broken","statusDetails":"selenium.common.exceptions.ElementClickInterceptedException: Message: element click intercepted: Element <button type=\"button\" class=\" bg-brand-500 border-0 justify-center rounded-md text-white  inline-flex gap-2 items-center px-5 text-lg\">...</button> is not clickable at point (1185, 87). Other element would receive the click: <button type=\"button\" class=\"border-2 justify-center rounded-md text-xl inline-flex items-center md:rounded-xl md:size-14 size-12 border-filter-button-default filter-button-icon-default\">...</button>\n  (Session info: chrome=139.0.7258.155); For documentation on this error, please visit: https://www.selenium.dev/documentation/webdriver/troubleshooting/errors#elementclickinterceptedexception\nStacktrace:\n\tGetHandleVerifier [0x0x7ff73dc13d85+79397]\n\tGetHandleVerifier [0x0x7ff73dc13de0+79488]\n\t(No symbol) [0x0x7ff73d9bc0fa]\n\t(No symbol) [0x0x7ff73da1afd9]\n\t(No symbol) [0x0x7ff73da18972]\n\t(No symbol) [0x0x7ff73da159c1]\n\t(No symbol) [0x0x7ff73da148b1]\n\t(No symbol) [0x0x7ff73da060e8]\n\t(No symbol) [0x0x7ff73da3b19a]\n\t(No symbol) [0x0x7ff73da05996]\n\t(No symbol) [0x0x7ff73da3b3b0]\n\t(No symbol) [0x0x7ff73da63344]\n\t(No symbol) [0x0x7ff73da3af73]\n\t(No symbol) [0x0x7ff73da041b1]\n\t(No symbol) [0x0x7ff73da04f43]\n\tGetHandleVerifier [0x0x7ff73dede1ed+3005069]\n\tGetHandleVerifier [0x0x7ff73ded831d+2980797]\n\tGetHandleVerifier [0x0x7ff73def7e0d+3110573]\n\tGetHandleVerifier [0x0x7ff73dc2d6de+184190]\n\tGetHandleVerifier [0x0x7ff73dc3516f+215567]\n\tGetHandleVerifier [0x0x7ff73dc1c974+115220]\n\tGetHandleVerifier [0x0x7ff73dc1cb29+115657]\n\tGetHandleVerifier [0x0x7ff73dc03268+11016]\n\tBaseThreadInitThunk [0x0x7fffac0be8d7+23]\n\tRtlUserThreadStart [0x0x7fffadb68d9c+44]","time":{"start":1756818036580,"stop":1756818057047,"duration":20467}},{"uid":"2c123c1ad6e5834a","status":"broken","statusDetails":"selenium.common.exceptions.ElementClickInterceptedException: Message: element click intercepted: Element <button type=\"button\" class=\" bg-brand-500 border-0 justify-center rounded-md text-white  inline-flex gap-2 items-center px-5 text-lg\">...</button> is not clickable at point (1185, 87). Other element would receive the click: <button type=\"button\" class=\"border-2 justify-center rounded-md text-xl inline-flex items-center md:rounded-xl md:size-14 size-12 border-filter-button-default filter-button-icon-default\">...</button>\n  (Session info: chrome=139.0.7258.155); For documentation on this error, please visit: https://www.selenium.dev/documentation/webdriver/troubleshooting/errors#elementclickinterceptedexception\nStacktrace:\n\tGetHandleVerifier [0x0x7ff73dc13d85+79397]\n\tGetHandleVerifier [0x0x7ff73dc13de0+79488]\n\t(No symbol) [0x0x7ff73d9bc0fa]\n\t(No symbol) [0x0x7ff73da1afd9]\n\t(No symbol) [0x0x7ff73da18972]\n\t(No symbol) [0x0x7ff73da159c1]\n\t(No symbol) [0x0x7ff73da148b1]\n\t(No symbol) [0x0x7ff73da060e8]\n\t(No symbol) [0x0x7ff73da3b19a]\n\t(No symbol) [0x0x7ff73da05996]\n\t(No symbol) [0x0x7ff73da3b3b0]\n\t(No symbol) [0x0x7ff73da63344]\n\t(No symbol) [0x0x7ff73da3af73]\n\t(No symbol) [0x0x7ff73da041b1]\n\t(No symbol) [0x0x7ff73da04f43]\n\tGetHandleVerifier [0x0x7ff73dede1ed+3005069]\n\tGetHandleVerifier [0x0x7ff73ded831d+2980797]\n\tGetHandleVerifier [0x0x7ff73def7e0d+3110573]\n\tGetHandleVerifier [0x0x7ff73dc2d6de+184190]\n\tGetHandleVerifier [0x0x7ff73dc3516f+215567]\n\tGetHandleVerifier [0x0x7ff73dc1c974+115220]\n\tGetHandleVerifier [0x0x7ff73dc1cb29+115657]\n\tGetHandleVerifier [0x0x7ff73dc03268+11016]\n\tBaseThreadInitThunk [0x0x7fffac0be8d7+23]\n\tRtlUserThreadStart [0x0x7fffadb68d9c+44]","time":{"start":1756817935586,"stop":1756817955529,"duration":19943}},{"uid":"fe076e74538a9963","status":"broken","statusDetails":"selenium.common.exceptions.ElementClickInterceptedException: Message: element click intercepted: Element <button type=\"button\" class=\" bg-brand-500 border-0 justify-center rounded-md text-white  inline-flex gap-2 items-center px-5 text-lg\">...</button> is not clickable at point (1185, 87). Other element would receive the click: <button type=\"button\" class=\"border-2 justify-center rounded-md text-xl inline-flex items-center md:rounded-xl md:size-14 size-12 border-filter-button-default filter-button-icon-default\">...</button>\n  (Session info: chrome=139.0.7258.155); For documentation on this error, please visit: https://www.selenium.dev/documentation/webdriver/troubleshooting/errors#elementclickinterceptedexception\nStacktrace:\n\tGetHandleVerifier [0x0x7ff73dc13d85+79397]\n\tGetHandleVerifier [0x0x7ff73dc13de0+79488]\n\t(No symbol) [0x0x7ff73d9bc0fa]\n\t(No symbol) [0x0x7ff73da1afd9]\n\t(No symbol) [0x0x7ff73da18972]\n\t(No symbol) [0x0x7ff73da159c1]\n\t(No symbol) [0x0x7ff73da148b1]\n\t(No symbol) [0x0x7ff73da060e8]\n\t(No symbol) [0x0x7ff73da3b19a]\n\t(No symbol) [0x0x7ff73da05996]\n\t(No symbol) [0x0x7ff73da3b3b0]\n\t(No symbol) [0x0x7ff73da63344]\n\t(No symbol) [0x0x7ff73da3af73]\n\t(No symbol) [0x0x7ff73da041b1]\n\t(No symbol) [0x0x7ff73da04f43]\n\tGetHandleVerifier [0x0x7ff73dede1ed+3005069]\n\tGetHandleVerifier [0x0x7ff73ded831d+2980797]\n\tGetHandleVerifier [0x0x7ff73def7e0d+3110573]\n\tGetHandleVerifier [0x0x7ff73dc2d6de+184190]\n\tGetHandleVerifier [0x0x7ff73dc3516f+215567]\n\tGetHandleVerifier [0x0x7ff73dc1c974+115220]\n\tGetHandleVerifier [0x0x7ff73dc1cb29+115657]\n\tGetHandleVerifier [0x0x7ff73dc03268+11016]\n\tBaseThreadInitThunk [0x0x7fffac0be8d7+23]\n\tRtlUserThreadStart [0x0x7fffadb68d9c+44]","time":{"start":1756817445979,"stop":1756817462837,"duration":16858}},{"uid":"36e433da58263b49","status":"failed","statusDetails":"AssertionError: DataFrame.iloc[:, 10] (column name=\"Destination Name\") are different\n\nDataFrame.iloc[:, 10] (column name=\"Destination Name\") values are different (76.0 %)\n[index]: [0, 1, 2, 3, 4, 5, 6, 7, 8, 9, 10, 11, 12, 13, 14, 15, 16, 17, 18, 19, 20, 21, 22, 23, 24, 25, 26, 27, 28, 29, 30, 31, 32, 33, 34, 35, 36, 37, 38, 39, 40, 41, 42, 43, 44, 45, 46, 47, 48, 49, 50, 51, 52, 53, 54, 55, 56, 57, 58, 59, 60, 61, 62, 63, 64, 65, 66, 67, 68, 69, 70, 71, 72, 73, 74, 75, 76, 77, 78, 79, 80, 81, 82, 83, 84, 85, 86, 87, 88, 89, 90, 91, 92, 93, 94, 95, 96, 97, 98, 99]\n[left]:  [test_system_4, test_system_4, test_system_4, test_sytem_3, test_sytem_3, test_sytem_3, test_sytem_3, test_sytem_1, test_sytem_3, test_sytem_2, test_sytem_1, test_sytem_3, test_sytem_2, test_sytem_2, test_sytem_2, test_sytem_3, test_sytem_2, test_sytem_3, test_sytem_3, test_sytem_2, test_sytem_3, test_sytem_3, test_sytem_3, test_sytem_3, test_sytem_3, test_sytem_2, test_sytem_2, test_sytem_1, test_sytem_1, test_sytem_1, test_sytem_3, test_sytem_1, test_sytem_3, test_sytem_2, test_sytem_3, test_sytem_2, test_sytem_2, test_sytem_1, nan, test_sytem_2, test_sytem_3, test_sytem_3, test_sytem_2, test_sytem_1, dest4, dest4, dest4, test_sytem_1, test_sytem_1, test_sytem_1, test_sytem_1, test_sytem_1, test_sytem_1, test_sytem_1, dest4, nan, nan, nan, nan, nan, nan, test_sytem_1, test_sytem_1, test_sytem_1, test_sytem_1, test_sytem_1, test_sytem_1, nan, test_system_4, nan, nan, test_sytem_1, test_sytem_1, test_sytem_1, nan, nan, nan, nan, nan, nan, test_system_4, test_system_4, test_system_4, test_sytem_1, nan, nan, nan, test_system_4, test_system_4, test_system_4, test_system_4, test_sytem_1, test_sytem_1, test_sytem_1, nan, nan, nan, nan, nan, test_system_4]\n[right]: [TestSystem4, TestSystem4, TestSystem4, TestSytem3, TestSytem3, TestSytem3, TestSytem3, TestSytem1, TestSytem3, TestSytem2, TestSytem1, TestSytem3, TestSytem2, TestSytem2, TestSytem2, TestSytem3, TestSytem2, TestSytem3, TestSytem3, TestSytem2, TestSytem3, TestSytem3, TestSytem3, TestSytem3, TestSytem3, TestSytem2, TestSytem2, TestSytem1, TestSytem1, TestSytem1, TestSytem3, TestSytem1, TestSytem3, TestSytem2, TestSytem3, TestSytem2, TestSytem2, TestSytem1, nan, TestSytem2, TestSytem3, TestSytem3, TestSytem2, TestSytem1, Dest4, Dest4, Dest4, TestSytem1, TestSytem1, TestSytem1, TestSytem1, TestSytem1, TestSytem1, TestSytem1, Dest4, nan, nan, nan, nan, nan, nan, TestSytem1, TestSytem1, TestSytem1, TestSytem1, TestSytem1, TestSytem1, nan, TestSystem4, nan, nan, TestSytem1, TestSytem1, TestSytem1, nan, nan, nan, nan, nan, nan, TestSystem4, TestSystem4, TestSystem4, TestSytem1, nan, nan, nan, TestSystem4, TestSystem4, TestSystem4, TestSystem4, TestSytem1, TestSytem1, TestSytem1, nan, nan, nan, nan, nan, TestSystem4]\nAt positional index 0, first diff: test_system_4 != TestSystem4","time":{"start":1756817292629,"stop":1756817335077,"duration":42448}},{"uid":"ab252afed94dca75","status":"broken","statusDetails":"selenium.common.exceptions.ElementClickInterceptedException: Message: element click intercepted: Element <button type=\"button\" class=\" bg-brand-500 border-0 justify-center rounded-md text-white  inline-flex gap-2 items-center px-5 text-lg\">...</button> is not clickable at point (1185, 87). Other element would receive the click: <button type=\"button\" class=\"border-2 justify-center rounded-md text-xl inline-flex items-center md:rounded-xl md:size-14 size-12 border-filter-button-default filter-button-icon-default\">...</button>\n  (Session info: chrome=139.0.7258.155); For documentation on this error, please visit: https://www.selenium.dev/documentation/webdriver/troubleshooting/errors#elementclickinterceptedexception\nStacktrace:\n\tGetHandleVerifier [0x0x7ff73dc13d85+79397]\n\tGetHandleVerifier [0x0x7ff73dc13de0+79488]\n\t(No symbol) [0x0x7ff73d9bc0fa]\n\t(No symbol) [0x0x7ff73da1afd9]\n\t(No symbol) [0x0x7ff73da18972]\n\t(No symbol) [0x0x7ff73da159c1]\n\t(No symbol) [0x0x7ff73da148b1]\n\t(No symbol) [0x0x7ff73da060e8]\n\t(No symbol) [0x0x7ff73da3b19a]\n\t(No symbol) [0x0x7ff73da05996]\n\t(No symbol) [0x0x7ff73da3b3b0]\n\t(No symbol) [0x0x7ff73da63344]\n\t(No symbol) [0x0x7ff73da3af73]\n\t(No symbol) [0x0x7ff73da041b1]\n\t(No symbol) [0x0x7ff73da04f43]\n\tGetHandleVerifier [0x0x7ff73dede1ed+3005069]\n\tGetHandleVerifier [0x0x7ff73ded831d+2980797]\n\tGetHandleVerifier [0x0x7ff73def7e0d+3110573]\n\tGetHandleVerifier [0x0x7ff73dc2d6de+184190]\n\tGetHandleVerifier [0x0x7ff73dc3516f+215567]\n\tGetHandleVerifier [0x0x7ff73dc1c974+115220]\n\tGetHandleVerifier [0x0x7ff73dc1cb29+115657]\n\tGetHandleVerifier [0x0x7ff73dc03268+11016]\n\tBaseThreadInitThunk [0x0x7fffac0be8d7+23]\n\tRtlUserThreadStart [0x0x7fffadb68d9c+44]","time":{"start":1756817233673,"stop":1756817248542,"duration":14869}},{"uid":"e328e2d56c464039","status":"broken","statusDetails":"selenium.common.exceptions.ElementClickInterceptedException: Message: element click intercepted: Element <button type=\"button\" class=\" bg-brand-500 border-0 justify-center rounded-md text-white  inline-flex gap-2 items-center px-5 text-lg\">...</button> is not clickable at point (1205, 69). Other element would receive the click: <button type=\"button\" class=\"border-2 justify-center rounded-md text-xl inline-flex items-center md:rounded-xl md:size-14 size-12 border-filter-button-default filter-button-icon-default\">...</button>\n  (Session info: chrome=139.0.7258.155); For documentation on this error, please visit: https://www.selenium.dev/documentation/webdriver/troubleshooting/errors#elementclickinterceptedexception\nStacktrace:\n\tGetHandleVerifier [0x0x7ff73dc13d85+79397]\n\tGetHandleVerifier [0x0x7ff73dc13de0+79488]\n\t(No symbol) [0x0x7ff73d9bc0fa]\n\t(No symbol) [0x0x7ff73da1afd9]\n\t(No symbol) [0x0x7ff73da18972]\n\t(No symbol) [0x0x7ff73da159c1]\n\t(No symbol) [0x0x7ff73da148b1]\n\t(No symbol) [0x0x7ff73da060e8]\n\t(No symbol) [0x0x7ff73da3b19a]\n\t(No symbol) [0x0x7ff73da05996]\n\t(No symbol) [0x0x7ff73da3b3b0]\n\t(No symbol) [0x0x7ff73da63344]\n\t(No symbol) [0x0x7ff73da3af73]\n\t(No symbol) [0x0x7ff73da041b1]\n\t(No symbol) [0x0x7ff73da04f43]\n\tGetHandleVerifier [0x0x7ff73dede1ed+3005069]\n\tGetHandleVerifier [0x0x7ff73ded831d+2980797]\n\tGetHandleVerifier [0x0x7ff73def7e0d+3110573]\n\tGetHandleVerifier [0x0x7ff73dc2d6de+184190]\n\tGetHandleVerifier [0x0x7ff73dc3516f+215567]\n\tGetHandleVerifier [0x0x7ff73dc1c974+115220]\n\tGetHandleVerifier [0x0x7ff73dc1cb29+115657]\n\tGetHandleVerifier [0x0x7ff73dc03268+11016]\n\tBaseThreadInitThunk [0x0x7fffac0be8d7+23]\n\tRtlUserThreadStart [0x0x7fffadb68d9c+44]","time":{"start":1756817095658,"stop":1756817108661,"duration":13003}},{"uid":"b50f026ac1a3ca13","status":"broken","statusDetails":"selenium.common.exceptions.ElementClickInterceptedException: Message: element click intercepted: Element <button type=\"button\" class=\" bg-brand-500 border-0 justify-center rounded-md text-white  inline-flex gap-2 items-center px-5 text-lg\">...</button> is not clickable at point (1205, 69). Other element would receive the click: <button type=\"button\" class=\"border-2 justify-center rounded-md text-xl inline-flex items-center md:rounded-xl md:size-14 size-12 border-filter-button-default filter-button-icon-default\">...</button>\n  (Session info: chrome=139.0.7258.155); For documentation on this error, please visit: https://www.selenium.dev/documentation/webdriver/troubleshooting/errors#elementclickinterceptedexception\nStacktrace:\n\tGetHandleVerifier [0x0x7ff73dc13d85+79397]\n\tGetHandleVerifier [0x0x7ff73dc13de0+79488]\n\t(No symbol) [0x0x7ff73d9bc0fa]\n\t(No symbol) [0x0x7ff73da1afd9]\n\t(No symbol) [0x0x7ff73da18972]\n\t(No symbol) [0x0x7ff73da159c1]\n\t(No symbol) [0x0x7ff73da148b1]\n\t(No symbol) [0x0x7ff73da060e8]\n\t(No symbol) [0x0x7ff73da3b19a]\n\t(No symbol) [0x0x7ff73da05996]\n\t(No symbol) [0x0x7ff73da3b3b0]\n\t(No symbol) [0x0x7ff73da63344]\n\t(No symbol) [0x0x7ff73da3af73]\n\t(No symbol) [0x0x7ff73da041b1]\n\t(No symbol) [0x0x7ff73da04f43]\n\tGetHandleVerifier [0x0x7ff73dede1ed+3005069]\n\tGetHandleVerifier [0x0x7ff73ded831d+2980797]\n\tGetHandleVerifier [0x0x7ff73def7e0d+3110573]\n\tGetHandleVerifier [0x0x7ff73dc2d6de+184190]\n\tGetHandleVerifier [0x0x7ff73dc3516f+215567]\n\tGetHandleVerifier [0x0x7ff73dc1c974+115220]\n\tGetHandleVerifier [0x0x7ff73dc1cb29+115657]\n\tGetHandleVerifier [0x0x7ff73dc03268+11016]\n\tBaseThreadInitThunk [0x0x7fffac0be8d7+23]\n\tRtlUserThreadStart [0x0x7fffadb68d9c+44]","time":{"start":1756817051094,"stop":1756817063838,"duration":12744}},{"uid":"8aba7b0f2ef4843b","status":"broken","statusDetails":"selenium.common.exceptions.ElementClickInterceptedException: Message: element click intercepted: Element <button type=\"button\" class=\" bg-brand-500 border-0 justify-center rounded-md text-white  inline-flex gap-2 items-center px-5 text-lg\">...</button> is not clickable at point (1185, 101). Other element would receive the click: <svg xmlns=\"http://www.w3.org/2000/svg\" class=\"inline-block h-5 w-5 md:h-7 md:w-7\" fill=\"none\" viewBox=\"0 0 18 16\">...</svg>\n  (Session info: chrome=139.0.7258.155); For documentation on this error, please visit: https://www.selenium.dev/documentation/webdriver/troubleshooting/errors#elementclickinterceptedexception\nStacktrace:\n\tGetHandleVerifier [0x0x7ff73dc13d85+79397]\n\tGetHandleVerifier [0x0x7ff73dc13de0+79488]\n\t(No symbol) [0x0x7ff73d9bc0fa]\n\t(No symbol) [0x0x7ff73da1afd9]\n\t(No symbol) [0x0x7ff73da18972]\n\t(No symbol) [0x0x7ff73da159c1]\n\t(No symbol) [0x0x7ff73da148b1]\n\t(No symbol) [0x0x7ff73da060e8]\n\t(No symbol) [0x0x7ff73da3b19a]\n\t(No symbol) [0x0x7ff73da05996]\n\t(No symbol) [0x0x7ff73da3b3b0]\n\t(No symbol) [0x0x7ff73da63344]\n\t(No symbol) [0x0x7ff73da3af73]\n\t(No symbol) [0x0x7ff73da041b1]\n\t(No symbol) [0x0x7ff73da04f43]\n\tGetHandleVerifier [0x0x7ff73dede1ed+3005069]\n\tGetHandleVerifier [0x0x7ff73ded831d+2980797]\n\tGetHandleVerifier [0x0x7ff73def7e0d+3110573]\n\tGetHandleVerifier [0x0x7ff73dc2d6de+184190]\n\tGetHandleVerifier [0x0x7ff73dc3516f+215567]\n\tGetHandleVerifier [0x0x7ff73dc1c974+115220]\n\tGetHandleVerifier [0x0x7ff73dc1cb29+115657]\n\tGetHandleVerifier [0x0x7ff73dc03268+11016]\n\tBaseThreadInitThunk [0x0x7fffac0be8d7+23]\n\tRtlUserThreadStart [0x0x7fffadb68d9c+44]","time":{"start":1756816903694,"stop":1756816921859,"duration":18165}},{"uid":"13e162bd5904902f","status":"broken","statusDetails":"selenium.common.exceptions.ElementClickInterceptedException: Message: element click intercepted: Element <button type=\"button\" class=\" bg-brand-500 border-0 justify-center rounded-md text-white  inline-flex gap-2 items-center px-5 text-lg\">...</button> is not clickable at point (1185, 101). Other element would receive the click: <svg xmlns=\"http://www.w3.org/2000/svg\" class=\"inline-block h-5 w-5 md:h-7 md:w-7\" fill=\"none\" viewBox=\"0 0 18 16\">...</svg>\n  (Session info: chrome=139.0.7258.155); For documentation on this error, please visit: https://www.selenium.dev/documentation/webdriver/troubleshooting/errors#elementclickinterceptedexception\nStacktrace:\n\tGetHandleVerifier [0x0x7ff73dc13d85+79397]\n\tGetHandleVerifier [0x0x7ff73dc13de0+79488]\n\t(No symbol) [0x0x7ff73d9bc0fa]\n\t(No symbol) [0x0x7ff73da1afd9]\n\t(No symbol) [0x0x7ff73da18972]\n\t(No symbol) [0x0x7ff73da159c1]\n\t(No symbol) [0x0x7ff73da148b1]\n\t(No symbol) [0x0x7ff73da060e8]\n\t(No symbol) [0x0x7ff73da3b19a]\n\t(No symbol) [0x0x7ff73da05996]\n\t(No symbol) [0x0x7ff73da3b3b0]\n\t(No symbol) [0x0x7ff73da63344]\n\t(No symbol) [0x0x7ff73da3af73]\n\t(No symbol) [0x0x7ff73da041b1]\n\t(No symbol) [0x0x7ff73da04f43]\n\tGetHandleVerifier [0x0x7ff73dede1ed+3005069]\n\tGetHandleVerifier [0x0x7ff73ded831d+2980797]\n\tGetHandleVerifier [0x0x7ff73def7e0d+3110573]\n\tGetHandleVerifier [0x0x7ff73dc2d6de+184190]\n\tGetHandleVerifier [0x0x7ff73dc3516f+215567]\n\tGetHandleVerifier [0x0x7ff73dc1c974+115220]\n\tGetHandleVerifier [0x0x7ff73dc1cb29+115657]\n\tGetHandleVerifier [0x0x7ff73dc03268+11016]\n\tBaseThreadInitThunk [0x0x7fffac0be8d7+23]\n\tRtlUserThreadStart [0x0x7fffadb68d9c+44]","time":{"start":1756816797534,"stop":1756816812560,"duration":15026}},{"uid":"d8c3856b98329a5e","status":"broken","statusDetails":"selenium.common.exceptions.NoSuchElementException: Message: no such element: Unable to locate element: {\"method\":\"xpath\",\"selector\":\"//select\"}\n  (Session info: chrome=139.0.7258.155); For documentation on this error, please visit: https://www.selenium.dev/documentation/webdriver/troubleshooting/errors#nosuchelementexception\nStacktrace:\n\tGetHandleVerifier [0x0x7ff73dc13d85+79397]\n\tGetHandleVerifier [0x0x7ff73dc13de0+79488]\n\t(No symbol) [0x0x7ff73d9bc0fa]\n\t(No symbol) [0x0x7ff73da12fd6]\n\t(No symbol) [0x0x7ff73da1328c]\n\t(No symbol) [0x0x7ff73da66537]\n\t(No symbol) [0x0x7ff73da3b1df]\n\t(No symbol) [0x0x7ff73da63344]\n\t(No symbol) [0x0x7ff73da3af73]\n\t(No symbol) [0x0x7ff73da041b1]\n\t(No symbol) [0x0x7ff73da04f43]\n\tGetHandleVerifier [0x0x7ff73dede1ed+3005069]\n\tGetHandleVerifier [0x0x7ff73ded831d+2980797]\n\tGetHandleVerifier [0x0x7ff73def7e0d+3110573]\n\tGetHandleVerifier [0x0x7ff73dc2d6de+184190]\n\tGetHandleVerifier [0x0x7ff73dc3516f+215567]\n\tGetHandleVerifier [0x0x7ff73dc1c974+115220]\n\tGetHandleVerifier [0x0x7ff73dc1cb29+115657]\n\tGetHandleVerifier [0x0x7ff73dc03268+11016]\n\tBaseThreadInitThunk [0x0x7fffac0be8d7+23]\n\tRtlUserThreadStart [0x0x7fffadb68d9c+44]","time":{"start":1756816579099,"stop":1756816586749,"duration":7650}},{"uid":"cffd0c99ab635ada","status":"broken","statusDetails":"selenium.common.exceptions.ElementClickInterceptedException: Message: element click intercepted: Element <button type=\"button\" class=\" bg-brand-500 border-0 justify-center rounded-md text-white  inline-flex gap-2 items-center px-5 text-lg\">...</button> is not clickable at point (1185, 87). Other element would receive the click: <button type=\"button\" class=\"border-2 justify-center rounded-md text-xl inline-flex items-center md:rounded-xl md:size-14 size-12 border-filter-button-default filter-button-icon-default\">...</button>\n  (Session info: chrome=139.0.7258.155); For documentation on this error, please visit: https://www.selenium.dev/documentation/webdriver/troubleshooting/errors#elementclickinterceptedexception\nStacktrace:\n\tGetHandleVerifier [0x0x7ff73dc13d85+79397]\n\tGetHandleVerifier [0x0x7ff73dc13de0+79488]\n\t(No symbol) [0x0x7ff73d9bc0fa]\n\t(No symbol) [0x0x7ff73da1afd9]\n\t(No symbol) [0x0x7ff73da18972]\n\t(No symbol) [0x0x7ff73da159c1]\n\t(No symbol) [0x0x7ff73da148b1]\n\t(No symbol) [0x0x7ff73da060e8]\n\t(No symbol) [0x0x7ff73da3b19a]\n\t(No symbol) [0x0x7ff73da05996]\n\t(No symbol) [0x0x7ff73da3b3b0]\n\t(No symbol) [0x0x7ff73da63344]\n\t(No symbol) [0x0x7ff73da3af73]\n\t(No symbol) [0x0x7ff73da041b1]\n\t(No symbol) [0x0x7ff73da04f43]\n\tGetHandleVerifier [0x0x7ff73dede1ed+3005069]\n\tGetHandleVerifier [0x0x7ff73ded831d+2980797]\n\tGetHandleVerifier [0x0x7ff73def7e0d+3110573]\n\tGetHandleVerifier [0x0x7ff73dc2d6de+184190]\n\tGetHandleVerifier [0x0x7ff73dc3516f+215567]\n\tGetHandleVerifier [0x0x7ff73dc1c974+115220]\n\tGetHandleVerifier [0x0x7ff73dc1cb29+115657]\n\tGetHandleVerifier [0x0x7ff73dc03268+11016]\n\tBaseThreadInitThunk [0x0x7fffac0be8d7+23]\n\tRtlUserThreadStart [0x0x7fffadb68d9c+44]","time":{"start":1756816492827,"stop":1756816505709,"duration":12882}},{"uid":"ebcf82e0b8080e3d","status":"broken","statusDetails":"selenium.common.exceptions.ElementClickInterceptedException: Message: element click intercepted: Element <button type=\"button\" class=\" bg-brand-500 border-0 justify-center rounded-md text-white  inline-flex gap-2 items-center px-5 text-lg\">...</button> is not clickable at point (1185, 112). Other element would receive the click: <svg xmlns=\"http://www.w3.org/2000/svg\" class=\"inline-block h-5 w-5 md:h-7 md:w-7\" fill=\"none\" viewBox=\"0 0 18 16\">...</svg>\n  (Session info: chrome=139.0.7258.155); For documentation on this error, please visit: https://www.selenium.dev/documentation/webdriver/troubleshooting/errors#elementclickinterceptedexception\nStacktrace:\n\tGetHandleVerifier [0x0x7ff73dc13d85+79397]\n\tGetHandleVerifier [0x0x7ff73dc13de0+79488]\n\t(No symbol) [0x0x7ff73d9bc0fa]\n\t(No symbol) [0x0x7ff73da1afd9]\n\t(No symbol) [0x0x7ff73da18972]\n\t(No symbol) [0x0x7ff73da159c1]\n\t(No symbol) [0x0x7ff73da148b1]\n\t(No symbol) [0x0x7ff73da060e8]\n\t(No symbol) [0x0x7ff73da3b19a]\n\t(No symbol) [0x0x7ff73da05996]\n\t(No symbol) [0x0x7ff73da3b3b0]\n\t(No symbol) [0x0x7ff73da63344]\n\t(No symbol) [0x0x7ff73da3af73]\n\t(No symbol) [0x0x7ff73da041b1]\n\t(No symbol) [0x0x7ff73da04f43]\n\tGetHandleVerifier [0x0x7ff73dede1ed+3005069]\n\tGetHandleVerifier [0x0x7ff73ded831d+2980797]\n\tGetHandleVerifier [0x0x7ff73def7e0d+3110573]\n\tGetHandleVerifier [0x0x7ff73dc2d6de+184190]\n\tGetHandleVerifier [0x0x7ff73dc3516f+215567]\n\tGetHandleVerifier [0x0x7ff73dc1c974+115220]\n\tGetHandleVerifier [0x0x7ff73dc1cb29+115657]\n\tGetHandleVerifier [0x0x7ff73dc03268+11016]\n\tBaseThreadInitThunk [0x0x7fffac0be8d7+23]\n\tRtlUserThreadStart [0x0x7fffadb68d9c+44]","time":{"start":1756816311340,"stop":1756816323807,"duration":12467}},{"uid":"b3db808c0218d17e","status":"broken","statusDetails":"selenium.common.exceptions.ElementClickInterceptedException: Message: element click intercepted: Element <button type=\"button\" class=\" bg-brand-500 border-0 justify-center rounded-md text-white  inline-flex gap-2 items-center px-5 text-lg\">...</button> is not clickable at point (1185, 112). Other element would receive the click: <svg xmlns=\"http://www.w3.org/2000/svg\" class=\"inline-block h-5 w-5 md:h-7 md:w-7\" fill=\"none\" viewBox=\"0 0 18 16\">...</svg>\n  (Session info: chrome=139.0.7258.155); For documentation on this error, please visit: https://www.selenium.dev/documentation/webdriver/troubleshooting/errors#elementclickinterceptedexception\nStacktrace:\n\tGetHandleVerifier [0x0x7ff73dc13d85+79397]\n\tGetHandleVerifier [0x0x7ff73dc13de0+79488]\n\t(No symbol) [0x0x7ff73d9bc0fa]\n\t(No symbol) [0x0x7ff73da1afd9]\n\t(No symbol) [0x0x7ff73da18972]\n\t(No symbol) [0x0x7ff73da159c1]\n\t(No symbol) [0x0x7ff73da148b1]\n\t(No symbol) [0x0x7ff73da060e8]\n\t(No symbol) [0x0x7ff73da3b19a]\n\t(No symbol) [0x0x7ff73da05996]\n\t(No symbol) [0x0x7ff73da3b3b0]\n\t(No symbol) [0x0x7ff73da63344]\n\t(No symbol) [0x0x7ff73da3af73]\n\t(No symbol) [0x0x7ff73da041b1]\n\t(No symbol) [0x0x7ff73da04f43]\n\tGetHandleVerifier [0x0x7ff73dede1ed+3005069]\n\tGetHandleVerifier [0x0x7ff73ded831d+2980797]\n\tGetHandleVerifier [0x0x7ff73def7e0d+3110573]\n\tGetHandleVerifier [0x0x7ff73dc2d6de+184190]\n\tGetHandleVerifier [0x0x7ff73dc3516f+215567]\n\tGetHandleVerifier [0x0x7ff73dc1c974+115220]\n\tGetHandleVerifier [0x0x7ff73dc1cb29+115657]\n\tGetHandleVerifier [0x0x7ff73dc03268+11016]\n\tBaseThreadInitThunk [0x0x7fffac0be8d7+23]\n\tRtlUserThreadStart [0x0x7fffadb68d9c+44]","time":{"start":1756816244156,"stop":1756816256692,"duration":12536}},{"uid":"a00e0e058c1d499","status":"broken","statusDetails":"selenium.common.exceptions.StaleElementReferenceException: Message: stale element reference: stale element not found in the current frame\n  (Session info: chrome=139.0.7258.155); For documentation on this error, please visit: https://www.selenium.dev/documentation/webdriver/troubleshooting/errors#staleelementreferenceexception\nStacktrace:\n\tGetHandleVerifier [0x0x7ff73dc13d85+79397]\n\tGetHandleVerifier [0x0x7ff73dc13de0+79488]\n\t(No symbol) [0x0x7ff73d9bc0fa]\n\t(No symbol) [0x0x7ff73d9c3a99]\n\t(No symbol) [0x0x7ff73d9c6b3c]\n\t(No symbol) [0x0x7ff73d9c6c0f]\n\t(No symbol) [0x0x7ff73da17574]\n\t(No symbol) [0x0x7ff73da06e88]\n\t(No symbol) [0x0x7ff73da3b19a]\n\t(No symbol) [0x0x7ff73da05996]\n\t(No symbol) [0x0x7ff73da3b3b0]\n\t(No symbol) [0x0x7ff73da63344]\n\t(No symbol) [0x0x7ff73da3af73]\n\t(No symbol) [0x0x7ff73da041b1]\n\t(No symbol) [0x0x7ff73da04f43]\n\tGetHandleVerifier [0x0x7ff73dede1ed+3005069]\n\tGetHandleVerifier [0x0x7ff73ded831d+2980797]\n\tGetHandleVerifier [0x0x7ff73def7e0d+3110573]\n\tGetHandleVerifier [0x0x7ff73dc2d6de+184190]\n\tGetHandleVerifier [0x0x7ff73dc3516f+215567]\n\tGetHandleVerifier [0x0x7ff73dc1c974+115220]\n\tGetHandleVerifier [0x0x7ff73dc1cb29+115657]\n\tGetHandleVerifier [0x0x7ff73dc03268+11016]\n\tBaseThreadInitThunk [0x0x7fffac0be8d7+23]\n\tRtlUserThreadStart [0x0x7fffadb68d9c+44]","time":{"start":1756816097629,"stop":1756816107821,"duration":10192}},{"uid":"ce27a490823a0071","status":"broken","statusDetails":"selenium.common.exceptions.ElementClickInterceptedException: Message: element click intercepted: Element <button type=\"button\" class=\" bg-brand-500 border-0 justify-center rounded-md text-white  inline-flex gap-2 items-center px-5 text-lg\">...</button> is not clickable at point (1185, 112). Other element would receive the click: <svg xmlns=\"http://www.w3.org/2000/svg\" class=\"inline-block h-5 w-5 md:h-7 md:w-7\" fill=\"none\" viewBox=\"0 0 18 16\">...</svg>\n  (Session info: chrome=139.0.7258.155); For documentation on this error, please visit: https://www.selenium.dev/documentation/webdriver/troubleshooting/errors#elementclickinterceptedexception\nStacktrace:\n\tGetHandleVerifier [0x0x7ff73dc13d85+79397]\n\tGetHandleVerifier [0x0x7ff73dc13de0+79488]\n\t(No symbol) [0x0x7ff73d9bc0fa]\n\t(No symbol) [0x0x7ff73da1afd9]\n\t(No symbol) [0x0x7ff73da18972]\n\t(No symbol) [0x0x7ff73da159c1]\n\t(No symbol) [0x0x7ff73da148b1]\n\t(No symbol) [0x0x7ff73da060e8]\n\t(No symbol) [0x0x7ff73da3b19a]\n\t(No symbol) [0x0x7ff73da05996]\n\t(No symbol) [0x0x7ff73da3b3b0]\n\t(No symbol) [0x0x7ff73da63344]\n\t(No symbol) [0x0x7ff73da3af73]\n\t(No symbol) [0x0x7ff73da041b1]\n\t(No symbol) [0x0x7ff73da04f43]\n\tGetHandleVerifier [0x0x7ff73dede1ed+3005069]\n\tGetHandleVerifier [0x0x7ff73ded831d+2980797]\n\tGetHandleVerifier [0x0x7ff73def7e0d+3110573]\n\tGetHandleVerifier [0x0x7ff73dc2d6de+184190]\n\tGetHandleVerifier [0x0x7ff73dc3516f+215567]\n\tGetHandleVerifier [0x0x7ff73dc1c974+115220]\n\tGetHandleVerifier [0x0x7ff73dc1cb29+115657]\n\tGetHandleVerifier [0x0x7ff73dc03268+11016]\n\tBaseThreadInitThunk [0x0x7fffac0be8d7+23]\n\tRtlUserThreadStart [0x0x7fffadb68d9c+44]","time":{"start":1756814870630,"stop":1756814886478,"duration":15848}},{"uid":"4f008838219f163","status":"broken","statusDetails":"selenium.common.exceptions.NoSuchElementException: Message: no such element: Unable to locate element: {\"method\":\"xpath\",\"selector\":\"//select\"}\n  (Session info: chrome=139.0.7258.155); For documentation on this error, please visit: https://www.selenium.dev/documentation/webdriver/troubleshooting/errors#nosuchelementexception\nStacktrace:\n\tGetHandleVerifier [0x0x7ff73dc13d85+79397]\n\tGetHandleVerifier [0x0x7ff73dc13de0+79488]\n\t(No symbol) [0x0x7ff73d9bc0fa]\n\t(No symbol) [0x0x7ff73da12fd6]\n\t(No symbol) [0x0x7ff73da1328c]\n\t(No symbol) [0x0x7ff73da66537]\n\t(No symbol) [0x0x7ff73da3b1df]\n\t(No symbol) [0x0x7ff73da63344]\n\t(No symbol) [0x0x7ff73da3af73]\n\t(No symbol) [0x0x7ff73da041b1]\n\t(No symbol) [0x0x7ff73da04f43]\n\tGetHandleVerifier [0x0x7ff73dede1ed+3005069]\n\tGetHandleVerifier [0x0x7ff73ded831d+2980797]\n\tGetHandleVerifier [0x0x7ff73def7e0d+3110573]\n\tGetHandleVerifier [0x0x7ff73dc2d6de+184190]\n\tGetHandleVerifier [0x0x7ff73dc3516f+215567]\n\tGetHandleVerifier [0x0x7ff73dc1c974+115220]\n\tGetHandleVerifier [0x0x7ff73dc1cb29+115657]\n\tGetHandleVerifier [0x0x7ff73dc03268+11016]\n\tBaseThreadInitThunk [0x0x7fffac0be8d7+23]\n\tRtlUserThreadStart [0x0x7fffadb68d9c+44]","time":{"start":1756814745386,"stop":1756814754958,"duration":9572}},{"uid":"87a3bf86a1879199","status":"broken","statusDetails":"selenium.common.exceptions.InvalidArgumentException: Message: invalid argument: 'using' must be a string\n  (Session info: chrome=139.0.7258.155)\nStacktrace:\n\tGetHandleVerifier [0x0x7ff73dc13d85+79397]\n\tGetHandleVerifier [0x0x7ff73dc13de0+79488]\n\t(No symbol) [0x0x7ff73d9bc0fa]\n\t(No symbol) [0x0x7ff73da12d9e]\n\t(No symbol) [0x0x7ff73da1328c]\n\t(No symbol) [0x0x7ff73da66537]\n\t(No symbol) [0x0x7ff73da3b1df]\n\t(No symbol) [0x0x7ff73da63344]\n\t(No symbol) [0x0x7ff73da3af73]\n\t(No symbol) [0x0x7ff73da041b1]\n\t(No symbol) [0x0x7ff73da04f43]\n\tGetHandleVerifier [0x0x7ff73dede1ed+3005069]\n\tGetHandleVerifier [0x0x7ff73ded831d+2980797]\n\tGetHandleVerifier [0x0x7ff73def7e0d+3110573]\n\tGetHandleVerifier [0x0x7ff73dc2d6de+184190]\n\tGetHandleVerifier [0x0x7ff73dc3516f+215567]\n\tGetHandleVerifier [0x0x7ff73dc1c974+115220]\n\tGetHandleVerifier [0x0x7ff73dc1cb29+115657]\n\tGetHandleVerifier [0x0x7ff73dc03268+11016]\n\tBaseThreadInitThunk [0x0x7fffac0be8d7+23]\n\tRtlUserThreadStart [0x0x7fffadb68d9c+44]","time":{"start":1756814404695,"stop":1756814414847,"duration":10152}},{"uid":"e6bd5d583e9699ab","status":"broken","statusDetails":"selenium.common.exceptions.StaleElementReferenceException: Message: stale element reference: stale element not found in the current frame\n  (Session info: chrome=139.0.7258.155); For documentation on this error, please visit: https://www.selenium.dev/documentation/webdriver/troubleshooting/errors#staleelementreferenceexception\nStacktrace:\n\tGetHandleVerifier [0x0x7ff73dc13d85+79397]\n\tGetHandleVerifier [0x0x7ff73dc13de0+79488]\n\t(No symbol) [0x0x7ff73d9bc0fa]\n\t(No symbol) [0x0x7ff73d9c3a99]\n\t(No symbol) [0x0x7ff73d9c6b3c]\n\t(No symbol) [0x0x7ff73d9c6c0f]\n\t(No symbol) [0x0x7ff73da1aebb]\n\t(No symbol) [0x0x7ff73da183e1]\n\t(No symbol) [0x0x7ff73da159c1]\n\t(No symbol) [0x0x7ff73da148b1]\n\t(No symbol) [0x0x7ff73da060e8]\n\t(No symbol) [0x0x7ff73da3b19a]\n\t(No symbol) [0x0x7ff73da05996]\n\t(No symbol) [0x0x7ff73da3b3b0]\n\t(No symbol) [0x0x7ff73da63344]\n\t(No symbol) [0x0x7ff73da3af73]\n\t(No symbol) [0x0x7ff73da041b1]\n\t(No symbol) [0x0x7ff73da04f43]\n\tGetHandleVerifier [0x0x7ff73dede1ed+3005069]\n\tGetHandleVerifier [0x0x7ff73ded831d+2980797]\n\tGetHandleVerifier [0x0x7ff73def7e0d+3110573]\n\tGetHandleVerifier [0x0x7ff73dc2d6de+184190]\n\tGetHandleVerifier [0x0x7ff73dc3516f+215567]\n\tGetHandleVerifier [0x0x7ff73dc1c974+115220]\n\tGetHandleVerifier [0x0x7ff73dc1cb29+115657]\n\tGetHandleVerifier [0x0x7ff73dc03268+11016]\n\tBaseThreadInitThunk [0x0x7fffac0be8d7+23]\n\tRtlUserThreadStart [0x0x7fffadb68d9c+44]","time":{"start":1756814314373,"stop":1756814324480,"duration":10107}},{"uid":"fa05eca1d3775cac","status":"broken","statusDetails":"AttributeError: 'tuple' object has no attribute 'tag_name'","time":{"start":1756814120225,"stop":1756814130395,"duration":10170}},{"uid":"f043e31f141094aa","status":"broken","statusDetails":"AttributeError: 'WebDriver' object has no attribute 'tag_name'","time":{"start":1756813854493,"stop":1756813867305,"duration":12812}},{"uid":"4f7a50e1e903d80b","status":"broken","statusDetails":"selenium.common.exceptions.StaleElementReferenceException: Message: stale element reference: stale element not found in the current frame\n  (Session info: chrome=139.0.7258.155); For documentation on this error, please visit: https://www.selenium.dev/documentation/webdriver/troubleshooting/errors#staleelementreferenceexception\nStacktrace:\n\tGetHandleVerifier [0x0x7ff73dc13d85+79397]\n\tGetHandleVerifier [0x0x7ff73dc13de0+79488]\n\t(No symbol) [0x0x7ff73d9bc0fa]\n\t(No symbol) [0x0x7ff73d9c3a99]\n\t(No symbol) [0x0x7ff73d9c6b3c]\n\t(No symbol) [0x0x7ff73d9c6c0f]\n\t(No symbol) [0x0x7ff73da1aebb]\n\t(No symbol) [0x0x7ff73da183e1]\n\t(No symbol) [0x0x7ff73da159c1]\n\t(No symbol) [0x0x7ff73da148b1]\n\t(No symbol) [0x0x7ff73da06484]\n\t(No symbol) [0x0x7ff73da3b19a]\n\t(No symbol) [0x0x7ff73da05996]\n\t(No symbol) [0x0x7ff73da3b3b0]\n\t(No symbol) [0x0x7ff73da63344]\n\t(No symbol) [0x0x7ff73da3af73]\n\t(No symbol) [0x0x7ff73da041b1]\n\t(No symbol) [0x0x7ff73da04f43]\n\tGetHandleVerifier [0x0x7ff73dede1ed+3005069]\n\tGetHandleVerifier [0x0x7ff73ded831d+2980797]\n\tGetHandleVerifier [0x0x7ff73def7e0d+3110573]\n\tGetHandleVerifier [0x0x7ff73dc2d6de+184190]\n\tGetHandleVerifier [0x0x7ff73dc3516f+215567]\n\tGetHandleVerifier [0x0x7ff73dc1c974+115220]\n\tGetHandleVerifier [0x0x7ff73dc1cb29+115657]\n\tGetHandleVerifier [0x0x7ff73dc03268+11016]\n\tBaseThreadInitThunk [0x0x7fffac0be8d7+23]\n\tRtlUserThreadStart [0x0x7fffadb68d9c+44]","time":{"start":1756813748541,"stop":1756813759620,"duration":11079}},{"uid":"2ae7b986b37cecb4","status":"failed","statusDetails":"AssertionError: DataFrame.iloc[:, 10] (column name=\"Destination Name\") are different\n\nDataFrame.iloc[:, 10] (column name=\"Destination Name\") values are different (100.0 %)\n[index]: [0, 1, 2, 3, 4, 5, 6, 7, 8, 9]\n[left]:  [test_system_4, test_system_4, test_system_4, test_sytem_3, test_sytem_3, test_sytem_3, test_sytem_3, test_sytem_1, test_sytem_3, test_sytem_2]\n[right]: [TestSystem4, TestSystem4, TestSystem4, TestSytem3, TestSytem3, TestSytem3, TestSytem3, TestSytem1, TestSytem3, TestSytem2]\nAt positional index 0, first diff: test_system_4 != TestSystem4","time":{"start":1756813364251,"stop":1756813380918,"duration":16667}},{"uid":"61108078a1108e69","status":"failed","statusDetails":"AssertionError: DataFrame.iloc[:, 10] (column name=\"Destination Name\") are different\n\nDataFrame.iloc[:, 10] (column name=\"Destination Name\") values are different (100.0 %)\n[index]: [0, 1, 2, 3, 4, 5, 6, 7, 8, 9]\n[left]:  [test_system_4, test_system_4, test_system_4, test_sytem_3, test_sytem_3, test_sytem_3, test_sytem_3, test_sytem_1, test_sytem_3, test_sytem_2]\n[right]: [TestSystem4, TestSystem4, TestSystem4, TestSytem3, TestSytem3, TestSytem3, TestSytem3, TestSytem1, TestSytem3, TestSytem2]\nAt positional index 0, first diff: test_system_4 != TestSystem4","time":{"start":1756726664735,"stop":1756726682687,"duration":17952}},{"uid":"dfaaf5c246422035","status":"failed","statusDetails":"AssertionError: DataFrame.iloc[:, 10] (column name=\"Destination Name\") are different\n\nDataFrame.iloc[:, 10] (column name=\"Destination Name\") values are different (30.0 %)\n[index]: [0, 1, 2, 3, 4, 5, 6, 7, 8, 9]\n[left]:  [testdest, testdest, testdest, TestingPlatform2, TestingPlatform2, nan, nan, nan, nan, TestingPlatform2]\n[right]: [TestDest, TestDest, TestDest, TestingPlatform2, TestingPlatform2, nan, nan, nan, nan, TestingPlatform2]\nAt positional index 0, first diff: testdest != TestDest","time":{"start":1756636147361,"stop":1756636172528,"duration":25167}},{"uid":"21657cf025a36d51","status":"failed","statusDetails":"AssertionError: DataFrame.iloc[:, 3] (column name=\"Caller ID\") are different\n\nDataFrame.iloc[:, 3] (column name=\"Caller ID\") values are different (100.0 %)\n[index]: [0, 1, 2, 3, 4, 5, 6, 7, 8, 9]\n[left]:  [19803271868, 19787971079, 12568548442, 13644440950, 17543060630, 19803271868, 19787971079, 12568548442, 13644440950, 17543060630]\n[right]: [19803271868, 19787971079, 12568548442, 13644440950, 17543060630, 19803271868, 19787971079, 12568548442, 13644440950, 17543060630]","time":{"start":1756635429349,"stop":1756635445331,"duration":15982}},{"uid":"9494f0040d8876c9","status":"passed","time":{"start":1756635167513,"stop":1756635183964,"duration":16451}},{"uid":"2aee4a37cb1fac06","status":"failed","statusDetails":"AssertionError: DataFrame.iloc[:, 10] (column name=\"Destination Name\") are different\n\nDataFrame.iloc[:, 10] (column name=\"Destination Name\") values are different (70.0 %)\n[index]: [0, 1, 2, 3, 4, 5, 6, 7, 8, 9]\n[left]:  [testdest, testdest, testdest, TestingPlatform2, TestingPlatform2, nan, nan, nan, nan, TestingPlatform2]\n[right]: [TestDest, TestDest, TestDest, TestingPlatform2, TestingPlatform2, NA, NA, NA, NA, TestingPlatform2]\nAt positional index 0, first diff: testdest != TestDest","time":{"start":1756634524402,"stop":1756634550568,"duration":26166}},{"uid":"a4256a7c554534bd","status":"broken","statusDetails":"NameError: name 'remove_all_spaces' is not defined","time":{"start":1756634329763,"stop":1756634347345,"duration":17582}},{"uid":"508106f7d5d68a7d","status":"failed","statusDetails":"AssertionError: DataFrame.iloc[:, 3] (column name=\"Caller ID\") are different\n\nDataFrame.iloc[:, 3] (column name=\"Caller ID\") values are different (100.0 %)\n[index]: [0, 1, 2, 3, 4, 5, 6, 7, 8, 9]\n[left]:  [19803271868, 19787971079, 12568548442, 13644440950, 17543060630, 19803271868, 19787971079, 12568548442, 13644440950, 17543060630]\n[right]: [+19803271868, +19787971079, +12568548442, +13644440950, +17543060630, +19803271868, +19787971079, +12568548442, +13644440950, +17543060630]\nAt positional index 0, first diff: 19803271868 != +19803271868","time":{"start":1756634155556,"stop":1756634175378,"duration":19822}},{"uid":"d62de8b1439769bf","status":"failed","statusDetails":"AssertionError: DataFrame.iloc[:, 3] (column name=\"Caller ID\") are different\n\nDataFrame.iloc[:, 3] (column name=\"Caller ID\") values are different (100.0 %)\n[index]: [0, 1, 2, 3, 4, 5, 6, 7, 8, 9]\n[left]:  [19803271868, 19787971079, 12568548442, 13644440950, 17543060630, 19803271868, 19787971079, 12568548442, 13644440950, 17543060630]\n[right]: [+19803271868, +19787971079, +12568548442, +13644440950, +17543060630, +19803271868, +19787971079, +12568548442, +13644440950, +17543060630]","time":{"start":1756633891379,"stop":1756633909280,"duration":17901}},{"uid":"bb56c98b10cf6793","status":"failed","statusDetails":"AssertionError: DataFrame.iloc[:, 3] (column name=\"Caller ID\") are different\n\nDataFrame.iloc[:, 3] (column name=\"Caller ID\") values are different (100.0 %)\n[index]: [0, 1, 2, 3, 4, 5, 6, 7, 8, 9]\n[left]:  [19803271868, 19787971079, 12568548442, 13644440950, 17543060630, 19803271868, 19787971079, 12568548442, 13644440950, 17543060630]\n[right]: [+19803271868, +19787971079, +12568548442, +13644440950, +17543060630, +19803271868, +19787971079, +12568548442, +13644440950, +17543060630]","time":{"start":1756632682732,"stop":1756632704824,"duration":22092}},{"uid":"6a484a3f9c8433ba","status":"failed","statusDetails":"AssertionError: DataFrame.iloc[:, 3] (column name=\"Caller ID\") are different\n\nDataFrame.iloc[:, 3] (column name=\"Caller ID\") values are different (100.0 %)\n[index]: [0, 1, 2, 3, 4, 5, 6, 7, 8, 9]\n[left]:  [19803271868, 19787971079, 12568548442, 13644440950, 17543060630, 19803271868, 19787971079, 12568548442, 13644440950, 17543060630]\n[right]: [+19803271868, +19787971079, +12568548442, +13644440950, +17543060630, +19803271868, +19787971079, +12568548442, +13644440950, +17543060630]","time":{"start":1756632314069,"stop":1756632333856,"duration":19787}},{"uid":"2674b3cfe6de66b1","status":"failed","statusDetails":"AssertionError: UI table data does not match exported CSV!","time":{"start":1756631307974,"stop":1756631323165,"duration":15191}},{"uid":"7268a8b8c3731718","status":"failed","statusDetails":"AssertionError: UI table data does not match exported CSV!","time":{"start":1756631204367,"stop":1756631219659,"duration":15292}},{"uid":"afc6c49b199eaf1","status":"failed","statusDetails":"AssertionError: DataFrame.iloc[:, 0] (column name=\"Date & Time\") are different\n\nDataFrame.iloc[:, 0] (column name=\"Date & Time\") values are different (100.0 %)\n[index]: [0, 1, 2, 3, 4, 5, 6, 7, 8, 9]\n[left]:  [07/30/2025  06:01:33, 07/30/2025  06:01:32, 07/30/2025  06:01:31, 07/30/2025  06:01:30, 07/30/2025  06:01:30, 07/30/2025  06:00:02, 07/30/2025  06:00:02, 07/30/2025  06:00:00, 07/30/2025  05:59:59, 07/30/2025  05:59:59]\n[right]: [07/30/2025 06:01:33, 07/30/2025 06:01:32, 07/30/2025 06:01:31, 07/30/2025 06:01:30, 07/30/2025 06:01:30, 07/30/2025 06:00:02, 07/30/2025 06:00:02, 07/30/2025 06:00:00, 07/30/2025 05:59:59, 07/30/2025 05:59:59]\nAt positional index 0, first diff: 07/30/2025  06:01:33 != 07/30/2025 06:01:33","time":{"start":1756630792581,"stop":1756630808255,"duration":15674}},{"uid":"12f5dfa31303702f","status":"passed","time":{"start":1756630699018,"stop":1756630716961,"duration":17943}},{"uid":"f68976ab8e7037a3","status":"failed","statusDetails":"AssertionError: UI table data does not match exported CSV!\nassert False\n +  where False = equals(            Date & Time                       Campaign  ... Revenue  Payout\\n0  07/30/2025  06:01:33  Campaign Testing - 09.09.2024  ...   $0.00   $0.00\\n1  07/30/2025  06:01:32  Campaign Testing - 09.09.2024  ...   $0.00   $0.00\\n2  07/30/2025  06:01:31  Campaign Testing - 09.09.2024  ...   $0.00   $0.00\\n3  07/30/2025  06:01:30  Campaign Testing - 09.09.2024  ...   $0.00   $0.00\\n4  07/30/2025  06:01:30  Campaign Testing - 09.09.2024  ...   $0.00   $0.00\\n5  07/30/2025  06:00:02  Campaign Testing - 09.09.2024  ...   $0.00   $0.00\\n6  07/30/2025  06:00:02  Campaign Testing - 09.09.2024  ...   $0.00   $0.00\\n7  07/30/2025  06:00:00  Campaign Testing - 09.09.2024  ...   $0.00   $0.00\\n8  07/30/2025  05:59:59  Campaign Testing - 09.09.2024  ...   $0.00   $0.00\\n9  07/30/2025  05:59:59  Campaign Testing - 09.09.2024  ...   $0.00   $0.00\\n\\n[10 rows x 16 columns])\n +    where equals =            Date & Time                       Campaign  ... Revenue Payout\\n0  07/30/2025 06:01:33  Campaign Testing - 09.09.2024  ...   $0.00  $0.00\\n1  07/30/2025 06:01:32  Campaign Testing - 09.09.2024  ...   $0.00  $0.00\\n2  07/30/2025 06:01:31  Campaign Testing - 09.09.2024  ...   $0.00  $0.00\\n3  07/30/2025 06:01:30  Campaign Testing - 09.09.2024  ...   $0.00  $0.00\\n4  07/30/2025 06:01:30  Campaign Testing - 09.09.2024  ...   $0.00  $0.00\\n5  07/30/2025 06:00:02  Campaign Testing - 09.09.2024  ...   $0.00  $0.00\\n6  07/30/2025 06:00:02  Campaign Testing - 09.09.2024  ...   $0.00  $0.00\\n7  07/30/2025 06:00:00  Campaign Testing - 09.09.2024  ...   $0.00  $0.00\\n8  07/30/2025 05:59:59  Campaign Testing - 09.09.2024  ...   $0.00  $0.00\\n9  07/30/2025 05:59:59  Campaign Testing - 09.09.2024  ...   $0.00  $0.00\\n\\n[10 rows x 16 columns].equals","time":{"start":1756571459996,"stop":1756571480441,"duration":20445}},{"uid":"7deed1369cae4eba","status":"passed","time":{"start":1756570549201,"stop":1756570567399,"duration":18198}},{"uid":"aa832f0dcf4a218b","status":"passed","time":{"start":1756570285393,"stop":1756570303869,"duration":18476}},{"uid":"18048cdd9c817cbb","status":"failed","statusDetails":"AssertionError: Mismatch:\n  UI:\n             Date & Time                       Campaign  ... Revenue Payout\n  0  07/30/2025 06:01:33  Campaign Testing - 09.09.2024  ...   $0.00  $0.00\n  1  07/30/2025 06:01:32  Campaign Testing - 09.09.2024  ...   $0.00  $0.00\n  2  07/30/2025 06:01:31  Campaign Testing - 09.09.2024  ...   $0.00  $0.00\n  3  07/30/2025 06:01:30  Campaign Testing - 09.09.2024  ...   $0.00  $0.00\n  4  07/30/2025 06:01:30  Campaign Testing - 09.09.2024  ...   $0.00  $0.00\n  5  07/30/2025 06:00:02  Campaign Testing - 09.09.2024  ...   $0.00  $0.00\n  6  07/30/2025 06:00:02  Campaign Testing - 09.09.2024  ...   $0.00  $0.00\n  7  07/30/2025 06:00:00  Campaign Testing - 09.09.2024  ...   $0.00  $0.00\n  8  07/30/2025 05:59:59  Campaign Testing - 09.09.2024  ...   $0.00  $0.00\n  9  07/30/2025 05:59:59  Campaign Testing - 09.09.2024  ...   $0.00  $0.00\n  \n  [10 rows x 16 columns]\n  CSV:\n             Date & Time                       Campaign  ... Revenue  Payout\n  0  07/30/2025 06:01:33  Campaign Testing - 09.09.2024  ...   $0.00   $0.00\n  1  07/30/2025 06:01:32  Campaign Testing - 09.09.2024  ...   $0.00   $0.00\n  2  07/30/2025 06:01:31  Campaign Testing - 09.09.2024  ...   $0.00   $0.00\n  3  07/30/2025 06:01:30  Campaign Testing - 09.09.2024  ...   $0.00   $0.00\n  4  07/30/2025 06:01:30  Campaign Testing - 09.09.2024  ...   $0.00   $0.00\n  5  07/30/2025 06:00:02  Campaign Testing - 09.09.2024  ...   $0.00   $0.00\n  6  07/30/2025 06:00:02  Campaign Testing - 09.09.2024  ...   $0.00   $0.00\n  7  07/30/2025 06:00:00  Campaign Testing - 09.09.2024  ...   $0.00   $0.00\n  8  07/30/2025 05:59:59  Campaign Testing - 09.09.2024  ...   $0.00   $0.00\n  9  07/30/2025 05:59:59  Campaign Testing - 09.09.2024  ...   $0.00   $0.00\n  \n  [10 rows x 16 columns]\nassert False\n +  where False = equals(           Date & Time                       Campaign  ... Revenue Payout\\n0  07/30/2025 06:01:33  Campaign Testing - 09.09.2024  ...   $0.00  $0.00\\n1  07/30/2025 06:01:32  Campaign Testing - 09.09.2024  ...   $0.00  $0.00\\n2  07/30/2025 06:01:31  Campaign Testing - 09.09.2024  ...   $0.00  $0.00\\n3  07/30/2025 06:01:30  Campaign Testing - 09.09.2024  ...   $0.00  $0.00\\n4  07/30/2025 06:01:30  Campaign Testing - 09.09.2024  ...   $0.00  $0.00\\n5  07/30/2025 06:00:02  Campaign Testing - 09.09.2024  ...   $0.00  $0.00\\n6  07/30/2025 06:00:02  Campaign Testing - 09.09.2024  ...   $0.00  $0.00\\n7  07/30/2025 06:00:00  Campaign Testing - 09.09.2024  ...   $0.00  $0.00\\n8  07/30/2025 05:59:59  Campaign Testing - 09.09.2024  ...   $0.00  $0.00\\n9  07/30/2025 05:59:59  Campaign Testing - 09.09.2024  ...   $0.00  $0.00\\n\\n[10 rows x 16 columns])\n +    where equals =            Date & Time                       Campaign  ... Revenue  Payout\\n0  07/30/2025 06:01:33  Campaign Testing - 09.09.2024  ...   $0.00   $0.00\\n1  07/30/2025 06:01:32  Campaign Testing - 09.09.2024  ...   $0.00   $0.00\\n2  07/30/2025 06:01:31  Campaign Testing - 09.09.2024  ...   $0.00   $0.00\\n3  07/30/2025 06:01:30  Campaign Testing - 09.09.2024  ...   $0.00   $0.00\\n4  07/30/2025 06:01:30  Campaign Testing - 09.09.2024  ...   $0.00   $0.00\\n5  07/30/2025 06:00:02  Campaign Testing - 09.09.2024  ...   $0.00   $0.00\\n6  07/30/2025 06:00:02  Campaign Testing - 09.09.2024  ...   $0.00   $0.00\\n7  07/30/2025 06:00:00  Campaign Testing - 09.09.2024  ...   $0.00   $0.00\\n8  07/30/2025 05:59:59  Campaign Testing - 09.09.2024  ...   $0.00   $0.00\\n9  07/30/2025 05:59:59  Campaign Testing - 09.09.2024  ...   $0.00   $0.00\\n\\n[10 rows x 16 columns].equals","time":{"start":1756569959124,"stop":1756569979303,"duration":20179}},{"uid":"328e99f1b2535884","status":"failed","statusDetails":"AssertionError: Mismatch:\n  UI:\n             Date & Time                       Campaign  ... Revenue Payout\n  0  07/30/2025 06:01:33  Campaign Testing - 09.09.2024  ...   $0.00  $0.00\n  1  07/30/2025 06:01:32  Campaign Testing - 09.09.2024  ...   $0.00  $0.00\n  2  07/30/2025 06:01:31  Campaign Testing - 09.09.2024  ...   $0.00  $0.00\n  3  07/30/2025 06:01:30  Campaign Testing - 09.09.2024  ...   $0.00  $0.00\n  4  07/30/2025 06:01:30  Campaign Testing - 09.09.2024  ...   $0.00  $0.00\n  5  07/30/2025 06:00:02  Campaign Testing - 09.09.2024  ...   $0.00  $0.00\n  6  07/30/2025 06:00:02  Campaign Testing - 09.09.2024  ...   $0.00  $0.00\n  7  07/30/2025 06:00:00  Campaign Testing - 09.09.2024  ...   $0.00  $0.00\n  8  07/30/2025 05:59:59  Campaign Testing - 09.09.2024  ...   $0.00  $0.00\n  9  07/30/2025 05:59:59  Campaign Testing - 09.09.2024  ...   $0.00  $0.00\n  \n  [10 rows x 16 columns]\n  CSV:\n              Date & Time                       Campaign  ... Revenue  Payout\n  0  07/30/2025  06:01:33  Campaign Testing - 09.09.2024  ...   $0.00   $0.00\n  1  07/30/2025  06:01:32  Campaign Testing - 09.09.2024  ...   $0.00   $0.00\n  2  07/30/2025  06:01:31  Campaign Testing - 09.09.2024  ...   $0.00   $0.00\n  3  07/30/2025  06:01:30  Campaign Testing - 09.09.2024  ...   $0.00   $0.00\n  4  07/30/2025  06:01:30  Campaign Testing - 09.09.2024  ...   $0.00   $0.00\n  5  07/30/2025  06:00:02  Campaign Testing - 09.09.2024  ...   $0.00   $0.00\n  6  07/30/2025  06:00:02  Campaign Testing - 09.09.2024  ...   $0.00   $0.00\n  7  07/30/2025  06:00:00  Campaign Testing - 09.09.2024  ...   $0.00   $0.00\n  8  07/30/2025  05:59:59  Campaign Testing - 09.09.2024  ...   $0.00   $0.00\n  9  07/30/2025  05:59:59  Campaign Testing - 09.09.2024  ...   $0.00   $0.00\n  \n  [10 rows x 16 columns]\nassert False\n +  where False = equals(           Date & Time                       Campaign  ... Revenue Payout\\n0  07/30/2025 06:01:33  Campaign Testing - 09.09.2024  ...   $0.00  $0.00\\n1  07/30/2025 06:01:32  Campaign Testing - 09.09.2024  ...   $0.00  $0.00\\n2  07/30/2025 06:01:31  Campaign Testing - 09.09.2024  ...   $0.00  $0.00\\n3  07/30/2025 06:01:30  Campaign Testing - 09.09.2024  ...   $0.00  $0.00\\n4  07/30/2025 06:01:30  Campaign Testing - 09.09.2024  ...   $0.00  $0.00\\n5  07/30/2025 06:00:02  Campaign Testing - 09.09.2024  ...   $0.00  $0.00\\n6  07/30/2025 06:00:02  Campaign Testing - 09.09.2024  ...   $0.00  $0.00\\n7  07/30/2025 06:00:00  Campaign Testing - 09.09.2024  ...   $0.00  $0.00\\n8  07/30/2025 05:59:59  Campaign Testing - 09.09.2024  ...   $0.00  $0.00\\n9  07/30/2025 05:59:59  Campaign Testing - 09.09.2024  ...   $0.00  $0.00\\n\\n[10 rows x 16 columns])\n +    where equals =             Date & Time                       Campaign  ... Revenue  Payout\\n0  07/30/2025  06:01:33  Campaign Testing - 09.09.2024  ...   $0.00   $0.00\\n1  07/30/2025  06:01:32  Campaign Testing - 09.09.2024  ...   $0.00   $0.00\\n2  07/30/2025  06:01:31  Campaign Testing - 09.09.2024  ...   $0.00   $0.00\\n3  07/30/2025  06:01:30  Campaign Testing - 09.09.2024  ...   $0.00   $0.00\\n4  07/30/2025  06:01:30  Campaign Testing - 09.09.2024  ...   $0.00   $0.00\\n5  07/30/2025  06:00:02  Campaign Testing - 09.09.2024  ...   $0.00   $0.00\\n6  07/30/2025  06:00:02  Campaign Testing - 09.09.2024  ...   $0.00   $0.00\\n7  07/30/2025  06:00:00  Campaign Testing - 09.09.2024  ...   $0.00   $0.00\\n8  07/30/2025  05:59:59  Campaign Testing - 09.09.2024  ...   $0.00   $0.00\\n9  07/30/2025  05:59:59  Campaign Testing - 09.09.2024  ...   $0.00   $0.00\\n\\n[10 rows x 16 columns].equals","time":{"start":1756569020243,"stop":1756569046878,"duration":26635}},{"uid":"879341ec9d7bebc0","status":"failed","statusDetails":"AssertionError: Mismatch:\n  UI:\n             Date & Time                       Campaign  ... Revenue Payout\n  0  07/30/2025 06:01:33  Campaign Testing - 09.09.2024  ...   $0.00  $0.00\n  1  07/30/2025 06:01:32  Campaign Testing - 09.09.2024  ...   $0.00  $0.00\n  2  07/30/2025 06:01:31  Campaign Testing - 09.09.2024  ...   $0.00  $0.00\n  3  07/30/2025 06:01:30  Campaign Testing - 09.09.2024  ...   $0.00  $0.00\n  4  07/30/2025 06:01:30  Campaign Testing - 09.09.2024  ...   $0.00  $0.00\n  5  07/30/2025 06:00:02  Campaign Testing - 09.09.2024  ...   $0.00  $0.00\n  6  07/30/2025 06:00:02  Campaign Testing - 09.09.2024  ...   $0.00  $0.00\n  7  07/30/2025 06:00:00  Campaign Testing - 09.09.2024  ...   $0.00  $0.00\n  8  07/30/2025 05:59:59  Campaign Testing - 09.09.2024  ...   $0.00  $0.00\n  9  07/30/2025 05:59:59  Campaign Testing - 09.09.2024  ...   $0.00  $0.00\n  \n  [10 rows x 16 columns]\n  CSV:\n              Date & Time                       Campaign  ... Revenue  Payout\n  0  07/30/2025  06:01:33  Campaign Testing - 09.09.2024  ...   $0.00   $0.00\n  1  07/30/2025  06:01:32  Campaign Testing - 09.09.2024  ...   $0.00   $0.00\n  2  07/30/2025  06:01:31  Campaign Testing - 09.09.2024  ...   $0.00   $0.00\n  3  07/30/2025  06:01:30  Campaign Testing - 09.09.2024  ...   $0.00   $0.00\n  4  07/30/2025  06:01:30  Campaign Testing - 09.09.2024  ...   $0.00   $0.00\n  5  07/30/2025  06:00:02  Campaign Testing - 09.09.2024  ...   $0.00   $0.00\n  6  07/30/2025  06:00:02  Campaign Testing - 09.09.2024  ...   $0.00   $0.00\n  7  07/30/2025  06:00:00  Campaign Testing - 09.09.2024  ...   $0.00   $0.00\n  8  07/30/2025  05:59:59  Campaign Testing - 09.09.2024  ...   $0.00   $0.00\n  9  07/30/2025  05:59:59  Campaign Testing - 09.09.2024  ...   $0.00   $0.00\n  \n  [10 rows x 16 columns]\nassert False\n +  where False = equals(           Date & Time                       Campaign  ... Revenue Payout\\n0  07/30/2025 06:01:33  Campaign Testing - 09.09.2024  ...   $0.00  $0.00\\n1  07/30/2025 06:01:32  Campaign Testing - 09.09.2024  ...   $0.00  $0.00\\n2  07/30/2025 06:01:31  Campaign Testing - 09.09.2024  ...   $0.00  $0.00\\n3  07/30/2025 06:01:30  Campaign Testing - 09.09.2024  ...   $0.00  $0.00\\n4  07/30/2025 06:01:30  Campaign Testing - 09.09.2024  ...   $0.00  $0.00\\n5  07/30/2025 06:00:02  Campaign Testing - 09.09.2024  ...   $0.00  $0.00\\n6  07/30/2025 06:00:02  Campaign Testing - 09.09.2024  ...   $0.00  $0.00\\n7  07/30/2025 06:00:00  Campaign Testing - 09.09.2024  ...   $0.00  $0.00\\n8  07/30/2025 05:59:59  Campaign Testing - 09.09.2024  ...   $0.00  $0.00\\n9  07/30/2025 05:59:59  Campaign Testing - 09.09.2024  ...   $0.00  $0.00\\n\\n[10 rows x 16 columns])\n +    where equals =             Date & Time                       Campaign  ... Revenue  Payout\\n0  07/30/2025  06:01:33  Campaign Testing - 09.09.2024  ...   $0.00   $0.00\\n1  07/30/2025  06:01:32  Campaign Testing - 09.09.2024  ...   $0.00   $0.00\\n2  07/30/2025  06:01:31  Campaign Testing - 09.09.2024  ...   $0.00   $0.00\\n3  07/30/2025  06:01:30  Campaign Testing - 09.09.2024  ...   $0.00   $0.00\\n4  07/30/2025  06:01:30  Campaign Testing - 09.09.2024  ...   $0.00   $0.00\\n5  07/30/2025  06:00:02  Campaign Testing - 09.09.2024  ...   $0.00   $0.00\\n6  07/30/2025  06:00:02  Campaign Testing - 09.09.2024  ...   $0.00   $0.00\\n7  07/30/2025  06:00:00  Campaign Testing - 09.09.2024  ...   $0.00   $0.00\\n8  07/30/2025  05:59:59  Campaign Testing - 09.09.2024  ...   $0.00   $0.00\\n9  07/30/2025  05:59:59  Campaign Testing - 09.09.2024  ...   $0.00   $0.00\\n\\n[10 rows x 16 columns].equals","time":{"start":1756566225222,"stop":1756566240365,"duration":15143}},{"uid":"10a2d091405e51c9","status":"failed","statusDetails":"AssertionError: Mismatch:\n  UI:\n             Date & Time                       Campaign  ... Revenue Payout\n  0  07/30/2025 06:01:33  Campaign Testing - 09.09.2024  ...   $0.00  $0.00\n  1  07/30/2025 06:01:32  Campaign Testing - 09.09.2024  ...   $0.00  $0.00\n  2  07/30/2025 06:01:31  Campaign Testing - 09.09.2024  ...   $0.00  $0.00\n  3  07/30/2025 06:01:30  Campaign Testing - 09.09.2024  ...   $0.00  $0.00\n  4  07/30/2025 06:01:30  Campaign Testing - 09.09.2024  ...   $0.00  $0.00\n  5  07/30/2025 06:00:02  Campaign Testing - 09.09.2024  ...   $0.00  $0.00\n  6  07/30/2025 06:00:02  Campaign Testing - 09.09.2024  ...   $0.00  $0.00\n  7  07/30/2025 06:00:00  Campaign Testing - 09.09.2024  ...   $0.00  $0.00\n  8  07/30/2025 05:59:59  Campaign Testing - 09.09.2024  ...   $0.00  $0.00\n  9  07/30/2025 05:59:59  Campaign Testing - 09.09.2024  ...   $0.00  $0.00\n  \n  [10 rows x 16 columns]\n  CSV:\n              Date & Time                       Campaign  ... Revenue  Payout\n  0  07/30/2025  06:01:33  Campaign Testing - 09.09.2024  ...   $0.00   $0.00\n  1  07/30/2025  06:01:32  Campaign Testing - 09.09.2024  ...   $0.00   $0.00\n  2  07/30/2025  06:01:31  Campaign Testing - 09.09.2024  ...   $0.00   $0.00\n  3  07/30/2025  06:01:30  Campaign Testing - 09.09.2024  ...   $0.00   $0.00\n  4  07/30/2025  06:01:30  Campaign Testing - 09.09.2024  ...   $0.00   $0.00\n  5  07/30/2025  06:00:02  Campaign Testing - 09.09.2024  ...   $0.00   $0.00\n  6  07/30/2025  06:00:02  Campaign Testing - 09.09.2024  ...   $0.00   $0.00\n  7  07/30/2025  06:00:00  Campaign Testing - 09.09.2024  ...   $0.00   $0.00\n  8  07/30/2025  05:59:59  Campaign Testing - 09.09.2024  ...   $0.00   $0.00\n  9  07/30/2025  05:59:59  Campaign Testing - 09.09.2024  ...   $0.00   $0.00\n  \n  [10 rows x 16 columns]\nassert False\n +  where False = equals(           Date & Time                       Campaign  ... Revenue Payout\\n0  07/30/2025 06:01:33  Campaign Testing - 09.09.2024  ...   $0.00  $0.00\\n1  07/30/2025 06:01:32  Campaign Testing - 09.09.2024  ...   $0.00  $0.00\\n2  07/30/2025 06:01:31  Campaign Testing - 09.09.2024  ...   $0.00  $0.00\\n3  07/30/2025 06:01:30  Campaign Testing - 09.09.2024  ...   $0.00  $0.00\\n4  07/30/2025 06:01:30  Campaign Testing - 09.09.2024  ...   $0.00  $0.00\\n5  07/30/2025 06:00:02  Campaign Testing - 09.09.2024  ...   $0.00  $0.00\\n6  07/30/2025 06:00:02  Campaign Testing - 09.09.2024  ...   $0.00  $0.00\\n7  07/30/2025 06:00:00  Campaign Testing - 09.09.2024  ...   $0.00  $0.00\\n8  07/30/2025 05:59:59  Campaign Testing - 09.09.2024  ...   $0.00  $0.00\\n9  07/30/2025 05:59:59  Campaign Testing - 09.09.2024  ...   $0.00  $0.00\\n\\n[10 rows x 16 columns])\n +    where equals =             Date & Time                       Campaign  ... Revenue  Payout\\n0  07/30/2025  06:01:33  Campaign Testing - 09.09.2024  ...   $0.00   $0.00\\n1  07/30/2025  06:01:32  Campaign Testing - 09.09.2024  ...   $0.00   $0.00\\n2  07/30/2025  06:01:31  Campaign Testing - 09.09.2024  ...   $0.00   $0.00\\n3  07/30/2025  06:01:30  Campaign Testing - 09.09.2024  ...   $0.00   $0.00\\n4  07/30/2025  06:01:30  Campaign Testing - 09.09.2024  ...   $0.00   $0.00\\n5  07/30/2025  06:00:02  Campaign Testing - 09.09.2024  ...   $0.00   $0.00\\n6  07/30/2025  06:00:02  Campaign Testing - 09.09.2024  ...   $0.00   $0.00\\n7  07/30/2025  06:00:00  Campaign Testing - 09.09.2024  ...   $0.00   $0.00\\n8  07/30/2025  05:59:59  Campaign Testing - 09.09.2024  ...   $0.00   $0.00\\n9  07/30/2025  05:59:59  Campaign Testing - 09.09.2024  ...   $0.00   $0.00\\n\\n[10 rows x 16 columns].equals","time":{"start":1756565559380,"stop":1756565574320,"duration":14940}},{"uid":"c6ec440a3c5785f8","status":"failed","statusDetails":"AssertionError: Mismatch:\n  UI:\n    S.no          Date & Time  ... Revenue Payout\n  0    1  07/30/2025 06:01:33  ...   $0.00  $0.00\n  1    2  07/30/2025 06:01:32  ...   $0.00  $0.00\n  2    3  07/30/2025 06:01:31  ...   $0.00  $0.00\n  3    4  07/30/2025 06:01:30  ...   $0.00  $0.00\n  4    5  07/30/2025 06:01:30  ...   $0.00  $0.00\n  5    6  07/30/2025 06:00:02  ...   $0.00  $0.00\n  6    7  07/30/2025 06:00:02  ...   $0.00  $0.00\n  7    8  07/30/2025 06:00:00  ...   $0.00  $0.00\n  8    9  07/30/2025 05:59:59  ...   $0.00  $0.00\n  9   10  07/30/2025 05:59:59  ...   $0.00  $0.00\n  \n  [10 rows x 17 columns]\n  CSV:\n              Date & Time                       Campaign  ... Revenue  Payout\n  0  07/30/2025  06:01:33  Campaign Testing - 09.09.2024  ...   $0.00   $0.00\n  1  07/30/2025  06:01:32  Campaign Testing - 09.09.2024  ...   $0.00   $0.00\n  2  07/30/2025  06:01:31  Campaign Testing - 09.09.2024  ...   $0.00   $0.00\n  3  07/30/2025  06:01:30  Campaign Testing - 09.09.2024  ...   $0.00   $0.00\n  4  07/30/2025  06:01:30  Campaign Testing - 09.09.2024  ...   $0.00   $0.00\n  5  07/30/2025  06:00:02  Campaign Testing - 09.09.2024  ...   $0.00   $0.00\n  6  07/30/2025  06:00:02  Campaign Testing - 09.09.2024  ...   $0.00   $0.00\n  7  07/30/2025  06:00:00  Campaign Testing - 09.09.2024  ...   $0.00   $0.00\n  8  07/30/2025  05:59:59  Campaign Testing - 09.09.2024  ...   $0.00   $0.00\n  9  07/30/2025  05:59:59  Campaign Testing - 09.09.2024  ...   $0.00   $0.00\n  \n  [10 rows x 16 columns]\nassert False\n +  where False = equals(  S.no          Date & Time  ... Revenue Payout\\n0    1  07/30/2025 06:01:33  ...   $0.00  $0.00\\n1    2  07/30/2025 06:01:32  ...   $0.00  $0.00\\n2    3  07/30/2025 06:01:31  ...   $0.00  $0.00\\n3    4  07/30/2025 06:01:30  ...   $0.00  $0.00\\n4    5  07/30/2025 06:01:30  ...   $0.00  $0.00\\n5    6  07/30/2025 06:00:02  ...   $0.00  $0.00\\n6    7  07/30/2025 06:00:02  ...   $0.00  $0.00\\n7    8  07/30/2025 06:00:00  ...   $0.00  $0.00\\n8    9  07/30/2025 05:59:59  ...   $0.00  $0.00\\n9   10  07/30/2025 05:59:59  ...   $0.00  $0.00\\n\\n[10 rows x 17 columns])\n +    where equals =             Date & Time                       Campaign  ... Revenue  Payout\\n0  07/30/2025  06:01:33  Campaign Testing - 09.09.2024  ...   $0.00   $0.00\\n1  07/30/2025  06:01:32  Campaign Testing - 09.09.2024  ...   $0.00   $0.00\\n2  07/30/2025  06:01:31  Campaign Testing - 09.09.2024  ...   $0.00   $0.00\\n3  07/30/2025  06:01:30  Campaign Testing - 09.09.2024  ...   $0.00   $0.00\\n4  07/30/2025  06:01:30  Campaign Testing - 09.09.2024  ...   $0.00   $0.00\\n5  07/30/2025  06:00:02  Campaign Testing - 09.09.2024  ...   $0.00   $0.00\\n6  07/30/2025  06:00:02  Campaign Testing - 09.09.2024  ...   $0.00   $0.00\\n7  07/30/2025  06:00:00  Campaign Testing - 09.09.2024  ...   $0.00   $0.00\\n8  07/30/2025  05:59:59  Campaign Testing - 09.09.2024  ...   $0.00   $0.00\\n9  07/30/2025  05:59:59  Campaign Testing - 09.09.2024  ...   $0.00   $0.00\\n\\n[10 rows x 16 columns].equals","time":{"start":1756565428732,"stop":1756565443500,"duration":14768}},{"uid":"d6fd01b57fbe76cf","status":"failed","statusDetails":"AssertionError: Mismatch:\n  UI:\n    S.no          Date & Time  ... Revenue Payout\n  0    1  07/30/2025 06:01:33  ...   $0.00  $0.00\n  1    2  07/30/2025 06:01:32  ...   $0.00  $0.00\n  2    3  07/30/2025 06:01:31  ...   $0.00  $0.00\n  3    4  07/30/2025 06:01:30  ...   $0.00  $0.00\n  4    5  07/30/2025 06:01:30  ...   $0.00  $0.00\n  5    6  07/30/2025 06:00:02  ...   $0.00  $0.00\n  6    7  07/30/2025 06:00:02  ...   $0.00  $0.00\n  7    8  07/30/2025 06:00:00  ...   $0.00  $0.00\n  8    9  07/30/2025 05:59:59  ...   $0.00  $0.00\n  9   10  07/30/2025 05:59:59  ...   $0.00  $0.00\n  \n  [10 rows x 17 columns]\n  CSV:\n              Date & Time                       Campaign  ... Revenue  Payout\n  0  07/30/2025  06:01:33  Campaign Testing - 09.09.2024  ...   $0.00   $0.00\n  1  07/30/2025  06:01:32  Campaign Testing - 09.09.2024  ...   $0.00   $0.00\n  2  07/30/2025  06:01:31  Campaign Testing - 09.09.2024  ...   $0.00   $0.00\n  3  07/30/2025  06:01:30  Campaign Testing - 09.09.2024  ...   $0.00   $0.00\n  4  07/30/2025  06:01:30  Campaign Testing - 09.09.2024  ...   $0.00   $0.00\n  5  07/30/2025  06:00:02  Campaign Testing - 09.09.2024  ...   $0.00   $0.00\n  6  07/30/2025  06:00:02  Campaign Testing - 09.09.2024  ...   $0.00   $0.00\n  7  07/30/2025  06:00:00  Campaign Testing - 09.09.2024  ...   $0.00   $0.00\n  8  07/30/2025  05:59:59  Campaign Testing - 09.09.2024  ...   $0.00   $0.00\n  9  07/30/2025  05:59:59  Campaign Testing - 09.09.2024  ...   $0.00   $0.00\n  \n  [10 rows x 16 columns]\nassert False\n +  where False = equals(  S.no          Date & Time  ... Revenue Payout\\n0    1  07/30/2025 06:01:33  ...   $0.00  $0.00\\n1    2  07/30/2025 06:01:32  ...   $0.00  $0.00\\n2    3  07/30/2025 06:01:31  ...   $0.00  $0.00\\n3    4  07/30/2025 06:01:30  ...   $0.00  $0.00\\n4    5  07/30/2025 06:01:30  ...   $0.00  $0.00\\n5    6  07/30/2025 06:00:02  ...   $0.00  $0.00\\n6    7  07/30/2025 06:00:02  ...   $0.00  $0.00\\n7    8  07/30/2025 06:00:00  ...   $0.00  $0.00\\n8    9  07/30/2025 05:59:59  ...   $0.00  $0.00\\n9   10  07/30/2025 05:59:59  ...   $0.00  $0.00\\n\\n[10 rows x 17 columns])\n +    where equals =             Date & Time                       Campaign  ... Revenue  Payout\\n0  07/30/2025  06:01:33  Campaign Testing - 09.09.2024  ...   $0.00   $0.00\\n1  07/30/2025  06:01:32  Campaign Testing - 09.09.2024  ...   $0.00   $0.00\\n2  07/30/2025  06:01:31  Campaign Testing - 09.09.2024  ...   $0.00   $0.00\\n3  07/30/2025  06:01:30  Campaign Testing - 09.09.2024  ...   $0.00   $0.00\\n4  07/30/2025  06:01:30  Campaign Testing - 09.09.2024  ...   $0.00   $0.00\\n5  07/30/2025  06:00:02  Campaign Testing - 09.09.2024  ...   $0.00   $0.00\\n6  07/30/2025  06:00:02  Campaign Testing - 09.09.2024  ...   $0.00   $0.00\\n7  07/30/2025  06:00:00  Campaign Testing - 09.09.2024  ...   $0.00   $0.00\\n8  07/30/2025  05:59:59  Campaign Testing - 09.09.2024  ...   $0.00   $0.00\\n9  07/30/2025  05:59:59  Campaign Testing - 09.09.2024  ...   $0.00   $0.00\\n\\n[10 rows x 16 columns].equals","time":{"start":1756564753589,"stop":1756564768220,"duration":14631}},{"uid":"c3fa5115273e9d67","status":"passed","time":{"start":1756562821239,"stop":1756562834246,"duration":13007}},{"uid":"98fd81a73a036d11","status":"passed","time":{"start":1756560753958,"stop":1756560771704,"duration":17746}},{"uid":"edc1ff98682c6aff","status":"passed","time":{"start":1756560600898,"stop":1756560614179,"duration":13281}},{"uid":"32a1e15748f76a37","status":"passed","time":{"start":1756461382051,"stop":1756461397272,"duration":15221}},{"uid":"1fa6548b07bb896b","status":"passed","time":{"start":1756461199100,"stop":1756461214288,"duration":15188}}],"categories":[],"tags":[]},"source":"33f329ca6ea4c151.json","parameterValues":[]}