{"uid":"3b9c224aabdc81f9","name":"test_offer_search_functionality","fullName":"tests.test_offer#test_offer_search_functionality","historyId":"ce634b5ddbab686d114c45b25e9ee7ee","time":{"start":1758104431559,"stop":1758104439505,"duration":7946},"status":"broken","statusMessage":"selenium.common.exceptions.StaleElementReferenceException: Message: stale element reference: stale element not found in the current frame\n  (Session info: chrome=140.0.7339.128); For documentation on this error, please visit: https://www.selenium.dev/documentation/webdriver/troubleshooting/errors#staleelementreferenceexception\nStacktrace:\n\tGetHandleVerifier [0x0x7ff76d76fc95+79861]\n\tGetHandleVerifier [0x0x7ff76d76fcf0+79952]\n\t(No symbol) [0x0x7ff76d4ecada]\n\t(No symbol) [0x0x7ff76d4f461a]\n\t(No symbol) [0x0x7ff76d4f770f]\n\t(No symbol) [0x0x7ff76d4f77cf]\n\t(No symbol) [0x0x7ff76d53de36]\n\t(No symbol) [0x0x7ff76d56cada]\n\t(No symbol) [0x0x7ff76d536bc6]\n\t(No symbol) [0x0x7ff76d56ccf0]\n\t(No symbol) [0x0x7ff76d594f8b]\n\t(No symbol) [0x0x7ff76d56c8b3]\n\t(No symbol) [0x0x7ff76d535272]\n\t(No symbol) [0x0x7ff76d536043]\n\tGetHandleVerifier [0x0x7ff76da2b9cd+2946349]\n\tGetHandleVerifier [0x0x7ff76da25c4a+2922410]\n\tGetHandleVerifier [0x0x7ff76da459d7+3052855]\n\tGetHandleVerifier [0x0x7ff76d78aa7e+189918]\n\tGetHandleVerifier [0x0x7ff76d792a1f+222591]\n\tGetHandleVerifier [0x0x7ff76d778ab4+116244]\n\tGetHandleVerifier [0x0x7ff76d778c69+116681]\n\tGetHandleVerifier [0x0x7ff76d75f048+11176]\n\tBaseThreadInitThunk [0x0x7ffba9f8e8d7+23]\n\tRtlUserThreadStart [0x0x7ffbab248d9c+44]","statusTrace":"driver = <selenium.webdriver.chrome.webdriver.WebDriver (session=\"a600c409d5f6c0e9776931e21ea4165c\")>\n\n    def test_offer_search_functionality(driver):\n        lp = LoginPage(driver)\n        o = Offer(driver)\n        lp.do_login(Constant.USERNAME, Constant.PASSWORD)\n        db = DashBoard(driver)\n        db.element_displayed(db.DASHBOARD_TEXT)\n        db.click_offer_ele()\n        # db.do_click(db.OFFER_TAB)\n>       assert isinstance(o.is_table_data_present(), str), \"Table data not present\"\n                          ^^^^^^^^^^^^^^^^^^^^^^^^^\n\ntests\\test_offer.py:51: \n_ _ _ _ _ _ _ _ _ _ _ _ _ _ _ _ _ _ _ _ _ _ _ _ _ _ _ _ _ _ _ _ _ _ _ _ _ _ _ _\npages\\offer_page.py:22: in is_table_data_present\n    self.wait_for_non_empty_text(self.FIRST_CELL)\npages\\base_page.py:117: in wait_for_non_empty_text\n    return WebDriverWait(self.driver, timeout).until(\n.venv\\Lib\\site-packages\\selenium\\webdriver\\support\\wait.py:129: in until\n    value = method(self._driver)\n            ^^^^^^^^^^^^^^^^^^^^\npages\\base_page.py:118: in <lambda>\n    lambda d: d.find_element(*locator).text.strip() != \"\"\n              ^^^^^^^^^^^^^^^^^^^^^^^^^^^^^\n.venv\\Lib\\site-packages\\selenium\\webdriver\\remote\\webelement.py:110: in text\n    return self._execute(Command.GET_ELEMENT_TEXT)[\"value\"]\n           ^^^^^^^^^^^^^^^^^^^^^^^^^^^^^^^^^^^^^^^\n.venv\\Lib\\site-packages\\selenium\\webdriver\\remote\\webelement.py:573: in _execute\n    return self._parent.execute(command, params)\n           ^^^^^^^^^^^^^^^^^^^^^^^^^^^^^^^^^^^^^\n.venv\\Lib\\site-packages\\selenium\\webdriver\\remote\\webdriver.py:458: in execute\n    self.error_handler.check_response(response)\n_ _ _ _ _ _ _ _ _ _ _ _ _ _ _ _ _ _ _ _ _ _ _ _ _ _ _ _ _ _ _ _ _ _ _ _ _ _ _ _\n\nself = <selenium.webdriver.remote.errorhandler.ErrorHandler object at 0x00000216A98EE3C0>\nresponse = {'status': 404, 'value': '{\"value\":{\"error\":\"stale element reference\",\"message\":\"stale element reference: stale elemen...ff76d75f048+11176]\\\\n\\\\tBaseThreadInitThunk [0x0x7ffba9f8e8d7+23]\\\\n\\\\tRtlUserThreadStart [0x0x7ffbab248d9c+44]\\\\n\"}}'}\n\n    def check_response(self, response: dict[str, Any]) -> None:\n        \"\"\"Checks that a JSON response from the WebDriver does not have an\n        error.\n    \n        :Args:\n         - response - The JSON response from the WebDriver server as a dictionary\n           object.\n    \n        :Raises: If the response contains an error message.\n        \"\"\"\n        status = response.get(\"status\", None)\n        if not status or status == ErrorCode.SUCCESS:\n            return\n        value = None\n        message = response.get(\"message\", \"\")\n        screen: str = response.get(\"screen\", \"\")\n        stacktrace = None\n        if isinstance(status, int):\n            value_json = response.get(\"value\", None)\n            if value_json and isinstance(value_json, str):\n                try:\n                    value = json.loads(value_json)\n                    if isinstance(value, dict):\n                        if len(value) == 1:\n                            value = value[\"value\"]\n                        status = value.get(\"error\", None)\n                        if not status:\n                            status = value.get(\"status\", ErrorCode.UNKNOWN_ERROR)\n                            message = value.get(\"value\") or value.get(\"message\")\n                            if not isinstance(message, str):\n                                value = message\n                                message = message.get(\"message\")\n                        else:\n                            message = value.get(\"message\", None)\n                except ValueError:\n                    pass\n    \n        exception_class: type[WebDriverException]\n        e = ErrorCode()\n        error_codes = [item for item in dir(e) if not item.startswith(\"__\")]\n        for error_code in error_codes:\n            error_info = getattr(ErrorCode, error_code)\n            if isinstance(error_info, list) and status in error_info:\n                exception_class = getattr(ExceptionMapping, error_code, WebDriverException)\n                break\n        else:\n            exception_class = WebDriverException\n    \n        if not value:\n            value = response[\"value\"]\n        if isinstance(value, str):\n            raise exception_class(value)\n        if message == \"\" and \"message\" in value:\n            message = value[\"message\"]\n    \n        screen = None  # type: ignore[assignment]\n        if \"screen\" in value:\n            screen = value[\"screen\"]\n    \n        stacktrace = None\n        st_value = value.get(\"stackTrace\") or value.get(\"stacktrace\")\n        if st_value:\n            if isinstance(st_value, str):\n                stacktrace = st_value.split(\"\\n\")\n            else:\n                stacktrace = []\n                try:\n                    for frame in st_value:\n                        line = frame.get(\"lineNumber\", \"\")\n                        file = frame.get(\"fileName\", \"<anonymous>\")\n                        if line:\n                            file = f\"{file}:{line}\"\n                        meth = frame.get(\"methodName\", \"<anonymous>\")\n                        if \"className\" in frame:\n                            meth = f\"{frame['className']}.{meth}\"\n                        msg = \"    at %s (%s)\"\n                        msg = msg % (meth, file)\n                        stacktrace.append(msg)\n                except TypeError:\n                    pass\n        if exception_class == UnexpectedAlertPresentException:\n            alert_text = None\n            if \"data\" in value:\n                alert_text = value[\"data\"].get(\"text\")\n            elif \"alert\" in value:\n                alert_text = value[\"alert\"].get(\"text\")\n            raise exception_class(message, screen, stacktrace, alert_text)  # type: ignore[call-arg]  # mypy is not smart enough here\n>       raise exception_class(message, screen, stacktrace)\nE       selenium.common.exceptions.StaleElementReferenceException: Message: stale element reference: stale element not found in the current frame\nE         (Session info: chrome=140.0.7339.128); For documentation on this error, please visit: https://www.selenium.dev/documentation/webdriver/troubleshooting/errors#staleelementreferenceexception\nE       Stacktrace:\nE       \tGetHandleVerifier [0x0x7ff76d76fc95+79861]\nE       \tGetHandleVerifier [0x0x7ff76d76fcf0+79952]\nE       \t(No symbol) [0x0x7ff76d4ecada]\nE       \t(No symbol) [0x0x7ff76d4f461a]\nE       \t(No symbol) [0x0x7ff76d4f770f]\nE       \t(No symbol) [0x0x7ff76d4f77cf]\nE       \t(No symbol) [0x0x7ff76d53de36]\nE       \t(No symbol) [0x0x7ff76d56cada]\nE       \t(No symbol) [0x0x7ff76d536bc6]\nE       \t(No symbol) [0x0x7ff76d56ccf0]\nE       \t(No symbol) [0x0x7ff76d594f8b]\nE       \t(No symbol) [0x0x7ff76d56c8b3]\nE       \t(No symbol) [0x0x7ff76d535272]\nE       \t(No symbol) [0x0x7ff76d536043]\nE       \tGetHandleVerifier [0x0x7ff76da2b9cd+2946349]\nE       \tGetHandleVerifier [0x0x7ff76da25c4a+2922410]\nE       \tGetHandleVerifier [0x0x7ff76da459d7+3052855]\nE       \tGetHandleVerifier [0x0x7ff76d78aa7e+189918]\nE       \tGetHandleVerifier [0x0x7ff76d792a1f+222591]\nE       \tGetHandleVerifier [0x0x7ff76d778ab4+116244]\nE       \tGetHandleVerifier [0x0x7ff76d778c69+116681]\nE       \tGetHandleVerifier [0x0x7ff76d75f048+11176]\nE       \tBaseThreadInitThunk [0x0x7ffba9f8e8d7+23]\nE       \tRtlUserThreadStart [0x0x7ffbab248d9c+44]\n\n.venv\\Lib\\site-packages\\selenium\\webdriver\\remote\\errorhandler.py:232: StaleElementReferenceException","flaky":false,"newFailed":false,"newBroken":false,"newPassed":false,"retriesCount":0,"retriesStatusChange":false,"beforeStages":[{"name":"driver","time":{"start":1758104422109,"stop":1758104431558,"duration":9449},"status":"passed","steps":[],"attachments":[],"parameters":[],"hasContent":false,"stepsCount":0,"attachmentsCount":0,"attachmentStep":false,"shouldDisplayMessage":false}],"afterStages":[{"name":"driver::0","time":{"start":1758104439926,"stop":1758104442188,"duration":2262},"status":"passed","steps":[],"attachments":[],"parameters":[],"hasContent":false,"stepsCount":0,"attachmentsCount":0,"attachmentStep":false,"shouldDisplayMessage":false}],"labels":[{"name":"parentSuite","value":"tests"},{"name":"suite","value":"test_offer"},{"name":"host","value":"DESKTOP-THM7RLI"},{"name":"thread","value":"7856-MainThread"},{"name":"framework","value":"pytest"},{"name":"language","value":"cpython3"},{"name":"package","value":"tests.test_offer"},{"name":"resultFormat","value":"allure2"}],"parameters":[],"links":[],"hidden":true,"retry":true,"extra":{"categories":[],"tags":[]},"source":"3b9c224aabdc81f9.json","parameterValues":[]}