{"uid":"592b30b6d288ea10","name":"test_reporting_export_this_page","fullName":"tests.test_reporting#test_reporting_export_this_page","historyId":"33a51106bf2e2b8502230901bcf37c62","time":{"start":1756571459996,"stop":1756571480441,"duration":20445},"status":"failed","statusMessage":"AssertionError: UI table data does not match exported CSV!\nassert False\n +  where False = equals(            Date & Time                       Campaign  ... Revenue  Payout\\n0  07/30/2025  06:01:33  Campaign Testing - 09.09.2024  ...   $0.00   $0.00\\n1  07/30/2025  06:01:32  Campaign Testing - 09.09.2024  ...   $0.00   $0.00\\n2  07/30/2025  06:01:31  Campaign Testing - 09.09.2024  ...   $0.00   $0.00\\n3  07/30/2025  06:01:30  Campaign Testing - 09.09.2024  ...   $0.00   $0.00\\n4  07/30/2025  06:01:30  Campaign Testing - 09.09.2024  ...   $0.00   $0.00\\n5  07/30/2025  06:00:02  Campaign Testing - 09.09.2024  ...   $0.00   $0.00\\n6  07/30/2025  06:00:02  Campaign Testing - 09.09.2024  ...   $0.00   $0.00\\n7  07/30/2025  06:00:00  Campaign Testing - 09.09.2024  ...   $0.00   $0.00\\n8  07/30/2025  05:59:59  Campaign Testing - 09.09.2024  ...   $0.00   $0.00\\n9  07/30/2025  05:59:59  Campaign Testing - 09.09.2024  ...   $0.00   $0.00\\n\\n[10 rows x 16 columns])\n +    where equals =            Date & Time                       Campaign  ... Revenue Payout\\n0  07/30/2025 06:01:33  Campaign Testing - 09.09.2024  ...   $0.00  $0.00\\n1  07/30/2025 06:01:32  Campaign Testing - 09.09.2024  ...   $0.00  $0.00\\n2  07/30/2025 06:01:31  Campaign Testing - 09.09.2024  ...   $0.00  $0.00\\n3  07/30/2025 06:01:30  Campaign Testing - 09.09.2024  ...   $0.00  $0.00\\n4  07/30/2025 06:01:30  Campaign Testing - 09.09.2024  ...   $0.00  $0.00\\n5  07/30/2025 06:00:02  Campaign Testing - 09.09.2024  ...   $0.00  $0.00\\n6  07/30/2025 06:00:02  Campaign Testing - 09.09.2024  ...   $0.00  $0.00\\n7  07/30/2025 06:00:00  Campaign Testing - 09.09.2024  ...   $0.00  $0.00\\n8  07/30/2025 05:59:59  Campaign Testing - 09.09.2024  ...   $0.00  $0.00\\n9  07/30/2025 05:59:59  Campaign Testing - 09.09.2024  ...   $0.00  $0.00\\n\\n[10 rows x 16 columns].equals","statusTrace":"driver_with_downloads = <selenium.webdriver.chrome.webdriver.WebDriver (session=\"009e4f775d8573d0163840f2540a4295\")>\n\n    def test_reporting_export_this_page(driver_with_downloads):\n        driver = driver_with_downloads\n        lp = LoginPage(driver)\n        r = Reporting(driver)\n        lp.do_login(Constant.USERNAME, Constant.PASSWORD)\n        db = DashBoard(driver)\n        db.element_displayed(db.DASHBOARD_TEXT)\n        db.click_reporting_ele()\n        r.set_date()\n        time.sleep(2)\n        r.do_click(r.REFRESH_BUTTON)\n        r.do_click(r.EXPORT_BUTTON)\n        r.do_click(r.EXPORT_SUB_BUTTON)\n        time.sleep(3)\n        files = [f for f in os.listdir(driver.download_dir) if f.endswith(\".csv\")]\n        assert files, \"No CSV file found!\"\n        csv_file_path = os.path.join(driver.download_dir, files[0])\n        # read downloaded csv\n        csv_data = pd.read_csv(csv_file_path, sep=\",\", engine=\"python\")\n        # get UI dataframe\n        ui_df = r.get_table_as_dataframe()\n        # save UI data for debugging/reference\n        ui_df.to_csv(\"ui_data.csv\", index=False)\n        # clean both DataFrames\n        csv_data = strip_spaces(csv_data)\n        ui_df = strip_spaces(ui_df)\n        # compare\n>       assert ui_df.equals(csv_data), \"UI table data does not match exported CSV!\"\nE       AssertionError: UI table data does not match exported CSV!\nE       assert False\nE        +  where False = equals(            Date & Time                       Campaign  ... Revenue  Payout\\n0  07/30/2025  06:01:33  Campaign Testing - 09.09.2024  ...   $0.00   $0.00\\n1  07/30/2025  06:01:32  Campaign Testing - 09.09.2024  ...   $0.00   $0.00\\n2  07/30/2025  06:01:31  Campaign Testing - 09.09.2024  ...   $0.00   $0.00\\n3  07/30/2025  06:01:30  Campaign Testing - 09.09.2024  ...   $0.00   $0.00\\n4  07/30/2025  06:01:30  Campaign Testing - 09.09.2024  ...   $0.00   $0.00\\n5  07/30/2025  06:00:02  Campaign Testing - 09.09.2024  ...   $0.00   $0.00\\n6  07/30/2025  06:00:02  Campaign Testing - 09.09.2024  ...   $0.00   $0.00\\n7  07/30/2025  06:00:00  Campaign Testing - 09.09.2024  ...   $0.00   $0.00\\n8  07/30/2025  05:59:59  Campaign Testing - 09.09.2024  ...   $0.00   $0.00\\n9  07/30/2025  05:59:59  Campaign Testing - 09.09.2024  ...   $0.00   $0.00\\n\\n[10 rows x 16 columns])\nE        +    where equals =            Date & Time                       Campaign  ... Revenue Payout\\n0  07/30/2025 06:01:33  Campaign Testing - 09.09.2024  ...   $0.00  $0.00\\n1  07/30/2025 06:01:32  Campaign Testing - 09.09.2024  ...   $0.00  $0.00\\n2  07/30/2025 06:01:31  Campaign Testing - 09.09.2024  ...   $0.00  $0.00\\n3  07/30/2025 06:01:30  Campaign Testing - 09.09.2024  ...   $0.00  $0.00\\n4  07/30/2025 06:01:30  Campaign Testing - 09.09.2024  ...   $0.00  $0.00\\n5  07/30/2025 06:00:02  Campaign Testing - 09.09.2024  ...   $0.00  $0.00\\n6  07/30/2025 06:00:02  Campaign Testing - 09.09.2024  ...   $0.00  $0.00\\n7  07/30/2025 06:00:00  Campaign Testing - 09.09.2024  ...   $0.00  $0.00\\n8  07/30/2025 05:59:59  Campaign Testing - 09.09.2024  ...   $0.00  $0.00\\n9  07/30/2025 05:59:59  Campaign Testing - 09.09.2024  ...   $0.00  $0.00\\n\\n[10 rows x 16 columns].equals\n\ntests\\test_reporting.py:277: AssertionError","flaky":false,"newFailed":false,"newBroken":false,"newPassed":false,"retriesCount":0,"retriesStatusChange":false,"beforeStages":[{"name":"driver_with_downloads","time":{"start":1756571454243,"stop":1756571459996,"duration":5753},"status":"passed","steps":[],"attachments":[],"parameters":[],"shouldDisplayMessage":false,"attachmentsCount":0,"attachmentStep":false,"stepsCount":0,"hasContent":false}],"afterStages":[{"name":"driver_with_downloads::0","time":{"start":1756571480600,"stop":1756571482754,"duration":2154},"status":"passed","steps":[],"attachments":[],"parameters":[],"shouldDisplayMessage":false,"attachmentsCount":0,"attachmentStep":false,"stepsCount":0,"hasContent":false}],"labels":[{"name":"parentSuite","value":"tests"},{"name":"suite","value":"test_reporting"},{"name":"host","value":"DESKTOP-THM7RLI"},{"name":"thread","value":"13732-MainThread"},{"name":"framework","value":"pytest"},{"name":"language","value":"cpython3"},{"name":"package","value":"tests.test_reporting"},{"name":"resultFormat","value":"allure2"}],"parameters":[],"links":[],"hidden":true,"retry":true,"extra":{"categories":[],"tags":[]},"source":"592b30b6d288ea10.json","parameterValues":[]}