{"uid":"5bf0e175caee4d16","name":"test_reporting_export_all_data","fullName":"tests.test_reporting#test_reporting_export_all_data","historyId":"417b6463bd44627a8cb9fd484c629ace","time":{"start":1758188893180,"stop":1758188907507,"duration":14327},"status":"broken","statusMessage":"selenium.common.exceptions.StaleElementReferenceException: Message: stale element reference: stale element not found in the current frame\n  (Session info: chrome=140.0.7339.128); For documentation on this error, please visit: https://www.selenium.dev/documentation/webdriver/troubleshooting/errors#staleelementreferenceexception\nStacktrace:\n\tGetHandleVerifier [0x0x7ff7ecae30f5+79493]\n\tGetHandleVerifier [0x0x7ff7ecae3150+79584]\n\t(No symbol) [0x0x7ff7ec8601ba]\n\t(No symbol) [0x0x7ff7ec867cfe]\n\t(No symbol) [0x0x7ff7ec86adef]\n\t(No symbol) [0x0x7ff7ec86aeaf]\n\t(No symbol) [0x0x7ff7ec8b1a46]\n\t(No symbol) [0x0x7ff7ec8e070a]\n\t(No symbol) [0x0x7ff7ec8aa7e6]\n\t(No symbol) [0x0x7ff7ec8e0920]\n\t(No symbol) [0x0x7ff7ec908b8b]\n\t(No symbol) [0x0x7ff7ec8e04e3]\n\t(No symbol) [0x0x7ff7ec8a8e92]\n\t(No symbol) [0x0x7ff7ec8a9c63]\n\tGetHandleVerifier [0x0x7ff7ecda0dbd+2954061]\n\tGetHandleVerifier [0x0x7ff7ecd9b02a+2930106]\n\tGetHandleVerifier [0x0x7ff7ecdbb357+3061991]\n\tGetHandleVerifier [0x0x7ff7ecafd60e+187294]\n\tGetHandleVerifier [0x0x7ff7ecb0557f+219919]\n\tGetHandleVerifier [0x0x7ff7ecaec294+116772]\n\tGetHandleVerifier [0x0x7ff7ecaec449+117209]\n\tGetHandleVerifier [0x0x7ff7ecad2618+11176]\n\tBaseThreadInitThunk [0x0x7ffb93dae8d7+23]\n\tRtlUserThreadStart [0x0x7ffb943a8d9c+44]","statusTrace":"driver_with_downloads = <selenium.webdriver.chrome.webdriver.WebDriver (session=\"5e2c0cc405cfb1c9f19dfb13849baa48\")>\n\n    def test_reporting_export_all_data(driver_with_downloads):\n        driver = driver_with_downloads\n        lp = LoginPage(driver)\n        r = Reporting(driver)\n        lp.do_login(Constant.USERNAME, Constant.PASSWORD)\n        db = DashBoard(driver)\n        db.element_displayed(db.DASHBOARD_TEXT)\n        db.click_reporting_ele()\n        r.set_date(Constant.DATE_RANGE)\n        time.sleep(2)\n        r.do_click(r.REFRESH_BUTTON)\n        time.sleep(3)\n        r.scroll_to_element(r.CALL_DETAILS_TAB)\n>       assert isinstance(r.is_table_data_present(), str), \"Table data not present\"\n                          ^^^^^^^^^^^^^^^^^^^^^^^^^\n\ntests\\test_reporting.py:318: \n_ _ _ _ _ _ _ _ _ _ _ _ _ _ _ _ _ _ _ _ _ _ _ _ _ _ _ _ _ _ _ _ _ _ _ _ _ _ _ _\npages\\reporting_page.py:68: in is_table_data_present\n    self.wait_for_non_empty_text(self.FIRST_CELL)\npages\\base_page.py:117: in wait_for_non_empty_text\n    return WebDriverWait(self.driver, timeout).until(\n.venv\\Lib\\site-packages\\selenium\\webdriver\\support\\wait.py:129: in until\n    value = method(self._driver)\n            ^^^^^^^^^^^^^^^^^^^^\npages\\base_page.py:118: in <lambda>\n    lambda d: d.find_element(*locator).text.strip() != \"\"\n              ^^^^^^^^^^^^^^^^^^^^^^^^^^^^^\n.venv\\Lib\\site-packages\\selenium\\webdriver\\remote\\webelement.py:110: in text\n    return self._execute(Command.GET_ELEMENT_TEXT)[\"value\"]\n           ^^^^^^^^^^^^^^^^^^^^^^^^^^^^^^^^^^^^^^^\n.venv\\Lib\\site-packages\\selenium\\webdriver\\remote\\webelement.py:573: in _execute\n    return self._parent.execute(command, params)\n           ^^^^^^^^^^^^^^^^^^^^^^^^^^^^^^^^^^^^^\n.venv\\Lib\\site-packages\\selenium\\webdriver\\remote\\webdriver.py:458: in execute\n    self.error_handler.check_response(response)\n_ _ _ _ _ _ _ _ _ _ _ _ _ _ _ _ _ _ _ _ _ _ _ _ _ _ _ _ _ _ _ _ _ _ _ _ _ _ _ _\n\nself = <selenium.webdriver.remote.errorhandler.ErrorHandler object at 0x00000208EF1BA270>\nresponse = {'status': 404, 'value': '{\"value\":{\"error\":\"stale element reference\",\"message\":\"stale element reference: stale elemen...ff7ecad2618+11176]\\\\n\\\\tBaseThreadInitThunk [0x0x7ffb93dae8d7+23]\\\\n\\\\tRtlUserThreadStart [0x0x7ffb943a8d9c+44]\\\\n\"}}'}\n\n    def check_response(self, response: dict[str, Any]) -> None:\n        \"\"\"Checks that a JSON response from the WebDriver does not have an\n        error.\n    \n        :Args:\n         - response - The JSON response from the WebDriver server as a dictionary\n           object.\n    \n        :Raises: If the response contains an error message.\n        \"\"\"\n        status = response.get(\"status\", None)\n        if not status or status == ErrorCode.SUCCESS:\n            return\n        value = None\n        message = response.get(\"message\", \"\")\n        screen: str = response.get(\"screen\", \"\")\n        stacktrace = None\n        if isinstance(status, int):\n            value_json = response.get(\"value\", None)\n            if value_json and isinstance(value_json, str):\n                try:\n                    value = json.loads(value_json)\n                    if isinstance(value, dict):\n                        if len(value) == 1:\n                            value = value[\"value\"]\n                        status = value.get(\"error\", None)\n                        if not status:\n                            status = value.get(\"status\", ErrorCode.UNKNOWN_ERROR)\n                            message = value.get(\"value\") or value.get(\"message\")\n                            if not isinstance(message, str):\n                                value = message\n                                message = message.get(\"message\")\n                        else:\n                            message = value.get(\"message\", None)\n                except ValueError:\n                    pass\n    \n        exception_class: type[WebDriverException]\n        e = ErrorCode()\n        error_codes = [item for item in dir(e) if not item.startswith(\"__\")]\n        for error_code in error_codes:\n            error_info = getattr(ErrorCode, error_code)\n            if isinstance(error_info, list) and status in error_info:\n                exception_class = getattr(ExceptionMapping, error_code, WebDriverException)\n                break\n        else:\n            exception_class = WebDriverException\n    \n        if not value:\n            value = response[\"value\"]\n        if isinstance(value, str):\n            raise exception_class(value)\n        if message == \"\" and \"message\" in value:\n            message = value[\"message\"]\n    \n        screen = None  # type: ignore[assignment]\n        if \"screen\" in value:\n            screen = value[\"screen\"]\n    \n        stacktrace = None\n        st_value = value.get(\"stackTrace\") or value.get(\"stacktrace\")\n        if st_value:\n            if isinstance(st_value, str):\n                stacktrace = st_value.split(\"\\n\")\n            else:\n                stacktrace = []\n                try:\n                    for frame in st_value:\n                        line = frame.get(\"lineNumber\", \"\")\n                        file = frame.get(\"fileName\", \"<anonymous>\")\n                        if line:\n                            file = f\"{file}:{line}\"\n                        meth = frame.get(\"methodName\", \"<anonymous>\")\n                        if \"className\" in frame:\n                            meth = f\"{frame['className']}.{meth}\"\n                        msg = \"    at %s (%s)\"\n                        msg = msg % (meth, file)\n                        stacktrace.append(msg)\n                except TypeError:\n                    pass\n        if exception_class == UnexpectedAlertPresentException:\n            alert_text = None\n            if \"data\" in value:\n                alert_text = value[\"data\"].get(\"text\")\n            elif \"alert\" in value:\n                alert_text = value[\"alert\"].get(\"text\")\n            raise exception_class(message, screen, stacktrace, alert_text)  # type: ignore[call-arg]  # mypy is not smart enough here\n>       raise exception_class(message, screen, stacktrace)\nE       selenium.common.exceptions.StaleElementReferenceException: Message: stale element reference: stale element not found in the current frame\nE         (Session info: chrome=140.0.7339.128); For documentation on this error, please visit: https://www.selenium.dev/documentation/webdriver/troubleshooting/errors#staleelementreferenceexception\nE       Stacktrace:\nE       \tGetHandleVerifier [0x0x7ff7ecae30f5+79493]\nE       \tGetHandleVerifier [0x0x7ff7ecae3150+79584]\nE       \t(No symbol) [0x0x7ff7ec8601ba]\nE       \t(No symbol) [0x0x7ff7ec867cfe]\nE       \t(No symbol) [0x0x7ff7ec86adef]\nE       \t(No symbol) [0x0x7ff7ec86aeaf]\nE       \t(No symbol) [0x0x7ff7ec8b1a46]\nE       \t(No symbol) [0x0x7ff7ec8e070a]\nE       \t(No symbol) [0x0x7ff7ec8aa7e6]\nE       \t(No symbol) [0x0x7ff7ec8e0920]\nE       \t(No symbol) [0x0x7ff7ec908b8b]\nE       \t(No symbol) [0x0x7ff7ec8e04e3]\nE       \t(No symbol) [0x0x7ff7ec8a8e92]\nE       \t(No symbol) [0x0x7ff7ec8a9c63]\nE       \tGetHandleVerifier [0x0x7ff7ecda0dbd+2954061]\nE       \tGetHandleVerifier [0x0x7ff7ecd9b02a+2930106]\nE       \tGetHandleVerifier [0x0x7ff7ecdbb357+3061991]\nE       \tGetHandleVerifier [0x0x7ff7ecafd60e+187294]\nE       \tGetHandleVerifier [0x0x7ff7ecb0557f+219919]\nE       \tGetHandleVerifier [0x0x7ff7ecaec294+116772]\nE       \tGetHandleVerifier [0x0x7ff7ecaec449+117209]\nE       \tGetHandleVerifier [0x0x7ff7ecad2618+11176]\nE       \tBaseThreadInitThunk [0x0x7ffb93dae8d7+23]\nE       \tRtlUserThreadStart [0x0x7ffb943a8d9c+44]\n\n.venv\\Lib\\site-packages\\selenium\\webdriver\\remote\\errorhandler.py:232: StaleElementReferenceException","flaky":false,"newFailed":false,"newBroken":false,"newPassed":false,"retriesCount":0,"retriesStatusChange":false,"beforeStages":[{"name":"driver_with_downloads","time":{"start":1758188881974,"stop":1758188893179,"duration":11205},"status":"passed","steps":[],"attachments":[],"parameters":[],"shouldDisplayMessage":false,"attachmentsCount":0,"attachmentStep":false,"stepsCount":0,"hasContent":false}],"afterStages":[{"name":"driver_with_downloads::0","time":{"start":1758188907826,"stop":1758188910052,"duration":2226},"status":"passed","steps":[],"attachments":[],"parameters":[],"shouldDisplayMessage":false,"attachmentsCount":0,"attachmentStep":false,"stepsCount":0,"hasContent":false}],"labels":[{"name":"parentSuite","value":"tests"},{"name":"suite","value":"test_reporting"},{"name":"host","value":"DESKTOP-THM7RLI"},{"name":"thread","value":"15664-MainThread"},{"name":"framework","value":"pytest"},{"name":"language","value":"cpython3"},{"name":"package","value":"tests.test_reporting"},{"name":"resultFormat","value":"allure2"}],"parameters":[],"links":[],"hidden":true,"retry":true,"extra":{"categories":[],"tags":[]},"source":"5bf0e175caee4d16.json","parameterValues":[]}