{"uid":"645ec75b64daf9f8","name":"test_destination_table","fullName":"tests.test_reporting#test_destination_table","historyId":"eb27c9e6372977c9237fa2fdaf789c3e","time":{"start":1758188237963,"stop":1758188257991,"duration":20028},"status":"broken","statusMessage":"selenium.common.exceptions.StaleElementReferenceException: Message: stale element reference: stale element not found in the current frame\n  (Session info: chrome=140.0.7339.128); For documentation on this error, please visit: https://www.selenium.dev/documentation/webdriver/troubleshooting/errors#staleelementreferenceexception\nStacktrace:\n\tGetHandleVerifier [0x0x7ff7ecae30f5+79493]\n\tGetHandleVerifier [0x0x7ff7ecae3150+79584]\n\t(No symbol) [0x0x7ff7ec8601ba]\n\t(No symbol) [0x0x7ff7ec867cfe]\n\t(No symbol) [0x0x7ff7ec86adef]\n\t(No symbol) [0x0x7ff7ec86aeaf]\n\t(No symbol) [0x0x7ff7ec8b1a46]\n\t(No symbol) [0x0x7ff7ec8e070a]\n\t(No symbol) [0x0x7ff7ec8aa7e6]\n\t(No symbol) [0x0x7ff7ec8e0920]\n\t(No symbol) [0x0x7ff7ec908b8b]\n\t(No symbol) [0x0x7ff7ec8e04e3]\n\t(No symbol) [0x0x7ff7ec8a8e92]\n\t(No symbol) [0x0x7ff7ec8a9c63]\n\tGetHandleVerifier [0x0x7ff7ecda0dbd+2954061]\n\tGetHandleVerifier [0x0x7ff7ecd9b02a+2930106]\n\tGetHandleVerifier [0x0x7ff7ecdbb357+3061991]\n\tGetHandleVerifier [0x0x7ff7ecafd60e+187294]\n\tGetHandleVerifier [0x0x7ff7ecb0557f+219919]\n\tGetHandleVerifier [0x0x7ff7ecaec294+116772]\n\tGetHandleVerifier [0x0x7ff7ecaec449+117209]\n\tGetHandleVerifier [0x0x7ff7ecad2618+11176]\n\tBaseThreadInitThunk [0x0x7ffb93dae8d7+23]\n\tRtlUserThreadStart [0x0x7ffb943a8d9c+44]","statusTrace":"driver = <selenium.webdriver.chrome.webdriver.WebDriver (session=\"59c5aa39688a0d84f08d314c8c8f8647\")>\n\n    def test_destination_table(driver):\n        lp = LoginPage(driver)\n        r = Reporting(driver)\n        lp.do_login(Constant.USERNAME, Constant.PASSWORD)\n        db = DashBoard(driver)\n        assert db.element_displayed(db.DASHBOARD_TEXT)\n        db.click_reporting_ele()\n        r.set_date(Constant.DATE_RANGE)\n        time.sleep(2)\n        r.do_click(r.REFRESH_BUTTON)\n        r.do_click(r.DESTINATION_TAB)\n>       assert isinstance(r.is_table_data_present(), str),\"Table data not present\"\n                          ^^^^^^^^^^^^^^^^^^^^^^^^^\n\ntests\\test_reporting.py:77: \n_ _ _ _ _ _ _ _ _ _ _ _ _ _ _ _ _ _ _ _ _ _ _ _ _ _ _ _ _ _ _ _ _ _ _ _ _ _ _ _\npages\\reporting_page.py:68: in is_table_data_present\n    self.wait_for_non_empty_text(self.FIRST_CELL)\npages\\base_page.py:117: in wait_for_non_empty_text\n    return WebDriverWait(self.driver, timeout).until(\n.venv\\Lib\\site-packages\\selenium\\webdriver\\support\\wait.py:129: in until\n    value = method(self._driver)\n            ^^^^^^^^^^^^^^^^^^^^\npages\\base_page.py:118: in <lambda>\n    lambda d: d.find_element(*locator).text.strip() != \"\"\n              ^^^^^^^^^^^^^^^^^^^^^^^^^^^^^\n.venv\\Lib\\site-packages\\selenium\\webdriver\\remote\\webelement.py:110: in text\n    return self._execute(Command.GET_ELEMENT_TEXT)[\"value\"]\n           ^^^^^^^^^^^^^^^^^^^^^^^^^^^^^^^^^^^^^^^\n.venv\\Lib\\site-packages\\selenium\\webdriver\\remote\\webelement.py:573: in _execute\n    return self._parent.execute(command, params)\n           ^^^^^^^^^^^^^^^^^^^^^^^^^^^^^^^^^^^^^\n.venv\\Lib\\site-packages\\selenium\\webdriver\\remote\\webdriver.py:458: in execute\n    self.error_handler.check_response(response)\n_ _ _ _ _ _ _ _ _ _ _ _ _ _ _ _ _ _ _ _ _ _ _ _ _ _ _ _ _ _ _ _ _ _ _ _ _ _ _ _\n\nself = <selenium.webdriver.remote.errorhandler.ErrorHandler object at 0x000002BD9464F1D0>\nresponse = {'status': 404, 'value': '{\"value\":{\"error\":\"stale element reference\",\"message\":\"stale element reference: stale elemen...ff7ecad2618+11176]\\\\n\\\\tBaseThreadInitThunk [0x0x7ffb93dae8d7+23]\\\\n\\\\tRtlUserThreadStart [0x0x7ffb943a8d9c+44]\\\\n\"}}'}\n\n    def check_response(self, response: dict[str, Any]) -> None:\n        \"\"\"Checks that a JSON response from the WebDriver does not have an\n        error.\n    \n        :Args:\n         - response - The JSON response from the WebDriver server as a dictionary\n           object.\n    \n        :Raises: If the response contains an error message.\n        \"\"\"\n        status = response.get(\"status\", None)\n        if not status or status == ErrorCode.SUCCESS:\n            return\n        value = None\n        message = response.get(\"message\", \"\")\n        screen: str = response.get(\"screen\", \"\")\n        stacktrace = None\n        if isinstance(status, int):\n            value_json = response.get(\"value\", None)\n            if value_json and isinstance(value_json, str):\n                try:\n                    value = json.loads(value_json)\n                    if isinstance(value, dict):\n                        if len(value) == 1:\n                            value = value[\"value\"]\n                        status = value.get(\"error\", None)\n                        if not status:\n                            status = value.get(\"status\", ErrorCode.UNKNOWN_ERROR)\n                            message = value.get(\"value\") or value.get(\"message\")\n                            if not isinstance(message, str):\n                                value = message\n                                message = message.get(\"message\")\n                        else:\n                            message = value.get(\"message\", None)\n                except ValueError:\n                    pass\n    \n        exception_class: type[WebDriverException]\n        e = ErrorCode()\n        error_codes = [item for item in dir(e) if not item.startswith(\"__\")]\n        for error_code in error_codes:\n            error_info = getattr(ErrorCode, error_code)\n            if isinstance(error_info, list) and status in error_info:\n                exception_class = getattr(ExceptionMapping, error_code, WebDriverException)\n                break\n        else:\n            exception_class = WebDriverException\n    \n        if not value:\n            value = response[\"value\"]\n        if isinstance(value, str):\n            raise exception_class(value)\n        if message == \"\" and \"message\" in value:\n            message = value[\"message\"]\n    \n        screen = None  # type: ignore[assignment]\n        if \"screen\" in value:\n            screen = value[\"screen\"]\n    \n        stacktrace = None\n        st_value = value.get(\"stackTrace\") or value.get(\"stacktrace\")\n        if st_value:\n            if isinstance(st_value, str):\n                stacktrace = st_value.split(\"\\n\")\n            else:\n                stacktrace = []\n                try:\n                    for frame in st_value:\n                        line = frame.get(\"lineNumber\", \"\")\n                        file = frame.get(\"fileName\", \"<anonymous>\")\n                        if line:\n                            file = f\"{file}:{line}\"\n                        meth = frame.get(\"methodName\", \"<anonymous>\")\n                        if \"className\" in frame:\n                            meth = f\"{frame['className']}.{meth}\"\n                        msg = \"    at %s (%s)\"\n                        msg = msg % (meth, file)\n                        stacktrace.append(msg)\n                except TypeError:\n                    pass\n        if exception_class == UnexpectedAlertPresentException:\n            alert_text = None\n            if \"data\" in value:\n                alert_text = value[\"data\"].get(\"text\")\n            elif \"alert\" in value:\n                alert_text = value[\"alert\"].get(\"text\")\n            raise exception_class(message, screen, stacktrace, alert_text)  # type: ignore[call-arg]  # mypy is not smart enough here\n>       raise exception_class(message, screen, stacktrace)\nE       selenium.common.exceptions.StaleElementReferenceException: Message: stale element reference: stale element not found in the current frame\nE         (Session info: chrome=140.0.7339.128); For documentation on this error, please visit: https://www.selenium.dev/documentation/webdriver/troubleshooting/errors#staleelementreferenceexception\nE       Stacktrace:\nE       \tGetHandleVerifier [0x0x7ff7ecae30f5+79493]\nE       \tGetHandleVerifier [0x0x7ff7ecae3150+79584]\nE       \t(No symbol) [0x0x7ff7ec8601ba]\nE       \t(No symbol) [0x0x7ff7ec867cfe]\nE       \t(No symbol) [0x0x7ff7ec86adef]\nE       \t(No symbol) [0x0x7ff7ec86aeaf]\nE       \t(No symbol) [0x0x7ff7ec8b1a46]\nE       \t(No symbol) [0x0x7ff7ec8e070a]\nE       \t(No symbol) [0x0x7ff7ec8aa7e6]\nE       \t(No symbol) [0x0x7ff7ec8e0920]\nE       \t(No symbol) [0x0x7ff7ec908b8b]\nE       \t(No symbol) [0x0x7ff7ec8e04e3]\nE       \t(No symbol) [0x0x7ff7ec8a8e92]\nE       \t(No symbol) [0x0x7ff7ec8a9c63]\nE       \tGetHandleVerifier [0x0x7ff7ecda0dbd+2954061]\nE       \tGetHandleVerifier [0x0x7ff7ecd9b02a+2930106]\nE       \tGetHandleVerifier [0x0x7ff7ecdbb357+3061991]\nE       \tGetHandleVerifier [0x0x7ff7ecafd60e+187294]\nE       \tGetHandleVerifier [0x0x7ff7ecb0557f+219919]\nE       \tGetHandleVerifier [0x0x7ff7ecaec294+116772]\nE       \tGetHandleVerifier [0x0x7ff7ecaec449+117209]\nE       \tGetHandleVerifier [0x0x7ff7ecad2618+11176]\nE       \tBaseThreadInitThunk [0x0x7ffb93dae8d7+23]\nE       \tRtlUserThreadStart [0x0x7ffb943a8d9c+44]\n\n.venv\\Lib\\site-packages\\selenium\\webdriver\\remote\\errorhandler.py:232: StaleElementReferenceException","flaky":false,"newFailed":false,"newBroken":false,"newPassed":false,"retriesCount":10,"retriesStatusChange":true,"beforeStages":[{"name":"driver","time":{"start":1758188226936,"stop":1758188237963,"duration":11027},"status":"passed","steps":[],"attachments":[],"parameters":[],"hasContent":false,"stepsCount":0,"attachmentsCount":0,"attachmentStep":false,"shouldDisplayMessage":false}],"afterStages":[{"name":"driver::0","time":{"start":1758188258579,"stop":1758188260838,"duration":2259},"status":"passed","steps":[],"attachments":[],"parameters":[],"hasContent":false,"stepsCount":0,"attachmentsCount":0,"attachmentStep":false,"shouldDisplayMessage":false}],"labels":[{"name":"parentSuite","value":"tests"},{"name":"suite","value":"test_reporting"},{"name":"host","value":"DESKTOP-THM7RLI"},{"name":"thread","value":"14076-MainThread"},{"name":"framework","value":"pytest"},{"name":"language","value":"cpython3"},{"name":"package","value":"tests.test_reporting"},{"name":"resultFormat","value":"allure2"}],"parameters":[],"links":[],"hidden":false,"retry":false,"extra":{"severity":"normal","retries":[{"uid":"7e048959300ff53f","status":"passed","time":{"start":1757575947150,"stop":1757575959741,"duration":12591}},{"uid":"8e63795c981cd719","status":"broken","statusDetails":"selenium.common.exceptions.NoSuchWindowException: Message: no such window: target window already closed\nfrom unknown error: web view not found\n  (Session info: chrome=139.0.7258.155)\nStacktrace:\n\tGetHandleVerifier [0x0x7ff7971f3d85+79397]\n\tGetHandleVerifier [0x0x7ff7971f3de0+79488]\n\t(No symbol) [0x0x7ff796f9c0fa]\n\t(No symbol) [0x0x7ff796f74601]\n\t(No symbol) [0x0x7ff79702257e]\n\t(No symbol) [0x0x7ff797042c72]\n\t(No symbol) [0x0x7ff79701af73]\n\t(No symbol) [0x0x7ff796fe41b1]\n\t(No symbol) [0x0x7ff796fe4f43]\n\tGetHandleVerifier [0x0x7ff7974be1ed+3005069]\n\tGetHandleVerifier [0x0x7ff7974b831d+2980797]\n\tGetHandleVerifier [0x0x7ff7974d7e0d+3110573]\n\tGetHandleVerifier [0x0x7ff79720d6de+184190]\n\tGetHandleVerifier [0x0x7ff79721516f+215567]\n\tGetHandleVerifier [0x0x7ff7971fc974+115220]\n\tGetHandleVerifier [0x0x7ff7971fcb29+115657]\n\tGetHandleVerifier [0x0x7ff7971e3268+11016]\n\tBaseThreadInitThunk [0x0x7ffb4240e8d7+23]\n\tRtlUserThreadStart [0x0x7ffb426c8d9c+44]","time":{"start":1757066603127,"stop":1757066603127,"duration":0}},{"uid":"cd659e43e239f3e8","status":"passed","time":{"start":1757065904569,"stop":1757065911732,"duration":7163}},{"uid":"5e5399264807575b","status":"passed","time":{"start":1757065377897,"stop":1757065385854,"duration":7957}},{"uid":"e7b556ca3593159e","status":"passed","time":{"start":1756996341103,"stop":1756996348326,"duration":7223}},{"uid":"8291ad1e96e49ba7","status":"broken","statusDetails":"selenium.common.exceptions.TimeoutException: Message: \nStacktrace:\n\tGetHandleVerifier [0x0x7ff643fb3d85+79397]\n\tGetHandleVerifier [0x0x7ff643fb3de0+79488]\n\t(No symbol) [0x0x7ff643d5c0fa]\n\t(No symbol) [0x0x7ff643db2fd6]\n\t(No symbol) [0x0x7ff643db328c]\n\t(No symbol) [0x0x7ff643e06537]\n\t(No symbol) [0x0x7ff643ddb1df]\n\t(No symbol) [0x0x7ff643e03344]\n\t(No symbol) [0x0x7ff643ddaf73]\n\t(No symbol) [0x0x7ff643da41b1]\n\t(No symbol) [0x0x7ff643da4f43]\n\tGetHandleVerifier [0x0x7ff64427e1ed+3005069]\n\tGetHandleVerifier [0x0x7ff64427831d+2980797]\n\tGetHandleVerifier [0x0x7ff644297e0d+3110573]\n\tGetHandleVerifier [0x0x7ff643fcd6de+184190]\n\tGetHandleVerifier [0x0x7ff643fd516f+215567]\n\tGetHandleVerifier [0x0x7ff643fbc974+115220]\n\tGetHandleVerifier [0x0x7ff643fbcb29+115657]\n\tGetHandleVerifier [0x0x7ff643fa3268+11016]\n\tBaseThreadInitThunk [0x0x7fff5f39e8d7+23]\n\tRtlUserThreadStart [0x0x7fff60d48d9c+44]","time":{"start":1756995707342,"stop":1756995725085,"duration":17743}},{"uid":"5a8c9590966976c2","status":"passed","time":{"start":1756984055234,"stop":1756984067071,"duration":11837}},{"uid":"8c4eb77c9a9b8178","status":"passed","time":{"start":1756377998676,"stop":1756378015016,"duration":16340}},{"uid":"3519722988e1dd0f","status":"passed","time":{"start":1756295834681,"stop":1756295855711,"duration":21030}},{"uid":"f68139b4796780f8","status":"passed","time":{"start":1755947818307,"stop":1755947846412,"duration":28105}}],"categories":[{"name":"Test defects","matchedStatuses":[]}],"tags":[]},"source":"645ec75b64daf9f8.json","parameterValues":[]}