{"uid":"8291ad1e96e49ba7","name":"test_destination_table","fullName":"tests.test_reporting#test_destination_table","historyId":"eb27c9e6372977c9237fa2fdaf789c3e","time":{"start":1756995707342,"stop":1756995725085,"duration":17743},"status":"broken","statusMessage":"selenium.common.exceptions.TimeoutException: Message: \nStacktrace:\n\tGetHandleVerifier [0x0x7ff643fb3d85+79397]\n\tGetHandleVerifier [0x0x7ff643fb3de0+79488]\n\t(No symbol) [0x0x7ff643d5c0fa]\n\t(No symbol) [0x0x7ff643db2fd6]\n\t(No symbol) [0x0x7ff643db328c]\n\t(No symbol) [0x0x7ff643e06537]\n\t(No symbol) [0x0x7ff643ddb1df]\n\t(No symbol) [0x0x7ff643e03344]\n\t(No symbol) [0x0x7ff643ddaf73]\n\t(No symbol) [0x0x7ff643da41b1]\n\t(No symbol) [0x0x7ff643da4f43]\n\tGetHandleVerifier [0x0x7ff64427e1ed+3005069]\n\tGetHandleVerifier [0x0x7ff64427831d+2980797]\n\tGetHandleVerifier [0x0x7ff644297e0d+3110573]\n\tGetHandleVerifier [0x0x7ff643fcd6de+184190]\n\tGetHandleVerifier [0x0x7ff643fd516f+215567]\n\tGetHandleVerifier [0x0x7ff643fbc974+115220]\n\tGetHandleVerifier [0x0x7ff643fbcb29+115657]\n\tGetHandleVerifier [0x0x7ff643fa3268+11016]\n\tBaseThreadInitThunk [0x0x7fff5f39e8d7+23]\n\tRtlUserThreadStart [0x0x7fff60d48d9c+44]","statusTrace":"driver = <selenium.webdriver.chrome.webdriver.WebDriver (session=\"3aa705a43a7f6d88d9ba00b108e4b185\")>\n\n    def test_destination_table(driver):\n        lp = LoginPage(driver)\n        r = Reporting(driver)\n        lp.do_login(Constant.USERNAME, Constant.PASSWORD)\n        db = DashBoard(driver)\n        db.element_displayed(db.DASHBOARD_TEXT)\n        db.click_reporting_ele()\n>       r.set_date()\n\ntests\\test_reporting.py:65: \n_ _ _ _ _ _ _ _ _ _ _ _ _ _ _ _ _ _ _ _ _ _ _ _ _ _ _ _ _ _ _ _ _ _ _ _ _ _ _ _\npages\\reporting_page.py:70: in set_date\n    self.do_click(self.DATE_RANGE)\npages\\base_page.py:12: in do_click\n    WebDriverWait(self.driver,10).until(EC.element_to_be_clickable(by_locator)).click()\n    ^^^^^^^^^^^^^^^^^^^^^^^^^^^^^^^^^^^^^^^^^^^^^^^^^^^^^^^^^^^^^^^^^^^^^^^^^^^\n_ _ _ _ _ _ _ _ _ _ _ _ _ _ _ _ _ _ _ _ _ _ _ _ _ _ _ _ _ _ _ _ _ _ _ _ _ _ _ _\n\nself = <selenium.webdriver.support.wait.WebDriverWait (session=\"3aa705a43a7f6d88d9ba00b108e4b185\")>\nmethod = <function element_to_be_clickable.<locals>._predicate at 0x000002D31AA6F740>\nmessage = ''\n\n    def until(self, method: Callable[[D], Union[Literal[False], T]], message: str = \"\") -> T:\n        \"\"\"Wait until the method returns a value that is not False.\n    \n        Calls the method provided with the driver as an argument until the\n        return value does not evaluate to ``False``.\n    \n        Parameters:\n        -----------\n        method: callable(WebDriver)\n            - A callable object that takes a WebDriver instance as an argument.\n    \n        message: str\n            - Optional message for :exc:`TimeoutException`\n    \n        Return:\n        -------\n        object: T\n            - The result of the last call to `method`\n    \n        Raises:\n        -------\n        TimeoutException\n            - If 'method' does not return a truthy value within the WebDriverWait\n            object's timeout\n    \n        Example:\n        --------\n        >>> from selenium.webdriver.common.by import By\n        >>> from selenium.webdriver.support.ui import WebDriverWait\n        >>> from selenium.webdriver.support import expected_conditions as EC\n    \n        # Wait until an element is visible on the page\n        >>> wait = WebDriverWait(driver, 10)\n        >>> element = wait.until(EC.visibility_of_element_located((By.ID, \"exampleId\")))\n        >>> print(element.text)\n        \"\"\"\n        screen = None\n        stacktrace = None\n    \n        end_time = time.monotonic() + self._timeout\n        while True:\n            try:\n                value = method(self._driver)\n                if value:\n                    return value\n            except self._ignored_exceptions as exc:\n                screen = getattr(exc, \"screen\", None)\n                stacktrace = getattr(exc, \"stacktrace\", None)\n            if time.monotonic() > end_time:\n                break\n            time.sleep(self._poll)\n>       raise TimeoutException(message, screen, stacktrace)\nE       selenium.common.exceptions.TimeoutException: Message: \nE       Stacktrace:\nE       \tGetHandleVerifier [0x0x7ff643fb3d85+79397]\nE       \tGetHandleVerifier [0x0x7ff643fb3de0+79488]\nE       \t(No symbol) [0x0x7ff643d5c0fa]\nE       \t(No symbol) [0x0x7ff643db2fd6]\nE       \t(No symbol) [0x0x7ff643db328c]\nE       \t(No symbol) [0x0x7ff643e06537]\nE       \t(No symbol) [0x0x7ff643ddb1df]\nE       \t(No symbol) [0x0x7ff643e03344]\nE       \t(No symbol) [0x0x7ff643ddaf73]\nE       \t(No symbol) [0x0x7ff643da41b1]\nE       \t(No symbol) [0x0x7ff643da4f43]\nE       \tGetHandleVerifier [0x0x7ff64427e1ed+3005069]\nE       \tGetHandleVerifier [0x0x7ff64427831d+2980797]\nE       \tGetHandleVerifier [0x0x7ff644297e0d+3110573]\nE       \tGetHandleVerifier [0x0x7ff643fcd6de+184190]\nE       \tGetHandleVerifier [0x0x7ff643fd516f+215567]\nE       \tGetHandleVerifier [0x0x7ff643fbc974+115220]\nE       \tGetHandleVerifier [0x0x7ff643fbcb29+115657]\nE       \tGetHandleVerifier [0x0x7ff643fa3268+11016]\nE       \tBaseThreadInitThunk [0x0x7fff5f39e8d7+23]\nE       \tRtlUserThreadStart [0x0x7fff60d48d9c+44]\n\n.venv\\Lib\\site-packages\\selenium\\webdriver\\support\\wait.py:138: TimeoutException","flaky":false,"newFailed":false,"newBroken":false,"newPassed":false,"retriesCount":0,"retriesStatusChange":false,"beforeStages":[{"name":"driver","time":{"start":1756995700254,"stop":1756995707342,"duration":7088},"status":"passed","steps":[],"attachments":[],"parameters":[],"hasContent":false,"stepsCount":0,"attachmentsCount":0,"attachmentStep":false,"shouldDisplayMessage":false}],"afterStages":[{"name":"driver::0","time":{"start":1756995725664,"stop":1756995728065,"duration":2401},"status":"passed","steps":[],"attachments":[],"parameters":[],"hasContent":false,"stepsCount":0,"attachmentsCount":0,"attachmentStep":false,"shouldDisplayMessage":false}],"labels":[{"name":"parentSuite","value":"tests"},{"name":"suite","value":"test_reporting"},{"name":"host","value":"DESKTOP-THM7RLI"},{"name":"thread","value":"16048-MainThread"},{"name":"framework","value":"pytest"},{"name":"language","value":"cpython3"},{"name":"package","value":"tests.test_reporting"},{"name":"resultFormat","value":"allure2"}],"parameters":[],"links":[],"hidden":true,"retry":true,"extra":{"categories":[],"tags":[]},"source":"8291ad1e96e49ba7.json","parameterValues":[]}