{"uid":"858b024c5e6d4cb","name":"test_duplicate_offer","fullName":"tests.test_offer#test_duplicate_offer","historyId":"e4f2e0a6024f9502caf8634236314111","time":{"start":1758796828398,"stop":1758796839251,"duration":10853},"status":"broken","statusMessage":"selenium.common.exceptions.TimeoutException: Message: \nStacktrace:\n\tGetHandleVerifier [0x0x7ff6003c1eb5+80197]\n\tGetHandleVerifier [0x0x7ff6003c1f10+80288]\n\t(No symbol) [0x0x7ff6001402fa]\n\t(No symbol) [0x0x7ff600197cd7]\n\t(No symbol) [0x0x7ff600197f9c]\n\t(No symbol) [0x0x7ff6001eba87]\n\t(No symbol) [0x0x7ff6001c03bf]\n\t(No symbol) [0x0x7ff6001e87fb]\n\t(No symbol) [0x0x7ff6001c0153]\n\t(No symbol) [0x0x7ff600188b02]\n\t(No symbol) [0x0x7ff6001898d3]\n\tGetHandleVerifier [0x0x7ff60067e83d+2949837]\n\tGetHandleVerifier [0x0x7ff600678c6a+2926330]\n\tGetHandleVerifier [0x0x7ff6006986c7+3055959]\n\tGetHandleVerifier [0x0x7ff6003dcfee+191102]\n\tGetHandleVerifier [0x0x7ff6003e50af+224063]\n\tGetHandleVerifier [0x0x7ff6003caf64+117236]\n\tGetHandleVerifier [0x0x7ff6003cb119+117673]\n\tGetHandleVerifier [0x0x7ff6003b10a8+11064]\n\tBaseThreadInitThunk [0x0x7fffb70fe8d7+23]\n\tRtlUserThreadStart [0x0x7fffb8f48d9c+44]","statusTrace":"driver = <selenium.webdriver.chrome.webdriver.WebDriver (session=\"f3d90ebe3fed0b636e90f5b519c99b98\")>\n\n    def test_duplicate_offer(driver):\n        lp = LoginPage(driver)\n        o = Offer(driver)\n        lp.do_login(Constant.USERNAME, Constant.PASSWORD)\n        db = DashBoard(driver)\n>       db.element_displayed(db.DASHBOARD_TEXT)\n\ntests\\test_offer.py:161: \n_ _ _ _ _ _ _ _ _ _ _ _ _ _ _ _ _ _ _ _ _ _ _ _ _ _ _ _ _ _ _ _ _ _ _ _ _ _ _ _ _ _ _ _ _ _ _ _ _ _ _ _ _ _ _ _ _ _ _ _ _ _ _\npages\\base_page.py:20: in element_displayed\n    return WebDriverWait(self.driver,10).until(EC.visibility_of_element_located(by_locator)).is_displayed()\n           ^^^^^^^^^^^^^^^^^^^^^^^^^^^^^^^^^^^^^^^^^^^^^^^^^^^^^^^^^^^^^^^^^^^^^^^^^^^^^^^^^\n_ _ _ _ _ _ _ _ _ _ _ _ _ _ _ _ _ _ _ _ _ _ _ _ _ _ _ _ _ _ _ _ _ _ _ _ _ _ _ _ _ _ _ _ _ _ _ _ _ _ _ _ _ _ _ _ _ _ _ _ _ _ _\n\nself = <selenium.webdriver.support.wait.WebDriverWait (session=\"f3d90ebe3fed0b636e90f5b519c99b98\")>\nmethod = <function visibility_of_element_located.<locals>._predicate at 0x000001EF1EAC1760>, message = ''\n\n    def until(self, method: Callable[[D], Union[Literal[False], T]], message: str = \"\") -> T:\n        \"\"\"Wait until the method returns a value that is not False.\n    \n        Calls the method provided with the driver as an argument until the\n        return value does not evaluate to ``False``.\n    \n        Parameters:\n        -----------\n        method: callable(WebDriver)\n            - A callable object that takes a WebDriver instance as an argument.\n    \n        message: str\n            - Optional message for :exc:`TimeoutException`\n    \n        Return:\n        -------\n        object: T\n            - The result of the last call to `method`\n    \n        Raises:\n        -------\n        TimeoutException\n            - If 'method' does not return a truthy value within the WebDriverWait\n            object's timeout\n    \n        Example:\n        --------\n        >>> from selenium.webdriver.common.by import By\n        >>> from selenium.webdriver.support.ui import WebDriverWait\n        >>> from selenium.webdriver.support import expected_conditions as EC\n    \n        # Wait until an element is visible on the page\n        >>> wait = WebDriverWait(driver, 10)\n        >>> element = wait.until(EC.visibility_of_element_located((By.ID, \"exampleId\")))\n        >>> print(element.text)\n        \"\"\"\n        screen = None\n        stacktrace = None\n    \n        end_time = time.monotonic() + self._timeout\n        while True:\n            try:\n                value = method(self._driver)\n                if value:\n                    return value\n            except self._ignored_exceptions as exc:\n                screen = getattr(exc, \"screen\", None)\n                stacktrace = getattr(exc, \"stacktrace\", None)\n            if time.monotonic() > end_time:\n                break\n            time.sleep(self._poll)\n>       raise TimeoutException(message, screen, stacktrace)\nE       selenium.common.exceptions.TimeoutException: Message: \nE       Stacktrace:\nE       \tGetHandleVerifier [0x0x7ff6003c1eb5+80197]\nE       \tGetHandleVerifier [0x0x7ff6003c1f10+80288]\nE       \t(No symbol) [0x0x7ff6001402fa]\nE       \t(No symbol) [0x0x7ff600197cd7]\nE       \t(No symbol) [0x0x7ff600197f9c]\nE       \t(No symbol) [0x0x7ff6001eba87]\nE       \t(No symbol) [0x0x7ff6001c03bf]\nE       \t(No symbol) [0x0x7ff6001e87fb]\nE       \t(No symbol) [0x0x7ff6001c0153]\nE       \t(No symbol) [0x0x7ff600188b02]\nE       \t(No symbol) [0x0x7ff6001898d3]\nE       \tGetHandleVerifier [0x0x7ff60067e83d+2949837]\nE       \tGetHandleVerifier [0x0x7ff600678c6a+2926330]\nE       \tGetHandleVerifier [0x0x7ff6006986c7+3055959]\nE       \tGetHandleVerifier [0x0x7ff6003dcfee+191102]\nE       \tGetHandleVerifier [0x0x7ff6003e50af+224063]\nE       \tGetHandleVerifier [0x0x7ff6003caf64+117236]\nE       \tGetHandleVerifier [0x0x7ff6003cb119+117673]\nE       \tGetHandleVerifier [0x0x7ff6003b10a8+11064]\nE       \tBaseThreadInitThunk [0x0x7fffb70fe8d7+23]\nE       \tRtlUserThreadStart [0x0x7fffb8f48d9c+44]\n\n.venv\\Lib\\site-packages\\selenium\\webdriver\\support\\wait.py:138: TimeoutException","flaky":false,"newFailed":false,"newBroken":false,"newPassed":false,"retriesCount":0,"retriesStatusChange":false,"beforeStages":[{"name":"driver","time":{"start":1758796818510,"stop":1758796828398,"duration":9888},"status":"passed","steps":[],"attachments":[],"parameters":[],"shouldDisplayMessage":false,"attachmentsCount":0,"attachmentStep":false,"stepsCount":0,"hasContent":false}],"afterStages":[{"name":"driver::0","time":{"start":1758796839289,"stop":1758796841474,"duration":2185},"status":"passed","steps":[],"attachments":[],"parameters":[],"shouldDisplayMessage":false,"attachmentsCount":0,"attachmentStep":false,"stepsCount":0,"hasContent":false}],"labels":[{"name":"parentSuite","value":"tests"},{"name":"suite","value":"test_offer"},{"name":"host","value":"DESKTOP-THM7RLI"},{"name":"thread","value":"6964-MainThread"},{"name":"framework","value":"pytest"},{"name":"language","value":"cpython3"},{"name":"package","value":"tests.test_offer"},{"name":"resultFormat","value":"allure2"}],"parameters":[],"links":[],"hidden":true,"retry":true,"extra":{"categories":[],"tags":[]},"source":"858b024c5e6d4cb.json","parameterValues":[]}