{"uid":"97f31b665e619ca3","name":"test_reporting_export_this_page","fullName":"tests.test_reporting#test_reporting_export_this_page","historyId":"33a51106bf2e2b8502230901bcf37c62","time":{"start":1757663499432,"stop":1757663527730,"duration":28298},"status":"failed","statusMessage":"AssertionError","statusTrace":"self = <pages.reporting_page.Reporting object at 0x0000023DA1F2B230>\nlocator = ('xpath', '//tr[1]//td[4]'), timeout = 15\n\n    def wait_for_non_empty_text(self, locator, timeout=15):\n        try:\n>           return WebDriverWait(self.driver, timeout).until(\n                lambda d: d.find_element(*locator).text.strip() != \"\"\n        )\n\npages\\base_page.py:111: \n_ _ _ _ _ _ _ _ _ _ _ _ _ _ _ _ _ _ _ _ _ _ _ _ _ _ _ _ _ _ _ _ _ _ _ _ _ _ _ _\n\nself = <selenium.webdriver.support.wait.WebDriverWait (session=\"da4c75766faf457ced00d20a791865cf\")>\nmethod = <function BasePage.wait_for_non_empty_text.<locals>.<lambda> at 0x0000023DA1F77E20>\nmessage = ''\n\n    def until(self, method: Callable[[D], Union[Literal[False], T]], message: str = \"\") -> T:\n        \"\"\"Wait until the method returns a value that is not False.\n    \n        Calls the method provided with the driver as an argument until the\n        return value does not evaluate to ``False``.\n    \n        Parameters:\n        -----------\n        method: callable(WebDriver)\n            - A callable object that takes a WebDriver instance as an argument.\n    \n        message: str\n            - Optional message for :exc:`TimeoutException`\n    \n        Return:\n        -------\n        object: T\n            - The result of the last call to `method`\n    \n        Raises:\n        -------\n        TimeoutException\n            - If 'method' does not return a truthy value within the WebDriverWait\n            object's timeout\n    \n        Example:\n        --------\n        >>> from selenium.webdriver.common.by import By\n        >>> from selenium.webdriver.support.ui import WebDriverWait\n        >>> from selenium.webdriver.support import expected_conditions as EC\n    \n        # Wait until an element is visible on the page\n        >>> wait = WebDriverWait(driver, 10)\n        >>> element = wait.until(EC.visibility_of_element_located((By.ID, \"exampleId\")))\n        >>> print(element.text)\n        \"\"\"\n        screen = None\n        stacktrace = None\n    \n        end_time = time.monotonic() + self._timeout\n        while True:\n            try:\n                value = method(self._driver)\n                if value:\n                    return value\n            except self._ignored_exceptions as exc:\n                screen = getattr(exc, \"screen\", None)\n                stacktrace = getattr(exc, \"stacktrace\", None)\n            if time.monotonic() > end_time:\n                break\n            time.sleep(self._poll)\n>       raise TimeoutException(message, screen, stacktrace)\nE       selenium.common.exceptions.TimeoutException: Message: \nE       Stacktrace:\nE       \tGetHandleVerifier [0x0x7ff7698a3d85+79397]\nE       \tGetHandleVerifier [0x0x7ff7698a3de0+79488]\nE       \t(No symbol) [0x0x7ff76964c0fa]\nE       \t(No symbol) [0x0x7ff7696a2fd6]\nE       \t(No symbol) [0x0x7ff7696a328c]\nE       \t(No symbol) [0x0x7ff7696f6537]\nE       \t(No symbol) [0x0x7ff7696cb1df]\nE       \t(No symbol) [0x0x7ff7696f3344]\nE       \t(No symbol) [0x0x7ff7696caf73]\nE       \t(No symbol) [0x0x7ff7696941b1]\nE       \t(No symbol) [0x0x7ff769694f43]\nE       \tGetHandleVerifier [0x0x7ff769b6e1ed+3005069]\nE       \tGetHandleVerifier [0x0x7ff769b6831d+2980797]\nE       \tGetHandleVerifier [0x0x7ff769b87e0d+3110573]\nE       \tGetHandleVerifier [0x0x7ff7698bd6de+184190]\nE       \tGetHandleVerifier [0x0x7ff7698c516f+215567]\nE       \tGetHandleVerifier [0x0x7ff7698ac974+115220]\nE       \tGetHandleVerifier [0x0x7ff7698acb29+115657]\nE       \tGetHandleVerifier [0x0x7ff769893268+11016]\nE       \tBaseThreadInitThunk [0x0x7ffc37b5e8d7+23]\nE       \tRtlUserThreadStart [0x0x7ffc39048d9c+44]\n\n.venv\\Lib\\site-packages\\selenium\\webdriver\\support\\wait.py:138: TimeoutException\n\nDuring handling of the above exception, another exception occurred:\n\ndriver_with_downloads = <selenium.webdriver.chrome.webdriver.WebDriver (session=\"da4c75766faf457ced00d20a791865cf\")>\n\n    def test_reporting_export_this_page(driver_with_downloads):\n        driver = driver_with_downloads\n        lp = LoginPage(driver)\n        r = Reporting(driver)\n        lp.do_login(Constant.USERNAME, Constant.PASSWORD)\n        db = DashBoard(driver)\n        db.element_displayed(db.DASHBOARD_TEXT)\n        db.click_reporting_ele()\n        r.set_date()\n        time.sleep(2)\n        r.do_click(r.REFRESH_BUTTON)\n        time.sleep(3)\n        r.scroll_to_element(r.CALL_DETAILS_TAB)\n>       assert isinstance(r.is_table_data_present(), str),\"Table data not present\"\n                          ^^^^^^^^^^^^^^^^^^^^^^^^^\n\ntests\\test_reporting.py:268: \n_ _ _ _ _ _ _ _ _ _ _ _ _ _ _ _ _ _ _ _ _ _ _ _ _ _ _ _ _ _ _ _ _ _ _ _ _ _ _ _\npages\\reporting_page.py:67: in is_table_data_present\n    self.wait_for_non_empty_text(self.FIRST_CELL)\n_ _ _ _ _ _ _ _ _ _ _ _ _ _ _ _ _ _ _ _ _ _ _ _ _ _ _ _ _ _ _ _ _ _ _ _ _ _ _ _\n\nself = <pages.reporting_page.Reporting object at 0x0000023DA1F2B230>\nlocator = ('xpath', '//tr[1]//td[4]'), timeout = 15\n\n    def wait_for_non_empty_text(self, locator, timeout=15):\n        try:\n            return WebDriverWait(self.driver, timeout).until(\n                lambda d: d.find_element(*locator).text.strip() != \"\"\n        )\n        except TimeoutException:\n>           raise AssertionError\nE           AssertionError\n\npages\\base_page.py:115: AssertionError","flaky":false,"newFailed":false,"newBroken":false,"newPassed":false,"retriesCount":0,"retriesStatusChange":false,"beforeStages":[{"name":"driver_with_downloads","time":{"start":1757663489804,"stop":1757663499432,"duration":9628},"status":"passed","steps":[],"attachments":[],"parameters":[],"hasContent":false,"stepsCount":0,"attachmentsCount":0,"attachmentStep":false,"shouldDisplayMessage":false}],"afterStages":[{"name":"driver_with_downloads::0","time":{"start":1757663528239,"stop":1757663530481,"duration":2242},"status":"passed","steps":[],"attachments":[],"parameters":[],"hasContent":false,"stepsCount":0,"attachmentsCount":0,"attachmentStep":false,"shouldDisplayMessage":false}],"labels":[{"name":"parentSuite","value":"tests"},{"name":"suite","value":"test_reporting"},{"name":"host","value":"DESKTOP-THM7RLI"},{"name":"thread","value":"2972-MainThread"},{"name":"framework","value":"pytest"},{"name":"language","value":"cpython3"},{"name":"package","value":"tests.test_reporting"},{"name":"resultFormat","value":"allure2"}],"parameters":[],"links":[],"hidden":true,"retry":true,"extra":{"categories":[],"tags":[]},"source":"97f31b665e619ca3.json","parameterValues":[]}