{"uid":"9f2fa4d03011a102","name":"test_reporting_export_all_data","fullName":"tests.test_reporting#test_reporting_export_all_data","historyId":"417b6463bd44627a8cb9fd484c629ace","time":{"start":1760098542186,"stop":1760098542186,"duration":0},"status":"skipped","statusMessage":"Skipped: Skipping test to save time","statusTrace":"('C:\\\\Users\\\\Avinash Kumar\\\\PycharmProjects\\\\com.teldrip_Insights_sanity-suite\\\\tests\\\\test_reporting.py', 307, 'Skipped: Skipping test to save time')","flaky":false,"newFailed":false,"newBroken":false,"newPassed":false,"retriesCount":35,"retriesStatusChange":true,"beforeStages":[],"afterStages":[],"labels":[{"name":"parentSuite","value":"tests"},{"name":"suite","value":"test_reporting"},{"name":"host","value":"DESKTOP-THM7RLI"},{"name":"thread","value":"20320-MainThread"},{"name":"framework","value":"pytest"},{"name":"language","value":"cpython3"},{"name":"package","value":"tests.test_reporting"},{"name":"resultFormat","value":"allure2"}],"parameters":[],"links":[],"hidden":false,"retry":false,"extra":{"severity":"normal","retries":[{"uid":"f4928a1e41e4b92a","status":"failed","statusDetails":"AssertionError: DataFrame.columns are different\n\nDataFrame.columns values are different (25.0 %)\n[left]:  Index(['Date & Time', 'Campaign', 'Publisher', 'Caller Id', 'Dialed Number',\n       'Duplicate', 'Hang Up', 'Time to Connect', 'City', 'State',\n       'Destination Name', 'Destination Number', 'Destination Status',\n       'Revenue', 'Payout', 'Duration'],\n      dtype='object')\n[right]: Index(['Date & Time', 'Campaign', 'Publisher', 'Caller ID', 'Dialed Number',\n       'Duplicate', 'Hang Up', 'Time to Connect', 'City', 'State',\n       'Destination Name', 'Destination Number', 'Destination Status',\n       'Duration', 'Revenue', 'Payout'],\n      dtype='object')\nAt positional index 3, first diff: Caller Id != Caller ID","time":{"start":1760097710331,"stop":1760098037307,"duration":326976}},{"uid":"7027dfd510986234","status":"failed","statusDetails":"AssertionError: DataFrame.columns are different\n\nDataFrame.columns values are different (25.0 %)\n[left]:  Index(['Date & Time', 'Campaign', 'Publisher', 'Caller Id', 'Dialed Number',\n       'Duplicate', 'Hang Up', 'Time to Connect', 'City', 'State',\n       'Destination Name', 'Destination Number', 'Destination Status',\n       'Revenue', 'Payout', 'Duration'],\n      dtype='object')\n[right]: Index(['Date & Time', 'Campaign', 'Publisher', 'Caller ID', 'Dialed Number',\n       'Duplicate', 'Hang Up', 'Time to Connect', 'City', 'State',\n       'Destination Name', 'Destination Number', 'Destination Status',\n       'Duration', 'Revenue', 'Payout'],\n      dtype='object')\nAt positional index 3, first diff: Caller Id != Caller ID","time":{"start":1760007933746,"stop":1760008258351,"duration":324605}},{"uid":"fe413c13c13e523d","status":"failed","statusDetails":"AssertionError: DataFrame.columns are different\n\nDataFrame.columns values are different (25.0 %)\n[left]:  Index(['Date & Time', 'Campaign', 'Publisher', 'Caller Id', 'Dialed Number',\n       'Duplicate', 'Hang Up', 'Time to Connect', 'City', 'State',\n       'Destination Name', 'Destination Number', 'Destination Status',\n       'Revenue', 'Payout', 'Duration'],\n      dtype='object')\n[right]: Index(['Date & Time', 'Campaign', 'Publisher', 'Caller ID', 'Dialed Number',\n       'Duplicate', 'Hang Up', 'Time to Connect', 'City', 'State',\n       'Destination Name', 'Destination Number', 'Destination Status',\n       'Duration', 'Revenue', 'Payout'],\n      dtype='object')\nAt positional index 3, first diff: Caller Id != Caller ID","time":{"start":1760007459550,"stop":1760007776756,"duration":317206}},{"uid":"88ed7ddaa19b3917","status":"failed","statusDetails":"AssertionError: DataFrame.columns are different\n\nDataFrame.columns values are different (25.0 %)\n[left]:  Index(['Date & Time', 'Campaign', 'Publisher', 'Caller Id', 'Dialed Number',\n       'Duplicate', 'Hang Up', 'Time to Connect', 'City', 'State',\n       'Destination Name', 'Destination Number', 'Destination Status',\n       'Revenue', 'Payout', 'Duration'],\n      dtype='object')\n[right]: Index(['Date & Time', 'Campaign', 'Publisher', 'Caller ID', 'Dialed Number',\n       'Duplicate', 'Hang Up', 'Time to Connect', 'City', 'State',\n       'Destination Name', 'Destination Number', 'Destination Status',\n       'Duration', 'Revenue', 'Payout'],\n      dtype='object')\nAt positional index 3, first diff: Caller Id != Caller ID","time":{"start":1758798096950,"stop":1758798252253,"duration":155303}},{"uid":"32613cc2282fe655","status":"broken","statusDetails":"selenium.common.exceptions.StaleElementReferenceException: Message: stale element reference: stale element not found in the current frame\n  (Session info: chrome=140.0.7339.185); For documentation on this error, please visit: https://www.selenium.dev/documentation/webdriver/troubleshooting/errors#staleelementreferenceexception\nStacktrace:\n\tGetHandleVerifier [0x0x7ff6003c1eb5+80197]\n\tGetHandleVerifier [0x0x7ff6003c1f10+80288]\n\t(No symbol) [0x0x7ff6001402fa]\n\t(No symbol) [0x0x7ff600147e5a]\n\t(No symbol) [0x0x7ff60014af6f]\n\t(No symbol) [0x0x7ff60014b02f]\n\t(No symbol) [0x0x7ff6001916b6]\n\t(No symbol) [0x0x7ff6001c037a]\n\t(No symbol) [0x0x7ff60018a456]\n\t(No symbol) [0x0x7ff6001c0590]\n\t(No symbol) [0x0x7ff6001e87fb]\n\t(No symbol) [0x0x7ff6001c0153]\n\t(No symbol) [0x0x7ff600188b02]\n\t(No symbol) [0x0x7ff6001898d3]\n\tGetHandleVerifier [0x0x7ff60067e83d+2949837]\n\tGetHandleVerifier [0x0x7ff600678c6a+2926330]\n\tGetHandleVerifier [0x0x7ff6006986c7+3055959]\n\tGetHandleVerifier [0x0x7ff6003dcfee+191102]\n\tGetHandleVerifier [0x0x7ff6003e50af+224063]\n\tGetHandleVerifier [0x0x7ff6003caf64+117236]\n\tGetHandleVerifier [0x0x7ff6003cb119+117673]\n\tGetHandleVerifier [0x0x7ff6003b10a8+11064]\n\tBaseThreadInitThunk [0x0x7fffb70fe8d7+23]\n\tRtlUserThreadStart [0x0x7fffb8f48d9c+44]","time":{"start":1758798054471,"stop":1758798065914,"duration":11443}},{"uid":"96e0004e8c6fe944","status":"failed","statusDetails":"AssertionError: No CSV file found!\nassert []","time":{"start":1758797951449,"stop":1758797981727,"duration":30278}},{"uid":"23ecd78a58686590","status":"failed","statusDetails":"AssertionError: No CSV file found!\nassert []","time":{"start":1758797900817,"stop":1758797928203,"duration":27386}},{"uid":"7bbe00d04909cfa8","status":"failed","statusDetails":"AssertionError: No CSV file found!\nassert []","time":{"start":1758797632920,"stop":1758797662673,"duration":29753}},{"uid":"3f18b81e82ac6d57","status":"failed","statusDetails":"AssertionError: No CSV file found!\nassert []","time":{"start":1758797305153,"stop":1758797334441,"duration":29288}},{"uid":"139cec0db42ff1e2","status":"failed","statusDetails":"AssertionError: DataFrame.columns are different\n\nDataFrame.columns values are different (25.0 %)\n[left]:  Index(['Date & Time', 'Campaign', 'Publisher', 'Caller Id', 'Dialed Number',\n       'Duplicate', 'Hang Up', 'Time to Connect', 'City', 'State',\n       'Destination Name', 'Destination Number', 'Destination Status',\n       'Revenue', 'Payout', 'Duration'],\n      dtype='object')\n[right]: Index(['Date & Time', 'Campaign', 'Publisher', 'Caller ID', 'Dialed Number',\n       'Duplicate', 'Hang Up', 'Time to Connect', 'City', 'State',\n       'Destination Name', 'Destination Number', 'Destination Status',\n       'Duration', 'Revenue', 'Payout'],\n      dtype='object')\nAt positional index 3, first diff: Caller Id != Caller ID","time":{"start":1758190670684,"stop":1758190917386,"duration":246702}},{"uid":"5bf0e175caee4d16","status":"broken","statusDetails":"selenium.common.exceptions.StaleElementReferenceException: Message: stale element reference: stale element not found in the current frame\n  (Session info: chrome=140.0.7339.128); For documentation on this error, please visit: https://www.selenium.dev/documentation/webdriver/troubleshooting/errors#staleelementreferenceexception\nStacktrace:\n\tGetHandleVerifier [0x0x7ff7ecae30f5+79493]\n\tGetHandleVerifier [0x0x7ff7ecae3150+79584]\n\t(No symbol) [0x0x7ff7ec8601ba]\n\t(No symbol) [0x0x7ff7ec867cfe]\n\t(No symbol) [0x0x7ff7ec86adef]\n\t(No symbol) [0x0x7ff7ec86aeaf]\n\t(No symbol) [0x0x7ff7ec8b1a46]\n\t(No symbol) [0x0x7ff7ec8e070a]\n\t(No symbol) [0x0x7ff7ec8aa7e6]\n\t(No symbol) [0x0x7ff7ec8e0920]\n\t(No symbol) [0x0x7ff7ec908b8b]\n\t(No symbol) [0x0x7ff7ec8e04e3]\n\t(No symbol) [0x0x7ff7ec8a8e92]\n\t(No symbol) [0x0x7ff7ec8a9c63]\n\tGetHandleVerifier [0x0x7ff7ecda0dbd+2954061]\n\tGetHandleVerifier [0x0x7ff7ecd9b02a+2930106]\n\tGetHandleVerifier [0x0x7ff7ecdbb357+3061991]\n\tGetHandleVerifier [0x0x7ff7ecafd60e+187294]\n\tGetHandleVerifier [0x0x7ff7ecb0557f+219919]\n\tGetHandleVerifier [0x0x7ff7ecaec294+116772]\n\tGetHandleVerifier [0x0x7ff7ecaec449+117209]\n\tGetHandleVerifier [0x0x7ff7ecad2618+11176]\n\tBaseThreadInitThunk [0x0x7ffb93dae8d7+23]\n\tRtlUserThreadStart [0x0x7ffb943a8d9c+44]","time":{"start":1758188893180,"stop":1758188907507,"duration":14327}},{"uid":"8c9bf1019d2583a7","status":"broken","statusDetails":"selenium.common.exceptions.StaleElementReferenceException: Message: stale element reference: stale element not found in the current frame\n  (Session info: chrome=140.0.7339.128); For documentation on this error, please visit: https://www.selenium.dev/documentation/webdriver/troubleshooting/errors#staleelementreferenceexception\nStacktrace:\n\tGetHandleVerifier [0x0x7ff7ecae30f5+79493]\n\tGetHandleVerifier [0x0x7ff7ecae3150+79584]\n\t(No symbol) [0x0x7ff7ec8601ba]\n\t(No symbol) [0x0x7ff7ec867cfe]\n\t(No symbol) [0x0x7ff7ec86adef]\n\t(No symbol) [0x0x7ff7ec86aeaf]\n\t(No symbol) [0x0x7ff7ec8b1a46]\n\t(No symbol) [0x0x7ff7ec8e070a]\n\t(No symbol) [0x0x7ff7ec8aa7e6]\n\t(No symbol) [0x0x7ff7ec8e0920]\n\t(No symbol) [0x0x7ff7ec908b8b]\n\t(No symbol) [0x0x7ff7ec8e04e3]\n\t(No symbol) [0x0x7ff7ec8a8e92]\n\t(No symbol) [0x0x7ff7ec8a9c63]\n\tGetHandleVerifier [0x0x7ff7ecda0dbd+2954061]\n\tGetHandleVerifier [0x0x7ff7ecd9b02a+2930106]\n\tGetHandleVerifier [0x0x7ff7ecdbb357+3061991]\n\tGetHandleVerifier [0x0x7ff7ecafd60e+187294]\n\tGetHandleVerifier [0x0x7ff7ecb0557f+219919]\n\tGetHandleVerifier [0x0x7ff7ecaec294+116772]\n\tGetHandleVerifier [0x0x7ff7ecaec449+117209]\n\tGetHandleVerifier [0x0x7ff7ecad2618+11176]\n\tBaseThreadInitThunk [0x0x7ffb93dae8d7+23]\n\tRtlUserThreadStart [0x0x7ffb943a8d9c+44]","time":{"start":1758188424937,"stop":1758188438208,"duration":13271}},{"uid":"390f7d2ae1e984d1","status":"failed","statusDetails":"AssertionError: DataFrame.columns are different\n\nDataFrame.columns values are different (25.0 %)\n[left]:  Index(['Date & Time', 'Campaign', 'Publisher', 'Caller Id', 'Dialed Number',\n       'Duplicate', 'Hang Up', 'Time to Connect', 'City', 'State',\n       'Destination Name', 'Destination Number', 'Destination Status',\n       'Revenue', 'Payout', 'Duration'],\n      dtype='object')\n[right]: Index(['Date & Time', 'Campaign', 'Publisher', 'Caller ID', 'Dialed Number',\n       'Duplicate', 'Hang Up', 'Time to Connect', 'City', 'State',\n       'Destination Name', 'Destination Number', 'Destination Status',\n       'Duration', 'Revenue', 'Payout'],\n      dtype='object')\nAt positional index 3, first diff: Caller Id != Caller ID","time":{"start":1757926384839,"stop":1757926468201,"duration":83362}},{"uid":"b6ec207b4fc9d954","status":"failed","statusDetails":"AssertionError: DataFrame.columns are different\n\nDataFrame.columns values are different (25.0 %)\n[left]:  Index(['Date & Time', 'Campaign', 'Publisher', 'Caller Id', 'Dialed Number',\n       'Duplicate', 'Hang Up', 'Time to Connect', 'City', 'State',\n       'Destination Name', 'Destination Number', 'Destination Status',\n       'Revenue', 'Payout', 'Duration'],\n      dtype='object')\n[right]: Index(['Date & Time', 'Campaign', 'Publisher', 'Caller ID', 'Dialed Number',\n       'Duplicate', 'Hang Up', 'Time to Connect', 'City', 'State',\n       'Destination Name', 'Destination Number', 'Destination Status',\n       'Duration', 'Revenue', 'Payout'],\n      dtype='object')\nAt positional index 3, first diff: Caller Id != Caller ID","time":{"start":1757677832298,"stop":1757677977600,"duration":145302}},{"uid":"5abfb80138086306","status":"failed","statusDetails":"AssertionError: DataFrame are different\n\nDataFrame shape mismatch\n[left]:  (508, 16)\n[right]: (208, 16)","time":{"start":1757677339186,"stop":1757677412068,"duration":72882}},{"uid":"bf21f5fc575c7602","status":"broken","statusDetails":"selenium.common.exceptions.StaleElementReferenceException: Message: stale element reference: stale element not found in the current frame\n  (Session info: chrome=139.0.7258.155); For documentation on this error, please visit: https://www.selenium.dev/documentation/webdriver/troubleshooting/errors#staleelementreferenceexception\nStacktrace:\n\tGetHandleVerifier [0x0x7ff7698a3d85+79397]\n\tGetHandleVerifier [0x0x7ff7698a3de0+79488]\n\t(No symbol) [0x0x7ff76964c0fa]\n\t(No symbol) [0x0x7ff769653a99]\n\t(No symbol) [0x0x7ff769656b3c]\n\t(No symbol) [0x0x7ff769656c0f]\n\t(No symbol) [0x0x7ff76969cae6]\n\t(No symbol) [0x0x7ff7696cb19a]\n\t(No symbol) [0x0x7ff769695996]\n\t(No symbol) [0x0x7ff7696cb3b0]\n\t(No symbol) [0x0x7ff7696f3344]\n\t(No symbol) [0x0x7ff7696caf73]\n\t(No symbol) [0x0x7ff7696941b1]\n\t(No symbol) [0x0x7ff769694f43]\n\tGetHandleVerifier [0x0x7ff769b6e1ed+3005069]\n\tGetHandleVerifier [0x0x7ff769b6831d+2980797]\n\tGetHandleVerifier [0x0x7ff769b87e0d+3110573]\n\tGetHandleVerifier [0x0x7ff7698bd6de+184190]\n\tGetHandleVerifier [0x0x7ff7698c516f+215567]\n\tGetHandleVerifier [0x0x7ff7698ac974+115220]\n\tGetHandleVerifier [0x0x7ff7698acb29+115657]\n\tGetHandleVerifier [0x0x7ff769893268+11016]\n\tBaseThreadInitThunk [0x0x7ffc37b5e8d7+23]\n\tRtlUserThreadStart [0x0x7ffc39048d9c+44]","time":{"start":1757676856373,"stop":1757676972213,"duration":115840}},{"uid":"e0bbd00f383ff718","status":"failed","statusDetails":"AssertionError: DataFrame are different\n\nDataFrame shape mismatch\n[left]:  (508, 16)\n[right]: (208, 16)","time":{"start":1757676669372,"stop":1757676790893,"duration":121521}},{"uid":"154e7eaadab86448","status":"broken","statusDetails":"selenium.common.exceptions.StaleElementReferenceException: Message: stale element reference: stale element not found in the current frame\n  (Session info: chrome=139.0.7258.155); For documentation on this error, please visit: https://www.selenium.dev/documentation/webdriver/troubleshooting/errors#staleelementreferenceexception\nStacktrace:\n\tGetHandleVerifier [0x0x7ff7698a3d85+79397]\n\tGetHandleVerifier [0x0x7ff7698a3de0+79488]\n\t(No symbol) [0x0x7ff76964c0fa]\n\t(No symbol) [0x0x7ff769653a99]\n\t(No symbol) [0x0x7ff769656b3c]\n\t(No symbol) [0x0x7ff769656c0f]\n\t(No symbol) [0x0x7ff76969cae6]\n\t(No symbol) [0x0x7ff7696cb19a]\n\t(No symbol) [0x0x7ff769695996]\n\t(No symbol) [0x0x7ff7696cb3b0]\n\t(No symbol) [0x0x7ff7696f3344]\n\t(No symbol) [0x0x7ff7696caf73]\n\t(No symbol) [0x0x7ff7696941b1]\n\t(No symbol) [0x0x7ff769694f43]\n\tGetHandleVerifier [0x0x7ff769b6e1ed+3005069]\n\tGetHandleVerifier [0x0x7ff769b6831d+2980797]\n\tGetHandleVerifier [0x0x7ff769b87e0d+3110573]\n\tGetHandleVerifier [0x0x7ff7698bd6de+184190]\n\tGetHandleVerifier [0x0x7ff7698c516f+215567]\n\tGetHandleVerifier [0x0x7ff7698ac974+115220]\n\tGetHandleVerifier [0x0x7ff7698acb29+115657]\n\tGetHandleVerifier [0x0x7ff769893268+11016]\n\tBaseThreadInitThunk [0x0x7ffc37b5e8d7+23]\n\tRtlUserThreadStart [0x0x7ffc39048d9c+44]","time":{"start":1757676462819,"stop":1757676548758,"duration":85939}},{"uid":"f27ad0b0d632274e","status":"broken","statusDetails":"selenium.common.exceptions.StaleElementReferenceException: Message: stale element reference: stale element not found in the current frame\n  (Session info: chrome=139.0.7258.155); For documentation on this error, please visit: https://www.selenium.dev/documentation/webdriver/troubleshooting/errors#staleelementreferenceexception\nStacktrace:\n\tGetHandleVerifier [0x0x7ff7698a3d85+79397]\n\tGetHandleVerifier [0x0x7ff7698a3de0+79488]\n\t(No symbol) [0x0x7ff76964c0fa]\n\t(No symbol) [0x0x7ff769653a99]\n\t(No symbol) [0x0x7ff769656b3c]\n\t(No symbol) [0x0x7ff769656c0f]\n\t(No symbol) [0x0x7ff76969cae6]\n\t(No symbol) [0x0x7ff7696cb19a]\n\t(No symbol) [0x0x7ff769695996]\n\t(No symbol) [0x0x7ff7696cb3b0]\n\t(No symbol) [0x0x7ff7696f3344]\n\t(No symbol) [0x0x7ff7696caf73]\n\t(No symbol) [0x0x7ff7696941b1]\n\t(No symbol) [0x0x7ff769694f43]\n\tGetHandleVerifier [0x0x7ff769b6e1ed+3005069]\n\tGetHandleVerifier [0x0x7ff769b6831d+2980797]\n\tGetHandleVerifier [0x0x7ff769b87e0d+3110573]\n\tGetHandleVerifier [0x0x7ff7698bd6de+184190]\n\tGetHandleVerifier [0x0x7ff7698c516f+215567]\n\tGetHandleVerifier [0x0x7ff7698ac974+115220]\n\tGetHandleVerifier [0x0x7ff7698acb29+115657]\n\tGetHandleVerifier [0x0x7ff769893268+11016]\n\tBaseThreadInitThunk [0x0x7ffc37b5e8d7+23]\n\tRtlUserThreadStart [0x0x7ffc39048d9c+44]","time":{"start":1757675525228,"stop":1757675603355,"duration":78127}},{"uid":"808b2c9308dbd821","status":"broken","statusDetails":"selenium.common.exceptions.StaleElementReferenceException: Message: stale element reference: stale element not found in the current frame\n  (Session info: chrome=139.0.7258.155); For documentation on this error, please visit: https://www.selenium.dev/documentation/webdriver/troubleshooting/errors#staleelementreferenceexception\nStacktrace:\n\tGetHandleVerifier [0x0x7ff7698a3d85+79397]\n\tGetHandleVerifier [0x0x7ff7698a3de0+79488]\n\t(No symbol) [0x0x7ff76964c0fa]\n\t(No symbol) [0x0x7ff769653a99]\n\t(No symbol) [0x0x7ff769656b3c]\n\t(No symbol) [0x0x7ff769656c0f]\n\t(No symbol) [0x0x7ff76969cae6]\n\t(No symbol) [0x0x7ff7696cb19a]\n\t(No symbol) [0x0x7ff769695996]\n\t(No symbol) [0x0x7ff7696cb3b0]\n\t(No symbol) [0x0x7ff7696f3344]\n\t(No symbol) [0x0x7ff7696caf73]\n\t(No symbol) [0x0x7ff7696941b1]\n\t(No symbol) [0x0x7ff769694f43]\n\tGetHandleVerifier [0x0x7ff769b6e1ed+3005069]\n\tGetHandleVerifier [0x0x7ff769b6831d+2980797]\n\tGetHandleVerifier [0x0x7ff769b87e0d+3110573]\n\tGetHandleVerifier [0x0x7ff7698bd6de+184190]\n\tGetHandleVerifier [0x0x7ff7698c516f+215567]\n\tGetHandleVerifier [0x0x7ff7698ac974+115220]\n\tGetHandleVerifier [0x0x7ff7698acb29+115657]\n\tGetHandleVerifier [0x0x7ff769893268+11016]\n\tBaseThreadInitThunk [0x0x7ffc37b5e8d7+23]\n\tRtlUserThreadStart [0x0x7ffc39048d9c+44]","time":{"start":1757674418281,"stop":1757674473661,"duration":55380}},{"uid":"c83eacc985da1a40","status":"broken","statusDetails":"selenium.common.exceptions.StaleElementReferenceException: Message: stale element reference: stale element not found in the current frame\n  (Session info: chrome=139.0.7258.155); For documentation on this error, please visit: https://www.selenium.dev/documentation/webdriver/troubleshooting/errors#staleelementreferenceexception\nStacktrace:\n\tGetHandleVerifier [0x0x7ff7698a3d85+79397]\n\tGetHandleVerifier [0x0x7ff7698a3de0+79488]\n\t(No symbol) [0x0x7ff76964c0fa]\n\t(No symbol) [0x0x7ff769653a99]\n\t(No symbol) [0x0x7ff769656b3c]\n\t(No symbol) [0x0x7ff769656c0f]\n\t(No symbol) [0x0x7ff76969cae6]\n\t(No symbol) [0x0x7ff7696cb19a]\n\t(No symbol) [0x0x7ff769695996]\n\t(No symbol) [0x0x7ff7696cb3b0]\n\t(No symbol) [0x0x7ff7696f3344]\n\t(No symbol) [0x0x7ff7696caf73]\n\t(No symbol) [0x0x7ff7696941b1]\n\t(No symbol) [0x0x7ff769694f43]\n\tGetHandleVerifier [0x0x7ff769b6e1ed+3005069]\n\tGetHandleVerifier [0x0x7ff769b6831d+2980797]\n\tGetHandleVerifier [0x0x7ff769b87e0d+3110573]\n\tGetHandleVerifier [0x0x7ff7698bd6de+184190]\n\tGetHandleVerifier [0x0x7ff7698c516f+215567]\n\tGetHandleVerifier [0x0x7ff7698ac974+115220]\n\tGetHandleVerifier [0x0x7ff7698acb29+115657]\n\tGetHandleVerifier [0x0x7ff769893268+11016]\n\tBaseThreadInitThunk [0x0x7ffc37b5e8d7+23]\n\tRtlUserThreadStart [0x0x7ffc39048d9c+44]","time":{"start":1757674303337,"stop":1757674354713,"duration":51376}},{"uid":"a1a5fe65d911e701","status":"broken","statusDetails":"selenium.common.exceptions.StaleElementReferenceException: Message: stale element reference: stale element not found in the current frame\n  (Session info: chrome=139.0.7258.155); For documentation on this error, please visit: https://www.selenium.dev/documentation/webdriver/troubleshooting/errors#staleelementreferenceexception\nStacktrace:\n\tGetHandleVerifier [0x0x7ff7698a3d85+79397]\n\tGetHandleVerifier [0x0x7ff7698a3de0+79488]\n\t(No symbol) [0x0x7ff76964c0fa]\n\t(No symbol) [0x0x7ff769653a99]\n\t(No symbol) [0x0x7ff769656b3c]\n\t(No symbol) [0x0x7ff769656c0f]\n\t(No symbol) [0x0x7ff76969cae6]\n\t(No symbol) [0x0x7ff7696cb19a]\n\t(No symbol) [0x0x7ff769695996]\n\t(No symbol) [0x0x7ff7696cb3b0]\n\t(No symbol) [0x0x7ff7696f3344]\n\t(No symbol) [0x0x7ff7696caf73]\n\t(No symbol) [0x0x7ff7696941b1]\n\t(No symbol) [0x0x7ff769694f43]\n\tGetHandleVerifier [0x0x7ff769b6e1ed+3005069]\n\tGetHandleVerifier [0x0x7ff769b6831d+2980797]\n\tGetHandleVerifier [0x0x7ff769b87e0d+3110573]\n\tGetHandleVerifier [0x0x7ff7698bd6de+184190]\n\tGetHandleVerifier [0x0x7ff7698c516f+215567]\n\tGetHandleVerifier [0x0x7ff7698ac974+115220]\n\tGetHandleVerifier [0x0x7ff7698acb29+115657]\n\tGetHandleVerifier [0x0x7ff769893268+11016]\n\tBaseThreadInitThunk [0x0x7ffc37b5e8d7+23]\n\tRtlUserThreadStart [0x0x7ffc39048d9c+44]","time":{"start":1757674013225,"stop":1757674062991,"duration":49766}},{"uid":"731ceba8cb5b395f","status":"failed","statusDetails":"AssertionError: DataFrame are different\n\nDataFrame shape mismatch\n[left]:  (508, 16)\n[right]: (100, 16)","time":{"start":1757673309560,"stop":1757673360060,"duration":50500}},{"uid":"6fbc2e0fb3c3c070","status":"failed","statusDetails":"AssertionError: DataFrame are different\n\nDataFrame shape mismatch\n[left]:  (508, 16)\n[right]: (100, 16)","time":{"start":1757673086362,"stop":1757673154850,"duration":68488}},{"uid":"a139b30de6501170","status":"failed","statusDetails":"AssertionError: DataFrame are different\n\nDataFrame shape mismatch\n[left]:  (508, 16)\n[right]: (100, 16)","time":{"start":1757672705776,"stop":1757672772904,"duration":67128}},{"uid":"f3892e20990a5b96","status":"failed","statusDetails":"AssertionError: DataFrame are different\n\nDataFrame shape mismatch\n[left]:  (508, 16)\n[right]: (100, 18)","time":{"start":1757671360856,"stop":1757671429743,"duration":68887}},{"uid":"817bae3c46f3c2fe","status":"failed","statusDetails":"AssertionError: DataFrame are different\n\nDataFrame shape mismatch\n[left]:  (508, 16)\n[right]: (100, 18)","time":{"start":1757671228980,"stop":1757671279840,"duration":50860}},{"uid":"bd7cb863162c27c5","status":"failed","statusDetails":"AssertionError: DataFrame are different\n\nDataFrame shape mismatch\n[left]:  (508, 16)\n[right]: (100, 18)","time":{"start":1757670200667,"stop":1757670251945,"duration":51278}},{"uid":"ec7f3d5de9265dea","status":"failed","statusDetails":"AssertionError: DataFrame are different\n\nDataFrame shape mismatch\n[left]:  (508, 16)\n[right]: (100, 18)","time":{"start":1757669959434,"stop":1757670008390,"duration":48956}},{"uid":"999fbf234bf57ad6","status":"failed","statusDetails":"AssertionError: No CSV file found!\nassert []","time":{"start":1757669905529,"stop":1757669933157,"duration":27628}},{"uid":"3be057fd80b7f99f","status":"broken","statusDetails":"selenium.common.exceptions.TimeoutException: Message: \nStacktrace:\n\tGetHandleVerifier [0x0x7ff7698a3d85+79397]\n\tGetHandleVerifier [0x0x7ff7698a3de0+79488]\n\t(No symbol) [0x0x7ff76964c0fa]\n\t(No symbol) [0x0x7ff7696a2fd6]\n\t(No symbol) [0x0x7ff7696a328c]\n\t(No symbol) [0x0x7ff7696f6537]\n\t(No symbol) [0x0x7ff7696cb1df]\n\t(No symbol) [0x0x7ff7696f3344]\n\t(No symbol) [0x0x7ff7696caf73]\n\t(No symbol) [0x0x7ff7696941b1]\n\t(No symbol) [0x0x7ff769694f43]\n\tGetHandleVerifier [0x0x7ff769b6e1ed+3005069]\n\tGetHandleVerifier [0x0x7ff769b6831d+2980797]\n\tGetHandleVerifier [0x0x7ff769b87e0d+3110573]\n\tGetHandleVerifier [0x0x7ff7698bd6de+184190]\n\tGetHandleVerifier [0x0x7ff7698c516f+215567]\n\tGetHandleVerifier [0x0x7ff7698ac974+115220]\n\tGetHandleVerifier [0x0x7ff7698acb29+115657]\n\tGetHandleVerifier [0x0x7ff769893268+11016]\n\tBaseThreadInitThunk [0x0x7ffc37b5e8d7+23]\n\tRtlUserThreadStart [0x0x7ffc39048d9c+44]","time":{"start":1757663712947,"stop":1757663744215,"duration":31268}},{"uid":"6cc590364281869d","status":"broken","statusDetails":"selenium.common.exceptions.StaleElementReferenceException: Message: stale element reference: stale element not found in the current frame\n  (Session info: chrome=139.0.7258.155); For documentation on this error, please visit: https://www.selenium.dev/documentation/webdriver/troubleshooting/errors#staleelementreferenceexception\nStacktrace:\n\tGetHandleVerifier [0x0x7ff7698a3d85+79397]\n\tGetHandleVerifier [0x0x7ff7698a3de0+79488]\n\t(No symbol) [0x0x7ff76964c0fa]\n\t(No symbol) [0x0x7ff769653a99]\n\t(No symbol) [0x0x7ff769656b3c]\n\t(No symbol) [0x0x7ff769656c0f]\n\t(No symbol) [0x0x7ff76969cae6]\n\t(No symbol) [0x0x7ff7696cb19a]\n\t(No symbol) [0x0x7ff769695996]\n\t(No symbol) [0x0x7ff7696cb3b0]\n\t(No symbol) [0x0x7ff7696f3344]\n\t(No symbol) [0x0x7ff7696caf73]\n\t(No symbol) [0x0x7ff7696941b1]\n\t(No symbol) [0x0x7ff769694f43]\n\tGetHandleVerifier [0x0x7ff769b6e1ed+3005069]\n\tGetHandleVerifier [0x0x7ff769b6831d+2980797]\n\tGetHandleVerifier [0x0x7ff769b87e0d+3110573]\n\tGetHandleVerifier [0x0x7ff7698bd6de+184190]\n\tGetHandleVerifier [0x0x7ff7698c516f+215567]\n\tGetHandleVerifier [0x0x7ff7698ac974+115220]\n\tGetHandleVerifier [0x0x7ff7698acb29+115657]\n\tGetHandleVerifier [0x0x7ff769893268+11016]\n\tBaseThreadInitThunk [0x0x7ffc37b5e8d7+23]\n\tRtlUserThreadStart [0x0x7ffc39048d9c+44]","time":{"start":1757663655605,"stop":1757663669893,"duration":14288}},{"uid":"3a0895169e379323","status":"broken","statusDetails":"selenium.common.exceptions.TimeoutException: Message: \nStacktrace:\n\tGetHandleVerifier [0x0x7ff7698a3d85+79397]\n\tGetHandleVerifier [0x0x7ff7698a3de0+79488]\n\t(No symbol) [0x0x7ff76964c0fa]\n\t(No symbol) [0x0x7ff7696a2fd6]\n\t(No symbol) [0x0x7ff7696a328c]\n\t(No symbol) [0x0x7ff7696f6537]\n\t(No symbol) [0x0x7ff7696cb1df]\n\t(No symbol) [0x0x7ff7696f3344]\n\t(No symbol) [0x0x7ff7696caf73]\n\t(No symbol) [0x0x7ff7696941b1]\n\t(No symbol) [0x0x7ff769694f43]\n\tGetHandleVerifier [0x0x7ff769b6e1ed+3005069]\n\tGetHandleVerifier [0x0x7ff769b6831d+2980797]\n\tGetHandleVerifier [0x0x7ff769b87e0d+3110573]\n\tGetHandleVerifier [0x0x7ff7698bd6de+184190]\n\tGetHandleVerifier [0x0x7ff7698c516f+215567]\n\tGetHandleVerifier [0x0x7ff7698ac974+115220]\n\tGetHandleVerifier [0x0x7ff7698acb29+115657]\n\tGetHandleVerifier [0x0x7ff769893268+11016]\n\tBaseThreadInitThunk [0x0x7ffc37b5e8d7+23]\n\tRtlUserThreadStart [0x0x7ffc39048d9c+44]","time":{"start":1757663263110,"stop":1757663293927,"duration":30817}},{"uid":"c03d7887ce4d4394","status":"passed","time":{"start":1757662560685,"stop":1757662588911,"duration":28226}},{"uid":"d62fa7ceee80157","status":"broken","statusDetails":"selenium.common.exceptions.InvalidSessionIdException: Message: invalid session id: session deleted as the browser has closed the connection\nfrom disconnected: not connected to DevTools\n  (Session info: chrome=139.0.7258.155); For documentation on this error, please visit: https://www.selenium.dev/documentation/webdriver/troubleshooting/errors#invalidsessionidexception\nStacktrace:\n\tGetHandleVerifier [0x0x7ff7698a3d85+79397]\n\tGetHandleVerifier [0x0x7ff7698a3de0+79488]\n\t(No symbol) [0x0x7ff76964c0fa]\n\t(No symbol) [0x0x7ff769638355]\n\t(No symbol) [0x0x7ff76965ceee]\n\t(No symbol) [0x0x7ff7696d27c5]\n\t(No symbol) [0x0x7ff7696f2c72]\n\t(No symbol) [0x0x7ff7696caf73]\n\t(No symbol) [0x0x7ff7696941b1]\n\t(No symbol) [0x0x7ff769694f43]\n\tGetHandleVerifier [0x0x7ff769b6e1ed+3005069]\n\tGetHandleVerifier [0x0x7ff769b6831d+2980797]\n\tGetHandleVerifier [0x0x7ff769b87e0d+3110573]\n\tGetHandleVerifier [0x0x7ff7698bd6de+184190]\n\tGetHandleVerifier [0x0x7ff7698c516f+215567]\n\tGetHandleVerifier [0x0x7ff7698ac974+115220]\n\tGetHandleVerifier [0x0x7ff7698acb29+115657]\n\tGetHandleVerifier [0x0x7ff769893268+11016]\n\tBaseThreadInitThunk [0x0x7ffc37b5e8d7+23]\n\tRtlUserThreadStart [0x0x7ffc39048d9c+44]","time":{"start":1757658105558,"stop":1757658108498,"duration":2940}}],"categories":[],"tags":[]},"source":"9f2fa4d03011a102.json","parameterValues":[]}