{"uid":"a5d217b45363518b","name":"test_status_button","fullName":"tests.test_offer#test_status_button","historyId":"12a74eff265480c148c3bba15f6fed0b","time":{"start":1758627684455,"stop":1758627692592,"duration":8137},"status":"failed","statusMessage":"AssertionError: Status button not working\nassert 'Updating Please wait...' == 'updated'\n  \n  - updated\n  + Updating Please wait...","statusTrace":"driver = <selenium.webdriver.chrome.webdriver.WebDriver (session=\"aafb522efa5e160170854e2fec48dcea\")>\n\n    def test_status_button(driver):\n        lp = LoginPage(driver)\n        o = Offer(driver)\n        lp.do_login(Constant.USERNAME, Constant.PASSWORD)\n        db = DashBoard(driver)\n        db.element_displayed(db.DASHBOARD_TEXT)\n        db.click_offer_ele()\n        assert isinstance(o.is_table_data_present(), str), \"Table data not present\"\n        o.do_click(o.STATUS_BUTTON)\n        text = o.get_element_text(o.POPUP_STATUS_BTN)\n>       assert text == \"updated\", \"Status button not working\"\nE       AssertionError: Status button not working\nE       assert 'Updating Please wait...' == 'updated'\nE         \nE         - updated\nE         + Updating Please wait...\n\ntests\\test_offer.py:179: AssertionError","flaky":false,"newFailed":false,"newBroken":false,"newPassed":false,"retriesCount":0,"retriesStatusChange":false,"beforeStages":[{"name":"driver","time":{"start":1758627675942,"stop":1758627684454,"duration":8512},"status":"passed","steps":[],"attachments":[],"parameters":[],"shouldDisplayMessage":false,"attachmentsCount":0,"attachmentStep":false,"stepsCount":0,"hasContent":false}],"afterStages":[{"name":"driver::0","time":{"start":1758627693028,"stop":1758627695246,"duration":2218},"status":"passed","steps":[],"attachments":[],"parameters":[],"shouldDisplayMessage":false,"attachmentsCount":0,"attachmentStep":false,"stepsCount":0,"hasContent":false}],"labels":[{"name":"parentSuite","value":"tests"},{"name":"suite","value":"test_offer"},{"name":"host","value":"DESKTOP-THM7RLI"},{"name":"thread","value":"4652-MainThread"},{"name":"framework","value":"pytest"},{"name":"language","value":"cpython3"},{"name":"package","value":"tests.test_offer"},{"name":"resultFormat","value":"allure2"}],"parameters":[],"links":[],"hidden":true,"retry":true,"extra":{"categories":[],"tags":[]},"source":"a5d217b45363518b.json","parameterValues":[]}