{"uid":"ab2345fc78aa18b4","name":"test_offer_table_header_correct_order","fullName":"tests.test_offer#test_offer_table_header_correct_order","historyId":"6b9e25a7e11621d821973f2451a427c7","time":{"start":1758091174782,"stop":1758091180698,"duration":5916},"status":"broken","statusMessage":"selenium.common.exceptions.NoSuchElementException: Message: no such element: Unable to locate element: {\"method\":\"tag name\",\"selector\":\"//th\"}\n  (Session info: chrome=140.0.7339.128); For documentation on this error, please visit: https://www.selenium.dev/documentation/webdriver/troubleshooting/errors#nosuchelementexception\nStacktrace:\n\tGetHandleVerifier [0x0x7ff645ecfc95+79861]\n\tGetHandleVerifier [0x0x7ff645ecfcf0+79952]\n\t(No symbol) [0x0x7ff645c4cada]\n\t(No symbol) [0x0x7ff645ca4457]\n\t(No symbol) [0x0x7ff645ca471c]\n\t(No symbol) [0x0x7ff645cf8217]\n\t(No symbol) [0x0x7ff645cccb1f]\n\t(No symbol) [0x0x7ff645cf4f8b]\n\t(No symbol) [0x0x7ff645ccc8b3]\n\t(No symbol) [0x0x7ff645c95272]\n\t(No symbol) [0x0x7ff645c96043]\n\tGetHandleVerifier [0x0x7ff64618b9cd+2946349]\n\tGetHandleVerifier [0x0x7ff646185c4a+2922410]\n\tGetHandleVerifier [0x0x7ff6461a59d7+3052855]\n\tGetHandleVerifier [0x0x7ff645eeaa7e+189918]\n\tGetHandleVerifier [0x0x7ff645ef2a1f+222591]\n\tGetHandleVerifier [0x0x7ff645ed8ab4+116244]\n\tGetHandleVerifier [0x0x7ff645ed8c69+116681]\n\tGetHandleVerifier [0x0x7ff645ebf048+11176]\n\tBaseThreadInitThunk [0x0x7ffaf5dee8d7+23]\n\tRtlUserThreadStart [0x0x7ffaf7768d9c+44]","statusTrace":"driver = <selenium.webdriver.chrome.webdriver.WebDriver (session=\"c5681e193b0ac02427d6c8b8d0a25859\")>\n\n    def test_offer_table_header_correct_order(driver):\n        expected_headers = [\"S.no\", \"Offer Name\", \"Offer Type\", \"Payout Type\", \"Payout\", \"Status\", \"Created At\", \"Action\"]\n        lp = LoginPage(driver)\n        lp.do_login(Constant.USERNAME, Constant.PASSWORD)\n        db = DashBoard(driver)\n        db.element_displayed(db.DASHBOARD_TEXT)\n        db.click_offer_ele()\n        #db.do_click(db.OFFER_TAB)\n        o = Offer(driver)\n>       actual_headers = o.extract_table_as_dataframe(o.TABLE_HEADER, exclude_last_n=0, drop_sno=False).columns.tolist()\n                         ^^^^^^^^^^^^^^^^^^^^^^^^^^^^^^^^^^^^^^^^^^^^^^^^^^^^^^^^^^^^^^^^^^^^^^^^^^^^^^\n\ntests\\test_offer.py:35: \n_ _ _ _ _ _ _ _ _ _ _ _ _ _ _ _ _ _ _ _ _ _ _ _ _ _ _ _ _ _ _ _ _ _ _ _ _ _ _ _\npages\\base_page.py:46: in extract_table_as_dataframe\n    table = self.driver.find_element(*table_locator)\n            ^^^^^^^^^^^^^^^^^^^^^^^^^^^^^^^^^^^^^^^^\n.venv\\Lib\\site-packages\\selenium\\webdriver\\remote\\webdriver.py:926: in find_element\n    return self.execute(Command.FIND_ELEMENT, {\"using\": by, \"value\": value})[\"value\"]\n           ^^^^^^^^^^^^^^^^^^^^^^^^^^^^^^^^^^^^^^^^^^^^^^^^^^^^^^^^^^^^^^^^^\n.venv\\Lib\\site-packages\\selenium\\webdriver\\remote\\webdriver.py:458: in execute\n    self.error_handler.check_response(response)\n_ _ _ _ _ _ _ _ _ _ _ _ _ _ _ _ _ _ _ _ _ _ _ _ _ _ _ _ _ _ _ _ _ _ _ _ _ _ _ _\n\nself = <selenium.webdriver.remote.errorhandler.ErrorHandler object at 0x0000022022A7DD30>\nresponse = {'status': 404, 'value': '{\"value\":{\"error\":\"no such element\",\"message\":\"no such element: Unable to locate element: {\\...ff645ebf048+11176]\\\\n\\\\tBaseThreadInitThunk [0x0x7ffaf5dee8d7+23]\\\\n\\\\tRtlUserThreadStart [0x0x7ffaf7768d9c+44]\\\\n\"}}'}\n\n    def check_response(self, response: dict[str, Any]) -> None:\n        \"\"\"Checks that a JSON response from the WebDriver does not have an\n        error.\n    \n        :Args:\n         - response - The JSON response from the WebDriver server as a dictionary\n           object.\n    \n        :Raises: If the response contains an error message.\n        \"\"\"\n        status = response.get(\"status\", None)\n        if not status or status == ErrorCode.SUCCESS:\n            return\n        value = None\n        message = response.get(\"message\", \"\")\n        screen: str = response.get(\"screen\", \"\")\n        stacktrace = None\n        if isinstance(status, int):\n            value_json = response.get(\"value\", None)\n            if value_json and isinstance(value_json, str):\n                try:\n                    value = json.loads(value_json)\n                    if isinstance(value, dict):\n                        if len(value) == 1:\n                            value = value[\"value\"]\n                        status = value.get(\"error\", None)\n                        if not status:\n                            status = value.get(\"status\", ErrorCode.UNKNOWN_ERROR)\n                            message = value.get(\"value\") or value.get(\"message\")\n                            if not isinstance(message, str):\n                                value = message\n                                message = message.get(\"message\")\n                        else:\n                            message = value.get(\"message\", None)\n                except ValueError:\n                    pass\n    \n        exception_class: type[WebDriverException]\n        e = ErrorCode()\n        error_codes = [item for item in dir(e) if not item.startswith(\"__\")]\n        for error_code in error_codes:\n            error_info = getattr(ErrorCode, error_code)\n            if isinstance(error_info, list) and status in error_info:\n                exception_class = getattr(ExceptionMapping, error_code, WebDriverException)\n                break\n        else:\n            exception_class = WebDriverException\n    \n        if not value:\n            value = response[\"value\"]\n        if isinstance(value, str):\n            raise exception_class(value)\n        if message == \"\" and \"message\" in value:\n            message = value[\"message\"]\n    \n        screen = None  # type: ignore[assignment]\n        if \"screen\" in value:\n            screen = value[\"screen\"]\n    \n        stacktrace = None\n        st_value = value.get(\"stackTrace\") or value.get(\"stacktrace\")\n        if st_value:\n            if isinstance(st_value, str):\n                stacktrace = st_value.split(\"\\n\")\n            else:\n                stacktrace = []\n                try:\n                    for frame in st_value:\n                        line = frame.get(\"lineNumber\", \"\")\n                        file = frame.get(\"fileName\", \"<anonymous>\")\n                        if line:\n                            file = f\"{file}:{line}\"\n                        meth = frame.get(\"methodName\", \"<anonymous>\")\n                        if \"className\" in frame:\n                            meth = f\"{frame['className']}.{meth}\"\n                        msg = \"    at %s (%s)\"\n                        msg = msg % (meth, file)\n                        stacktrace.append(msg)\n                except TypeError:\n                    pass\n        if exception_class == UnexpectedAlertPresentException:\n            alert_text = None\n            if \"data\" in value:\n                alert_text = value[\"data\"].get(\"text\")\n            elif \"alert\" in value:\n                alert_text = value[\"alert\"].get(\"text\")\n            raise exception_class(message, screen, stacktrace, alert_text)  # type: ignore[call-arg]  # mypy is not smart enough here\n>       raise exception_class(message, screen, stacktrace)\nE       selenium.common.exceptions.NoSuchElementException: Message: no such element: Unable to locate element: {\"method\":\"tag name\",\"selector\":\"//th\"}\nE         (Session info: chrome=140.0.7339.128); For documentation on this error, please visit: https://www.selenium.dev/documentation/webdriver/troubleshooting/errors#nosuchelementexception\nE       Stacktrace:\nE       \tGetHandleVerifier [0x0x7ff645ecfc95+79861]\nE       \tGetHandleVerifier [0x0x7ff645ecfcf0+79952]\nE       \t(No symbol) [0x0x7ff645c4cada]\nE       \t(No symbol) [0x0x7ff645ca4457]\nE       \t(No symbol) [0x0x7ff645ca471c]\nE       \t(No symbol) [0x0x7ff645cf8217]\nE       \t(No symbol) [0x0x7ff645cccb1f]\nE       \t(No symbol) [0x0x7ff645cf4f8b]\nE       \t(No symbol) [0x0x7ff645ccc8b3]\nE       \t(No symbol) [0x0x7ff645c95272]\nE       \t(No symbol) [0x0x7ff645c96043]\nE       \tGetHandleVerifier [0x0x7ff64618b9cd+2946349]\nE       \tGetHandleVerifier [0x0x7ff646185c4a+2922410]\nE       \tGetHandleVerifier [0x0x7ff6461a59d7+3052855]\nE       \tGetHandleVerifier [0x0x7ff645eeaa7e+189918]\nE       \tGetHandleVerifier [0x0x7ff645ef2a1f+222591]\nE       \tGetHandleVerifier [0x0x7ff645ed8ab4+116244]\nE       \tGetHandleVerifier [0x0x7ff645ed8c69+116681]\nE       \tGetHandleVerifier [0x0x7ff645ebf048+11176]\nE       \tBaseThreadInitThunk [0x0x7ffaf5dee8d7+23]\nE       \tRtlUserThreadStart [0x0x7ffaf7768d9c+44]\n\n.venv\\Lib\\site-packages\\selenium\\webdriver\\remote\\errorhandler.py:232: NoSuchElementException","flaky":false,"newFailed":false,"newBroken":false,"newPassed":false,"retriesCount":1,"retriesStatusChange":false,"beforeStages":[{"name":"driver","time":{"start":1758091158768,"stop":1758091174782,"duration":16014},"status":"passed","steps":[],"attachments":[],"parameters":[],"shouldDisplayMessage":false,"attachmentsCount":0,"attachmentStep":false,"stepsCount":0,"hasContent":false}],"afterStages":[{"name":"driver::0","time":{"start":1758091181279,"stop":1758091183489,"duration":2210},"status":"passed","steps":[],"attachments":[],"parameters":[],"shouldDisplayMessage":false,"attachmentsCount":0,"attachmentStep":false,"stepsCount":0,"hasContent":false}],"labels":[{"name":"parentSuite","value":"tests"},{"name":"suite","value":"test_offer"},{"name":"host","value":"DESKTOP-THM7RLI"},{"name":"thread","value":"15024-MainThread"},{"name":"framework","value":"pytest"},{"name":"language","value":"cpython3"},{"name":"package","value":"tests.test_offer"},{"name":"resultFormat","value":"allure2"}],"parameters":[],"links":[],"hidden":false,"retry":false,"extra":{"severity":"normal","retries":[{"uid":"4c3dd5e99f20459f","status":"broken","statusDetails":"selenium.common.exceptions.NoSuchElementException: Message: no such element: Unable to locate element: {\"method\":\"xpath\",\"selector\":\"//th\"}\n  (Session info: chrome=140.0.7339.128); For documentation on this error, please visit: https://www.selenium.dev/documentation/webdriver/troubleshooting/errors#nosuchelementexception\nStacktrace:\n\tGetHandleVerifier [0x0x7ff645ecfc95+79861]\n\tGetHandleVerifier [0x0x7ff645ecfcf0+79952]\n\t(No symbol) [0x0x7ff645c4cada]\n\t(No symbol) [0x0x7ff645ca4457]\n\t(No symbol) [0x0x7ff645ca471c]\n\t(No symbol) [0x0x7ff645cf8217]\n\t(No symbol) [0x0x7ff645cccb1f]\n\t(No symbol) [0x0x7ff645cf4f8b]\n\t(No symbol) [0x0x7ff645ccc8b3]\n\t(No symbol) [0x0x7ff645c95272]\n\t(No symbol) [0x0x7ff645c96043]\n\tGetHandleVerifier [0x0x7ff64618b9cd+2946349]\n\tGetHandleVerifier [0x0x7ff646185c4a+2922410]\n\tGetHandleVerifier [0x0x7ff6461a59d7+3052855]\n\tGetHandleVerifier [0x0x7ff645eeaa7e+189918]\n\tGetHandleVerifier [0x0x7ff645ef2a1f+222591]\n\tGetHandleVerifier [0x0x7ff645ed8ab4+116244]\n\tGetHandleVerifier [0x0x7ff645ed8c69+116681]\n\tGetHandleVerifier [0x0x7ff645ebf048+11176]\n\tBaseThreadInitThunk [0x0x7ffaf5dee8d7+23]\n\tRtlUserThreadStart [0x0x7ffaf7768d9c+44]","time":{"start":1758091076378,"stop":1758091081352,"duration":4974}}],"categories":[{"name":"Test defects","matchedStatuses":[]}],"tags":[]},"source":"ab2345fc78aa18b4.json","parameterValues":[]}