{"uid":"b656ef3042b25332","name":"test_reporting_export_this_page","fullName":"tests.test_reporting#test_reporting_export_this_page","historyId":"33a51106bf2e2b8502230901bcf37c62","time":{"start":1757574632082,"stop":1757574644262,"duration":12180},"status":"broken","statusMessage":"selenium.common.exceptions.StaleElementReferenceException: Message: stale element reference: stale element not found in the current frame\n  (Session info: chrome=139.0.7258.155); For documentation on this error, please visit: https://www.selenium.dev/documentation/webdriver/troubleshooting/errors#staleelementreferenceexception\nStacktrace:\n\tGetHandleVerifier [0x0x7ff7aede3d85+79397]\n\tGetHandleVerifier [0x0x7ff7aede3de0+79488]\n\t(No symbol) [0x0x7ff7aeb8c0fa]\n\t(No symbol) [0x0x7ff7aeb93a99]\n\t(No symbol) [0x0x7ff7aeb96b3c]\n\t(No symbol) [0x0x7ff7aeb96c0f]\n\t(No symbol) [0x0x7ff7aebdcae6]\n\t(No symbol) [0x0x7ff7aec0b19a]\n\t(No symbol) [0x0x7ff7aebd5996]\n\t(No symbol) [0x0x7ff7aec0b3b0]\n\t(No symbol) [0x0x7ff7aec33344]\n\t(No symbol) [0x0x7ff7aec0af73]\n\t(No symbol) [0x0x7ff7aebd41b1]\n\t(No symbol) [0x0x7ff7aebd4f43]\n\tGetHandleVerifier [0x0x7ff7af0ae1ed+3005069]\n\tGetHandleVerifier [0x0x7ff7af0a831d+2980797]\n\tGetHandleVerifier [0x0x7ff7af0c7e0d+3110573]\n\tGetHandleVerifier [0x0x7ff7aedfd6de+184190]\n\tGetHandleVerifier [0x0x7ff7aee0516f+215567]\n\tGetHandleVerifier [0x0x7ff7aedec974+115220]\n\tGetHandleVerifier [0x0x7ff7aedecb29+115657]\n\tGetHandleVerifier [0x0x7ff7aedd3268+11016]\n\tBaseThreadInitThunk [0x0x7ffdb83de8d7+23]\n\tRtlUserThreadStart [0x0x7ffdba588d9c+44]","statusTrace":"driver_with_downloads = <selenium.webdriver.chrome.webdriver.WebDriver (session=\"8705e6b29bc6a059cfb26c5ae5028c49\")>\n\n    def test_reporting_export_this_page(driver_with_downloads):\n        driver = driver_with_downloads\n        lp = LoginPage(driver)\n        r = Reporting(driver)\n        lp.do_login(Constant.USERNAME, Constant.PASSWORD)\n        db = DashBoard(driver)\n        db.element_displayed(db.DASHBOARD_TEXT)\n        db.click_reporting_ele()\n        r.set_date()\n        time.sleep(2)\n        r.do_click(r.REFRESH_BUTTON)\n        time.sleep(3)\n        r.scroll_to_element(r.CALL_DETAILS_TAB)\n>       assert isinstance(r.is_table_data_present(), str),\"Table data not present\"\n                          ^^^^^^^^^^^^^^^^^^^^^^^^^\n\ntests\\test_reporting.py:262: \n_ _ _ _ _ _ _ _ _ _ _ _ _ _ _ _ _ _ _ _ _ _ _ _ _ _ _ _ _ _ _ _ _ _ _ _ _ _ _ _\npages\\reporting_page.py:66: in is_table_data_present\n    self.wait_for_non_empty_text(self.FIRST_CELL)\npages\\base_page.py:75: in wait_for_non_empty_text\n    return WebDriverWait(self.driver, timeout).until(\n.venv\\Lib\\site-packages\\selenium\\webdriver\\support\\wait.py:129: in until\n    value = method(self._driver)\n            ^^^^^^^^^^^^^^^^^^^^\npages\\base_page.py:76: in <lambda>\n    lambda d: d.find_element(*locator).text.strip() != \"\"\n              ^^^^^^^^^^^^^^^^^^^^^^^^^^^^^\n.venv\\Lib\\site-packages\\selenium\\webdriver\\remote\\webelement.py:110: in text\n    return self._execute(Command.GET_ELEMENT_TEXT)[\"value\"]\n           ^^^^^^^^^^^^^^^^^^^^^^^^^^^^^^^^^^^^^^^\n.venv\\Lib\\site-packages\\selenium\\webdriver\\remote\\webelement.py:573: in _execute\n    return self._parent.execute(command, params)\n           ^^^^^^^^^^^^^^^^^^^^^^^^^^^^^^^^^^^^^\n.venv\\Lib\\site-packages\\selenium\\webdriver\\remote\\webdriver.py:458: in execute\n    self.error_handler.check_response(response)\n_ _ _ _ _ _ _ _ _ _ _ _ _ _ _ _ _ _ _ _ _ _ _ _ _ _ _ _ _ _ _ _ _ _ _ _ _ _ _ _\n\nself = <selenium.webdriver.remote.errorhandler.ErrorHandler object at 0x000002C91CA8E270>\nresponse = {'status': 404, 'value': '{\"value\":{\"error\":\"stale element reference\",\"message\":\"stale element reference: stale elemen...ff7aedd3268+11016]\\\\n\\\\tBaseThreadInitThunk [0x0x7ffdb83de8d7+23]\\\\n\\\\tRtlUserThreadStart [0x0x7ffdba588d9c+44]\\\\n\"}}'}\n\n    def check_response(self, response: dict[str, Any]) -> None:\n        \"\"\"Checks that a JSON response from the WebDriver does not have an\n        error.\n    \n        :Args:\n         - response - The JSON response from the WebDriver server as a dictionary\n           object.\n    \n        :Raises: If the response contains an error message.\n        \"\"\"\n        status = response.get(\"status\", None)\n        if not status or status == ErrorCode.SUCCESS:\n            return\n        value = None\n        message = response.get(\"message\", \"\")\n        screen: str = response.get(\"screen\", \"\")\n        stacktrace = None\n        if isinstance(status, int):\n            value_json = response.get(\"value\", None)\n            if value_json and isinstance(value_json, str):\n                try:\n                    value = json.loads(value_json)\n                    if isinstance(value, dict):\n                        if len(value) == 1:\n                            value = value[\"value\"]\n                        status = value.get(\"error\", None)\n                        if not status:\n                            status = value.get(\"status\", ErrorCode.UNKNOWN_ERROR)\n                            message = value.get(\"value\") or value.get(\"message\")\n                            if not isinstance(message, str):\n                                value = message\n                                message = message.get(\"message\")\n                        else:\n                            message = value.get(\"message\", None)\n                except ValueError:\n                    pass\n    \n        exception_class: type[WebDriverException]\n        e = ErrorCode()\n        error_codes = [item for item in dir(e) if not item.startswith(\"__\")]\n        for error_code in error_codes:\n            error_info = getattr(ErrorCode, error_code)\n            if isinstance(error_info, list) and status in error_info:\n                exception_class = getattr(ExceptionMapping, error_code, WebDriverException)\n                break\n        else:\n            exception_class = WebDriverException\n    \n        if not value:\n            value = response[\"value\"]\n        if isinstance(value, str):\n            raise exception_class(value)\n        if message == \"\" and \"message\" in value:\n            message = value[\"message\"]\n    \n        screen = None  # type: ignore[assignment]\n        if \"screen\" in value:\n            screen = value[\"screen\"]\n    \n        stacktrace = None\n        st_value = value.get(\"stackTrace\") or value.get(\"stacktrace\")\n        if st_value:\n            if isinstance(st_value, str):\n                stacktrace = st_value.split(\"\\n\")\n            else:\n                stacktrace = []\n                try:\n                    for frame in st_value:\n                        line = frame.get(\"lineNumber\", \"\")\n                        file = frame.get(\"fileName\", \"<anonymous>\")\n                        if line:\n                            file = f\"{file}:{line}\"\n                        meth = frame.get(\"methodName\", \"<anonymous>\")\n                        if \"className\" in frame:\n                            meth = f\"{frame['className']}.{meth}\"\n                        msg = \"    at %s (%s)\"\n                        msg = msg % (meth, file)\n                        stacktrace.append(msg)\n                except TypeError:\n                    pass\n        if exception_class == UnexpectedAlertPresentException:\n            alert_text = None\n            if \"data\" in value:\n                alert_text = value[\"data\"].get(\"text\")\n            elif \"alert\" in value:\n                alert_text = value[\"alert\"].get(\"text\")\n            raise exception_class(message, screen, stacktrace, alert_text)  # type: ignore[call-arg]  # mypy is not smart enough here\n>       raise exception_class(message, screen, stacktrace)\nE       selenium.common.exceptions.StaleElementReferenceException: Message: stale element reference: stale element not found in the current frame\nE         (Session info: chrome=139.0.7258.155); For documentation on this error, please visit: https://www.selenium.dev/documentation/webdriver/troubleshooting/errors#staleelementreferenceexception\nE       Stacktrace:\nE       \tGetHandleVerifier [0x0x7ff7aede3d85+79397]\nE       \tGetHandleVerifier [0x0x7ff7aede3de0+79488]\nE       \t(No symbol) [0x0x7ff7aeb8c0fa]\nE       \t(No symbol) [0x0x7ff7aeb93a99]\nE       \t(No symbol) [0x0x7ff7aeb96b3c]\nE       \t(No symbol) [0x0x7ff7aeb96c0f]\nE       \t(No symbol) [0x0x7ff7aebdcae6]\nE       \t(No symbol) [0x0x7ff7aec0b19a]\nE       \t(No symbol) [0x0x7ff7aebd5996]\nE       \t(No symbol) [0x0x7ff7aec0b3b0]\nE       \t(No symbol) [0x0x7ff7aec33344]\nE       \t(No symbol) [0x0x7ff7aec0af73]\nE       \t(No symbol) [0x0x7ff7aebd41b1]\nE       \t(No symbol) [0x0x7ff7aebd4f43]\nE       \tGetHandleVerifier [0x0x7ff7af0ae1ed+3005069]\nE       \tGetHandleVerifier [0x0x7ff7af0a831d+2980797]\nE       \tGetHandleVerifier [0x0x7ff7af0c7e0d+3110573]\nE       \tGetHandleVerifier [0x0x7ff7aedfd6de+184190]\nE       \tGetHandleVerifier [0x0x7ff7aee0516f+215567]\nE       \tGetHandleVerifier [0x0x7ff7aedec974+115220]\nE       \tGetHandleVerifier [0x0x7ff7aedecb29+115657]\nE       \tGetHandleVerifier [0x0x7ff7aedd3268+11016]\nE       \tBaseThreadInitThunk [0x0x7ffdb83de8d7+23]\nE       \tRtlUserThreadStart [0x0x7ffdba588d9c+44]\n\n.venv\\Lib\\site-packages\\selenium\\webdriver\\remote\\errorhandler.py:232: StaleElementReferenceException","flaky":false,"newFailed":false,"newBroken":false,"newPassed":false,"retriesCount":0,"retriesStatusChange":false,"beforeStages":[{"name":"driver_with_downloads","time":{"start":1757574618246,"stop":1757574632081,"duration":13835},"status":"passed","steps":[],"attachments":[],"parameters":[],"shouldDisplayMessage":false,"attachmentsCount":0,"attachmentStep":false,"stepsCount":0,"hasContent":false}],"afterStages":[{"name":"driver_with_downloads::0","time":{"start":1757574644526,"stop":1757574646742,"duration":2216},"status":"passed","steps":[],"attachments":[],"parameters":[],"shouldDisplayMessage":false,"attachmentsCount":0,"attachmentStep":false,"stepsCount":0,"hasContent":false}],"labels":[{"name":"parentSuite","value":"tests"},{"name":"suite","value":"test_reporting"},{"name":"host","value":"DESKTOP-THM7RLI"},{"name":"thread","value":"17944-MainThread"},{"name":"framework","value":"pytest"},{"name":"language","value":"cpython3"},{"name":"package","value":"tests.test_reporting"},{"name":"resultFormat","value":"allure2"}],"parameters":[],"links":[],"hidden":true,"retry":true,"extra":{"categories":[],"tags":[]},"source":"b656ef3042b25332.json","parameterValues":[]}