{"uid":"c24dab21273d6dec","name":"test_status_button","fullName":"tests.test_offer#test_status_button","historyId":"12a74eff265480c148c3bba15f6fed0b","time":{"start":1758626930903,"stop":1758626948920,"duration":18017},"status":"broken","statusMessage":"selenium.common.exceptions.TimeoutException: Message: \nStacktrace:\n\tGetHandleVerifier [0x0x7ff6035f30f5+79493]\n\tGetHandleVerifier [0x0x7ff6035f3150+79584]\n\t(No symbol) [0x0x7ff6033701ba]\n\t(No symbol) [0x0x7ff6033c8067]\n\t(No symbol) [0x0x7ff6033c832c]\n\t(No symbol) [0x0x7ff60341be27]\n\t(No symbol) [0x0x7ff6033f074f]\n\t(No symbol) [0x0x7ff603418b8b]\n\t(No symbol) [0x0x7ff6033f04e3]\n\t(No symbol) [0x0x7ff6033b8e92]\n\t(No symbol) [0x0x7ff6033b9c63]\n\tGetHandleVerifier [0x0x7ff6038b0dbd+2954061]\n\tGetHandleVerifier [0x0x7ff6038ab02a+2930106]\n\tGetHandleVerifier [0x0x7ff6038cb357+3061991]\n\tGetHandleVerifier [0x0x7ff60360d60e+187294]\n\tGetHandleVerifier [0x0x7ff60361557f+219919]\n\tGetHandleVerifier [0x0x7ff6035fc294+116772]\n\tGetHandleVerifier [0x0x7ff6035fc449+117209]\n\tGetHandleVerifier [0x0x7ff6035e2618+11176]\n\tBaseThreadInitThunk [0x0x7fff8d9be8d7+23]\n\tRtlUserThreadStart [0x0x7fff8fac8d9c+44]","statusTrace":"driver = <selenium.webdriver.chrome.webdriver.WebDriver (session=\"1a624c36085c3b72d54d8cd208869830\")>\n\n    def test_status_button(driver):\n        lp = LoginPage(driver)\n        o = Offer(driver)\n        lp.do_login(Constant.USERNAME, Constant.PASSWORD)\n        db = DashBoard(driver)\n        db.element_displayed(db.DASHBOARD_TEXT)\n        db.click_offer_ele()\n        assert isinstance(o.is_table_data_present(), str), \"Table data not present\"\n>       o.do_click(o.STATUS_BUTTON)\n\ntests\\test_offer.py:177: \n_ _ _ _ _ _ _ _ _ _ _ _ _ _ _ _ _ _ _ _ _ _ _ _ _ _ _ _ _ _ _ _ _ _ _ _ _ _ _ _\npages\\base_page.py:14: in do_click\n    WebDriverWait(self.driver,10).until(EC.element_to_be_clickable(by_locator)).click()\n    ^^^^^^^^^^^^^^^^^^^^^^^^^^^^^^^^^^^^^^^^^^^^^^^^^^^^^^^^^^^^^^^^^^^^^^^^^^^\n_ _ _ _ _ _ _ _ _ _ _ _ _ _ _ _ _ _ _ _ _ _ _ _ _ _ _ _ _ _ _ _ _ _ _ _ _ _ _ _\n\nself = <selenium.webdriver.support.wait.WebDriverWait (session=\"1a624c36085c3b72d54d8cd208869830\")>\nmethod = <function element_to_be_clickable.<locals>._predicate at 0x000001ED36E9BE20>\nmessage = ''\n\n    def until(self, method: Callable[[D], Union[Literal[False], T]], message: str = \"\") -> T:\n        \"\"\"Wait until the method returns a value that is not False.\n    \n        Calls the method provided with the driver as an argument until the\n        return value does not evaluate to ``False``.\n    \n        Parameters:\n        -----------\n        method: callable(WebDriver)\n            - A callable object that takes a WebDriver instance as an argument.\n    \n        message: str\n            - Optional message for :exc:`TimeoutException`\n    \n        Return:\n        -------\n        object: T\n            - The result of the last call to `method`\n    \n        Raises:\n        -------\n        TimeoutException\n            - If 'method' does not return a truthy value within the WebDriverWait\n            object's timeout\n    \n        Example:\n        --------\n        >>> from selenium.webdriver.common.by import By\n        >>> from selenium.webdriver.support.ui import WebDriverWait\n        >>> from selenium.webdriver.support import expected_conditions as EC\n    \n        # Wait until an element is visible on the page\n        >>> wait = WebDriverWait(driver, 10)\n        >>> element = wait.until(EC.visibility_of_element_located((By.ID, \"exampleId\")))\n        >>> print(element.text)\n        \"\"\"\n        screen = None\n        stacktrace = None\n    \n        end_time = time.monotonic() + self._timeout\n        while True:\n            try:\n                value = method(self._driver)\n                if value:\n                    return value\n            except self._ignored_exceptions as exc:\n                screen = getattr(exc, \"screen\", None)\n                stacktrace = getattr(exc, \"stacktrace\", None)\n            if time.monotonic() > end_time:\n                break\n            time.sleep(self._poll)\n>       raise TimeoutException(message, screen, stacktrace)\nE       selenium.common.exceptions.TimeoutException: Message: \nE       Stacktrace:\nE       \tGetHandleVerifier [0x0x7ff6035f30f5+79493]\nE       \tGetHandleVerifier [0x0x7ff6035f3150+79584]\nE       \t(No symbol) [0x0x7ff6033701ba]\nE       \t(No symbol) [0x0x7ff6033c8067]\nE       \t(No symbol) [0x0x7ff6033c832c]\nE       \t(No symbol) [0x0x7ff60341be27]\nE       \t(No symbol) [0x0x7ff6033f074f]\nE       \t(No symbol) [0x0x7ff603418b8b]\nE       \t(No symbol) [0x0x7ff6033f04e3]\nE       \t(No symbol) [0x0x7ff6033b8e92]\nE       \t(No symbol) [0x0x7ff6033b9c63]\nE       \tGetHandleVerifier [0x0x7ff6038b0dbd+2954061]\nE       \tGetHandleVerifier [0x0x7ff6038ab02a+2930106]\nE       \tGetHandleVerifier [0x0x7ff6038cb357+3061991]\nE       \tGetHandleVerifier [0x0x7ff60360d60e+187294]\nE       \tGetHandleVerifier [0x0x7ff60361557f+219919]\nE       \tGetHandleVerifier [0x0x7ff6035fc294+116772]\nE       \tGetHandleVerifier [0x0x7ff6035fc449+117209]\nE       \tGetHandleVerifier [0x0x7ff6035e2618+11176]\nE       \tBaseThreadInitThunk [0x0x7fff8d9be8d7+23]\nE       \tRtlUserThreadStart [0x0x7fff8fac8d9c+44]\n\n.venv\\Lib\\site-packages\\selenium\\webdriver\\support\\wait.py:138: TimeoutException","flaky":false,"newFailed":false,"newBroken":false,"newPassed":false,"retriesCount":0,"retriesStatusChange":false,"beforeStages":[{"name":"driver","time":{"start":1758626921623,"stop":1758626930902,"duration":9279},"status":"passed","steps":[],"attachments":[],"parameters":[],"shouldDisplayMessage":false,"attachmentsCount":0,"attachmentStep":false,"stepsCount":0,"hasContent":false}],"afterStages":[{"name":"driver::0","time":{"start":1758626949135,"stop":1758626951321,"duration":2186},"status":"passed","steps":[],"attachments":[],"parameters":[],"shouldDisplayMessage":false,"attachmentsCount":0,"attachmentStep":false,"stepsCount":0,"hasContent":false}],"labels":[{"name":"parentSuite","value":"tests"},{"name":"suite","value":"test_offer"},{"name":"host","value":"DESKTOP-THM7RLI"},{"name":"thread","value":"7348-MainThread"},{"name":"framework","value":"pytest"},{"name":"language","value":"cpython3"},{"name":"package","value":"tests.test_offer"},{"name":"resultFormat","value":"allure2"}],"parameters":[],"links":[],"hidden":true,"retry":true,"extra":{"categories":[],"tags":[]},"source":"c24dab21273d6dec.json","parameterValues":[]}