{"uid":"ca54cf028c8fa58b","name":"test_export_offer","fullName":"tests.test_offer#test_export_offer","historyId":"4708d067d01fce0834722e65bb61c4bd","time":{"start":1759297801816,"stop":1759297812312,"duration":10496},"status":"broken","statusMessage":"selenium.common.exceptions.TimeoutException: Message: \nStacktrace:\n\tGetHandleVerifier [0x0x7ff6f6231eb5+80197]\n\tGetHandleVerifier [0x0x7ff6f6231f10+80288]\n\t(No symbol) [0x0x7ff6f5fb02fa]\n\t(No symbol) [0x0x7ff6f6007cd7]\n\t(No symbol) [0x0x7ff6f6007f9c]\n\t(No symbol) [0x0x7ff6f605ba87]\n\t(No symbol) [0x0x7ff6f60303bf]\n\t(No symbol) [0x0x7ff6f60587fb]\n\t(No symbol) [0x0x7ff6f6030153]\n\t(No symbol) [0x0x7ff6f5ff8b02]\n\t(No symbol) [0x0x7ff6f5ff98d3]\n\tGetHandleVerifier [0x0x7ff6f64ee83d+2949837]\n\tGetHandleVerifier [0x0x7ff6f64e8c6a+2926330]\n\tGetHandleVerifier [0x0x7ff6f65086c7+3055959]\n\tGetHandleVerifier [0x0x7ff6f624cfee+191102]\n\tGetHandleVerifier [0x0x7ff6f62550af+224063]\n\tGetHandleVerifier [0x0x7ff6f623af64+117236]\n\tGetHandleVerifier [0x0x7ff6f623b119+117673]\n\tGetHandleVerifier [0x0x7ff6f62210a8+11064]\n\tBaseThreadInitThunk [0x0x7ffefe83e8d7+23]\n\tRtlUserThreadStart [0x0x7fff0090c53c+44]","statusTrace":"driver_with_downloads = <selenium.webdriver.chrome.webdriver.WebDriver (session=\"3ca5c07c89f271f6fe60986511adb41b\")>\n\n    def test_export_offer(driver_with_downloads):\n        driver = driver_with_downloads\n        lp = LoginPage(driver)\n        o = Offer(driver)\n>       lp.do_login(Constant.USERNAME, Constant.PASSWORD)\n\ntests\\test_offer.py:195: \n_ _ _ _ _ _ _ _ _ _ _ _ _ _ _ _ _ _ _ _ _ _ _ _ _ _ _ _ _ _ _ _ _ _ _ _ _ _ _ _\npages\\login_page.py:18: in do_login\n    self.fill(self.EMAIL,username)\npages\\base_page.py:17: in fill\n    WebDriverWait(self.driver,10).until(EC.presence_of_element_located(by_locator)).send_keys(text)\n    ^^^^^^^^^^^^^^^^^^^^^^^^^^^^^^^^^^^^^^^^^^^^^^^^^^^^^^^^^^^^^^^^^^^^^^^^^^^^^^^\n_ _ _ _ _ _ _ _ _ _ _ _ _ _ _ _ _ _ _ _ _ _ _ _ _ _ _ _ _ _ _ _ _ _ _ _ _ _ _ _\n\nself = <selenium.webdriver.support.wait.WebDriverWait (session=\"3ca5c07c89f271f6fe60986511adb41b\")>\nmethod = <function presence_of_element_located.<locals>._predicate at 0x000002D78C0139C0>\nmessage = ''\n\n    def until(self, method: Callable[[D], Union[Literal[False], T]], message: str = \"\") -> T:\n        \"\"\"Wait until the method returns a value that is not False.\n    \n        Calls the method provided with the driver as an argument until the\n        return value does not evaluate to ``False``.\n    \n        Parameters:\n        -----------\n        method: callable(WebDriver)\n            - A callable object that takes a WebDriver instance as an argument.\n    \n        message: str\n            - Optional message for :exc:`TimeoutException`\n    \n        Return:\n        -------\n        object: T\n            - The result of the last call to `method`\n    \n        Raises:\n        -------\n        TimeoutException\n            - If 'method' does not return a truthy value within the WebDriverWait\n            object's timeout\n    \n        Example:\n        --------\n        >>> from selenium.webdriver.common.by import By\n        >>> from selenium.webdriver.support.ui import WebDriverWait\n        >>> from selenium.webdriver.support import expected_conditions as EC\n    \n        # Wait until an element is visible on the page\n        >>> wait = WebDriverWait(driver, 10)\n        >>> element = wait.until(EC.visibility_of_element_located((By.ID, \"exampleId\")))\n        >>> print(element.text)\n        \"\"\"\n        screen = None\n        stacktrace = None\n    \n        end_time = time.monotonic() + self._timeout\n        while True:\n            try:\n                value = method(self._driver)\n                if value:\n                    return value\n            except self._ignored_exceptions as exc:\n                screen = getattr(exc, \"screen\", None)\n                stacktrace = getattr(exc, \"stacktrace\", None)\n            if time.monotonic() > end_time:\n                break\n            time.sleep(self._poll)\n>       raise TimeoutException(message, screen, stacktrace)\nE       selenium.common.exceptions.TimeoutException: Message: \nE       Stacktrace:\nE       \tGetHandleVerifier [0x0x7ff6f6231eb5+80197]\nE       \tGetHandleVerifier [0x0x7ff6f6231f10+80288]\nE       \t(No symbol) [0x0x7ff6f5fb02fa]\nE       \t(No symbol) [0x0x7ff6f6007cd7]\nE       \t(No symbol) [0x0x7ff6f6007f9c]\nE       \t(No symbol) [0x0x7ff6f605ba87]\nE       \t(No symbol) [0x0x7ff6f60303bf]\nE       \t(No symbol) [0x0x7ff6f60587fb]\nE       \t(No symbol) [0x0x7ff6f6030153]\nE       \t(No symbol) [0x0x7ff6f5ff8b02]\nE       \t(No symbol) [0x0x7ff6f5ff98d3]\nE       \tGetHandleVerifier [0x0x7ff6f64ee83d+2949837]\nE       \tGetHandleVerifier [0x0x7ff6f64e8c6a+2926330]\nE       \tGetHandleVerifier [0x0x7ff6f65086c7+3055959]\nE       \tGetHandleVerifier [0x0x7ff6f624cfee+191102]\nE       \tGetHandleVerifier [0x0x7ff6f62550af+224063]\nE       \tGetHandleVerifier [0x0x7ff6f623af64+117236]\nE       \tGetHandleVerifier [0x0x7ff6f623b119+117673]\nE       \tGetHandleVerifier [0x0x7ff6f62210a8+11064]\nE       \tBaseThreadInitThunk [0x0x7ffefe83e8d7+23]\nE       \tRtlUserThreadStart [0x0x7fff0090c53c+44]\n\n.venv\\Lib\\site-packages\\selenium\\webdriver\\support\\wait.py:138: TimeoutException","flaky":false,"newFailed":false,"newBroken":false,"newPassed":false,"retriesCount":0,"retriesStatusChange":false,"beforeStages":[{"name":"driver_with_downloads","time":{"start":1759297791347,"stop":1759297801815,"duration":10468},"status":"passed","steps":[],"attachments":[],"parameters":[],"shouldDisplayMessage":false,"attachmentsCount":0,"attachmentStep":false,"stepsCount":0,"hasContent":false}],"afterStages":[{"name":"driver_with_downloads::0","time":{"start":1759297812536,"stop":1759297814699,"duration":2163},"status":"passed","steps":[],"attachments":[],"parameters":[],"shouldDisplayMessage":false,"attachmentsCount":0,"attachmentStep":false,"stepsCount":0,"hasContent":false}],"labels":[{"name":"parentSuite","value":"tests"},{"name":"suite","value":"test_offer"},{"name":"host","value":"DESKTOP-THM7RLI"},{"name":"thread","value":"7384-MainThread"},{"name":"framework","value":"pytest"},{"name":"language","value":"cpython3"},{"name":"package","value":"tests.test_offer"},{"name":"resultFormat","value":"allure2"}],"parameters":[],"links":[],"hidden":true,"retry":true,"extra":{"categories":[],"tags":[]},"source":"ca54cf028c8fa58b.json","parameterValues":[]}