{"uid":"cbba031c54b2627c","name":"test_offer_search_functionality","fullName":"tests.test_offer#test_offer_search_functionality","historyId":"ce634b5ddbab686d114c45b25e9ee7ee","time":{"start":1758190566971,"stop":1758190583412,"duration":16441},"status":"passed","flaky":false,"newFailed":false,"newBroken":false,"newPassed":false,"retriesCount":17,"retriesStatusChange":true,"beforeStages":[{"name":"driver","time":{"start":1758190556805,"stop":1758190566970,"duration":10165},"status":"passed","steps":[],"attachments":[],"parameters":[],"hasContent":false,"stepsCount":0,"attachmentsCount":0,"attachmentStep":false,"shouldDisplayMessage":false}],"afterStages":[{"name":"driver::0","time":{"start":1758190583413,"stop":1758190585643,"duration":2230},"status":"passed","steps":[],"attachments":[],"parameters":[],"hasContent":false,"stepsCount":0,"attachmentsCount":0,"attachmentStep":false,"shouldDisplayMessage":false}],"labels":[{"name":"parentSuite","value":"tests"},{"name":"suite","value":"test_offer"},{"name":"host","value":"DESKTOP-THM7RLI"},{"name":"thread","value":"13060-MainThread"},{"name":"framework","value":"pytest"},{"name":"language","value":"cpython3"},{"name":"package","value":"tests.test_offer"},{"name":"resultFormat","value":"allure2"}],"parameters":[],"links":[],"hidden":false,"retry":false,"extra":{"severity":"normal","retries":[{"uid":"d54778493c318cdf","status":"passed","time":{"start":1758188193533,"stop":1758188210963,"duration":17430}},{"uid":"c9b28c9aa8bd5d4","status":"passed","time":{"start":1758106240400,"stop":1758106256633,"duration":16233}},{"uid":"fdebd62ce521609d","status":"failed","statusDetails":"AssertionError: Search functionality not working, offer testing does not contain 'avi'\nassert 'avi' in 'offer testing'\n +  where 'offer testing' = <built-in method lower of str object at 0x000001AB7E0502F0>()\n +    where <built-in method lower of str object at 0x000001AB7E0502F0> = 'offer testing'.lower","time":{"start":1758106157998,"stop":1758106173692,"duration":15694}},{"uid":"37fefd396e4ad05d","status":"passed","time":{"start":1758106031328,"stop":1758106047655,"duration":16327}},{"uid":"f1c6ebb647c64834","status":"failed","statusDetails":"AssertionError: Search functionality not working, offer testing does not contain 'avi'\nassert 'avi' in 'offer testing'\n +  where 'offer testing' = <built-in method lower of str object at 0x0000013F855250B0>()\n +    where <built-in method lower of str object at 0x0000013F855250B0> = 'offer testing'.lower","time":{"start":1758105948254,"stop":1758105959789,"duration":11535}},{"uid":"4a80fcd8fbf31ab3","status":"passed","time":{"start":1758104888683,"stop":1758104911732,"duration":23049}},{"uid":"6b03c241c2965f5b","status":"passed","time":{"start":1758104662222,"stop":1758104673317,"duration":11095}},{"uid":"3b9c224aabdc81f9","status":"broken","statusDetails":"selenium.common.exceptions.StaleElementReferenceException: Message: stale element reference: stale element not found in the current frame\n  (Session info: chrome=140.0.7339.128); For documentation on this error, please visit: https://www.selenium.dev/documentation/webdriver/troubleshooting/errors#staleelementreferenceexception\nStacktrace:\n\tGetHandleVerifier [0x0x7ff76d76fc95+79861]\n\tGetHandleVerifier [0x0x7ff76d76fcf0+79952]\n\t(No symbol) [0x0x7ff76d4ecada]\n\t(No symbol) [0x0x7ff76d4f461a]\n\t(No symbol) [0x0x7ff76d4f770f]\n\t(No symbol) [0x0x7ff76d4f77cf]\n\t(No symbol) [0x0x7ff76d53de36]\n\t(No symbol) [0x0x7ff76d56cada]\n\t(No symbol) [0x0x7ff76d536bc6]\n\t(No symbol) [0x0x7ff76d56ccf0]\n\t(No symbol) [0x0x7ff76d594f8b]\n\t(No symbol) [0x0x7ff76d56c8b3]\n\t(No symbol) [0x0x7ff76d535272]\n\t(No symbol) [0x0x7ff76d536043]\n\tGetHandleVerifier [0x0x7ff76da2b9cd+2946349]\n\tGetHandleVerifier [0x0x7ff76da25c4a+2922410]\n\tGetHandleVerifier [0x0x7ff76da459d7+3052855]\n\tGetHandleVerifier [0x0x7ff76d78aa7e+189918]\n\tGetHandleVerifier [0x0x7ff76d792a1f+222591]\n\tGetHandleVerifier [0x0x7ff76d778ab4+116244]\n\tGetHandleVerifier [0x0x7ff76d778c69+116681]\n\tGetHandleVerifier [0x0x7ff76d75f048+11176]\n\tBaseThreadInitThunk [0x0x7ffba9f8e8d7+23]\n\tRtlUserThreadStart [0x0x7ffbab248d9c+44]","time":{"start":1758104431559,"stop":1758104439505,"duration":7946}},{"uid":"562e725d7f8986cd","status":"broken","statusDetails":"selenium.common.exceptions.InvalidArgumentException: Message: invalid argument: 'using' must be a string\n  (Session info: chrome=140.0.7339.128)\nStacktrace:\n\tGetHandleVerifier [0x0x7ff76d76fc95+79861]\n\tGetHandleVerifier [0x0x7ff76d76fcf0+79952]\n\t(No symbol) [0x0x7ff76d4ecada]\n\t(No symbol) [0x0x7ff76d54421e]\n\t(No symbol) [0x0x7ff76d54471c]\n\t(No symbol) [0x0x7ff76d598217]\n\t(No symbol) [0x0x7ff76d56cb1f]\n\t(No symbol) [0x0x7ff76d594f8b]\n\t(No symbol) [0x0x7ff76d56c8b3]\n\t(No symbol) [0x0x7ff76d535272]\n\t(No symbol) [0x0x7ff76d536043]\n\tGetHandleVerifier [0x0x7ff76da2b9cd+2946349]\n\tGetHandleVerifier [0x0x7ff76da25c4a+2922410]\n\tGetHandleVerifier [0x0x7ff76da459d7+3052855]\n\tGetHandleVerifier [0x0x7ff76d78aa7e+189918]\n\tGetHandleVerifier [0x0x7ff76d792a1f+222591]\n\tGetHandleVerifier [0x0x7ff76d778ab4+116244]\n\tGetHandleVerifier [0x0x7ff76d778c69+116681]\n\tGetHandleVerifier [0x0x7ff76d75f048+11176]\n\tBaseThreadInitThunk [0x0x7ffba9f8e8d7+23]\n\tRtlUserThreadStart [0x0x7ffbab248d9c+44]","time":{"start":1758104356907,"stop":1758104365125,"duration":8218}},{"uid":"373dbf7c901e046a","status":"broken","statusDetails":"NameError: name 'Select' is not defined","time":{"start":1758104002240,"stop":1758104011231,"duration":8991}},{"uid":"5f144a7f25cddc27","status":"broken","statusDetails":"NameError: name 'Select' is not defined","time":{"start":1758103929031,"stop":1758103937315,"duration":8284}},{"uid":"f0857d43b8fd3a8f","status":"passed","time":{"start":1758096993791,"stop":1758097006956,"duration":13165}},{"uid":"d9be95975ee48235","status":"passed","time":{"start":1758096600545,"stop":1758096613696,"duration":13151}},{"uid":"66cfbe657ca4a29c","status":"broken","statusDetails":"selenium.common.exceptions.TimeoutException: Message: \nStacktrace:\n\tGetHandleVerifier [0x0x7ff76d76fc95+79861]\n\tGetHandleVerifier [0x0x7ff76d76fcf0+79952]\n\t(No symbol) [0x0x7ff76d4ecada]\n\t(No symbol) [0x0x7ff76d544457]\n\t(No symbol) [0x0x7ff76d54471c]\n\t(No symbol) [0x0x7ff76d598217]\n\t(No symbol) [0x0x7ff76d56cb1f]\n\t(No symbol) [0x0x7ff76d594f8b]\n\t(No symbol) [0x0x7ff76d56c8b3]\n\t(No symbol) [0x0x7ff76d535272]\n\t(No symbol) [0x0x7ff76d536043]\n\tGetHandleVerifier [0x0x7ff76da2b9cd+2946349]\n\tGetHandleVerifier [0x0x7ff76da25c4a+2922410]\n\tGetHandleVerifier [0x0x7ff76da459d7+3052855]\n\tGetHandleVerifier [0x0x7ff76d78aa7e+189918]\n\tGetHandleVerifier [0x0x7ff76d792a1f+222591]\n\tGetHandleVerifier [0x0x7ff76d778ab4+116244]\n\tGetHandleVerifier [0x0x7ff76d778c69+116681]\n\tGetHandleVerifier [0x0x7ff76d75f048+11176]\n\tBaseThreadInitThunk [0x0x7ffba9f8e8d7+23]\n\tRtlUserThreadStart [0x0x7ffbab248d9c+44]","time":{"start":1758095015574,"stop":1758095033702,"duration":18128}},{"uid":"d025cd6edb43ae7","status":"broken","statusDetails":"selenium.common.exceptions.StaleElementReferenceException: Message: stale element reference: stale element not found in the current frame\n  (Session info: chrome=140.0.7339.128); For documentation on this error, please visit: https://www.selenium.dev/documentation/webdriver/troubleshooting/errors#staleelementreferenceexception\nStacktrace:\n\tGetHandleVerifier [0x0x7ff76d76fc95+79861]\n\tGetHandleVerifier [0x0x7ff76d76fcf0+79952]\n\t(No symbol) [0x0x7ff76d4ecada]\n\t(No symbol) [0x0x7ff76d4f461a]\n\t(No symbol) [0x0x7ff76d4f770f]\n\t(No symbol) [0x0x7ff76d4f77cf]\n\t(No symbol) [0x0x7ff76d53de36]\n\t(No symbol) [0x0x7ff76d56cada]\n\t(No symbol) [0x0x7ff76d536bc6]\n\t(No symbol) [0x0x7ff76d56ccf0]\n\t(No symbol) [0x0x7ff76d594f8b]\n\t(No symbol) [0x0x7ff76d56c8b3]\n\t(No symbol) [0x0x7ff76d535272]\n\t(No symbol) [0x0x7ff76d536043]\n\tGetHandleVerifier [0x0x7ff76da2b9cd+2946349]\n\tGetHandleVerifier [0x0x7ff76da25c4a+2922410]\n\tGetHandleVerifier [0x0x7ff76da459d7+3052855]\n\tGetHandleVerifier [0x0x7ff76d78aa7e+189918]\n\tGetHandleVerifier [0x0x7ff76d792a1f+222591]\n\tGetHandleVerifier [0x0x7ff76d778ab4+116244]\n\tGetHandleVerifier [0x0x7ff76d778c69+116681]\n\tGetHandleVerifier [0x0x7ff76d75f048+11176]\n\tBaseThreadInitThunk [0x0x7ffba9f8e8d7+23]\n\tRtlUserThreadStart [0x0x7ffbab248d9c+44]","time":{"start":1758094967952,"stop":1758094977401,"duration":9449}},{"uid":"1a12ad0defbd170a","status":"broken","statusDetails":"selenium.common.exceptions.TimeoutException: Message: \nStacktrace:\n\tGetHandleVerifier [0x0x7ff76d76fc95+79861]\n\tGetHandleVerifier [0x0x7ff76d76fcf0+79952]\n\t(No symbol) [0x0x7ff76d4ecada]\n\t(No symbol) [0x0x7ff76d544457]\n\t(No symbol) [0x0x7ff76d54471c]\n\t(No symbol) [0x0x7ff76d598217]\n\t(No symbol) [0x0x7ff76d56cb1f]\n\t(No symbol) [0x0x7ff76d594f8b]\n\t(No symbol) [0x0x7ff76d56c8b3]\n\t(No symbol) [0x0x7ff76d535272]\n\t(No symbol) [0x0x7ff76d536043]\n\tGetHandleVerifier [0x0x7ff76da2b9cd+2946349]\n\tGetHandleVerifier [0x0x7ff76da25c4a+2922410]\n\tGetHandleVerifier [0x0x7ff76da459d7+3052855]\n\tGetHandleVerifier [0x0x7ff76d78aa7e+189918]\n\tGetHandleVerifier [0x0x7ff76d792a1f+222591]\n\tGetHandleVerifier [0x0x7ff76d778ab4+116244]\n\tGetHandleVerifier [0x0x7ff76d778c69+116681]\n\tGetHandleVerifier [0x0x7ff76d75f048+11176]\n\tBaseThreadInitThunk [0x0x7ffba9f8e8d7+23]\n\tRtlUserThreadStart [0x0x7ffbab248d9c+44]","time":{"start":1758094858010,"stop":1758094876848,"duration":18838}},{"uid":"2608a00f41d0bf87","status":"broken","statusDetails":"selenium.common.exceptions.TimeoutException: Message: \nStacktrace:\n\tGetHandleVerifier [0x0x7ff76d76fc95+79861]\n\tGetHandleVerifier [0x0x7ff76d76fcf0+79952]\n\t(No symbol) [0x0x7ff76d4ecada]\n\t(No symbol) [0x0x7ff76d544457]\n\t(No symbol) [0x0x7ff76d54471c]\n\t(No symbol) [0x0x7ff76d598217]\n\t(No symbol) [0x0x7ff76d56cb1f]\n\t(No symbol) [0x0x7ff76d594f8b]\n\t(No symbol) [0x0x7ff76d56c8b3]\n\t(No symbol) [0x0x7ff76d535272]\n\t(No symbol) [0x0x7ff76d536043]\n\tGetHandleVerifier [0x0x7ff76da2b9cd+2946349]\n\tGetHandleVerifier [0x0x7ff76da25c4a+2922410]\n\tGetHandleVerifier [0x0x7ff76da459d7+3052855]\n\tGetHandleVerifier [0x0x7ff76d78aa7e+189918]\n\tGetHandleVerifier [0x0x7ff76d792a1f+222591]\n\tGetHandleVerifier [0x0x7ff76d778ab4+116244]\n\tGetHandleVerifier [0x0x7ff76d778c69+116681]\n\tGetHandleVerifier [0x0x7ff76d75f048+11176]\n\tBaseThreadInitThunk [0x0x7ffba9f8e8d7+23]\n\tRtlUserThreadStart [0x0x7ffbab248d9c+44]","time":{"start":1758094803266,"stop":1758094821643,"duration":18377}}],"categories":[],"tags":[]},"source":"cbba031c54b2627c.json","parameterValues":[]}