{"uid":"df165303118e9fda","name":"test_call_details","fullName":"tests.test_reporting#test_call_details","historyId":"2b054c0d0979886b5767c53487d86f14","time":{"start":1756997610685,"stop":1756997636799,"duration":26114},"status":"failed","statusMessage":"AssertionError","statusTrace":"self = <pages.reporting_page.Reporting object at 0x00000204ECE96A50>\nlocator = ('xpath', '//tr[1]//td[2]'), timeout = 15\n\n    def wait_for_non_empty_text(self, locator, timeout=15):\n        try:\n>           return WebDriverWait(self.driver, timeout).until(\n                lambda d: d.find_element(*locator).text.strip() != \"\"\n        )\n\npages\\base_page.py:75: \n_ _ _ _ _ _ _ _ _ _ _ _ _ _ _ _ _ _ _ _ _ _ _ _ _ _ _ _ _ _ _ _ _ _ _ _ _ _ _ _\n\nself = <selenium.webdriver.support.wait.WebDriverWait (session=\"66f88925bb3c2eba16dfe910a9c9cd34\")>\nmethod = <function BasePage.wait_for_non_empty_text.<locals>.<lambda> at 0x00000204DCB419E0>\nmessage = ''\n\n    def until(self, method: Callable[[D], Union[Literal[False], T]], message: str = \"\") -> T:\n        \"\"\"Wait until the method returns a value that is not False.\n    \n        Calls the method provided with the driver as an argument until the\n        return value does not evaluate to ``False``.\n    \n        Parameters:\n        -----------\n        method: callable(WebDriver)\n            - A callable object that takes a WebDriver instance as an argument.\n    \n        message: str\n            - Optional message for :exc:`TimeoutException`\n    \n        Return:\n        -------\n        object: T\n            - The result of the last call to `method`\n    \n        Raises:\n        -------\n        TimeoutException\n            - If 'method' does not return a truthy value within the WebDriverWait\n            object's timeout\n    \n        Example:\n        --------\n        >>> from selenium.webdriver.common.by import By\n        >>> from selenium.webdriver.support.ui import WebDriverWait\n        >>> from selenium.webdriver.support import expected_conditions as EC\n    \n        # Wait until an element is visible on the page\n        >>> wait = WebDriverWait(driver, 10)\n        >>> element = wait.until(EC.visibility_of_element_located((By.ID, \"exampleId\")))\n        >>> print(element.text)\n        \"\"\"\n        screen = None\n        stacktrace = None\n    \n        end_time = time.monotonic() + self._timeout\n        while True:\n            try:\n                value = method(self._driver)\n                if value:\n                    return value\n            except self._ignored_exceptions as exc:\n                screen = getattr(exc, \"screen\", None)\n                stacktrace = getattr(exc, \"stacktrace\", None)\n            if time.monotonic() > end_time:\n                break\n            time.sleep(self._poll)\n>       raise TimeoutException(message, screen, stacktrace)\nE       selenium.common.exceptions.TimeoutException: Message:\n\n.venv\\Lib\\site-packages\\selenium\\webdriver\\support\\wait.py:138: TimeoutException\n\nDuring handling of the above exception, another exception occurred:\n\ndriver = <selenium.webdriver.chrome.webdriver.WebDriver (session=\"66f88925bb3c2eba16dfe910a9c9cd34\")>\n\n    def test_call_details(driver):\n        lp = LoginPage(driver)\n        r = Reporting(driver)\n        lp.do_login(Constant.USERNAME, Constant.PASSWORD)\n        db = DashBoard(driver)\n        db.element_displayed(db.DASHBOARD_TEXT)\n        db.click_reporting_ele()\n        r.set_date()\n        r.do_click(r.CALL_DETAILS_TAB)\n        time.sleep(5)\n>       assert isinstance(r.is_table_data_present(), str),\"Table data not present\"\n                          ^^^^^^^^^^^^^^^^^^^^^^^^^\n\ntests\\test_reporting.py:23: \n_ _ _ _ _ _ _ _ _ _ _ _ _ _ _ _ _ _ _ _ _ _ _ _ _ _ _ _ _ _ _ _ _ _ _ _ _ _ _ _\npages\\reporting_page.py:66: in is_table_data_present\n    self.wait_for_non_empty_text(self.FIRST_CELL)\n_ _ _ _ _ _ _ _ _ _ _ _ _ _ _ _ _ _ _ _ _ _ _ _ _ _ _ _ _ _ _ _ _ _ _ _ _ _ _ _\n\nself = <pages.reporting_page.Reporting object at 0x00000204ECE96A50>\nlocator = ('xpath', '//tr[1]//td[2]'), timeout = 15\n\n    def wait_for_non_empty_text(self, locator, timeout=15):\n        try:\n            return WebDriverWait(self.driver, timeout).until(\n                lambda d: d.find_element(*locator).text.strip() != \"\"\n        )\n        except TimeoutException:\n>           raise AssertionError\nE           AssertionError\n\npages\\base_page.py:79: AssertionError","flaky":false,"newFailed":false,"newBroken":false,"newPassed":false,"retriesCount":0,"retriesStatusChange":false,"beforeStages":[{"name":"driver","time":{"start":1756997606117,"stop":1756997610685,"duration":4568},"status":"passed","steps":[],"attachments":[],"parameters":[],"hasContent":false,"stepsCount":0,"attachmentsCount":0,"attachmentStep":false,"shouldDisplayMessage":false}],"afterStages":[{"name":"driver::0","time":{"start":1756997637069,"stop":1756997639260,"duration":2191},"status":"passed","steps":[],"attachments":[],"parameters":[],"hasContent":false,"stepsCount":0,"attachmentsCount":0,"attachmentStep":false,"shouldDisplayMessage":false}],"labels":[{"name":"parentSuite","value":"tests"},{"name":"suite","value":"test_reporting"},{"name":"host","value":"DESKTOP-THM7RLI"},{"name":"thread","value":"14104-MainThread"},{"name":"framework","value":"pytest"},{"name":"language","value":"cpython3"},{"name":"package","value":"tests.test_reporting"},{"name":"resultFormat","value":"allure2"}],"parameters":[],"links":[],"hidden":true,"retry":true,"extra":{"categories":[],"tags":[]},"source":"df165303118e9fda.json","parameterValues":[]}