{"uid":"f21bf1f0337d36a9","name":"test_reporting_export_this_page","fullName":"tests.test_reporting#test_reporting_export_this_page","historyId":"33a51106bf2e2b8502230901bcf37c62","time":{"start":1757574854512,"stop":1757574865565,"duration":11053},"status":"broken","statusMessage":"selenium.common.exceptions.TimeoutException: Message: \nStacktrace:\n\tGetHandleVerifier [0x0x7ff7aede3d85+79397]\n\tGetHandleVerifier [0x0x7ff7aede3de0+79488]\n\t(No symbol) [0x0x7ff7aeb8c0fa]\n\t(No symbol) [0x0x7ff7aebe2fd6]\n\t(No symbol) [0x0x7ff7aebe328c]\n\t(No symbol) [0x0x7ff7aec36537]\n\t(No symbol) [0x0x7ff7aec0b1df]\n\t(No symbol) [0x0x7ff7aec33344]\n\t(No symbol) [0x0x7ff7aec0af73]\n\t(No symbol) [0x0x7ff7aebd41b1]\n\t(No symbol) [0x0x7ff7aebd4f43]\n\tGetHandleVerifier [0x0x7ff7af0ae1ed+3005069]\n\tGetHandleVerifier [0x0x7ff7af0a831d+2980797]\n\tGetHandleVerifier [0x0x7ff7af0c7e0d+3110573]\n\tGetHandleVerifier [0x0x7ff7aedfd6de+184190]\n\tGetHandleVerifier [0x0x7ff7aee0516f+215567]\n\tGetHandleVerifier [0x0x7ff7aedec974+115220]\n\tGetHandleVerifier [0x0x7ff7aedecb29+115657]\n\tGetHandleVerifier [0x0x7ff7aedd3268+11016]\n\tBaseThreadInitThunk [0x0x7ffdb83de8d7+23]\n\tRtlUserThreadStart [0x0x7ffdba588d9c+44]","statusTrace":"driver_with_downloads = <selenium.webdriver.chrome.webdriver.WebDriver (session=\"1c41aab231b60461819d93c72725537d\")>\n\n    def test_reporting_export_this_page(driver_with_downloads):\n        driver = driver_with_downloads\n        lp = LoginPage(driver)\n        r = Reporting(driver)\n        lp.do_login(Constant.USERNAME, Constant.PASSWORD)\n        db = DashBoard(driver)\n>       db.element_displayed(db.DASHBOARD_TEXT)\n\ntests\\test_reporting.py:255: \n_ _ _ _ _ _ _ _ _ _ _ _ _ _ _ _ _ _ _ _ _ _ _ _ _ _ _ _ _ _ _ _ _ _ _ _ _ _ _ _\npages\\base_page.py:19: in element_displayed\n    return WebDriverWait(self.driver,10).until(EC.visibility_of_element_located(by_locator)).is_displayed()\n           ^^^^^^^^^^^^^^^^^^^^^^^^^^^^^^^^^^^^^^^^^^^^^^^^^^^^^^^^^^^^^^^^^^^^^^^^^^^^^^^^^\n_ _ _ _ _ _ _ _ _ _ _ _ _ _ _ _ _ _ _ _ _ _ _ _ _ _ _ _ _ _ _ _ _ _ _ _ _ _ _ _\n\nself = <selenium.webdriver.support.wait.WebDriverWait (session=\"1c41aab231b60461819d93c72725537d\")>\nmethod = <function visibility_of_element_located.<locals>._predicate at 0x000002458FC172E0>\nmessage = ''\n\n    def until(self, method: Callable[[D], Union[Literal[False], T]], message: str = \"\") -> T:\n        \"\"\"Wait until the method returns a value that is not False.\n    \n        Calls the method provided with the driver as an argument until the\n        return value does not evaluate to ``False``.\n    \n        Parameters:\n        -----------\n        method: callable(WebDriver)\n            - A callable object that takes a WebDriver instance as an argument.\n    \n        message: str\n            - Optional message for :exc:`TimeoutException`\n    \n        Return:\n        -------\n        object: T\n            - The result of the last call to `method`\n    \n        Raises:\n        -------\n        TimeoutException\n            - If 'method' does not return a truthy value within the WebDriverWait\n            object's timeout\n    \n        Example:\n        --------\n        >>> from selenium.webdriver.common.by import By\n        >>> from selenium.webdriver.support.ui import WebDriverWait\n        >>> from selenium.webdriver.support import expected_conditions as EC\n    \n        # Wait until an element is visible on the page\n        >>> wait = WebDriverWait(driver, 10)\n        >>> element = wait.until(EC.visibility_of_element_located((By.ID, \"exampleId\")))\n        >>> print(element.text)\n        \"\"\"\n        screen = None\n        stacktrace = None\n    \n        end_time = time.monotonic() + self._timeout\n        while True:\n            try:\n                value = method(self._driver)\n                if value:\n                    return value\n            except self._ignored_exceptions as exc:\n                screen = getattr(exc, \"screen\", None)\n                stacktrace = getattr(exc, \"stacktrace\", None)\n            if time.monotonic() > end_time:\n                break\n            time.sleep(self._poll)\n>       raise TimeoutException(message, screen, stacktrace)\nE       selenium.common.exceptions.TimeoutException: Message: \nE       Stacktrace:\nE       \tGetHandleVerifier [0x0x7ff7aede3d85+79397]\nE       \tGetHandleVerifier [0x0x7ff7aede3de0+79488]\nE       \t(No symbol) [0x0x7ff7aeb8c0fa]\nE       \t(No symbol) [0x0x7ff7aebe2fd6]\nE       \t(No symbol) [0x0x7ff7aebe328c]\nE       \t(No symbol) [0x0x7ff7aec36537]\nE       \t(No symbol) [0x0x7ff7aec0b1df]\nE       \t(No symbol) [0x0x7ff7aec33344]\nE       \t(No symbol) [0x0x7ff7aec0af73]\nE       \t(No symbol) [0x0x7ff7aebd41b1]\nE       \t(No symbol) [0x0x7ff7aebd4f43]\nE       \tGetHandleVerifier [0x0x7ff7af0ae1ed+3005069]\nE       \tGetHandleVerifier [0x0x7ff7af0a831d+2980797]\nE       \tGetHandleVerifier [0x0x7ff7af0c7e0d+3110573]\nE       \tGetHandleVerifier [0x0x7ff7aedfd6de+184190]\nE       \tGetHandleVerifier [0x0x7ff7aee0516f+215567]\nE       \tGetHandleVerifier [0x0x7ff7aedec974+115220]\nE       \tGetHandleVerifier [0x0x7ff7aedecb29+115657]\nE       \tGetHandleVerifier [0x0x7ff7aedd3268+11016]\nE       \tBaseThreadInitThunk [0x0x7ffdb83de8d7+23]\nE       \tRtlUserThreadStart [0x0x7ffdba588d9c+44]\n\n.venv\\Lib\\site-packages\\selenium\\webdriver\\support\\wait.py:138: TimeoutException","flaky":false,"newFailed":false,"newBroken":false,"newPassed":false,"retriesCount":0,"retriesStatusChange":false,"beforeStages":[{"name":"driver_with_downloads","time":{"start":1757574844881,"stop":1757574854511,"duration":9630},"status":"passed","steps":[],"attachments":[],"parameters":[],"shouldDisplayMessage":false,"attachmentsCount":0,"attachmentStep":false,"stepsCount":0,"hasContent":false}],"afterStages":[{"name":"driver_with_downloads::0","time":{"start":1757574866396,"stop":1757574868605,"duration":2209},"status":"passed","steps":[],"attachments":[],"parameters":[],"shouldDisplayMessage":false,"attachmentsCount":0,"attachmentStep":false,"stepsCount":0,"hasContent":false}],"labels":[{"name":"parentSuite","value":"tests"},{"name":"suite","value":"test_reporting"},{"name":"host","value":"DESKTOP-THM7RLI"},{"name":"thread","value":"16148-MainThread"},{"name":"framework","value":"pytest"},{"name":"language","value":"cpython3"},{"name":"package","value":"tests.test_reporting"},{"name":"resultFormat","value":"allure2"}],"parameters":[],"links":[],"hidden":true,"retry":true,"extra":{"categories":[],"tags":[]},"source":"f21bf1f0337d36a9.json","parameterValues":[]}