{"uid":"f68dcde647730a9f","name":"test_delete_offer","fullName":"tests.test_offer#test_delete_offer","historyId":"ab920fa3de74a7926de6d39f2c7fdbd8","time":{"start":1758544329764,"stop":1758544339394,"duration":9630},"status":"failed","statusMessage":"AssertionError: Offer not deleted\nassert '' == 'Offer deleted successfully'\n  \n  - Offer deleted successfully","statusTrace":"driver = <selenium.webdriver.chrome.webdriver.WebDriver (session=\"f4f16e09d85c04725dd8c891d4950a47\")>\n\n    def test_delete_offer(driver):\n        lp = LoginPage(driver)\n        o = Offer(driver)\n        lp.do_login(Constant.USERNAME, Constant.PASSWORD)\n        db = DashBoard(driver)\n        db.element_displayed(db.DASHBOARD_TEXT)\n        db.click_offer_ele()\n        assert isinstance(o.is_table_data_present(), str), \"Table data not present\"\n        o.do_click(o.DELETE_OFFER_BUTTON)\n        o.do_click(o.DELETE_OFFER_YES_BUTTON)\n        text = o.get_element_text(o.POPUP_OFFER_DELETED)\n>       assert text == \"Offer deleted successfully\", \"Offer not deleted\"\nE       AssertionError: Offer not deleted\nE       assert '' == 'Offer deleted successfully'\nE         \nE         - Offer deleted successfully\n\ntests\\test_offer.py:115: AssertionError","flaky":false,"newFailed":false,"newBroken":false,"newPassed":false,"retriesCount":0,"retriesStatusChange":false,"beforeStages":[{"name":"driver","time":{"start":1758544321645,"stop":1758544329763,"duration":8118},"status":"passed","steps":[],"attachments":[],"parameters":[],"shouldDisplayMessage":false,"attachmentsCount":0,"attachmentStep":false,"stepsCount":0,"hasContent":false}],"afterStages":[{"name":"driver::0","time":{"start":1758544339694,"stop":1758544341973,"duration":2279},"status":"passed","steps":[],"attachments":[],"parameters":[],"shouldDisplayMessage":false,"attachmentsCount":0,"attachmentStep":false,"stepsCount":0,"hasContent":false}],"labels":[{"name":"parentSuite","value":"tests"},{"name":"suite","value":"test_offer"},{"name":"host","value":"DESKTOP-THM7RLI"},{"name":"thread","value":"11512-MainThread"},{"name":"framework","value":"pytest"},{"name":"language","value":"cpython3"},{"name":"package","value":"tests.test_offer"},{"name":"resultFormat","value":"allure2"}],"parameters":[],"links":[],"hidden":true,"retry":true,"extra":{"categories":[],"tags":[]},"source":"f68dcde647730a9f.json","parameterValues":[]}