{"uid":"f8d0a6da8e8d616b","name":"test_call_details","fullName":"tests.test_reporting#test_call_details","historyId":"2b054c0d0979886b5767c53487d86f14","time":{"start":1756996261039,"stop":1756996287406,"duration":26367},"status":"broken","statusMessage":"selenium.common.exceptions.TimeoutException: Message:","statusTrace":"driver = <selenium.webdriver.chrome.webdriver.WebDriver (session=\"39149ab0b284c419e39c7d03b83c4a68\")>\n\n    def test_call_details(driver):\n        lp = LoginPage(driver)\n        r = Reporting(driver)\n        lp.do_login(Constant.USERNAME, Constant.PASSWORD)\n        db = DashBoard(driver)\n        db.element_displayed(db.DASHBOARD_TEXT)\n        db.click_reporting_ele()\n        r.set_date()\n        r.do_click(r.CALL_DETAILS_TAB)\n        time.sleep(5)\n>       assert isinstance(r.is_table_data_present(), str),\"Table data not present\"\n                          ^^^^^^^^^^^^^^^^^^^^^^^^^\n\ntests\\test_reporting.py:23: \n_ _ _ _ _ _ _ _ _ _ _ _ _ _ _ _ _ _ _ _ _ _ _ _ _ _ _ _ _ _ _ _ _ _ _ _ _ _ _ _ _ _ _ _ _ _ _ _ _ _ _ _ _ _ _ _ _ _ _ _ _ _ _\npages\\reporting_page.py:66: in is_table_data_present\n    self.wait_for_non_empty_text(self.FIRST_CELL)\npages\\base_page.py:73: in wait_for_non_empty_text\n    return WebDriverWait(self.driver, timeout).until(\n_ _ _ _ _ _ _ _ _ _ _ _ _ _ _ _ _ _ _ _ _ _ _ _ _ _ _ _ _ _ _ _ _ _ _ _ _ _ _ _ _ _ _ _ _ _ _ _ _ _ _ _ _ _ _ _ _ _ _ _ _ _ _\n\nself = <selenium.webdriver.support.wait.WebDriverWait (session=\"39149ab0b284c419e39c7d03b83c4a68\")>\nmethod = <function BasePage.wait_for_non_empty_text.<locals>.<lambda> at 0x0000023EA2965E40>, message = ''\n\n    def until(self, method: Callable[[D], Union[Literal[False], T]], message: str = \"\") -> T:\n        \"\"\"Wait until the method returns a value that is not False.\n    \n        Calls the method provided with the driver as an argument until the\n        return value does not evaluate to ``False``.\n    \n        Parameters:\n        -----------\n        method: callable(WebDriver)\n            - A callable object that takes a WebDriver instance as an argument.\n    \n        message: str\n            - Optional message for :exc:`TimeoutException`\n    \n        Return:\n        -------\n        object: T\n            - The result of the last call to `method`\n    \n        Raises:\n        -------\n        TimeoutException\n            - If 'method' does not return a truthy value within the WebDriverWait\n            object's timeout\n    \n        Example:\n        --------\n        >>> from selenium.webdriver.common.by import By\n        >>> from selenium.webdriver.support.ui import WebDriverWait\n        >>> from selenium.webdriver.support import expected_conditions as EC\n    \n        # Wait until an element is visible on the page\n        >>> wait = WebDriverWait(driver, 10)\n        >>> element = wait.until(EC.visibility_of_element_located((By.ID, \"exampleId\")))\n        >>> print(element.text)\n        \"\"\"\n        screen = None\n        stacktrace = None\n    \n        end_time = time.monotonic() + self._timeout\n        while True:\n            try:\n                value = method(self._driver)\n                if value:\n                    return value\n            except self._ignored_exceptions as exc:\n                screen = getattr(exc, \"screen\", None)\n                stacktrace = getattr(exc, \"stacktrace\", None)\n            if time.monotonic() > end_time:\n                break\n            time.sleep(self._poll)\n>       raise TimeoutException(message, screen, stacktrace)\nE       selenium.common.exceptions.TimeoutException: Message:\n\n.venv\\Lib\\site-packages\\selenium\\webdriver\\support\\wait.py:138: TimeoutException","flaky":false,"newFailed":false,"newBroken":false,"newPassed":false,"retriesCount":17,"retriesStatusChange":true,"beforeStages":[{"name":"driver","time":{"start":1756996255379,"stop":1756996261039,"duration":5660},"status":"passed","steps":[],"attachments":[],"parameters":[],"stepsCount":0,"shouldDisplayMessage":false,"attachmentsCount":0,"attachmentStep":false,"hasContent":false}],"afterStages":[{"name":"driver::0","time":{"start":1756996287744,"stop":1756996289947,"duration":2203},"status":"passed","steps":[],"attachments":[],"parameters":[],"stepsCount":0,"shouldDisplayMessage":false,"attachmentsCount":0,"attachmentStep":false,"hasContent":false}],"labels":[{"name":"parentSuite","value":"tests"},{"name":"suite","value":"test_reporting"},{"name":"host","value":"DESKTOP-THM7RLI"},{"name":"thread","value":"11180-MainThread"},{"name":"framework","value":"pytest"},{"name":"language","value":"cpython3"},{"name":"package","value":"tests.test_reporting"},{"name":"resultFormat","value":"allure2"}],"parameters":[],"links":[],"hidden":false,"retry":false,"extra":{"severity":"normal","retries":[{"uid":"45bfa393ad7dcb94","status":"passed","time":{"start":1756995660076,"stop":1756995693877,"duration":33801}},{"uid":"7fad3b01fcabbe03","status":"broken","statusDetails":"selenium.common.exceptions.TimeoutException: Message:","time":{"start":1756992896738,"stop":1756992918146,"duration":21408}},{"uid":"c83b683853c69732","status":"broken","statusDetails":"selenium.common.exceptions.TimeoutException: Message:","time":{"start":1756992635585,"stop":1756992656396,"duration":20811}},{"uid":"7283b31199bcec92","status":"broken","statusDetails":"selenium.common.exceptions.TimeoutException: Message:","time":{"start":1756989275605,"stop":1756989296955,"duration":21350}},{"uid":"7d5db66e61b22e0","status":"broken","statusDetails":"selenium.common.exceptions.TimeoutException: Message:","time":{"start":1756989232819,"stop":1756989254353,"duration":21534}},{"uid":"97f73fbadf402a9b","status":"passed","time":{"start":1756989164963,"stop":1756989178639,"duration":13676}},{"uid":"d66ac5d641070c7e","status":"passed","time":{"start":1756989014835,"stop":1756989029244,"duration":14409}},{"uid":"7959bc3b8fc74789","status":"passed","time":{"start":1756988970504,"stop":1756988979989,"duration":9485}},{"uid":"e1cfe66a3c98ac2c","status":"broken","statusDetails":"selenium.common.exceptions.TimeoutException: Message:","time":{"start":1756987682080,"stop":1756987699074,"duration":16994}},{"uid":"c5a23ca52060c80","status":"passed","time":{"start":1756985777359,"stop":1756985787934,"duration":10575}},{"uid":"f8c6a164874270b5","status":"passed","time":{"start":1756985566905,"stop":1756985577643,"duration":10738}},{"uid":"6f6076a876ae0ccf","status":"passed","time":{"start":1756985532175,"stop":1756985542863,"duration":10688}},{"uid":"84813693ff66412b","status":"passed","time":{"start":1756985481692,"stop":1756985497799,"duration":16107}},{"uid":"83d736b71a949e57","status":"passed","time":{"start":1756984026294,"stop":1756984042955,"duration":16661}},{"uid":"d1d1c2fa447176be","status":"passed","time":{"start":1756377959113,"stop":1756377970002,"duration":10889}},{"uid":"e6252cffa39a97f2","status":"passed","time":{"start":1756295826805,"stop":1756295849178,"duration":22373}},{"uid":"10159e52d56b4446","status":"passed","time":{"start":1755947769939,"stop":1755947792316,"duration":22377}}],"categories":[{"name":"Test defects","matchedStatuses":[]}],"tags":[]},"source":"f8d0a6da8e8d616b.json","parameterValues":[]}