{"name": "Valid Login Test", "status": "failed", "statusDetails": {"message": "AssertionError: Dashboard not displayed after login\nassert False\n +  where False = element_displayed(('xpath', \"//h1[normalize-space()='Dashboard']\"))\n +    where element_displayed = <pages.dashboard_page.DashBoard object at 0x0000014D913BB390>.element_displayed\n +    and   ('xpath', \"//h1[normalize-space()='Dashboard']\") = <pages.dashboard_page.DashBoard object at 0x0000014D913BB390>.DASHBOARD_TEXT", "trace": "test_login.py:34: in test_login\n    assert db.element_displayed(db.DASHBOARD_TEXT), \"Dashboard not displayed after login\"\nE   AssertionError: Dashboard not displayed after login\nE   assert False\nE    +  where False = element_displayed(('xpath', \"//h1[normalize-space()='Dashboard']\"))\nE    +    where element_displayed = <pages.dashboard_page.DashBoard object at 0x0000014D913BB390>.element_displayed\nE    +    and   ('xpath', \"//h1[normalize-space()='Dashboard']\") = <pages.dashboard_page.DashBoard object at 0x0000014D913BB390>.DASHBOARD_TEXT"}, "description": "Test successful login with valid credentials", "steps": [{"name": "Verify dashboard is displayed", "status": "failed", "statusDetails": {"message": "AssertionError: Dashboard not displayed after login\nassert False\n +  where False = element_displayed(('xpath', \"//h1[normalize-space()='Dashboard']\"))\n +    where element_displayed = <pages.dashboard_page.DashBoard object at 0x0000014D913BB390>.element_displayed\n +    and   ('xpath', \"//h1[normalize-space()='Dashboard']\") = <pages.dashboard_page.DashBoard object at 0x0000014D913BB390>.DASHBOARD_TEXT\n", "trace": "  File \"C:\\Users\\Avinash Kumar\\PycharmProjects\\com.teldrip_Insights_sanity-suite\\tests\\test_login.py\", line 34, in test_login\n    assert db.element_displayed(db.DASHBOARD_TEXT), \"Dashboard not displayed after login\"\n"}, "start": 1760615883447, "stop": 1760615893497}], "attachments": [{"name": "log", "source": "1da41380-b9d6-4395-b532-180c267728f9-attachment.txt", "type": "text/plain"}], "start": 1760615883446, "stop": 1760615893499, "uuid": "91844b90-5005-4e34-8c1a-2dc807b4d3af", "historyId": "2116f0ad00ab1de0effc54f114dd9496", "testCaseId": "2116f0ad00ab1de0effc54f114dd9496", "fullName": "tests.test_login.TestLogin#test_login", "labels": [{"name": "story", "value": "User Authentication"}, {"name": "feature", "value": "Login Tests"}, {"name": "tag", "value": "ui"}, {"name": "tag", "value": "smoke"}, {"name": "parentSuite", "value": "tests"}, {"name": "suite", "value": "test_login"}, {"name": "subSuite", "value": "TestLogin"}, {"name": "host", "value": "DESKTOP-THM7RLI"}, {"name": "thread", "value": "8744-MainThread"}, {"name": "framework", "value": "pytest"}, {"name": "language", "value": "cpython3"}, {"name": "package", "value": "tests.test_login"}], "titlePath": ["tests", "test_login.py", "TestLogin"]}