{"name": "test_invite_users[1-4]", "status": "broken", "statusDetails": {"message": "selenium.common.exceptions.StaleElementReferenceException: Message: stale element reference: stale element not found in the current frame\n  (Session info: chrome=143.0.7499.41); For documentation on this error, please visit: https://www.selenium.dev/documentation/webdriver/troubleshooting/errors#staleelementreferenceexception\nStacktrace:\nSymbols not available. Dumping unresolved backtrace:\n\t0x7ff7a8718245\n\t0x7ff7a87182a0\n\t0x7ff7a84f165d\n\t0x7ff7a84f92cc\n\t0x7ff7a84fc3b4\n\t0x7ff7a84fc47f\n\t0x7ff7a854bc4c\n\t0x7ff7a854ac13\n\t0x7ff7a853d23f\n\t0x7ff7a8571fda\n\t0x7ff7a853c746\n\t0x7ff7a859ac97\n\t0x7ff7a853ac29\n\t0x7ff7a853ba93\n\t0x7ff7a8a2ffe0\n\t0x7ff7a8a2a920\n\t0x7ff7a8a49086\n\t0x7ff7a8735744\n\t0x7ff7a873e6ec\n\t0x7ff7a8721964\n\t0x7ff7a8721b15\n\t0x7ff7a8707842\n\t0x7ffeac56e8d7\n\t0x7ffeadf8c53c", "trace": "driver = <selenium.webdriver.chrome.webdriver.WebDriver (session=\"46f611dde0ccf662aad29f2c9256131b\")>\n\n    def test_invite_users(driver):\n        first_name = faker.first_name()\n        last_name = faker.last_name()\n        company = faker.company()\n        company_address = faker.address()\n        company_website = faker.url()\n        temp_mail_helper = TempMailHelper()\n        email_address = temp_mail_helper.create_email_account()\n        logger.info(\"Starting test: test_invite_users\")\n        lp = LoginPage(driver)\n        db = DashBoard(driver)\n        u = User(driver)\n        logger.info(\"Step 1: Performing login\")\n        lp.do_login(Constant.USERNAME, Constant.PASSWORD)\n        logger.info(\"Step 2: Verifying dashboard is displayed\")\n        db.element_displayed(db.DASHBOARD_TEXT)\n        db.do_click(db.USER_TAB)\n        u.do_click(u.INVITE_USER_BUTTON)\n        u.fill(u.INVITE_USER_EMAIL, email_address)\n        u.do_click(u.ADD_USER_MANUALLY_SELECT_ROLE)\n>       u.select_role()\n\ntest_user.py:90: \n_ _ _ _ _ _ _ _ _ _ _ _ _ _ _ _ _ _ _ _ _ _ _ _ _ _ _ _ _ _ _ _ _ _ _ _ _ _ _ _\n..\\pages\\user_page.py:62: in select_role\n    self.do_click(self.ADD_USER_MANUALLY_SELECT_ROLE_PUBLISHER)\n..\\pages\\base_page.py:18: in do_click\n    WebDriverWait(self.driver,10).until(EC.element_to_be_clickable(by_locator)).click()\n..\\.venv\\Lib\\site-packages\\selenium\\webdriver\\remote\\webelement.py:120: in click\n    self._execute(Command.CLICK_ELEMENT)\n..\\.venv\\Lib\\site-packages\\selenium\\webdriver\\remote\\webelement.py:573: in _execute\n    return self._parent.execute(command, params)\n           ^^^^^^^^^^^^^^^^^^^^^^^^^^^^^^^^^^^^^\n..\\.venv\\Lib\\site-packages\\selenium\\webdriver\\remote\\webdriver.py:458: in execute\n    self.error_handler.check_response(response)\n_ _ _ _ _ _ _ _ _ _ _ _ _ _ _ _ _ _ _ _ _ _ _ _ _ _ _ _ _ _ _ _ _ _ _ _ _ _ _ _\n\nself = <selenium.webdriver.remote.errorhandler.ErrorHandler object at 0x0000029EBD8BA120>\nresponse = {'status': 404, 'value': '{\"value\":{\"error\":\"stale element reference\",\"message\":\"stale element reference: stale elemen...ff7a873e6ec\\\\n\\\\t0x7ff7a8721964\\\\n\\\\t0x7ff7a8721b15\\\\n\\\\t0x7ff7a8707842\\\\n\\\\t0x7ffeac56e8d7\\\\n\\\\t0x7ffeadf8c53c\\\\n\"}}'}\n\n    def check_response(self, response: dict[str, Any]) -> None:\n        \"\"\"Checks that a JSON response from the WebDriver does not have an\n        error.\n    \n        :Args:\n         - response - The JSON response from the WebDriver server as a dictionary\n           object.\n    \n        :Raises: If the response contains an error message.\n        \"\"\"\n        status = response.get(\"status\", None)\n        if not status or status == ErrorCode.SUCCESS:\n            return\n        value = None\n        message = response.get(\"message\", \"\")\n        screen: str = response.get(\"screen\", \"\")\n        stacktrace = None\n        if isinstance(status, int):\n            value_json = response.get(\"value\", None)\n            if value_json and isinstance(value_json, str):\n                try:\n                    value = json.loads(value_json)\n                    if isinstance(value, dict):\n                        if len(value) == 1:\n                            value = value[\"value\"]\n                        status = value.get(\"error\", None)\n                        if not status:\n                            status = value.get(\"status\", ErrorCode.UNKNOWN_ERROR)\n                            message = value.get(\"value\") or value.get(\"message\")\n                            if not isinstance(message, str):\n                                value = message\n                                message = message.get(\"message\")\n                        else:\n                            message = value.get(\"message\", None)\n                except ValueError:\n                    pass\n    \n        exception_class: type[WebDriverException]\n        e = ErrorCode()\n        error_codes = [item for item in dir(e) if not item.startswith(\"__\")]\n        for error_code in error_codes:\n            error_info = getattr(ErrorCode, error_code)\n            if isinstance(error_info, list) and status in error_info:\n                exception_class = getattr(ExceptionMapping, error_code, WebDriverException)\n                break\n        else:\n            exception_class = WebDriverException\n    \n        if not value:\n            value = response[\"value\"]\n        if isinstance(value, str):\n            raise exception_class(value)\n        if message == \"\" and \"message\" in value:\n            message = value[\"message\"]\n    \n        screen = None  # type: ignore[assignment]\n        if \"screen\" in value:\n            screen = value[\"screen\"]\n    \n        stacktrace = None\n        st_value = value.get(\"stackTrace\") or value.get(\"stacktrace\")\n        if st_value:\n            if isinstance(st_value, str):\n                stacktrace = st_value.split(\"\\n\")\n            else:\n                stacktrace = []\n                try:\n                    for frame in st_value:\n                        line = frame.get(\"lineNumber\", \"\")\n                        file = frame.get(\"fileName\", \"<anonymous>\")\n                        if line:\n                            file = f\"{file}:{line}\"\n                        meth = frame.get(\"methodName\", \"<anonymous>\")\n                        if \"className\" in frame:\n                            meth = f\"{frame['className']}.{meth}\"\n                        msg = \"    at %s (%s)\"\n                        msg = msg % (meth, file)\n                        stacktrace.append(msg)\n                except TypeError:\n                    pass\n        if exception_class == UnexpectedAlertPresentException:\n            alert_text = None\n            if \"data\" in value:\n                alert_text = value[\"data\"].get(\"text\")\n            elif \"alert\" in value:\n                alert_text = value[\"alert\"].get(\"text\")\n            raise exception_class(message, screen, stacktrace, alert_text)  # type: ignore[call-arg]  # mypy is not smart enough here\n>       raise exception_class(message, screen, stacktrace)\nE       selenium.common.exceptions.StaleElementReferenceException: Message: stale element reference: stale element not found in the current frame\nE         (Session info: chrome=143.0.7499.41); For documentation on this error, please visit: https://www.selenium.dev/documentation/webdriver/troubleshooting/errors#staleelementreferenceexception\nE       Stacktrace:\nE       Symbols not available. Dumping unresolved backtrace:\nE       \t0x7ff7a8718245\nE       \t0x7ff7a87182a0\nE       \t0x7ff7a84f165d\nE       \t0x7ff7a84f92cc\nE       \t0x7ff7a84fc3b4\nE       \t0x7ff7a84fc47f\nE       \t0x7ff7a854bc4c\nE       \t0x7ff7a854ac13\nE       \t0x7ff7a853d23f\nE       \t0x7ff7a8571fda\nE       \t0x7ff7a853c746\nE       \t0x7ff7a859ac97\nE       \t0x7ff7a853ac29\nE       \t0x7ff7a853ba93\nE       \t0x7ff7a8a2ffe0\nE       \t0x7ff7a8a2a920\nE       \t0x7ff7a8a49086\nE       \t0x7ff7a8735744\nE       \t0x7ff7a873e6ec\nE       \t0x7ff7a8721964\nE       \t0x7ff7a8721b15\nE       \t0x7ff7a8707842\nE       \t0x7ffeac56e8d7\nE       \t0x7ffeadf8c53c\n\n..\\.venv\\Lib\\site-packages\\selenium\\webdriver\\remote\\errorhandler.py:232: StaleElementReferenceException"}, "attachments": [{"name": "log", "source": "57060d02-7912-4b0a-97cd-6acd4cf42361-attachment.txt", "type": "text/plain"}], "parameters": [{"name": "__pytest_repeat_step_number", "value": "0"}], "start": 1765792022966, "stop": 1765792036847, "uuid": "9210bfb2-ffde-492f-84c8-d2d25f9af7b8", "historyId": "911ee6f7641a5bf619b0b57e4d01914c", "testCaseId": "5a8e3f02bdc15f86660be346b81a63a2", "fullName": "tests.test_user#test_invite_users", "labels": [{"name": "parentSuite", "value": "tests"}, {"name": "suite", "value": "test_user"}, {"name": "host", "value": "DESKTOP-THM7RLI"}, {"name": "thread", "value": "16648-MainThread"}, {"name": "framework", "value": "pytest"}, {"name": "language", "value": "cpython3"}, {"name": "package", "value": "tests.test_user"}], "titlePath": ["tests", "test_user.py"]}