{"name": "test_api_dashboard", "status": "failed", "statusDetails": {"message": "AssertionError: API api/updateTimeZone/?user=79 failed with status code 200\nassert 200 == 500\n +  where 200 = <Response [200]>.status_code", "trace": "def test_api_dashboard():\n        from pages import base_page\n        token = base_page.generate_token()\n        dashboard_endpoints = [\"api/updateTimeZone/?user=79\",\n                               \"api/admin-profile/?user=79\",\n                               \"offer/select-plan/?user=79&record=last\",\n                               \"advertiser/country\",\n                               \"api/user-status/?user=79\",\n                               \"api/get-admin-status?user_id=79\",\n                               \"advertiser/time-zone\",\n                               \"api/get-all-profiles\"]\n        for endpoint in dashboard_endpoints:\n            url = Constant.BASE_API_URL + endpoint\n            headers = {\"Authorization\": f\"Bearer {token}\"}\n            response = requests.get(url, headers=headers, timeout=8)\n>           assert response.status_code == 500, f\"API {endpoint} failed with status code {response.status_code}\"\nE           AssertionError: API api/updateTimeZone/?user=79 failed with status code 200\nE           assert 200 == 500\nE            +  where 200 = <Response [200]>.status_code\n\ntests\\test_reporting.py:273: AssertionError"}, "start": 1756534960024, "stop": 1756534963130, "uuid": "423def5f-d295-4b94-b4c5-5eae3d4798a4", "historyId": "5e85979b949593e5a8acf822eb258430", "testCaseId": "5e85979b949593e5a8acf822eb258430", "fullName": "tests.test_reporting#test_api_dashboard", "labels": [{"name": "parentSuite", "value": "tests"}, {"name": "suite", "value": "test_reporting"}, {"name": "host", "value": "DESKTOP-THM7RLI"}, {"name": "thread", "value": "4428-MainThread"}, {"name": "framework", "value": "pytest"}, {"name": "language", "value": "cpython3"}, {"name": "package", "value": "tests.test_reporting"}], "titlePath": ["tests", "test_reporting.py"]}