{"name": "test_invalid_login_data_driven[meghna.com-KODEhash@000]", "status": "failed", "statusDetails": {"message": "AssertionError: assert False\n +  where False = is_login_successful()\n +    where is_login_successful = <pages.login_page.LoginPage object at 0x000001FA452D6A50>.is_login_successful", "trace": "driver = <selenium.webdriver.chrome.webdriver.WebDriver (session=\"2ef5576deaa863afc1b46dc515ce768a\")>\nusername = 'meghna.com', password = 'KODEhash@000'\n\n    @pytest.mark.parametrize(\"username,password\", read_login_data())\n    def test_invalid_login_data_driven(driver, username, password):\n        lp = LoginPage(driver)\n        lp.do_login(username, password)\n>       assert lp.is_login_successful()\nE       assert False\nE        +  where False = is_login_successful()\nE        +    where is_login_successful = <pages.login_page.LoginPage object at 0x000001FA452D6A50>.is_login_successful\n\ntests\\test_login.py:23: AssertionError"}, "parameters": [{"name": "username", "value": "'meghna.com'"}, {"name": "password", "value": "'KODEhash@000'"}], "start": 1759146942299, "stop": 1759146953232, "uuid": "72e2cf57-4691-42d2-b301-d558008911ff", "historyId": "37513a6248b9ff5410de5cf5090cbabc", "testCaseId": "8aeb1d456e6b308728d3d59f1430bf09", "fullName": "tests.test_login#test_invalid_login_data_driven", "labels": [{"name": "parentSuite", "value": "tests"}, {"name": "suite", "value": "test_login"}, {"name": "host", "value": "DESKTOP-THM7RLI"}, {"name": "thread", "value": "19876-MainThread"}, {"name": "framework", "value": "pytest"}, {"name": "language", "value": "cpython3"}, {"name": "package", "value": "tests.test_login"}], "titlePath": ["tests", "test_login.py"]}