{"name": "test_status_button", "status": "failed", "statusDetails": {"message": "AssertionError: Status button not working\nassert 'Updating Please wait...' == 'updated'\n  \n  - updated\n  + Updating Please wait...", "trace": "driver = <selenium.webdriver.chrome.webdriver.WebDriver (session=\"aafb522efa5e160170854e2fec48dcea\")>\n\n    def test_status_button(driver):\n        lp = LoginPage(driver)\n        o = Offer(driver)\n        lp.do_login(Constant.USERNAME, Constant.PASSWORD)\n        db = DashBoard(driver)\n        db.element_displayed(db.DASHBOARD_TEXT)\n        db.click_offer_ele()\n        assert isinstance(o.is_table_data_present(), str), \"Table data not present\"\n        o.do_click(o.STATUS_BUTTON)\n        text = o.get_element_text(o.POPUP_STATUS_BTN)\n>       assert text == \"updated\", \"Status button not working\"\nE       AssertionError: Status button not working\nE       assert 'Updating Please wait...' == 'updated'\nE         \nE         - updated\nE         + Updating Please wait...\n\ntests\\test_offer.py:179: AssertionError"}, "start": 1758627684455, "stop": 1758627692592, "uuid": "a0a907bc-387b-40c8-bb20-577c5cd99524", "historyId": "12a74eff265480c148c3bba15f6fed0b", "testCaseId": "12a74eff265480c148c3bba15f6fed0b", "fullName": "tests.test_offer#test_status_button", "labels": [{"name": "parentSuite", "value": "tests"}, {"name": "suite", "value": "test_offer"}, {"name": "host", "value": "DESKTOP-THM7RLI"}, {"name": "thread", "value": "4652-MainThread"}, {"name": "framework", "value": "pytest"}, {"name": "language", "value": "cpython3"}, {"name": "package", "value": "tests.test_offer"}], "titlePath": ["tests", "test_offer.py"]}