{"name": "test_status_button", "status": "failed", "statusDetails": {"message": "AssertionError: Status button not working\nassert 'Updating Please wait...' == 'updated'\n  \n  \u001b[0m\u001b[91m- updated\u001b[39;49;00m\u001b[90m\u001b[39;49;00m\n  \u001b[92m+ Updating Please wait...\u001b[39;49;00m\u001b[90m\u001b[39;49;00m", "trace": "driver = <selenium.webdriver.chrome.webdriver.WebDriver (session=\"5b90c05373217ef6354fe11439c55c16\")>\n\n    def test_status_button(driver):\n        lp = LoginPage(driver)\n        o = Offer(driver)\n        lp.do_login(Constant.USERNAME, Constant.PASSWORD)\n        db = DashBoard(driver)\n        db.element_displayed(db.DASHBOARD_TEXT)\n        db.click_offer_ele()\n        assert isinstance(o.is_table_data_present(), str), \"Table data not present\"\n        o.do_click(o.STATUS_BUTTON)\n        time.sleep(1)\n        text = o.get_element_text(o.POPUP_STATUS_BTN)\n>       assert text == \"updated\", \"Status button not working\"\nE       AssertionError: Status button not working\nE       assert 'Updating Please wait...' == 'updated'\nE         \nE         \u001b[0m\u001b[91m- updated\u001b[39;49;00m\u001b[90m\u001b[39;49;00m\nE         \u001b[92m+ Updating Please wait...\u001b[39;49;00m\u001b[90m\u001b[39;49;00m\n\ntests\\test_offer.py:183: AssertionError"}, "start": 1760006793209, "stop": 1760006801187, "uuid": "7ef419f1-18f5-4883-9f92-89e9e730fe09", "historyId": "12a74eff265480c148c3bba15f6fed0b", "testCaseId": "12a74eff265480c148c3bba15f6fed0b", "fullName": "tests.test_offer#test_status_button", "labels": [{"name": "parentSuite", "value": "tests"}, {"name": "suite", "value": "test_offer"}, {"name": "host", "value": "DESKTOP-THM7RLI"}, {"name": "thread", "value": "17180-MainThread"}, {"name": "framework", "value": "pytest"}, {"name": "language", "value": "cpython3"}, {"name": "package", "value": "tests.test_offer"}], "titlePath": ["tests", "test_offer.py"]}