{"name": "test_invalid_login_data_driven[meghna.c@kodehash.co-KODEhash@000]", "status": "broken", "statusDetails": {"message": "selenium.common.exceptions.TimeoutException: Message: \nStacktrace:\n\tGetHandleVerifier [0x0x7ff757da1eb5+80197]\n\tGetHandleVerifier [0x0x7ff757da1f10+80288]\n\t(No symbol) [0x0x7ff757b202fa]\n\t(No symbol) [0x0x7ff757b77cd7]\n\t(No symbol) [0x0x7ff757b77f9c]\n\t(No symbol) [0x0x7ff757bcba87]\n\t(No symbol) [0x0x7ff757ba03bf]\n\t(No symbol) [0x0x7ff757bc87fb]\n\t(No symbol) [0x0x7ff757ba0153]\n\t(No symbol) [0x0x7ff757b68b02]\n\t(No symbol) [0x0x7ff757b698d3]\n\tGetHandleVerifier [0x0x7ff75805e83d+2949837]\n\tGetHandleVerifier [0x0x7ff758058c6a+2926330]\n\tGetHandleVerifier [0x0x7ff7580786c7+3055959]\n\tGetHandleVerifier [0x0x7ff757dbcfee+191102]\n\tGetHandleVerifier [0x0x7ff757dc50af+224063]\n\tGetHandleVerifier [0x0x7ff757daaf64+117236]\n\tGetHandleVerifier [0x0x7ff757dab119+117673]\n\tGetHandleVerifier [0x0x7ff757d910a8+11064]\n\tBaseThreadInitThunk [0x0x7ffada9be8d7+23]\n\tRtlUserThreadStart [0x0x7ffadb7a8d9c+44]", "trace": "driver = <selenium.webdriver.chrome.webdriver.WebDriver (session=\"d2522e63e9116caed7d2668e0e5c6635\")>\nusername = 'meghna.c@kodehash.co', password = 'KODEhash@000'\n\n    @pytest.mark.parametrize(\"username,password\", read_login_data())\n    def test_invalid_login_data_driven(driver, username, password):\n        lp = LoginPage(driver)\n>       lp.do_login(username, password)\n\ntests\\test_login.py:22: \n_ _ _ _ _ _ _ _ _ _ _ _ _ _ _ _ _ _ _ _ _ _ _ _ _ _ _ _ _ _ _ _ _ _ _ _ _ _ _ _\npages\\login_page.py:18: in do_login\n    self.fill(self.EMAIL,username)\npages\\base_page.py:17: in fill\n    WebDriverWait(self.driver,10).until(EC.presence_of_element_located(by_locator)).send_keys(text)\n    ^^^^^^^^^^^^^^^^^^^^^^^^^^^^^^^^^^^^^^^^^^^^^^^^^^^^^^^^^^^^^^^^^^^^^^^^^^^^^^^\n_ _ _ _ _ _ _ _ _ _ _ _ _ _ _ _ _ _ _ _ _ _ _ _ _ _ _ _ _ _ _ _ _ _ _ _ _ _ _ _\n\nself = <selenium.webdriver.support.wait.WebDriverWait (session=\"d2522e63e9116caed7d2668e0e5c6635\")>\nmethod = <function presence_of_element_located.<locals>._predicate at 0x000001FD4404CCC0>\nmessage = ''\n\n    def until(self, method: Callable[[D], Union[Literal[False], T]], message: str = \"\") -> T:\n        \"\"\"Wait until the method returns a value that is not False.\n    \n        Calls the method provided with the driver as an argument until the\n        return value does not evaluate to ``False``.\n    \n        Parameters:\n        -----------\n        method: callable(WebDriver)\n            - A callable object that takes a WebDriver instance as an argument.\n    \n        message: str\n            - Optional message for :exc:`TimeoutException`\n    \n        Return:\n        -------\n        object: T\n            - The result of the last call to `method`\n    \n        Raises:\n        -------\n        TimeoutException\n            - If 'method' does not return a truthy value within the WebDriverWait\n            object's timeout\n    \n        Example:\n        --------\n        >>> from selenium.webdriver.common.by import By\n        >>> from selenium.webdriver.support.ui import WebDriverWait\n        >>> from selenium.webdriver.support import expected_conditions as EC\n    \n        # Wait until an element is visible on the page\n        >>> wait = WebDriverWait(driver, 10)\n        >>> element = wait.until(EC.visibility_of_element_located((By.ID, \"exampleId\")))\n        >>> print(element.text)\n        \"\"\"\n        screen = None\n        stacktrace = None\n    \n        end_time = time.monotonic() + self._timeout\n        while True:\n            try:\n                value = method(self._driver)\n                if value:\n                    return value\n            except self._ignored_exceptions as exc:\n                screen = getattr(exc, \"screen\", None)\n                stacktrace = getattr(exc, \"stacktrace\", None)\n            if time.monotonic() > end_time:\n                break\n            time.sleep(self._poll)\n>       raise TimeoutException(message, screen, stacktrace)\nE       selenium.common.exceptions.TimeoutException: Message: \nE       Stacktrace:\nE       \tGetHandleVerifier [0x0x7ff757da1eb5+80197]\nE       \tGetHandleVerifier [0x0x7ff757da1f10+80288]\nE       \t(No symbol) [0x0x7ff757b202fa]\nE       \t(No symbol) [0x0x7ff757b77cd7]\nE       \t(No symbol) [0x0x7ff757b77f9c]\nE       \t(No symbol) [0x0x7ff757bcba87]\nE       \t(No symbol) [0x0x7ff757ba03bf]\nE       \t(No symbol) [0x0x7ff757bc87fb]\nE       \t(No symbol) [0x0x7ff757ba0153]\nE       \t(No symbol) [0x0x7ff757b68b02]\nE       \t(No symbol) [0x0x7ff757b698d3]\nE       \tGetHandleVerifier [0x0x7ff75805e83d+2949837]\nE       \tGetHandleVerifier [0x0x7ff758058c6a+2926330]\nE       \tGetHandleVerifier [0x0x7ff7580786c7+3055959]\nE       \tGetHandleVerifier [0x0x7ff757dbcfee+191102]\nE       \tGetHandleVerifier [0x0x7ff757dc50af+224063]\nE       \tGetHandleVerifier [0x0x7ff757daaf64+117236]\nE       \tGetHandleVerifier [0x0x7ff757dab119+117673]\nE       \tGetHandleVerifier [0x0x7ff757d910a8+11064]\nE       \tBaseThreadInitThunk [0x0x7ffada9be8d7+23]\nE       \tRtlUserThreadStart [0x0x7ffadb7a8d9c+44]\n\n.venv\\Lib\\site-packages\\selenium\\webdriver\\support\\wait.py:138: TimeoutException"}, "parameters": [{"name": "username", "value": "'meghna.c@kodehash.co'"}, {"name": "password", "value": "'KODEhash@000'"}], "start": 1759213190651, "stop": 1759213201085, "uuid": "418df087-463e-45bb-ae2c-250a9d77ea78", "historyId": "255a1c69db88a9608c05c529595eef48", "testCaseId": "8aeb1d456e6b308728d3d59f1430bf09", "fullName": "tests.test_login#test_invalid_login_data_driven", "labels": [{"name": "parentSuite", "value": "tests"}, {"name": "suite", "value": "test_login"}, {"name": "host", "value": "DESKTOP-THM7RLI"}, {"name": "thread", "value": "2424-MainThread"}, {"name": "framework", "value": "pytest"}, {"name": "language", "value": "cpython3"}, {"name": "package", "value": "tests.test_login"}], "titlePath": ["tests", "test_login.py"]}