{"name": "test_create_new_offer", "status": "failed", "statusDetails": {"message": "AssertionError", "trace": "self = <pages.offer_page.Offer object at 0x000001EFFE7EA900>\nlocator = ('xpath', '//tr[1]//td[2]'), timeout = 15\n\n    def wait_for_non_empty_text(self, locator, timeout=15):\n        try:\n>           return WebDriverWait(self.driver, timeout).until(\n                lambda d: d.find_element(*locator).text.strip() != \"\"\n        )\n\npages\\base_page.py:117: \n_ _ _ _ _ _ _ _ _ _ _ _ _ _ _ _ _ _ _ _ _ _ _ _ _ _ _ _ _ _ _ _ _ _ _ _ _ _ _ _\n\nself = <selenium.webdriver.support.wait.WebDriverWait (session=\"cd11bdaf3dfb90c240e1f9a439c4f5c0\")>\nmethod = <function BasePage.wait_for_non_empty_text.<locals>.<lambda> at 0x000001EFEE4A91C0>\nmessage = ''\n\n    def until(self, method: Callable[[D], Union[Literal[False], T]], message: str = \"\") -> T:\n        \"\"\"Wait until the method returns a value that is not False.\n    \n        Calls the method provided with the driver as an argument until the\n        return value does not evaluate to ``False``.\n    \n        Parameters:\n        -----------\n        method: callable(WebDriver)\n            - A callable object that takes a WebDriver instance as an argument.\n    \n        message: str\n            - Optional message for :exc:`TimeoutException`\n    \n        Return:\n        -------\n        object: T\n            - The result of the last call to `method`\n    \n        Raises:\n        -------\n        TimeoutException\n            - If 'method' does not return a truthy value within the WebDriverWait\n            object's timeout\n    \n        Example:\n        --------\n        >>> from selenium.webdriver.common.by import By\n        >>> from selenium.webdriver.support.ui import WebDriverWait\n        >>> from selenium.webdriver.support import expected_conditions as EC\n    \n        # Wait until an element is visible on the page\n        >>> wait = WebDriverWait(driver, 10)\n        >>> element = wait.until(EC.visibility_of_element_located((By.ID, \"exampleId\")))\n        >>> print(element.text)\n        \"\"\"\n        screen = None\n        stacktrace = None\n    \n        end_time = time.monotonic() + self._timeout\n        while True:\n            try:\n                value = method(self._driver)\n                if value:\n                    return value\n            except self._ignored_exceptions as exc:\n                screen = getattr(exc, \"screen\", None)\n                stacktrace = getattr(exc, \"stacktrace\", None)\n            if time.monotonic() > end_time:\n                break\n            time.sleep(self._poll)\n>       raise TimeoutException(message, screen, stacktrace)\nE       selenium.common.exceptions.TimeoutException: Message: \nE       Stacktrace:\nE       \tGetHandleVerifier [0x0x7ff6004f30f5+79493]\nE       \tGetHandleVerifier [0x0x7ff6004f3150+79584]\nE       \t(No symbol) [0x0x7ff6002701ba]\nE       \t(No symbol) [0x0x7ff6002c8067]\nE       \t(No symbol) [0x0x7ff6002c832c]\nE       \t(No symbol) [0x0x7ff60031be27]\nE       \t(No symbol) [0x0x7ff6002f074f]\nE       \t(No symbol) [0x0x7ff600318b8b]\nE       \t(No symbol) [0x0x7ff6002f04e3]\nE       \t(No symbol) [0x0x7ff6002b8e92]\nE       \t(No symbol) [0x0x7ff6002b9c63]\nE       \tGetHandleVerifier [0x0x7ff6007b0dbd+2954061]\nE       \tGetHandleVerifier [0x0x7ff6007ab02a+2930106]\nE       \tGetHandleVerifier [0x0x7ff6007cb357+3061991]\nE       \tGetHandleVerifier [0x0x7ff60050d60e+187294]\nE       \tGetHandleVerifier [0x0x7ff60051557f+219919]\nE       \tGetHandleVerifier [0x0x7ff6004fc294+116772]\nE       \tGetHandleVerifier [0x0x7ff6004fc449+117209]\nE       \tGetHandleVerifier [0x0x7ff6004e2618+11176]\nE       \tBaseThreadInitThunk [0x0x7ffb889ae8d7+23]\nE       \tRtlUserThreadStart [0x0x7ffb8a7c8d9c+44]\n\n.venv\\Lib\\site-packages\\selenium\\webdriver\\support\\wait.py:138: TimeoutException\n\nDuring handling of the above exception, another exception occurred:\n\ndriver = <selenium.webdriver.chrome.webdriver.WebDriver (session=\"cd11bdaf3dfb90c240e1f9a439c4f5c0\")>\n\n    def test_create_new_offer(driver):\n        lp = LoginPage(driver)\n        o = Offer(driver)\n        lp.do_login(Constant.USERNAME, Constant.PASSWORD)\n        db = DashBoard(driver)\n        db.element_displayed(db.DASHBOARD_TEXT)\n        db.click_offer_ele()\n        #assert isinstance(o.is_table_data_present(), str), \"Table data not present\"\n        o.do_click(o.CREATE_OFFER_BUTTON)\n        assert o.element_displayed(o.CREATE_OFFER_HEADER)\n        o.fill(o.OFFER_NAME_INPUT, Constant.CREATE_OFFER_NAME)\n        o.select_country()\n        o.select_offer_start_date()\n        o.select_offer_end_date()\n        o.select_offer_visibility()\n        o.select_conversion_type()\n        o.select_conversion_method()\n        o.select_call_timer_start()\n        o.fill(o.DURATION_INPUT, Constant.DURATION_IN_SECONDS)\n        o.select_payout_method()\n        o.fill(o.PAYOUT_INPUT, Constant.PAYOUT_AMOUNT)\n        o.fill(o.REVENUE_INPUT, Constant.PAYOUT_AMOUNT)\n        o.select_duplicate_timeframe()\n        o.do_click(o.CREATE_OFFER_BTN)\n>       assert isinstance(o.is_table_data_present(), str), \"Table data not present\"\n                          ^^^^^^^^^^^^^^^^^^^^^^^^^\n\ntests\\test_offer.py:84: \n_ _ _ _ _ _ _ _ _ _ _ _ _ _ _ _ _ _ _ _ _ _ _ _ _ _ _ _ _ _ _ _ _ _ _ _ _ _ _ _\npages\\offer_page.py:59: in is_table_data_present\n    self.wait_for_non_empty_text(self.FIRST_CELL)\n_ _ _ _ _ _ _ _ _ _ _ _ _ _ _ _ _ _ _ _ _ _ _ _ _ _ _ _ _ _ _ _ _ _ _ _ _ _ _ _\n\nself = <pages.offer_page.Offer object at 0x000001EFFE7EA900>\nlocator = ('xpath', '//tr[1]//td[2]'), timeout = 15\n\n    def wait_for_non_empty_text(self, locator, timeout=15):\n        try:\n            return WebDriverWait(self.driver, timeout).until(\n                lambda d: d.find_element(*locator).text.strip() != \"\"\n        )\n        except TimeoutException:\n>           raise AssertionError\nE           AssertionError\n\npages\\base_page.py:121: AssertionError"}, "start": 1758541355494, "stop": 1758541379898, "uuid": "11de2612-1465-4d0a-a1f0-050bbadf6a37", "historyId": "fb9ecd2733452b011ae9cdbd5adbf9e4", "testCaseId": "fb9ecd2733452b011ae9cdbd5adbf9e4", "fullName": "tests.test_offer#test_create_new_offer", "labels": [{"name": "parentSuite", "value": "tests"}, {"name": "suite", "value": "test_offer"}, {"name": "host", "value": "DESKTOP-THM7RLI"}, {"name": "thread", "value": "15604-MainThread"}, {"name": "framework", "value": "pytest"}, {"name": "language", "value": "cpython3"}, {"name": "package", "value": "tests.test_offer"}], "titlePath": ["tests", "test_offer.py"]}