{"name": "test_reporting_export_this_page", "status": "broken", "statusDetails": {"message": "selenium.common.exceptions.ElementClickInterceptedException: Message: element click intercepted: Element <button type=\"button\" class=\" bg-brand-500 border-0 justify-center rounded-md text-white  inline-flex gap-2 items-center px-5 text-lg\">...</button> is not clickable at point (1185, 447). Other element would receive the click: <iframe id=\"chat-widget-minimized\" name=\"chat-widget-minimized\" title=\"LiveChat chat widget\" scrolling=\"no\" style=\"width: 100%; height: 100%; min-height: 0px; min-width: 0px; margin: 0px; padding: 0px; background-image: none; background-position: 0% 0%; background-size: initial; background-attachment: scroll; background-origin: initial; background-clip: initial; background-color: rgba(0, 0, 0, 0); border-width: 0px; float: none; color-scheme: normal; display: block;\"></iframe>\n  (Session info: chrome=139.0.7258.155); For documentation on this error, please visit: https://www.selenium.dev/documentation/webdriver/troubleshooting/errors#elementclickinterceptedexception\nStacktrace:\n\tGetHandleVerifier [0x0x7ff7971f3d85+79397]\n\tGetHandleVerifier [0x0x7ff7971f3de0+79488]\n\t(No symbol) [0x0x7ff796f9c0fa]\n\t(No symbol) [0x0x7ff796ffafd9]\n\t(No symbol) [0x0x7ff796ff8972]\n\t(No symbol) [0x0x7ff796ff59c1]\n\t(No symbol) [0x0x7ff796ff48b1]\n\t(No symbol) [0x0x7ff796fe60e8]\n\t(No symbol) [0x0x7ff79701b19a]\n\t(No symbol) [0x0x7ff796fe5996]\n\t(No symbol) [0x0x7ff79701b3b0]\n\t(No symbol) [0x0x7ff797043344]\n\t(No symbol) [0x0x7ff79701af73]\n\t(No symbol) [0x0x7ff796fe41b1]\n\t(No symbol) [0x0x7ff796fe4f43]\n\tGetHandleVerifier [0x0x7ff7974be1ed+3005069]\n\tGetHandleVerifier [0x0x7ff7974b831d+2980797]\n\tGetHandleVerifier [0x0x7ff7974d7e0d+3110573]\n\tGetHandleVerifier [0x0x7ff79720d6de+184190]\n\tGetHandleVerifier [0x0x7ff79721516f+215567]\n\tGetHandleVerifier [0x0x7ff7971fc974+115220]\n\tGetHandleVerifier [0x0x7ff7971fcb29+115657]\n\tGetHandleVerifier [0x0x7ff7971e3268+11016]\n\tBaseThreadInitThunk [0x0x7ffb4240e8d7+23]\n\tRtlUserThreadStart [0x0x7ffb426c8d9c+44]", "trace": "driver_with_downloads = <selenium.webdriver.chrome.webdriver.WebDriver (session=\"ca7beaf1bceb083c0e240c05a269b3de\")>\n\n    def test_reporting_export_this_page(driver_with_downloads):\n        driver = driver_with_downloads\n        lp = LoginPage(driver)\n        r = Reporting(driver)\n        lp.do_login(Constant.USERNAME, Constant.PASSWORD)\n        db = DashBoard(driver)\n        db.element_displayed(db.DASHBOARD_TEXT)\n        db.click_reporting_ele()\n        r.set_date()\n        time.sleep(2)\n        r.do_click(r.REFRESH_BUTTON)\n        time.sleep(3)\n        r.scroll_to_element(r.CALL_DETAILS_TAB)\n        r.wait_for_table_to_load(r.FIRST_CELL)\n        r.select_table_dropdown(\"100\")\n        assert isinstance(r.is_table_data_present(), str),\"Table data not present\"\n        r.scroll_to_element(r.TOTAL_CALLS)\n>       r.do_click(r.EXPORT_BUTTON)\n\ntests\\test_reporting.py:264: \n_ _ _ _ _ _ _ _ _ _ _ _ _ _ _ _ _ _ _ _ _ _ _ _ _ _ _ _ _ _ _ _ _ _ _ _ _ _ _ _ _ _ _ _ _ _ _ _ _ _ _ _ _ _ _ _ _ _ _ _ _ _ _\npages\\base_page.py:13: in do_click\n    WebDriverWait(self.driver,10).until(EC.element_to_be_clickable(by_locator)).click()\n.venv\\Lib\\site-packages\\selenium\\webdriver\\remote\\webelement.py:120: in click\n    self._execute(Command.CLICK_ELEMENT)\n.venv\\Lib\\site-packages\\selenium\\webdriver\\remote\\webelement.py:573: in _execute\n    return self._parent.execute(command, params)\n           ^^^^^^^^^^^^^^^^^^^^^^^^^^^^^^^^^^^^^\n.venv\\Lib\\site-packages\\selenium\\webdriver\\remote\\webdriver.py:458: in execute\n    self.error_handler.check_response(response)\n_ _ _ _ _ _ _ _ _ _ _ _ _ _ _ _ _ _ _ _ _ _ _ _ _ _ _ _ _ _ _ _ _ _ _ _ _ _ _ _ _ _ _ _ _ _ _ _ _ _ _ _ _ _ _ _ _ _ _ _ _ _ _\n\nself = <selenium.webdriver.remote.errorhandler.ErrorHandler object at 0x0000011DBA323C70>\nresponse = {'status': 400, 'value': '{\"value\":{\"error\":\"element click intercepted\",\"message\":\"element click intercepted: Element ...ff7971e3268+11016]\\\\n\\\\tBaseThreadInitThunk [0x0x7ffb4240e8d7+23]\\\\n\\\\tRtlUserThreadStart [0x0x7ffb426c8d9c+44]\\\\n\"}}'}\n\n    def check_response(self, response: dict[str, Any]) -> None:\n        \"\"\"Checks that a JSON response from the WebDriver does not have an\n        error.\n    \n        :Args:\n         - response - The JSON response from the WebDriver server as a dictionary\n           object.\n    \n        :Raises: If the response contains an error message.\n        \"\"\"\n        status = response.get(\"status\", None)\n        if not status or status == ErrorCode.SUCCESS:\n            return\n        value = None\n        message = response.get(\"message\", \"\")\n        screen: str = response.get(\"screen\", \"\")\n        stacktrace = None\n        if isinstance(status, int):\n            value_json = response.get(\"value\", None)\n            if value_json and isinstance(value_json, str):\n                try:\n                    value = json.loads(value_json)\n                    if isinstance(value, dict):\n                        if len(value) == 1:\n                            value = value[\"value\"]\n                        status = value.get(\"error\", None)\n                        if not status:\n                            status = value.get(\"status\", ErrorCode.UNKNOWN_ERROR)\n                            message = value.get(\"value\") or value.get(\"message\")\n                            if not isinstance(message, str):\n                                value = message\n                                message = message.get(\"message\")\n                        else:\n                            message = value.get(\"message\", None)\n                except ValueError:\n                    pass\n    \n        exception_class: type[WebDriverException]\n        e = ErrorCode()\n        error_codes = [item for item in dir(e) if not item.startswith(\"__\")]\n        for error_code in error_codes:\n            error_info = getattr(ErrorCode, error_code)\n            if isinstance(error_info, list) and status in error_info:\n                exception_class = getattr(ExceptionMapping, error_code, WebDriverException)\n                break\n        else:\n            exception_class = WebDriverException\n    \n        if not value:\n            value = response[\"value\"]\n        if isinstance(value, str):\n            raise exception_class(value)\n        if message == \"\" and \"message\" in value:\n            message = value[\"message\"]\n    \n        screen = None  # type: ignore[assignment]\n        if \"screen\" in value:\n            screen = value[\"screen\"]\n    \n        stacktrace = None\n        st_value = value.get(\"stackTrace\") or value.get(\"stacktrace\")\n        if st_value:\n            if isinstance(st_value, str):\n                stacktrace = st_value.split(\"\\n\")\n            else:\n                stacktrace = []\n                try:\n                    for frame in st_value:\n                        line = frame.get(\"lineNumber\", \"\")\n                        file = frame.get(\"fileName\", \"<anonymous>\")\n                        if line:\n                            file = f\"{file}:{line}\"\n                        meth = frame.get(\"methodName\", \"<anonymous>\")\n                        if \"className\" in frame:\n                            meth = f\"{frame['className']}.{meth}\"\n                        msg = \"    at %s (%s)\"\n                        msg = msg % (meth, file)\n                        stacktrace.append(msg)\n                except TypeError:\n                    pass\n        if exception_class == UnexpectedAlertPresentException:\n            alert_text = None\n            if \"data\" in value:\n                alert_text = value[\"data\"].get(\"text\")\n            elif \"alert\" in value:\n                alert_text = value[\"alert\"].get(\"text\")\n            raise exception_class(message, screen, stacktrace, alert_text)  # type: ignore[call-arg]  # mypy is not smart enough here\n>       raise exception_class(message, screen, stacktrace)\nE       selenium.common.exceptions.ElementClickInterceptedException: Message: element click intercepted: Element <button type=\"button\" class=\" bg-brand-500 border-0 justify-center rounded-md text-white  inline-flex gap-2 items-center px-5 text-lg\">...</button> is not clickable at point (1185, 447). Other element would receive the click: <iframe id=\"chat-widget-minimized\" name=\"chat-widget-minimized\" title=\"LiveChat chat widget\" scrolling=\"no\" style=\"width: 100%; height: 100%; min-height: 0px; min-width: 0px; margin: 0px; padding: 0px; background-image: none; background-position: 0% 0%; background-size: initial; background-attachment: scroll; background-origin: initial; background-clip: initial; background-color: rgba(0, 0, 0, 0); border-width: 0px; float: none; color-scheme: normal; display: block;\"></iframe>\nE         (Session info: chrome=139.0.7258.155); For documentation on this error, please visit: https://www.selenium.dev/documentation/webdriver/troubleshooting/errors#elementclickinterceptedexception\nE       Stacktrace:\nE       \tGetHandleVerifier [0x0x7ff7971f3d85+79397]\nE       \tGetHandleVerifier [0x0x7ff7971f3de0+79488]\nE       \t(No symbol) [0x0x7ff796f9c0fa]\nE       \t(No symbol) [0x0x7ff796ffafd9]\nE       \t(No symbol) [0x0x7ff796ff8972]\nE       \t(No symbol) [0x0x7ff796ff59c1]\nE       \t(No symbol) [0x0x7ff796ff48b1]\nE       \t(No symbol) [0x0x7ff796fe60e8]\nE       \t(No symbol) [0x0x7ff79701b19a]\nE       \t(No symbol) [0x0x7ff796fe5996]\nE       \t(No symbol) [0x0x7ff79701b3b0]\nE       \t(No symbol) [0x0x7ff797043344]\nE       \t(No symbol) [0x0x7ff79701af73]\nE       \t(No symbol) [0x0x7ff796fe41b1]\nE       \t(No symbol) [0x0x7ff796fe4f43]\nE       \tGetHandleVerifier [0x0x7ff7974be1ed+3005069]\nE       \tGetHandleVerifier [0x0x7ff7974b831d+2980797]\nE       \tGetHandleVerifier [0x0x7ff7974d7e0d+3110573]\nE       \tGetHandleVerifier [0x0x7ff79720d6de+184190]\nE       \tGetHandleVerifier [0x0x7ff79721516f+215567]\nE       \tGetHandleVerifier [0x0x7ff7971fc974+115220]\nE       \tGetHandleVerifier [0x0x7ff7971fcb29+115657]\nE       \tGetHandleVerifier [0x0x7ff7971e3268+11016]\nE       \tBaseThreadInitThunk [0x0x7ffb4240e8d7+23]\nE       \tRtlUserThreadStart [0x0x7ffb426c8d9c+44]\n\n.venv\\Lib\\site-packages\\selenium\\webdriver\\remote\\errorhandler.py:232: ElementClickInterceptedException"}, "start": 1757066180847, "stop": 1757066197708, "uuid": "05d9128f-ebd4-4dab-9d7c-9bfca3096b37", "historyId": "33a51106bf2e2b8502230901bcf37c62", "testCaseId": "33a51106bf2e2b8502230901bcf37c62", "fullName": "tests.test_reporting#test_reporting_export_this_page", "labels": [{"name": "parentSuite", "value": "tests"}, {"name": "suite", "value": "test_reporting"}, {"name": "host", "value": "DESKTOP-THM7RLI"}, {"name": "thread", "value": "5072-MainThread"}, {"name": "framework", "value": "pytest"}, {"name": "language", "value": "cpython3"}, {"name": "package", "value": "tests.test_reporting"}], "titlePath": ["tests", "test_reporting.py"]}