{"name": "test_net_profit", "status": "failed", "statusDetails": {"message": "AssertionError: Expected net profit: -48.54, but got 731.46\nassert 731.46 == -48.54", "trace": "driver = <selenium.webdriver.chrome.webdriver.WebDriver (session=\"b869fa20c695cd958431bc2a34a5911e\")>\n\n    def test_net_profit(driver):\n        lp = LoginPage(driver)\n        r = Reporting(driver)\n        lp.do_login(Constant.USERNAME, Constant.PASSWORD)\n        db = DashBoard(driver)\n        assert db.element_displayed(db.DASHBOARD_TEXT)\n        db.click_reporting_ele()\n        r.set_date(Constant.DATE_RANGE)\n        time.sleep(2)\n        r.do_click(r.REFRESH_BUTTON)\n        assert r.element_displayed(r.NET_PROFIT)\n        act_net_profit = float(r.get_element_text(r.NET_PROFIT).replace(\"$\", \"\"))\n        exp_net_profit = float(r.get_element_text(r.REVENUE).replace(\"$\", \"\")) - float(r.get_element_text(r.EXPENSE).replace(\"$\", \"\"))\n>       assert act_net_profit == exp_net_profit, f\"Expected net profit: {exp_net_profit}, but got {act_net_profit}\"\nE       AssertionError: Expected net profit: -48.54, but got 731.46\nE       assert 731.46 == -48.54\n\ntests\\test_reporting.py:255: AssertionError"}, "start": 1758188396614, "stop": 1758188411609, "uuid": "e9b05b48-b429-443f-a87e-636a64b3cf88", "historyId": "dcd6f49bb5aaab48275af511a972eec5", "testCaseId": "dcd6f49bb5aaab48275af511a972eec5", "fullName": "tests.test_reporting#test_net_profit", "labels": [{"name": "parentSuite", "value": "tests"}, {"name": "suite", "value": "test_reporting"}, {"name": "host", "value": "DESKTOP-THM7RLI"}, {"name": "thread", "value": "2876-MainThread"}, {"name": "framework", "value": "pytest"}, {"name": "language", "value": "cpython3"}, {"name": "package", "value": "tests.test_reporting"}], "titlePath": ["tests", "test_reporting.py"]}