{"name": "test_invalid_login_data_driven[meghna.c@kodehash.com-kodehash@000]", "status": "broken", "statusDetails": {"message": "selenium.common.exceptions.TimeoutException: Message: \nStacktrace:\n\tGetHandleVerifier [0x0x7ff6a0cf1eb5+80197]\n\tGetHandleVerifier [0x0x7ff6a0cf1f10+80288]\n\t(No symbol) [0x0x7ff6a0a702fa]\n\t(No symbol) [0x0x7ff6a0ac7cd7]\n\t(No symbol) [0x0x7ff6a0ac7f9c]\n\t(No symbol) [0x0x7ff6a0b1ba87]\n\t(No symbol) [0x0x7ff6a0af03bf]\n\t(No symbol) [0x0x7ff6a0b187fb]\n\t(No symbol) [0x0x7ff6a0af0153]\n\t(No symbol) [0x0x7ff6a0ab8b02]\n\t(No symbol) [0x0x7ff6a0ab98d3]\n\tGetHandleVerifier [0x0x7ff6a0fae83d+2949837]\n\tGetHandleVerifier [0x0x7ff6a0fa8c6a+2926330]\n\tGetHandleVerifier [0x0x7ff6a0fc86c7+3055959]\n\tGetHandleVerifier [0x0x7ff6a0d0cfee+191102]\n\tGetHandleVerifier [0x0x7ff6a0d150af+224063]\n\tGetHandleVerifier [0x0x7ff6a0cfaf64+117236]\n\tGetHandleVerifier [0x0x7ff6a0cfb119+117673]\n\tGetHandleVerifier [0x0x7ff6a0ce10a8+11064]\n\tBaseThreadInitThunk [0x0x7ffb6f1ee8d7+23]\n\tRtlUserThreadStart [0x0x7ffb70708d9c+44]", "trace": "driver = <selenium.webdriver.chrome.webdriver.WebDriver (session=\"b007e838e12890a7dec04bd5b8ead5a5\")>\nusername = 'meghna.c@kodehash.com', password = 'kodehash@000'\n\n    @pytest.mark.parametrize(\"username,password\", read_login_data())\n    def test_invalid_login_data_driven(driver, username, password):\n        lp = LoginPage(driver)\n        lp.do_login(username, password)\n>       assert lp.element_displayed(lp.EMPTY_EMAIL_ERR_MSG)\n               ^^^^^^^^^^^^^^^^^^^^^^^^^^^^^^^^^^^^^^^^^^^^\n\ntests\\test_login.py:23: \n_ _ _ _ _ _ _ _ _ _ _ _ _ _ _ _ _ _ _ _ _ _ _ _ _ _ _ _ _ _ _ _ _ _ _ _ _ _ _ _\npages\\base_page.py:20: in element_displayed\n    return WebDriverWait(self.driver,10).until(EC.visibility_of_element_located(by_locator)).is_displayed()\n           ^^^^^^^^^^^^^^^^^^^^^^^^^^^^^^^^^^^^^^^^^^^^^^^^^^^^^^^^^^^^^^^^^^^^^^^^^^^^^^^^^\n_ _ _ _ _ _ _ _ _ _ _ _ _ _ _ _ _ _ _ _ _ _ _ _ _ _ _ _ _ _ _ _ _ _ _ _ _ _ _ _\n\nself = <selenium.webdriver.support.wait.WebDriverWait (session=\"b007e838e12890a7dec04bd5b8ead5a5\")>\nmethod = <function visibility_of_element_located.<locals>._predicate at 0x0000023B59C6B4C0>\nmessage = ''\n\n    def until(self, method: Callable[[D], Union[Literal[False], T]], message: str = \"\") -> T:\n        \"\"\"Wait until the method returns a value that is not False.\n    \n        Calls the method provided with the driver as an argument until the\n        return value does not evaluate to ``False``.\n    \n        Parameters:\n        -----------\n        method: callable(WebDriver)\n            - A callable object that takes a WebDriver instance as an argument.\n    \n        message: str\n            - Optional message for :exc:`TimeoutException`\n    \n        Return:\n        -------\n        object: T\n            - The result of the last call to `method`\n    \n        Raises:\n        -------\n        TimeoutException\n            - If 'method' does not return a truthy value within the WebDriverWait\n            object's timeout\n    \n        Example:\n        --------\n        >>> from selenium.webdriver.common.by import By\n        >>> from selenium.webdriver.support.ui import WebDriverWait\n        >>> from selenium.webdriver.support import expected_conditions as EC\n    \n        # Wait until an element is visible on the page\n        >>> wait = WebDriverWait(driver, 10)\n        >>> element = wait.until(EC.visibility_of_element_located((By.ID, \"exampleId\")))\n        >>> print(element.text)\n        \"\"\"\n        screen = None\n        stacktrace = None\n    \n        end_time = time.monotonic() + self._timeout\n        while True:\n            try:\n                value = method(self._driver)\n                if value:\n                    return value\n            except self._ignored_exceptions as exc:\n                screen = getattr(exc, \"screen\", None)\n                stacktrace = getattr(exc, \"stacktrace\", None)\n            if time.monotonic() > end_time:\n                break\n            time.sleep(self._poll)\n>       raise TimeoutException(message, screen, stacktrace)\nE       selenium.common.exceptions.TimeoutException: Message: \nE       Stacktrace:\nE       \tGetHandleVerifier [0x0x7ff6a0cf1eb5+80197]\nE       \tGetHandleVerifier [0x0x7ff6a0cf1f10+80288]\nE       \t(No symbol) [0x0x7ff6a0a702fa]\nE       \t(No symbol) [0x0x7ff6a0ac7cd7]\nE       \t(No symbol) [0x0x7ff6a0ac7f9c]\nE       \t(No symbol) [0x0x7ff6a0b1ba87]\nE       \t(No symbol) [0x0x7ff6a0af03bf]\nE       \t(No symbol) [0x0x7ff6a0b187fb]\nE       \t(No symbol) [0x0x7ff6a0af0153]\nE       \t(No symbol) [0x0x7ff6a0ab8b02]\nE       \t(No symbol) [0x0x7ff6a0ab98d3]\nE       \tGetHandleVerifier [0x0x7ff6a0fae83d+2949837]\nE       \tGetHandleVerifier [0x0x7ff6a0fa8c6a+2926330]\nE       \tGetHandleVerifier [0x0x7ff6a0fc86c7+3055959]\nE       \tGetHandleVerifier [0x0x7ff6a0d0cfee+191102]\nE       \tGetHandleVerifier [0x0x7ff6a0d150af+224063]\nE       \tGetHandleVerifier [0x0x7ff6a0cfaf64+117236]\nE       \tGetHandleVerifier [0x0x7ff6a0cfb119+117673]\nE       \tGetHandleVerifier [0x0x7ff6a0ce10a8+11064]\nE       \tBaseThreadInitThunk [0x0x7ffb6f1ee8d7+23]\nE       \tRtlUserThreadStart [0x0x7ffb70708d9c+44]\n\n.venv\\Lib\\site-packages\\selenium\\webdriver\\support\\wait.py:138: TimeoutException"}, "parameters": [{"name": "username", "value": "'meghna.c@kodehash.com'"}, {"name": "password", "value": "'kodehash@000'"}], "start": 1759146205057, "stop": 1759146215695, "uuid": "17760d72-b2a6-4249-ab36-dc82fe9d6c5d", "historyId": "cba1caed180cf75f94c9aece8ca63a31", "testCaseId": "8aeb1d456e6b308728d3d59f1430bf09", "fullName": "tests.test_login#test_invalid_login_data_driven", "labels": [{"name": "parentSuite", "value": "tests"}, {"name": "suite", "value": "test_login"}, {"name": "host", "value": "DESKTOP-THM7RLI"}, {"name": "thread", "value": "14528-MainThread"}, {"name": "framework", "value": "pytest"}, {"name": "language", "value": "cpython3"}, {"name": "package", "value": "tests.test_login"}], "titlePath": ["tests", "test_login.py"]}