{"name": "test_invalid_login_data_driven[meghna.c@kodehash.com-]", "status": "failed", "statusDetails": {"message": "AssertionError: assert False\n +  where False = is_login_successful()\n +    where is_login_successful = <pages.login_page.LoginPage object at 0x0000013E7D5B6A50>.is_login_successful", "trace": "driver = <selenium.webdriver.chrome.webdriver.WebDriver (session=\"8adeca210c636df1a5286c54284616b9\")>\nusername = 'meghna.c@kodehash.com', password = ''\n\n    @pytest.mark.parametrize(\"username,password\", read_login_data())\n    def test_invalid_login_data_driven(driver, username, password):\n        lp = LoginPage(driver)\n        lp.do_login(username, password)\n>       assert lp.is_login_successful()\nE       assert False\nE        +  where False = is_login_successful()\nE        +    where is_login_successful = <pages.login_page.LoginPage object at 0x0000013E7D5B6A50>.is_login_successful\n\ntests\\test_login.py:23: AssertionError"}, "parameters": [{"name": "username", "value": "'meghna.c@kodehash.com'"}, {"name": "password", "value": "''"}], "start": 1759146950729, "stop": 1759146961685, "uuid": "b7fe58a3-bf78-4521-a4e3-f2d1b1a4ec1c", "historyId": "8b78c8e365a043dc14abc552a29bcf2d", "testCaseId": "8aeb1d456e6b308728d3d59f1430bf09", "fullName": "tests.test_login#test_invalid_login_data_driven", "labels": [{"name": "parentSuite", "value": "tests"}, {"name": "suite", "value": "test_login"}, {"name": "host", "value": "DESKTOP-THM7RLI"}, {"name": "thread", "value": "6024-MainThread"}, {"name": "framework", "value": "pytest"}, {"name": "language", "value": "cpython3"}, {"name": "package", "value": "tests.test_login"}], "titlePath": ["tests", "test_login.py"]}