{"name": "test_invalid_login_data_driven[MEGhna.c@kodehash.com-KODEhash@000]", "status": "failed", "statusDetails": {"message": "AssertionError: assert not True\n +  where True = is_login_successful()\n +    where is_login_successful = <pages.login_page.LoginPage object at 0x0000014F3DD62050>.is_login_successful", "trace": "driver = <selenium.webdriver.chrome.webdriver.WebDriver (session=\"d0d8fda2ad55e766c939e984085fb698\")>\nusername = 'MEGhna.c@kodehash.com', password = 'KODEhash@000'\n\n    @pytest.mark.parametrize(\"username,password\", read_login_data())\n    def test_invalid_login_data_driven(driver, username, password):\n        lp = LoginPage(driver)\n        lp.do_login(username, password)\n>       assert not lp.is_login_successful()\nE       assert not True\nE        +  where True = is_login_successful()\nE        +    where is_login_successful = <pages.login_page.LoginPage object at 0x0000014F3DD62050>.is_login_successful\n\ntests\\test_login.py:22: AssertionError"}, "parameters": [{"name": "username", "value": "'MEGhna.c@kodehash.com'"}, {"name": "password", "value": "'KODEhash@000'"}], "start": 1760006571098, "stop": 1760006576240, "uuid": "39ed6b52-5ba5-4b75-bbe4-78946e7d040c", "historyId": "0615457b6f240978883f6aece1241d7b", "testCaseId": "8aeb1d456e6b308728d3d59f1430bf09", "fullName": "tests.test_login#test_invalid_login_data_driven", "labels": [{"name": "parentSuite", "value": "tests"}, {"name": "suite", "value": "test_login"}, {"name": "host", "value": "DESKTOP-THM7RLI"}, {"name": "thread", "value": "17180-MainThread"}, {"name": "framework", "value": "pytest"}, {"name": "language", "value": "cpython3"}, {"name": "package", "value": "tests.test_login"}], "titlePath": ["tests", "test_login.py"]}