{"name": "test_invalid_login_data_driven[meghna.c@kodehash.com-kodehash@000]", "status": "failed", "statusDetails": {"message": "AssertionError: assert False\n +  where False = is_login_successful()\n +    where is_login_successful = <pages.login_page.LoginPage object at 0x000002B4BD116A50>.is_login_successful", "trace": "driver = <selenium.webdriver.chrome.webdriver.WebDriver (session=\"8f0519357bbb5f52c36bef8fd0424621\")>\nusername = 'meghna.c@kodehash.com', password = 'kodehash@000'\n\n    @pytest.mark.parametrize(\"username,password\", read_login_data())\n    def test_invalid_login_data_driven(driver, username, password):\n        lp = LoginPage(driver)\n        lp.do_login(username, password)\n>       assert lp.is_login_successful()\nE       assert False\nE        +  where False = is_login_successful()\nE        +    where is_login_successful = <pages.login_page.LoginPage object at 0x000002B4BD116A50>.is_login_successful\n\ntests\\test_login.py:23: AssertionError"}, "parameters": [{"name": "username", "value": "'meghna.c@kodehash.com'"}, {"name": "password", "value": "'kodehash@000'"}], "start": 1759146937723, "stop": 1759146948914, "uuid": "d90d534a-2e99-4e19-acff-3f58ba9b7247", "historyId": "cba1caed180cf75f94c9aece8ca63a31", "testCaseId": "8aeb1d456e6b308728d3d59f1430bf09", "fullName": "tests.test_login#test_invalid_login_data_driven", "labels": [{"name": "parentSuite", "value": "tests"}, {"name": "suite", "value": "test_login"}, {"name": "host", "value": "DESKTOP-THM7RLI"}, {"name": "thread", "value": "19804-MainThread"}, {"name": "framework", "value": "pytest"}, {"name": "language", "value": "cpython3"}, {"name": "package", "value": "tests.test_login"}], "titlePath": ["tests", "test_login.py"]}