{"name": "test_reporting_export_all_data", "status": "failed", "statusDetails": {"message": "AssertionError: No CSV file found!\nassert []", "trace": "driver_with_downloads = <selenium.webdriver.chrome.webdriver.WebDriver (session=\"6e605b19eaa4cf4a87581c58bbc90312\")>\n\n    def test_reporting_export_all_data(driver_with_downloads):\n        driver = driver_with_downloads\n        lp = LoginPage(driver)\n        r = Reporting(driver)\n        lp.do_login(Constant.USERNAME, Constant.PASSWORD)\n        db = DashBoard(driver)\n        db.element_displayed(db.DASHBOARD_TEXT)\n        db.click_reporting_ele()\n        r.set_date(Constant.DATE_RANGE)\n        time.sleep(2)\n        r.do_click(r.REFRESH_BUTTON)\n        time.sleep(3)\n        r.scroll_to_element(r.CALL_DETAILS_TAB)\n        assert isinstance(r.is_table_data_present(), str), \"Table data not present\"\n        r.select_table_dropdown(\"100\")\n        assert isinstance(r.is_table_data_present(), str), \"Table data not present\"\n        r.scroll_to_element(r.REVENUE)\n        r.do_click(r.EXPORT_BUTTON)\n        r.do_click(r.EXPORT_ALL_ROWS)\n        r.do_click(r.EXPORT_SUB_BUTTON_ALL_DATA)\n        time.sleep(15)\n        files = [f for f in os.listdir(driver.download_dir) if f.endswith(\".csv\")]\n>       assert files, \"No CSV file found!\"\nE       AssertionError: No CSV file found!\nE       assert []\n\ntests\\test_reporting.py:327: AssertionError"}, "start": 1758797305153, "stop": 1758797334441, "uuid": "525ec5f0-f2e9-4ee7-9c36-0e020ce006f1", "historyId": "417b6463bd44627a8cb9fd484c629ace", "testCaseId": "417b6463bd44627a8cb9fd484c629ace", "fullName": "tests.test_reporting#test_reporting_export_all_data", "labels": [{"name": "parentSuite", "value": "tests"}, {"name": "suite", "value": "test_reporting"}, {"name": "host", "value": "DESKTOP-THM7RLI"}, {"name": "thread", "value": "6964-MainThread"}, {"name": "framework", "value": "pytest"}, {"name": "language", "value": "cpython3"}, {"name": "package", "value": "tests.test_reporting"}], "titlePath": ["tests", "test_reporting.py"]}