{"name": "test_export_offer", "status": "failed", "statusDetails": {"message": "AssertionError: DataFrame are different\n\nDataFrame shape mismatch\n[left]:  (15, 7)\n[right]: (15, 8)", "trace": "driver_with_downloads = <selenium.webdriver.chrome.webdriver.WebDriver (session=\"01f8aaaa0920d8dff24f35139a353d4b\")>\n\n    def test_export_offer(driver_with_downloads):\n        driver = driver_with_downloads\n        lp = LoginPage(driver)\n        o = Offer(driver)\n        lp.do_login(Constant.USERNAME, Constant.PASSWORD)\n        db = DashBoard(driver)\n        db.element_displayed(db.DASHBOARD_TEXT)\n        db.click_offer_ele()\n        assert isinstance(o.is_table_data_present(), str), \"Table data not present\"\n        o.js_click(o.OFFER_EXPORT_BTN)\n        time.sleep(5)\n        files = [f for f in os.listdir(driver.download_dir) if f.endswith(\".csv\")]\n        assert files, \"No CSV file found!\"\n        csv_file_path = os.path.join(driver.download_dir, files[0])\n        csv_data = pd.read_csv(csv_file_path, sep=\",\", engine=\"python\")\n        # get UI dataframe\n        ui_df = o.get_all_pages_as_dataframe()\n        # save UI data for debugging/reference\n        ui_df.to_csv(\"ui_all_data_export.csv\", index=False)\n        ui_csv = pd.read_csv(\"ui_all_data_export.csv\")\n        # Strip column names\n        csv_data.columns = [col.strip() for col in csv_data.columns]\n        ui_csv.columns = [col.strip() for col in ui_csv.columns]\n        # csv_data = csv_data[ui_df.columns]\n        csv_data = csv_data.astype(str)\n        ui_csv = ui_csv.astype(str)\n        csv_data = csv_data.applymap(normalize_value)\n        ui_csv = ui_csv.applymap(normalize_value)\n        # compare\n        print(\"CSV Data Columns:\", csv_data.columns)\n        print(\"UI Data Columns:\", ui_csv.columns)\n        print(\"CSV Data Shape:\", csv_data.shape)\n        print(\"UI Data Shape:\", ui_csv.shape)\n>       pd.testing.assert_frame_equal(csv_data, ui_csv, check_dtype=False)\nE       AssertionError: DataFrame are different\nE       \nE       DataFrame shape mismatch\nE       [left]:  (15, 7)\nE       [right]: (15, 8)\n\ntests\\test_offer.py:224: AssertionError"}, "start": 1758716317080, "stop": 1758716342468, "uuid": "8cae7c7d-313b-4bf1-8847-66739eb726d7", "historyId": "4708d067d01fce0834722e65bb61c4bd", "testCaseId": "4708d067d01fce0834722e65bb61c4bd", "fullName": "tests.test_offer#test_export_offer", "labels": [{"name": "parentSuite", "value": "tests"}, {"name": "suite", "value": "test_offer"}, {"name": "host", "value": "DESKTOP-THM7RLI"}, {"name": "thread", "value": "8332-MainThread"}, {"name": "framework", "value": "pytest"}, {"name": "language", "value": "cpython3"}, {"name": "package", "value": "tests.test_offer"}], "titlePath": ["tests", "test_offer.py"]}