{"name": "test_reporting_export_this_page", "status": "broken", "statusDetails": {"message": "selenium.common.exceptions.ElementClickInterceptedException: Message: element click intercepted: Element <button type=\"button\" class=\" bg-brand-500 border-0 justify-center rounded-md text-white  inline-flex gap-2 items-center px-5 text-lg\">...</button> is not clickable at point (1185, 87). Other element would receive the click: <button type=\"button\" class=\"border-2 justify-center rounded-md text-xl inline-flex items-center md:rounded-xl md:size-14 size-12 border-filter-button-default filter-button-icon-default\">...</button>\n  (Session info: chrome=139.0.7258.155); For documentation on this error, please visit: https://www.selenium.dev/documentation/webdriver/troubleshooting/errors#elementclickinterceptedexception\nStacktrace:\n\tGetHandleVerifier [0x0x7ff73dc13d85+79397]\n\tGetHandleVerifier [0x0x7ff73dc13de0+79488]\n\t(No symbol) [0x0x7ff73d9bc0fa]\n\t(No symbol) [0x0x7ff73da1afd9]\n\t(No symbol) [0x0x7ff73da18972]\n\t(No symbol) [0x0x7ff73da159c1]\n\t(No symbol) [0x0x7ff73da148b1]\n\t(No symbol) [0x0x7ff73da060e8]\n\t(No symbol) [0x0x7ff73da3b19a]\n\t(No symbol) [0x0x7ff73da05996]\n\t(No symbol) [0x0x7ff73da3b3b0]\n\t(No symbol) [0x0x7ff73da63344]\n\t(No symbol) [0x0x7ff73da3af73]\n\t(No symbol) [0x0x7ff73da041b1]\n\t(No symbol) [0x0x7ff73da04f43]\n\tGetHandleVerifier [0x0x7ff73dede1ed+3005069]\n\tGetHandleVerifier [0x0x7ff73ded831d+2980797]\n\tGetHandleVerifier [0x0x7ff73def7e0d+3110573]\n\tGetHandleVerifier [0x0x7ff73dc2d6de+184190]\n\tGetHandleVerifier [0x0x7ff73dc3516f+215567]\n\tGetHandleVerifier [0x0x7ff73dc1c974+115220]\n\tGetHandleVerifier [0x0x7ff73dc1cb29+115657]\n\tGetHandleVerifier [0x0x7ff73dc03268+11016]\n\tBaseThreadInitThunk [0x0x7fffac0be8d7+23]\n\tRtlUserThreadStart [0x0x7fffadb68d9c+44]", "trace": "driver_with_downloads = <selenium.webdriver.chrome.webdriver.WebDriver (session=\"0cbe46fe26f046d9a9dd4c1e53eb18b7\")>\n\n    def test_reporting_export_this_page(driver_with_downloads):\n        driver = driver_with_downloads\n        lp = LoginPage(driver)\n        r = Reporting(driver)\n        lp.do_login(Constant.USERNAME, Constant.PASSWORD)\n        db = DashBoard(driver)\n        db.element_displayed(db.DASHBOARD_TEXT)\n        db.click_reporting_ele()\n        r.set_date()\n        time.sleep(2)\n        r.do_click(r.REFRESH_BUTTON)\n        time.sleep(3)\n        r.scroll_to_element(r.CALL_DETAILS_TAB)\n        time.sleep(3)\n        r.select_table_dropdown(\"100\")\n        time.sleep(5)\n        r.scroll(-200)\n>       r.do_click(r.EXPORT_BUTTON)\n\ntests\\test_reporting.py:272: \n_ _ _ _ _ _ _ _ _ _ _ _ _ _ _ _ _ _ _ _ _ _ _ _ _ _ _ _ _ _ _ _ _ _ _ _ _ _ _ _\npages\\base_page.py:12: in do_click\n    WebDriverWait(self.driver,10).until(EC.element_to_be_clickable(by_locator)).click()\n.venv\\Lib\\site-packages\\selenium\\webdriver\\remote\\webelement.py:120: in click\n    self._execute(Command.CLICK_ELEMENT)\n.venv\\Lib\\site-packages\\selenium\\webdriver\\remote\\webelement.py:573: in _execute\n    return self._parent.execute(command, params)\n           ^^^^^^^^^^^^^^^^^^^^^^^^^^^^^^^^^^^^^\n.venv\\Lib\\site-packages\\selenium\\webdriver\\remote\\webdriver.py:458: in execute\n    self.error_handler.check_response(response)\n_ _ _ _ _ _ _ _ _ _ _ _ _ _ _ _ _ _ _ _ _ _ _ _ _ _ _ _ _ _ _ _ _ _ _ _ _ _ _ _\n\nself = <selenium.webdriver.remote.errorhandler.ErrorHandler object at 0x000001E57FF22120>\nresponse = {'status': 400, 'value': '{\"value\":{\"error\":\"element click intercepted\",\"message\":\"element click intercepted: Element ...ff73dc03268+11016]\\\\n\\\\tBaseThreadInitThunk [0x0x7fffac0be8d7+23]\\\\n\\\\tRtlUserThreadStart [0x0x7fffadb68d9c+44]\\\\n\"}}'}\n\n    def check_response(self, response: dict[str, Any]) -> None:\n        \"\"\"Checks that a JSON response from the WebDriver does not have an\n        error.\n    \n        :Args:\n         - response - The JSON response from the WebDriver server as a dictionary\n           object.\n    \n        :Raises: If the response contains an error message.\n        \"\"\"\n        status = response.get(\"status\", None)\n        if not status or status == ErrorCode.SUCCESS:\n            return\n        value = None\n        message = response.get(\"message\", \"\")\n        screen: str = response.get(\"screen\", \"\")\n        stacktrace = None\n        if isinstance(status, int):\n            value_json = response.get(\"value\", None)\n            if value_json and isinstance(value_json, str):\n                try:\n                    value = json.loads(value_json)\n                    if isinstance(value, dict):\n                        if len(value) == 1:\n                            value = value[\"value\"]\n                        status = value.get(\"error\", None)\n                        if not status:\n                            status = value.get(\"status\", ErrorCode.UNKNOWN_ERROR)\n                            message = value.get(\"value\") or value.get(\"message\")\n                            if not isinstance(message, str):\n                                value = message\n                                message = message.get(\"message\")\n                        else:\n                            message = value.get(\"message\", None)\n                except ValueError:\n                    pass\n    \n        exception_class: type[WebDriverException]\n        e = ErrorCode()\n        error_codes = [item for item in dir(e) if not item.startswith(\"__\")]\n        for error_code in error_codes:\n            error_info = getattr(ErrorCode, error_code)\n            if isinstance(error_info, list) and status in error_info:\n                exception_class = getattr(ExceptionMapping, error_code, WebDriverException)\n                break\n        else:\n            exception_class = WebDriverException\n    \n        if not value:\n            value = response[\"value\"]\n        if isinstance(value, str):\n            raise exception_class(value)\n        if message == \"\" and \"message\" in value:\n            message = value[\"message\"]\n    \n        screen = None  # type: ignore[assignment]\n        if \"screen\" in value:\n            screen = value[\"screen\"]\n    \n        stacktrace = None\n        st_value = value.get(\"stackTrace\") or value.get(\"stacktrace\")\n        if st_value:\n            if isinstance(st_value, str):\n                stacktrace = st_value.split(\"\\n\")\n            else:\n                stacktrace = []\n                try:\n                    for frame in st_value:\n                        line = frame.get(\"lineNumber\", \"\")\n                        file = frame.get(\"fileName\", \"<anonymous>\")\n                        if line:\n                            file = f\"{file}:{line}\"\n                        meth = frame.get(\"methodName\", \"<anonymous>\")\n                        if \"className\" in frame:\n                            meth = f\"{frame['className']}.{meth}\"\n                        msg = \"    at %s (%s)\"\n                        msg = msg % (meth, file)\n                        stacktrace.append(msg)\n                except TypeError:\n                    pass\n        if exception_class == UnexpectedAlertPresentException:\n            alert_text = None\n            if \"data\" in value:\n                alert_text = value[\"data\"].get(\"text\")\n            elif \"alert\" in value:\n                alert_text = value[\"alert\"].get(\"text\")\n            raise exception_class(message, screen, stacktrace, alert_text)  # type: ignore[call-arg]  # mypy is not smart enough here\n>       raise exception_class(message, screen, stacktrace)\nE       selenium.common.exceptions.ElementClickInterceptedException: Message: element click intercepted: Element <button type=\"button\" class=\" bg-brand-500 border-0 justify-center rounded-md text-white  inline-flex gap-2 items-center px-5 text-lg\">...</button> is not clickable at point (1185, 87). Other element would receive the click: <button type=\"button\" class=\"border-2 justify-center rounded-md text-xl inline-flex items-center md:rounded-xl md:size-14 size-12 border-filter-button-default filter-button-icon-default\">...</button>\nE         (Session info: chrome=139.0.7258.155); For documentation on this error, please visit: https://www.selenium.dev/documentation/webdriver/troubleshooting/errors#elementclickinterceptedexception\nE       Stacktrace:\nE       \tGetHandleVerifier [0x0x7ff73dc13d85+79397]\nE       \tGetHandleVerifier [0x0x7ff73dc13de0+79488]\nE       \t(No symbol) [0x0x7ff73d9bc0fa]\nE       \t(No symbol) [0x0x7ff73da1afd9]\nE       \t(No symbol) [0x0x7ff73da18972]\nE       \t(No symbol) [0x0x7ff73da159c1]\nE       \t(No symbol) [0x0x7ff73da148b1]\nE       \t(No symbol) [0x0x7ff73da060e8]\nE       \t(No symbol) [0x0x7ff73da3b19a]\nE       \t(No symbol) [0x0x7ff73da05996]\nE       \t(No symbol) [0x0x7ff73da3b3b0]\nE       \t(No symbol) [0x0x7ff73da63344]\nE       \t(No symbol) [0x0x7ff73da3af73]\nE       \t(No symbol) [0x0x7ff73da041b1]\nE       \t(No symbol) [0x0x7ff73da04f43]\nE       \tGetHandleVerifier [0x0x7ff73dede1ed+3005069]\nE       \tGetHandleVerifier [0x0x7ff73ded831d+2980797]\nE       \tGetHandleVerifier [0x0x7ff73def7e0d+3110573]\nE       \tGetHandleVerifier [0x0x7ff73dc2d6de+184190]\nE       \tGetHandleVerifier [0x0x7ff73dc3516f+215567]\nE       \tGetHandleVerifier [0x0x7ff73dc1c974+115220]\nE       \tGetHandleVerifier [0x0x7ff73dc1cb29+115657]\nE       \tGetHandleVerifier [0x0x7ff73dc03268+11016]\nE       \tBaseThreadInitThunk [0x0x7fffac0be8d7+23]\nE       \tRtlUserThreadStart [0x0x7fffadb68d9c+44]\n\n.venv\\Lib\\site-packages\\selenium\\webdriver\\remote\\errorhandler.py:232: ElementClickInterceptedException"}, "start": 1756818036580, "stop": 1756818057047, "uuid": "6a87d264-463e-4987-935f-d011fe9ee324", "historyId": "33a51106bf2e2b8502230901bcf37c62", "testCaseId": "33a51106bf2e2b8502230901bcf37c62", "fullName": "tests.test_reporting#test_reporting_export_this_page", "labels": [{"name": "parentSuite", "value": "tests"}, {"name": "suite", "value": "test_reporting"}, {"name": "host", "value": "DESKTOP-THM7RLI"}, {"name": "thread", "value": "13816-MainThread"}, {"name": "framework", "value": "pytest"}, {"name": "language", "value": "cpython3"}, {"name": "package", "value": "tests.test_reporting"}], "titlePath": ["tests", "test_reporting.py"]}