{"name": "test_profile_page_load", "status": "broken", "statusDetails": {"message": "selenium.common.exceptions.InvalidSelectorException: Message: invalid selector: Unable to locate an element with the xpath expression //li[normalize-space()='Email ID']' because of the following error:\nSyntaxError: Failed to execute 'evaluate' on 'Document': The string '//li[normalize-space()='Email ID']'' is not a valid XPath expression.\n  (Session info: chrome=140.0.7339.185); For documentation on this error, please visit: https://www.selenium.dev/documentation/webdriver/troubleshooting/errors#invalidselectorexception\nStacktrace:\n\tGetHandleVerifier [0x0x7ff6003c1eb5+80197]\n\tGetHandleVerifier [0x0x7ff6003c1f10+80288]\n\t(No symbol) [0x0x7ff6001402fa]\n\t(No symbol) [0x0x7ff600147e5a]\n\t(No symbol) [0x0x7ff60014af6f]\n\t(No symbol) [0x0x7ff60014b02f]\n\t(No symbol) [0x0x7ff600197587]\n\t(No symbol) [0x0x7ff600197f9c]\n\t(No symbol) [0x0x7ff6001eba87]\n\t(No symbol) [0x0x7ff6001c03bf]\n\t(No symbol) [0x0x7ff6001e87fb]\n\t(No symbol) [0x0x7ff6001c0153]\n\t(No symbol) [0x0x7ff600188b02]\n\t(No symbol) [0x0x7ff6001898d3]\n\tGetHandleVerifier [0x0x7ff60067e83d+2949837]\n\tGetHandleVerifier [0x0x7ff600678c6a+2926330]\n\tGetHandleVerifier [0x0x7ff6006986c7+3055959]\n\tGetHandleVerifier [0x0x7ff6003dcfee+191102]\n\tGetHandleVerifier [0x0x7ff6003e50af+224063]\n\tGetHandleVerifier [0x0x7ff6003caf64+117236]\n\tGetHandleVerifier [0x0x7ff6003cb119+117673]\n\tGetHandleVerifier [0x0x7ff6003b10a8+11064]\n\tBaseThreadInitThunk [0x0x7fffb70fe8d7+23]\n\tRtlUserThreadStart [0x0x7fffb8f48d9c+44]", "trace": "driver = <selenium.webdriver.chrome.webdriver.WebDriver (session=\"38e8fdb5a039145fdbe31263be0ed2c5\")>\n\n    def test_profile_page_load(driver):\n        lp = LoginPage(driver)\n        db = DashBoard(driver)\n        p = Profile(driver)\n        lp.do_login(Constant.USERNAME, Constant.PASSWORD)\n        db.element_displayed(db.DASHBOARD_TEXT)\n        p.do_click(p.PROFILE_BTN)\n        p.do_click(p.PROFILE_SUB_BTN)\n        assert p.get_element_text(p.PROFILE_NAME) == \"Name\"\n>       assert p.get_element_text(p.PROFILE_EMAIL) == \"Email ID\"\n               ^^^^^^^^^^^^^^^^^^^^^^^^^^^^^^^^^^^\n\ntests\\test_profile.py:18: \n_ _ _ _ _ _ _ _ _ _ _ _ _ _ _ _ _ _ _ _ _ _ _ _ _ _ _ _ _ _ _ _ _ _ _ _ _ _ _ _\npages\\base_page.py:23: in get_element_text\n    return WebDriverWait(self.driver,10).until(EC.visibility_of_element_located(locator)).text\n           ^^^^^^^^^^^^^^^^^^^^^^^^^^^^^^^^^^^^^^^^^^^^^^^^^^^^^^^^^^^^^^^^^^^^^^^^^^^^^^\n.venv\\Lib\\site-packages\\selenium\\webdriver\\support\\wait.py:129: in until\n    value = method(self._driver)\n            ^^^^^^^^^^^^^^^^^^^^\n.venv\\Lib\\site-packages\\selenium\\webdriver\\support\\expected_conditions.py:217: in _predicate\n    return _element_if_visible(driver.find_element(*locator))\n                               ^^^^^^^^^^^^^^^^^^^^^^^^^^^^^\n.venv\\Lib\\site-packages\\selenium\\webdriver\\remote\\webdriver.py:926: in find_element\n    return self.execute(Command.FIND_ELEMENT, {\"using\": by, \"value\": value})[\"value\"]\n           ^^^^^^^^^^^^^^^^^^^^^^^^^^^^^^^^^^^^^^^^^^^^^^^^^^^^^^^^^^^^^^^^^\n.venv\\Lib\\site-packages\\selenium\\webdriver\\remote\\webdriver.py:458: in execute\n    self.error_handler.check_response(response)\n_ _ _ _ _ _ _ _ _ _ _ _ _ _ _ _ _ _ _ _ _ _ _ _ _ _ _ _ _ _ _ _ _ _ _ _ _ _ _ _\n\nself = <selenium.webdriver.remote.errorhandler.ErrorHandler object at 0x000002C773C0A270>\nresponse = {'status': 400, 'value': '{\"value\":{\"error\":\"invalid selector\",\"message\":\"invalid selector: Unable to locate an elemen...ff6003b10a8+11064]\\\\n\\\\tBaseThreadInitThunk [0x0x7fffb70fe8d7+23]\\\\n\\\\tRtlUserThreadStart [0x0x7fffb8f48d9c+44]\\\\n\"}}'}\n\n    def check_response(self, response: dict[str, Any]) -> None:\n        \"\"\"Checks that a JSON response from the WebDriver does not have an\n        error.\n    \n        :Args:\n         - response - The JSON response from the WebDriver server as a dictionary\n           object.\n    \n        :Raises: If the response contains an error message.\n        \"\"\"\n        status = response.get(\"status\", None)\n        if not status or status == ErrorCode.SUCCESS:\n            return\n        value = None\n        message = response.get(\"message\", \"\")\n        screen: str = response.get(\"screen\", \"\")\n        stacktrace = None\n        if isinstance(status, int):\n            value_json = response.get(\"value\", None)\n            if value_json and isinstance(value_json, str):\n                try:\n                    value = json.loads(value_json)\n                    if isinstance(value, dict):\n                        if len(value) == 1:\n                            value = value[\"value\"]\n                        status = value.get(\"error\", None)\n                        if not status:\n                            status = value.get(\"status\", ErrorCode.UNKNOWN_ERROR)\n                            message = value.get(\"value\") or value.get(\"message\")\n                            if not isinstance(message, str):\n                                value = message\n                                message = message.get(\"message\")\n                        else:\n                            message = value.get(\"message\", None)\n                except ValueError:\n                    pass\n    \n        exception_class: type[WebDriverException]\n        e = ErrorCode()\n        error_codes = [item for item in dir(e) if not item.startswith(\"__\")]\n        for error_code in error_codes:\n            error_info = getattr(ErrorCode, error_code)\n            if isinstance(error_info, list) and status in error_info:\n                exception_class = getattr(ExceptionMapping, error_code, WebDriverException)\n                break\n        else:\n            exception_class = WebDriverException\n    \n        if not value:\n            value = response[\"value\"]\n        if isinstance(value, str):\n            raise exception_class(value)\n        if message == \"\" and \"message\" in value:\n            message = value[\"message\"]\n    \n        screen = None  # type: ignore[assignment]\n        if \"screen\" in value:\n            screen = value[\"screen\"]\n    \n        stacktrace = None\n        st_value = value.get(\"stackTrace\") or value.get(\"stacktrace\")\n        if st_value:\n            if isinstance(st_value, str):\n                stacktrace = st_value.split(\"\\n\")\n            else:\n                stacktrace = []\n                try:\n                    for frame in st_value:\n                        line = frame.get(\"lineNumber\", \"\")\n                        file = frame.get(\"fileName\", \"<anonymous>\")\n                        if line:\n                            file = f\"{file}:{line}\"\n                        meth = frame.get(\"methodName\", \"<anonymous>\")\n                        if \"className\" in frame:\n                            meth = f\"{frame['className']}.{meth}\"\n                        msg = \"    at %s (%s)\"\n                        msg = msg % (meth, file)\n                        stacktrace.append(msg)\n                except TypeError:\n                    pass\n        if exception_class == UnexpectedAlertPresentException:\n            alert_text = None\n            if \"data\" in value:\n                alert_text = value[\"data\"].get(\"text\")\n            elif \"alert\" in value:\n                alert_text = value[\"alert\"].get(\"text\")\n            raise exception_class(message, screen, stacktrace, alert_text)  # type: ignore[call-arg]  # mypy is not smart enough here\n>       raise exception_class(message, screen, stacktrace)\nE       selenium.common.exceptions.InvalidSelectorException: Message: invalid selector: Unable to locate an element with the xpath expression //li[normalize-space()='Email ID']' because of the following error:\nE       SyntaxError: Failed to execute 'evaluate' on 'Document': The string '//li[normalize-space()='Email ID']'' is not a valid XPath expression.\nE         (Session info: chrome=140.0.7339.185); For documentation on this error, please visit: https://www.selenium.dev/documentation/webdriver/troubleshooting/errors#invalidselectorexception\nE       Stacktrace:\nE       \tGetHandleVerifier [0x0x7ff6003c1eb5+80197]\nE       \tGetHandleVerifier [0x0x7ff6003c1f10+80288]\nE       \t(No symbol) [0x0x7ff6001402fa]\nE       \t(No symbol) [0x0x7ff600147e5a]\nE       \t(No symbol) [0x0x7ff60014af6f]\nE       \t(No symbol) [0x0x7ff60014b02f]\nE       \t(No symbol) [0x0x7ff600197587]\nE       \t(No symbol) [0x0x7ff600197f9c]\nE       \t(No symbol) [0x0x7ff6001eba87]\nE       \t(No symbol) [0x0x7ff6001c03bf]\nE       \t(No symbol) [0x0x7ff6001e87fb]\nE       \t(No symbol) [0x0x7ff6001c0153]\nE       \t(No symbol) [0x0x7ff600188b02]\nE       \t(No symbol) [0x0x7ff6001898d3]\nE       \tGetHandleVerifier [0x0x7ff60067e83d+2949837]\nE       \tGetHandleVerifier [0x0x7ff600678c6a+2926330]\nE       \tGetHandleVerifier [0x0x7ff6006986c7+3055959]\nE       \tGetHandleVerifier [0x0x7ff6003dcfee+191102]\nE       \tGetHandleVerifier [0x0x7ff6003e50af+224063]\nE       \tGetHandleVerifier [0x0x7ff6003caf64+117236]\nE       \tGetHandleVerifier [0x0x7ff6003cb119+117673]\nE       \tGetHandleVerifier [0x0x7ff6003b10a8+11064]\nE       \tBaseThreadInitThunk [0x0x7fffb70fe8d7+23]\nE       \tRtlUserThreadStart [0x0x7fffb8f48d9c+44]\n\n.venv\\Lib\\site-packages\\selenium\\webdriver\\remote\\errorhandler.py:232: InvalidSelectorException"}, "start": 1758794956912, "stop": 1758794963529, "uuid": "76a4b5e4-586a-4c92-8a2c-34c0fcadd139", "historyId": "36298a95e21bc3c99be079fe74deaced", "testCaseId": "36298a95e21bc3c99be079fe74deaced", "fullName": "tests.test_profile#test_profile_page_load", "labels": [{"name": "parentSuite", "value": "tests"}, {"name": "suite", "value": "test_profile"}, {"name": "host", "value": "DESKTOP-THM7RLI"}, {"name": "thread", "value": "9976-MainThread"}, {"name": "framework", "value": "pytest"}, {"name": "language", "value": "cpython3"}, {"name": "package", "value": "tests.test_profile"}], "titlePath": ["tests", "test_profile.py"]}