{"name": "test_data_in_call_volume_trend_chart", "status": "broken", "statusDetails": {"message": "selenium.common.exceptions.TimeoutException: Message: \nStacktrace:\n\tGetHandleVerifier [0x0x7ff6a0f778d5+2802741]\n\tGetHandleVerifier [0x0x7ff6a0cdeb70+79568]\n\t(No symbol) [0x0x7ff6a0a7c0fa]\n\t(No symbol) [0x0x7ff6a0ad2a96]\n\t(No symbol) [0x0x7ff6a0ad2d4c]\n\t(No symbol) [0x0x7ff6a0b26017]\n\t(No symbol) [0x0x7ff6a0afaccf]\n\t(No symbol) [0x0x7ff6a0b22e24]\n\t(No symbol) [0x0x7ff6a0afaa63]\n\t(No symbol) [0x0x7ff6a0ac3c91]\n\t(No symbol) [0x0x7ff6a0ac4a23]\n\tGetHandleVerifier [0x0x7ff6a0fa2ced+2979917]\n\tGetHandleVerifier [0x0x7ff6a0f9d0f3+2956371]\n\tGetHandleVerifier [0x0x7ff6a0fbacbd+3078173]\n\tGetHandleVerifier [0x0x7ff6a0cf836e+184014]\n\tGetHandleVerifier [0x0x7ff6a0d0024f+216495]\n\tGetHandleVerifier [0x0x7ff6a0ce70c4+113700]\n\tGetHandleVerifier [0x0x7ff6a0ce7279+114137]\n\tGetHandleVerifier [0x0x7ff6a0ccdf78+10968]\n\tBaseThreadInitThunk [0x0x7ffcf26ae8d7+23]\n\tRtlUserThreadStart [0x0x7ffcf431c34c+44]", "trace": "driver = <selenium.webdriver.chrome.webdriver.WebDriver (session=\"68409370044865eb2e3b933bfb1000d7\")>\n\n    def test_data_in_call_volume_trend_chart(driver):\n        lp = LoginPage(driver)\n        r = Reporting(driver)\n        lp.do_login(Constant.USERNAME, Constant.PASSWORD)\n        db = DashBoard(driver)\n        db.element_displayed(db.DASHBOARD_TEXT)\n        db.click_reporting_ele()\n>       r.set_date()\n\ntests\\test_reporting.py:102: \n_ _ _ _ _ _ _ _ _ _ _ _ _ _ _ _ _ _ _ _ _ _ _ _ _ _ _ _ _ _ _ _ _ _ _ _ _ _ _ _\npages\\reporting_page.py:62: in set_date\n    self.do_click(self.DATE_RANGE)\npages\\base_page.py:11: in do_click\n    WebDriverWait(self.driver,10).until(EC.element_to_be_clickable(by_locator)).click()\n    ^^^^^^^^^^^^^^^^^^^^^^^^^^^^^^^^^^^^^^^^^^^^^^^^^^^^^^^^^^^^^^^^^^^^^^^^^^^\n_ _ _ _ _ _ _ _ _ _ _ _ _ _ _ _ _ _ _ _ _ _ _ _ _ _ _ _ _ _ _ _ _ _ _ _ _ _ _ _\n\nself = <selenium.webdriver.support.wait.WebDriverWait (session=\"68409370044865eb2e3b933bfb1000d7\")>\nmethod = <function element_to_be_clickable.<locals>._predicate at 0x000001434E113A60>\nmessage = ''\n\n    def until(self, method: Callable[[D], Union[Literal[False], T]], message: str = \"\") -> T:\n        \"\"\"Wait until the method returns a value that is not False.\n    \n        Calls the method provided with the driver as an argument until the\n        return value does not evaluate to ``False``.\n    \n        Parameters:\n        -----------\n        method: callable(WebDriver)\n            - A callable object that takes a WebDriver instance as an argument.\n    \n        message: str\n            - Optional message for :exc:`TimeoutException`\n    \n        Return:\n        -------\n        object: T\n            - The result of the last call to `method`\n    \n        Raises:\n        -------\n        TimeoutException\n            - If 'method' does not return a truthy value within the WebDriverWait\n            object's timeout\n    \n        Example:\n        --------\n        >>> from selenium.webdriver.common.by import By\n        >>> from selenium.webdriver.support.ui import WebDriverWait\n        >>> from selenium.webdriver.support import expected_conditions as EC\n    \n        # Wait until an element is visible on the page\n        >>> wait = WebDriverWait(driver, 10)\n        >>> element = wait.until(EC.visibility_of_element_located((By.ID, \"exampleId\")))\n        >>> print(element.text)\n        \"\"\"\n        screen = None\n        stacktrace = None\n    \n        end_time = time.monotonic() + self._timeout\n        while True:\n            try:\n                value = method(self._driver)\n                if value:\n                    return value\n            except self._ignored_exceptions as exc:\n                screen = getattr(exc, \"screen\", None)\n                stacktrace = getattr(exc, \"stacktrace\", None)\n            if time.monotonic() > end_time:\n                break\n            time.sleep(self._poll)\n>       raise TimeoutException(message, screen, stacktrace)\nE       selenium.common.exceptions.TimeoutException: Message: \nE       Stacktrace:\nE       \tGetHandleVerifier [0x0x7ff6a0f778d5+2802741]\nE       \tGetHandleVerifier [0x0x7ff6a0cdeb70+79568]\nE       \t(No symbol) [0x0x7ff6a0a7c0fa]\nE       \t(No symbol) [0x0x7ff6a0ad2a96]\nE       \t(No symbol) [0x0x7ff6a0ad2d4c]\nE       \t(No symbol) [0x0x7ff6a0b26017]\nE       \t(No symbol) [0x0x7ff6a0afaccf]\nE       \t(No symbol) [0x0x7ff6a0b22e24]\nE       \t(No symbol) [0x0x7ff6a0afaa63]\nE       \t(No symbol) [0x0x7ff6a0ac3c91]\nE       \t(No symbol) [0x0x7ff6a0ac4a23]\nE       \tGetHandleVerifier [0x0x7ff6a0fa2ced+2979917]\nE       \tGetHandleVerifier [0x0x7ff6a0f9d0f3+2956371]\nE       \tGetHandleVerifier [0x0x7ff6a0fbacbd+3078173]\nE       \tGetHandleVerifier [0x0x7ff6a0cf836e+184014]\nE       \tGetHandleVerifier [0x0x7ff6a0d0024f+216495]\nE       \tGetHandleVerifier [0x0x7ff6a0ce70c4+113700]\nE       \tGetHandleVerifier [0x0x7ff6a0ce7279+114137]\nE       \tGetHandleVerifier [0x0x7ff6a0ccdf78+10968]\nE       \tBaseThreadInitThunk [0x0x7ffcf26ae8d7+23]\nE       \tRtlUserThreadStart [0x0x7ffcf431c34c+44]\n\n.venv\\Lib\\site-packages\\selenium\\webdriver\\support\\wait.py:138: TimeoutException"}, "start": 1755947868387, "stop": 1755947884904, "uuid": "09a1f76e-7b7c-4b7e-9243-0c7a4e25bc33", "historyId": "97a2751806dfaf4ffdfbe889d7100f07", "testCaseId": "97a2751806dfaf4ffdfbe889d7100f07", "fullName": "tests.test_reporting#test_data_in_call_volume_trend_chart", "labels": [{"name": "parentSuite", "value": "tests"}, {"name": "suite", "value": "test_reporting"}, {"name": "host", "value": "DESKTOP-THM7RLI"}, {"name": "thread", "value": "11996-MainThread"}, {"name": "framework", "value": "pytest"}, {"name": "language", "value": "cpython3"}, {"name": "package", "value": "tests.test_reporting"}], "titlePath": ["tests", "test_reporting.py"]}