{"name": "test_export_offer", "status": "failed", "statusDetails": {"message": "AssertionError: No CSV file found!\nassert []", "trace": "driver_with_downloads = <selenium.webdriver.chrome.webdriver.WebDriver (session=\"2080b2d18c059f880648d7374d36ee36\")>\n\n    def test_export_offer(driver_with_downloads):\n        driver = driver_with_downloads\n        lp = LoginPage(driver)\n        o = Offer(driver)\n        lp.do_login(Constant.USERNAME, Constant.PASSWORD)\n        db = DashBoard(driver)\n        db.element_displayed(db.DASHBOARD_TEXT)\n        db.click_offer_ele()\n        assert isinstance(o.is_table_data_present(), str), \"Table data not present\"\n        o.js_click(o.OFFER_EXPORT_BTN)\n        time.sleep(5)\n        files = [f for f in os.listdir(driver.download_dir) if f.endswith(\".csv\")]\n>       assert files, \"No CSV file found!\"\nE       AssertionError: No CSV file found!\nE       assert []\n\ntests\\test_offer.py:203: AssertionError"}, "start": 1759298374807, "stop": 1759298389860, "uuid": "6bd1b940-85b3-494e-b1ba-ced23d8fe35c", "historyId": "4708d067d01fce0834722e65bb61c4bd", "testCaseId": "4708d067d01fce0834722e65bb61c4bd", "fullName": "tests.test_offer#test_export_offer", "labels": [{"name": "parentSuite", "value": "tests"}, {"name": "suite", "value": "test_offer"}, {"name": "host", "value": "DESKTOP-THM7RLI"}, {"name": "thread", "value": "12016-MainThread"}, {"name": "framework", "value": "pytest"}, {"name": "language", "value": "cpython3"}, {"name": "package", "value": "tests.test_offer"}], "titlePath": ["tests", "test_offer.py"]}