{"name": "test_create_new_offer", "status": "failed", "statusDetails": {"message": "AssertionError", "trace": "self = <pages.offer_page.Offer object at 0x000001EF1E433BB0>, locator = ('xpath', '//tr[1]//td[2]'), timeout = 15\n\n    def wait_for_non_empty_text(self, locator, timeout=15):\n        try:\n>           return WebDriverWait(self.driver, timeout).until(\n                lambda d: d.find_element(*locator).text.strip() != \"\"\n        )\n\npages\\base_page.py:117: \n_ _ _ _ _ _ _ _ _ _ _ _ _ _ _ _ _ _ _ _ _ _ _ _ _ _ _ _ _ _ _ _ _ _ _ _ _ _ _ _ _ _ _ _ _ _ _ _ _ _ _ _ _ _ _ _ _ _ _ _ _ _ _\n\nself = <selenium.webdriver.support.wait.WebDriverWait (session=\"e1f484b51943ef726ca54a30921f6be5\")>\nmethod = <function BasePage.wait_for_non_empty_text.<locals>.<lambda> at 0x000001EF1E5A2E80>, message = ''\n\n    def until(self, method: Callable[[D], Union[Literal[False], T]], message: str = \"\") -> T:\n        \"\"\"Wait until the method returns a value that is not False.\n    \n        Calls the method provided with the driver as an argument until the\n        return value does not evaluate to ``False``.\n    \n        Parameters:\n        -----------\n        method: callable(WebDriver)\n            - A callable object that takes a WebDriver instance as an argument.\n    \n        message: str\n            - Optional message for :exc:`TimeoutException`\n    \n        Return:\n        -------\n        object: T\n            - The result of the last call to `method`\n    \n        Raises:\n        -------\n        TimeoutException\n            - If 'method' does not return a truthy value within the WebDriverWait\n            object's timeout\n    \n        Example:\n        --------\n        >>> from selenium.webdriver.common.by import By\n        >>> from selenium.webdriver.support.ui import WebDriverWait\n        >>> from selenium.webdriver.support import expected_conditions as EC\n    \n        # Wait until an element is visible on the page\n        >>> wait = WebDriverWait(driver, 10)\n        >>> element = wait.until(EC.visibility_of_element_located((By.ID, \"exampleId\")))\n        >>> print(element.text)\n        \"\"\"\n        screen = None\n        stacktrace = None\n    \n        end_time = time.monotonic() + self._timeout\n        while True:\n            try:\n                value = method(self._driver)\n                if value:\n                    return value\n            except self._ignored_exceptions as exc:\n                screen = getattr(exc, \"screen\", None)\n                stacktrace = getattr(exc, \"stacktrace\", None)\n            if time.monotonic() > end_time:\n                break\n            time.sleep(self._poll)\n>       raise TimeoutException(message, screen, stacktrace)\nE       selenium.common.exceptions.TimeoutException: Message: \nE       Stacktrace:\nE       \tGetHandleVerifier [0x0x7ff6003c1eb5+80197]\nE       \tGetHandleVerifier [0x0x7ff6003c1f10+80288]\nE       \t(No symbol) [0x0x7ff6001402fa]\nE       \t(No symbol) [0x0x7ff600197cd7]\nE       \t(No symbol) [0x0x7ff600197f9c]\nE       \t(No symbol) [0x0x7ff6001eba87]\nE       \t(No symbol) [0x0x7ff6001c03bf]\nE       \t(No symbol) [0x0x7ff6001e87fb]\nE       \t(No symbol) [0x0x7ff6001c0153]\nE       \t(No symbol) [0x0x7ff600188b02]\nE       \t(No symbol) [0x0x7ff6001898d3]\nE       \tGetHandleVerifier [0x0x7ff60067e83d+2949837]\nE       \tGetHandleVerifier [0x0x7ff600678c6a+2926330]\nE       \tGetHandleVerifier [0x0x7ff6006986c7+3055959]\nE       \tGetHandleVerifier [0x0x7ff6003dcfee+191102]\nE       \tGetHandleVerifier [0x0x7ff6003e50af+224063]\nE       \tGetHandleVerifier [0x0x7ff6003caf64+117236]\nE       \tGetHandleVerifier [0x0x7ff6003cb119+117673]\nE       \tGetHandleVerifier [0x0x7ff6003b10a8+11064]\nE       \tBaseThreadInitThunk [0x0x7fffb70fe8d7+23]\nE       \tRtlUserThreadStart [0x0x7fffb8f48d9c+44]\n\n.venv\\Lib\\site-packages\\selenium\\webdriver\\support\\wait.py:138: TimeoutException\n\nDuring handling of the above exception, another exception occurred:\n\ndriver = <selenium.webdriver.chrome.webdriver.WebDriver (session=\"e1f484b51943ef726ca54a30921f6be5\")>\n\n    def test_create_new_offer(driver):\n        lp = LoginPage(driver)\n        o = Offer(driver)\n        lp.do_login(Constant.USERNAME, Constant.PASSWORD)\n        db = DashBoard(driver)\n        db.element_displayed(db.DASHBOARD_TEXT)\n        db.click_offer_ele()\n        #assert isinstance(o.is_table_data_present(), str), \"Table data not present\"\n        o.do_click(o.CREATE_OFFER_BUTTON)\n        assert o.element_displayed(o.CREATE_OFFER_HEADER)\n        o.fill(o.OFFER_NAME_INPUT, Constant.CREATE_OFFER_NAME)\n        o.select_country()\n        o.select_offer_start_date()\n        o.select_offer_end_date()\n        o.select_offer_visibility()\n        o.select_conversion_type()\n        o.select_conversion_method()\n        o.select_call_timer_start()\n        o.fill(o.DURATION_INPUT, Constant.DURATION_IN_SECONDS)\n        o.select_payout_method()\n        o.fill(o.PAYOUT_INPUT, Constant.PAYOUT_AMOUNT)\n        o.fill(o.REVENUE_INPUT, Constant.PAYOUT_AMOUNT)\n        o.select_duplicate_timeframe()\n        o.do_click(o.CREATE_OFFER_BTN)\n>       assert isinstance(o.is_table_data_present(), str), \"Table data not present\"\n                          ^^^^^^^^^^^^^^^^^^^^^^^^^\n\ntests\\test_offer.py:87: \n_ _ _ _ _ _ _ _ _ _ _ _ _ _ _ _ _ _ _ _ _ _ _ _ _ _ _ _ _ _ _ _ _ _ _ _ _ _ _ _ _ _ _ _ _ _ _ _ _ _ _ _ _ _ _ _ _ _ _ _ _ _ _\npages\\offer_page.py:70: in is_table_data_present\n    self.wait_for_non_empty_text(self.FIRST_CELL)\n_ _ _ _ _ _ _ _ _ _ _ _ _ _ _ _ _ _ _ _ _ _ _ _ _ _ _ _ _ _ _ _ _ _ _ _ _ _ _ _ _ _ _ _ _ _ _ _ _ _ _ _ _ _ _ _ _ _ _ _ _ _ _\n\nself = <pages.offer_page.Offer object at 0x000001EF1E433BB0>, locator = ('xpath', '//tr[1]//td[2]'), timeout = 15\n\n    def wait_for_non_empty_text(self, locator, timeout=15):\n        try:\n            return WebDriverWait(self.driver, timeout).until(\n                lambda d: d.find_element(*locator).text.strip() != \"\"\n        )\n        except TimeoutException:\n>           raise AssertionError\nE           AssertionError\n\npages\\base_page.py:121: AssertionError"}, "start": 1758796713970, "stop": 1758796737174, "uuid": "8d743983-2b0e-457c-b519-4e1de49e7c0d", "historyId": "fb9ecd2733452b011ae9cdbd5adbf9e4", "testCaseId": "fb9ecd2733452b011ae9cdbd5adbf9e4", "fullName": "tests.test_offer#test_create_new_offer", "labels": [{"name": "parentSuite", "value": "tests"}, {"name": "suite", "value": "test_offer"}, {"name": "host", "value": "DESKTOP-THM7RLI"}, {"name": "thread", "value": "6964-MainThread"}, {"name": "framework", "value": "pytest"}, {"name": "language", "value": "cpython3"}, {"name": "package", "value": "tests.test_offer"}], "titlePath": ["tests", "test_offer.py"]}