{"name": "test_net_profit", "status": "failed", "statusDetails": {"message": "AssertionError: Expected net profit: 8408.84, but got 9254.84\nassert 9254.84 == 8408.84", "trace": "driver = <selenium.webdriver.chrome.webdriver.WebDriver (session=\"56a1ee1074ee27377c5728e3aa3bec17\")>\n\n    def test_net_profit(driver):\n        lp = LoginPage(driver)\n        r = Reporting(driver)\n        lp.do_login(Constant.USERNAME, Constant.PASSWORD)\n        db = DashBoard(driver)\n        db.element_displayed(db.DASHBOARD_TEXT)\n        db.click_reporting_ele()\n        r.set_date()\n        time.sleep(2)\n        r.do_click(r.REFRESH_BUTTON)\n        act_net_profit = float(r.get_element_text(r.NET_PROFIT).replace(\"$\", \"\"))\n        exp_net_profit = float(r.get_element_text(r.GROSS_PROFIT).replace(\"$\", \"\")) - float(r.get_element_text(r.EXPENSE).replace(\"$\", \"\"))\n>       assert act_net_profit == exp_net_profit, f\"Expected net profit: {exp_net_profit}, but got {act_net_profit}\"\nE       AssertionError: Expected net profit: 8408.84, but got 9254.84\nE       assert 9254.84 == 8408.84\n\ntests\\test_reporting.py:243: AssertionError"}, "start": 1756295913256, "stop": 1756295923886, "uuid": "44e49719-28fd-4f32-aa30-2fba88069579", "historyId": "dcd6f49bb5aaab48275af511a972eec5", "testCaseId": "dcd6f49bb5aaab48275af511a972eec5", "fullName": "tests.test_reporting#test_net_profit", "labels": [{"name": "parentSuite", "value": "tests"}, {"name": "suite", "value": "test_reporting"}, {"name": "host", "value": "DESKTOP-THM7RLI"}, {"name": "thread", "value": "640-MainThread"}, {"name": "framework", "value": "pytest"}, {"name": "language", "value": "cpython3"}, {"name": "package", "value": "tests.test_reporting"}], "titlePath": ["tests", "test_reporting.py"]}