{"name": "test_delete_offer", "status": "failed", "statusDetails": {"message": "AssertionError: Offer not deleted\nassert '' == 'Offer deleted successfully'\n  \n  - Offer deleted successfully", "trace": "driver = <selenium.webdriver.chrome.webdriver.WebDriver (session=\"e0e19ab985ab0cee1bcc4abc989c0019\")>\n\n    def test_delete_offer(driver):\n        lp = LoginPage(driver)\n        o = Offer(driver)\n        lp.do_login(Constant.USERNAME, Constant.PASSWORD)\n        db = DashBoard(driver)\n        db.element_displayed(db.DASHBOARD_TEXT)\n        db.click_offer_ele()\n        assert isinstance(o.is_table_data_present(), str), \"Table data not present\"\n        o.do_click(o.DELETE_OFFER_BUTTON)\n        o.do_click(o.DELETE_OFFER_YES_BUTTON)\n        text = o.get_element_text(o.POPUP_OFFER_DELETED)\n>       assert text == \"Offer deleted successfully\", \"Offer not deleted\"\nE       AssertionError: Offer not deleted\nE       assert '' == 'Offer deleted successfully'\nE         \nE         - Offer deleted successfully\n\ntests\\test_offer.py:115: AssertionError"}, "start": 1758542201098, "stop": 1758542212349, "uuid": "651a88a9-7fad-417d-83fb-eab5999e8884", "historyId": "ab920fa3de74a7926de6d39f2c7fdbd8", "testCaseId": "ab920fa3de74a7926de6d39f2c7fdbd8", "fullName": "tests.test_offer#test_delete_offer", "labels": [{"name": "parentSuite", "value": "tests"}, {"name": "suite", "value": "test_offer"}, {"name": "host", "value": "DESKTOP-THM7RLI"}, {"name": "thread", "value": "16812-MainThread"}, {"name": "framework", "value": "pytest"}, {"name": "language", "value": "cpython3"}, {"name": "package", "value": "tests.test_offer"}], "titlePath": ["tests", "test_offer.py"]}