{"name": "test_total_calls", "status": "failed", "statusDetails": {"message": "AssertionError: Expected total calls: 478, but got 508\nassert 508 == 478", "trace": "driver = <selenium.webdriver.chrome.webdriver.WebDriver (session=\"06a4c0361e194a98574ed4009e9909a3\")>\n\n    def test_total_calls(driver):\n        lp = LoginPage(driver)\n        r = Reporting(driver)\n        lp.do_login(Constant.USERNAME, Constant.PASSWORD)\n        db = DashBoard(driver)\n        db.element_displayed(db.DASHBOARD_TEXT)\n        db.click_reporting_ele()\n        r.set_date()\n        time.sleep(2)\n        r.do_click(r.REFRESH_BUTTON)\n        assert r.element_displayed(r.TOTAL_CALLS)\n        act_total_calls = int(r.get_element_text(r.TOTAL_CALLS))\n        incoming_calls = int(r.get_element_text(r.CSO_INCOMING_CALLS))\n        sys_hangup_calls = int(r.get_element_text(r.CD_SYS_HANGUP_CALLS))\n        exp_total_calls = incoming_calls\n>       assert act_total_calls == exp_total_calls, f\"Expected total calls: {exp_total_calls}, but got {act_total_calls}\"\nE       AssertionError: Expected total calls: 478, but got 508\nE       assert 508 == 478\n\ntests\\test_reporting.py:217: AssertionError"}, "start": 1757577079721, "stop": 1757577094311, "uuid": "ea88c3be-28f3-4a12-819b-cfbb50420546", "historyId": "1bd15309478f88f54676928cf5685c31", "testCaseId": "1bd15309478f88f54676928cf5685c31", "fullName": "tests.test_reporting#test_total_calls", "labels": [{"name": "parentSuite", "value": "tests"}, {"name": "suite", "value": "test_reporting"}, {"name": "host", "value": "DESKTOP-THM7RLI"}, {"name": "thread", "value": "11220-MainThread"}, {"name": "framework", "value": "pytest"}, {"name": "language", "value": "cpython3"}, {"name": "package", "value": "tests.test_reporting"}], "titlePath": ["tests", "test_reporting.py"]}