{"name": "test_visibility_of_advertiser_table", "status": "broken", "statusDetails": {"message": "selenium.common.exceptions.StaleElementReferenceException: Message: stale element reference: stale element not found in the current frame\n  (Session info: chrome=140.0.7339.185); For documentation on this error, please visit: https://www.selenium.dev/documentation/webdriver/troubleshooting/errors#staleelementreferenceexception\nStacktrace:\n\tGetHandleVerifier [0x0x7ff6c5041eb5+80197]\n\tGetHandleVerifier [0x0x7ff6c5041f10+80288]\n\t(No symbol) [0x0x7ff6c4dc02fa]\n\t(No symbol) [0x0x7ff6c4dc7e5a]\n\t(No symbol) [0x0x7ff6c4dcb2b1]\n\t(No symbol) [0x0x7ff6c4e69b7b]\n\t(No symbol) [0x0x7ff6c4e4037a]\n\t(No symbol) [0x0x7ff6c4e687fb]\n\t(No symbol) [0x0x7ff6c4e40153]\n\t(No symbol) [0x0x7ff6c4e08b02]\n\t(No symbol) [0x0x7ff6c4e098d3]\n\tGetHandleVerifier [0x0x7ff6c52fe83d+2949837]\n\tGetHandleVerifier [0x0x7ff6c52f8c6a+2926330]\n\tGetHandleVerifier [0x0x7ff6c53186c7+3055959]\n\tGetHandleVerifier [0x0x7ff6c505cfee+191102]\n\tGetHandleVerifier [0x0x7ff6c50650af+224063]\n\tGetHandleVerifier [0x0x7ff6c504af64+117236]\n\tGetHandleVerifier [0x0x7ff6c504b119+117673]\n\tGetHandleVerifier [0x0x7ff6c50310a8+11064]\n\tBaseThreadInitThunk [0x0x7ff8999be8d7+23]\n\tRtlUserThreadStart [0x0x7ff89ad0c53c+44]", "trace": "driver = <selenium.webdriver.chrome.webdriver.WebDriver (session=\"9d6451573d280273742134ff70587e0a\")>\n\n    def test_visibility_of_advertiser_table(driver):\n        lp = LoginPage(driver)\n        lp.do_login(Constant.USERNAME, Constant.PASSWORD)\n        db = DashBoard(driver)\n        db.element_displayed(db.DASHBOARD_TEXT)\n        db.click_advertiser_ele()\n>       db.do_click(db.ADVERTISER_PAGE_TAB)\n\ntests\\test_advertiser.py:13: \n_ _ _ _ _ _ _ _ _ _ _ _ _ _ _ _ _ _ _ _ _ _ _ _ _ _ _ _ _ _ _ _ _ _ _ _ _ _ _ _\npages\\base_page.py:14: in do_click\n    WebDriverWait(self.driver,10).until(EC.element_to_be_clickable(by_locator)).click()\n    ^^^^^^^^^^^^^^^^^^^^^^^^^^^^^^^^^^^^^^^^^^^^^^^^^^^^^^^^^^^^^^^^^^^^^^^^^^^\n.venv\\Lib\\site-packages\\selenium\\webdriver\\support\\wait.py:129: in until\n    value = method(self._driver)\n            ^^^^^^^^^^^^^^^^^^^^\n.venv\\Lib\\site-packages\\selenium\\webdriver\\support\\expected_conditions.py:625: in _predicate\n    element = visibility_of(target)(driver)\n              ^^^^^^^^^^^^^^^^^^^^^^^^^^^^^\n.venv\\Lib\\site-packages\\selenium\\webdriver\\support\\expected_conditions.py:252: in _predicate\n    return _element_if_visible(element)\n           ^^^^^^^^^^^^^^^^^^^^^^^^^^^^\n.venv\\Lib\\site-packages\\selenium\\webdriver\\support\\expected_conditions.py:272: in _element_if_visible\n    return element if element.is_displayed() == visibility else False\n                      ^^^^^^^^^^^^^^^^^^^^^^\n.venv\\Lib\\site-packages\\selenium\\webdriver\\remote\\webelement.py:341: in is_displayed\n    return self.parent.execute_script(f\"/* isDisplayed */return ({isDisplayed_js}).apply(null, arguments);\", self)\n           ^^^^^^^^^^^^^^^^^^^^^^^^^^^^^^^^^^^^^^^^^^^^^^^^^^^^^^^^^^^^^^^^^^^^^^^^^^^^^^^^^^^^^^^^^^^^^^^^^^^^^^^\n.venv\\Lib\\site-packages\\selenium\\webdriver\\remote\\webdriver.py:555: in execute_script\n    return self.execute(command, {\"script\": script, \"args\": converted_args})[\"value\"]\n           ^^^^^^^^^^^^^^^^^^^^^^^^^^^^^^^^^^^^^^^^^^^^^^^^^^^^^^^^^^^^^^^^^\n.venv\\Lib\\site-packages\\selenium\\webdriver\\remote\\webdriver.py:458: in execute\n    self.error_handler.check_response(response)\n_ _ _ _ _ _ _ _ _ _ _ _ _ _ _ _ _ _ _ _ _ _ _ _ _ _ _ _ _ _ _ _ _ _ _ _ _ _ _ _\n\nself = <selenium.webdriver.remote.errorhandler.ErrorHandler object at 0x0000026D071E7620>\nresponse = {'status': 404, 'value': '{\"value\":{\"error\":\"stale element reference\",\"message\":\"stale element reference: stale elemen...ff6c50310a8+11064]\\\\n\\\\tBaseThreadInitThunk [0x0x7ff8999be8d7+23]\\\\n\\\\tRtlUserThreadStart [0x0x7ff89ad0c53c+44]\\\\n\"}}'}\n\n    def check_response(self, response: dict[str, Any]) -> None:\n        \"\"\"Checks that a JSON response from the WebDriver does not have an\n        error.\n    \n        :Args:\n         - response - The JSON response from the WebDriver server as a dictionary\n           object.\n    \n        :Raises: If the response contains an error message.\n        \"\"\"\n        status = response.get(\"status\", None)\n        if not status or status == ErrorCode.SUCCESS:\n            return\n        value = None\n        message = response.get(\"message\", \"\")\n        screen: str = response.get(\"screen\", \"\")\n        stacktrace = None\n        if isinstance(status, int):\n            value_json = response.get(\"value\", None)\n            if value_json and isinstance(value_json, str):\n                try:\n                    value = json.loads(value_json)\n                    if isinstance(value, dict):\n                        if len(value) == 1:\n                            value = value[\"value\"]\n                        status = value.get(\"error\", None)\n                        if not status:\n                            status = value.get(\"status\", ErrorCode.UNKNOWN_ERROR)\n                            message = value.get(\"value\") or value.get(\"message\")\n                            if not isinstance(message, str):\n                                value = message\n                                message = message.get(\"message\")\n                        else:\n                            message = value.get(\"message\", None)\n                except ValueError:\n                    pass\n    \n        exception_class: type[WebDriverException]\n        e = ErrorCode()\n        error_codes = [item for item in dir(e) if not item.startswith(\"__\")]\n        for error_code in error_codes:\n            error_info = getattr(ErrorCode, error_code)\n            if isinstance(error_info, list) and status in error_info:\n                exception_class = getattr(ExceptionMapping, error_code, WebDriverException)\n                break\n        else:\n            exception_class = WebDriverException\n    \n        if not value:\n            value = response[\"value\"]\n        if isinstance(value, str):\n            raise exception_class(value)\n        if message == \"\" and \"message\" in value:\n            message = value[\"message\"]\n    \n        screen = None  # type: ignore[assignment]\n        if \"screen\" in value:\n            screen = value[\"screen\"]\n    \n        stacktrace = None\n        st_value = value.get(\"stackTrace\") or value.get(\"stacktrace\")\n        if st_value:\n            if isinstance(st_value, str):\n                stacktrace = st_value.split(\"\\n\")\n            else:\n                stacktrace = []\n                try:\n                    for frame in st_value:\n                        line = frame.get(\"lineNumber\", \"\")\n                        file = frame.get(\"fileName\", \"<anonymous>\")\n                        if line:\n                            file = f\"{file}:{line}\"\n                        meth = frame.get(\"methodName\", \"<anonymous>\")\n                        if \"className\" in frame:\n                            meth = f\"{frame['className']}.{meth}\"\n                        msg = \"    at %s (%s)\"\n                        msg = msg % (meth, file)\n                        stacktrace.append(msg)\n                except TypeError:\n                    pass\n        if exception_class == UnexpectedAlertPresentException:\n            alert_text = None\n            if \"data\" in value:\n                alert_text = value[\"data\"].get(\"text\")\n            elif \"alert\" in value:\n                alert_text = value[\"alert\"].get(\"text\")\n            raise exception_class(message, screen, stacktrace, alert_text)  # type: ignore[call-arg]  # mypy is not smart enough here\n>       raise exception_class(message, screen, stacktrace)\nE       selenium.common.exceptions.StaleElementReferenceException: Message: stale element reference: stale element not found in the current frame\nE         (Session info: chrome=140.0.7339.185); For documentation on this error, please visit: https://www.selenium.dev/documentation/webdriver/troubleshooting/errors#staleelementreferenceexception\nE       Stacktrace:\nE       \tGetHandleVerifier [0x0x7ff6c5041eb5+80197]\nE       \tGetHandleVerifier [0x0x7ff6c5041f10+80288]\nE       \t(No symbol) [0x0x7ff6c4dc02fa]\nE       \t(No symbol) [0x0x7ff6c4dc7e5a]\nE       \t(No symbol) [0x0x7ff6c4dcb2b1]\nE       \t(No symbol) [0x0x7ff6c4e69b7b]\nE       \t(No symbol) [0x0x7ff6c4e4037a]\nE       \t(No symbol) [0x0x7ff6c4e687fb]\nE       \t(No symbol) [0x0x7ff6c4e40153]\nE       \t(No symbol) [0x0x7ff6c4e08b02]\nE       \t(No symbol) [0x0x7ff6c4e098d3]\nE       \tGetHandleVerifier [0x0x7ff6c52fe83d+2949837]\nE       \tGetHandleVerifier [0x0x7ff6c52f8c6a+2926330]\nE       \tGetHandleVerifier [0x0x7ff6c53186c7+3055959]\nE       \tGetHandleVerifier [0x0x7ff6c505cfee+191102]\nE       \tGetHandleVerifier [0x0x7ff6c50650af+224063]\nE       \tGetHandleVerifier [0x0x7ff6c504af64+117236]\nE       \tGetHandleVerifier [0x0x7ff6c504b119+117673]\nE       \tGetHandleVerifier [0x0x7ff6c50310a8+11064]\nE       \tBaseThreadInitThunk [0x0x7ff8999be8d7+23]\nE       \tRtlUserThreadStart [0x0x7ff89ad0c53c+44]\n\n.venv\\Lib\\site-packages\\selenium\\webdriver\\remote\\errorhandler.py:232: StaleElementReferenceException"}, "start": 1760098637524, "stop": 1760098654731, "uuid": "c0ad1392-e448-48e6-b969-33d4e9f90782", "historyId": "d2b226c9bdca1102c71af1011933334b", "testCaseId": "d2b226c9bdca1102c71af1011933334b", "fullName": "tests.test_advertiser#test_visibility_of_advertiser_table", "labels": [{"name": "parentSuite", "value": "tests"}, {"name": "suite", "value": "test_advertiser"}, {"name": "host", "value": "DESKTOP-THM7RLI"}, {"name": "thread", "value": "20272-MainThread"}, {"name": "framework", "value": "pytest"}, {"name": "language", "value": "cpython3"}, {"name": "package", "value": "tests.test_advertiser"}], "titlePath": ["tests", "test_advertiser.py"]}