{"name": "test_net_profit", "status": "failed", "statusDetails": {"message": "AssertionError: Expected net profit: 383.46, but got 731.46\nassert 731.46 == 383.46", "trace": "driver = <selenium.webdriver.chrome.webdriver.WebDriver (session=\"59981bcfe900e82488dcc0d85b4fa925\")>\n\n    def test_net_profit(driver):\n        lp = LoginPage(driver)\n        r = Reporting(driver)\n        lp.do_login(Constant.USERNAME, Constant.PASSWORD)\n        db = DashBoard(driver)\n        db.element_displayed(db.DASHBOARD_TEXT)\n        db.click_reporting_ele()\n        r.set_date()\n        time.sleep(2)\n        #r.do_click(r.REFRESH_BUTTON)\n        act_net_profit = float(r.get_element_text(r.NET_PROFIT).replace(\"$\", \"\"))\n        exp_net_profit = float(r.get_element_text(r.REVENUE).replace(\"$\", \"\")) - float(r.get_element_text(r.EXPENSE).replace(\"$\", \"\"))\n>       assert act_net_profit == exp_net_profit, f\"Expected net profit: {exp_net_profit}, but got {act_net_profit}\"\nE       AssertionError: Expected net profit: 383.46, but got 731.46\nE       assert 731.46 == 383.46\n\ntests\\test_reporting.py:239: AssertionError"}, "start": 1757421111953, "stop": 1757421121382, "uuid": "d232faf7-24a5-4160-9bd2-5947c558af21", "historyId": "dcd6f49bb5aaab48275af511a972eec5", "testCaseId": "dcd6f49bb5aaab48275af511a972eec5", "fullName": "tests.test_reporting#test_net_profit", "labels": [{"name": "parentSuite", "value": "tests"}, {"name": "suite", "value": "test_reporting"}, {"name": "host", "value": "DESKTOP-THM7RLI"}, {"name": "thread", "value": "4664-MainThread"}, {"name": "framework", "value": "pytest"}, {"name": "language", "value": "cpython3"}, {"name": "package", "value": "tests.test_reporting"}], "titlePath": ["tests", "test_reporting.py"]}