{"name": "test_total_calls", "status": "broken", "statusDetails": {"message": "selenium.common.exceptions.TimeoutException: Message: \nStacktrace:\n\tGetHandleVerifier [0x0x7ff7403b3d85+79397]\n\tGetHandleVerifier [0x0x7ff7403b3de0+79488]\n\t(No symbol) [0x0x7ff74015c0fa]\n\t(No symbol) [0x0x7ff7401b2fd6]\n\t(No symbol) [0x0x7ff7401b328c]\n\t(No symbol) [0x0x7ff740206537]\n\t(No symbol) [0x0x7ff7401db1df]\n\t(No symbol) [0x0x7ff740203344]\n\t(No symbol) [0x0x7ff7401daf73]\n\t(No symbol) [0x0x7ff7401a41b1]\n\t(No symbol) [0x0x7ff7401a4f43]\n\tGetHandleVerifier [0x0x7ff74067e1ed+3005069]\n\tGetHandleVerifier [0x0x7ff74067831d+2980797]\n\tGetHandleVerifier [0x0x7ff740697e0d+3110573]\n\tGetHandleVerifier [0x0x7ff7403cd6de+184190]\n\tGetHandleVerifier [0x0x7ff7403d516f+215567]\n\tGetHandleVerifier [0x0x7ff7403bc974+115220]\n\tGetHandleVerifier [0x0x7ff7403bcb29+115657]\n\tGetHandleVerifier [0x0x7ff7403a3268+11016]\n\tBaseThreadInitThunk [0x0x7ffedc17e8d7+23]\n\tRtlUserThreadStart [0x0x7ffedddfc34c+44]", "trace": "driver = <selenium.webdriver.chrome.webdriver.WebDriver (session=\"92a40d878427d668d6642bbd981aca3f\")>\n\n    def test_total_calls(driver):\n        lp = LoginPage(driver)\n        r = Reporting(driver)\n        lp.do_login(Constant.USERNAME, Constant.PASSWORD)\n        db = DashBoard(driver)\n        db.element_displayed(db.DASHBOARD_TEXT)\n        db.click_reporting_ele()\n>       r.set_date()\n\ntests\\test_reporting.py:207: \n_ _ _ _ _ _ _ _ _ _ _ _ _ _ _ _ _ _ _ _ _ _ _ _ _ _ _ _ _ _ _ _ _ _ _ _ _ _ _ _\npages\\reporting_page.py:62: in set_date\n    self.do_click(self.DATE_RANGE)\npages\\base_page.py:11: in do_click\n    WebDriverWait(self.driver,10).until(EC.element_to_be_clickable(by_locator)).click()\n    ^^^^^^^^^^^^^^^^^^^^^^^^^^^^^^^^^^^^^^^^^^^^^^^^^^^^^^^^^^^^^^^^^^^^^^^^^^^\n_ _ _ _ _ _ _ _ _ _ _ _ _ _ _ _ _ _ _ _ _ _ _ _ _ _ _ _ _ _ _ _ _ _ _ _ _ _ _ _\n\nself = <selenium.webdriver.support.wait.WebDriverWait (session=\"92a40d878427d668d6642bbd981aca3f\")>\nmethod = <function element_to_be_clickable.<locals>._predicate at 0x0000029B3B710400>\nmessage = ''\n\n    def until(self, method: Callable[[D], Union[Literal[False], T]], message: str = \"\") -> T:\n        \"\"\"Wait until the method returns a value that is not False.\n    \n        Calls the method provided with the driver as an argument until the\n        return value does not evaluate to ``False``.\n    \n        Parameters:\n        -----------\n        method: callable(WebDriver)\n            - A callable object that takes a WebDriver instance as an argument.\n    \n        message: str\n            - Optional message for :exc:`TimeoutException`\n    \n        Return:\n        -------\n        object: T\n            - The result of the last call to `method`\n    \n        Raises:\n        -------\n        TimeoutException\n            - If 'method' does not return a truthy value within the WebDriverWait\n            object's timeout\n    \n        Example:\n        --------\n        >>> from selenium.webdriver.common.by import By\n        >>> from selenium.webdriver.support.ui import WebDriverWait\n        >>> from selenium.webdriver.support import expected_conditions as EC\n    \n        # Wait until an element is visible on the page\n        >>> wait = WebDriverWait(driver, 10)\n        >>> element = wait.until(EC.visibility_of_element_located((By.ID, \"exampleId\")))\n        >>> print(element.text)\n        \"\"\"\n        screen = None\n        stacktrace = None\n    \n        end_time = time.monotonic() + self._timeout\n        while True:\n            try:\n                value = method(self._driver)\n                if value:\n                    return value\n            except self._ignored_exceptions as exc:\n                screen = getattr(exc, \"screen\", None)\n                stacktrace = getattr(exc, \"stacktrace\", None)\n            if time.monotonic() > end_time:\n                break\n            time.sleep(self._poll)\n>       raise TimeoutException(message, screen, stacktrace)\nE       selenium.common.exceptions.TimeoutException: Message: \nE       Stacktrace:\nE       \tGetHandleVerifier [0x0x7ff7403b3d85+79397]\nE       \tGetHandleVerifier [0x0x7ff7403b3de0+79488]\nE       \t(No symbol) [0x0x7ff74015c0fa]\nE       \t(No symbol) [0x0x7ff7401b2fd6]\nE       \t(No symbol) [0x0x7ff7401b328c]\nE       \t(No symbol) [0x0x7ff740206537]\nE       \t(No symbol) [0x0x7ff7401db1df]\nE       \t(No symbol) [0x0x7ff740203344]\nE       \t(No symbol) [0x0x7ff7401daf73]\nE       \t(No symbol) [0x0x7ff7401a41b1]\nE       \t(No symbol) [0x0x7ff7401a4f43]\nE       \tGetHandleVerifier [0x0x7ff74067e1ed+3005069]\nE       \tGetHandleVerifier [0x0x7ff74067831d+2980797]\nE       \tGetHandleVerifier [0x0x7ff740697e0d+3110573]\nE       \tGetHandleVerifier [0x0x7ff7403cd6de+184190]\nE       \tGetHandleVerifier [0x0x7ff7403d516f+215567]\nE       \tGetHandleVerifier [0x0x7ff7403bc974+115220]\nE       \tGetHandleVerifier [0x0x7ff7403bcb29+115657]\nE       \tGetHandleVerifier [0x0x7ff7403a3268+11016]\nE       \tBaseThreadInitThunk [0x0x7ffedc17e8d7+23]\nE       \tRtlUserThreadStart [0x0x7ffedddfc34c+44]\n\n.venv\\Lib\\site-packages\\selenium\\webdriver\\support\\wait.py:138: TimeoutException"}, "start": 1756295892693, "stop": 1756295911380, "uuid": "16889ce3-2b0e-4dc8-aeba-fa57129d8ff1", "historyId": "1bd15309478f88f54676928cf5685c31", "testCaseId": "1bd15309478f88f54676928cf5685c31", "fullName": "tests.test_reporting#test_total_calls", "labels": [{"name": "parentSuite", "value": "tests"}, {"name": "suite", "value": "test_reporting"}, {"name": "host", "value": "DESKTOP-THM7RLI"}, {"name": "thread", "value": "13676-MainThread"}, {"name": "framework", "value": "pytest"}, {"name": "language", "value": "cpython3"}, {"name": "package", "value": "tests.test_reporting"}], "titlePath": ["tests", "test_reporting.py"]}