{"name": "test_verify_redirect_to_upgrade_plan_page", "status": "failed", "statusDetails": {"message": "AssertionError: assert 'Prices, Simple and suited for all\\nyour needs' == 'Prices, Simple and suited for all your needs'\n  \n  - Prices, Simple and suited for all your needs\n  ?                                  ^^^^^^^^^^^\n  + Prices, Simple and suited for all\n  ?                                  ^\n  + your needs", "trace": "driver = <selenium.webdriver.chrome.webdriver.WebDriver (session=\"47c5b5b254fc1ffe22b04805fa1eee96\")>\n\n    def test_verify_redirect_to_upgrade_plan_page(driver):\n        lp = LoginPage(driver)\n        db = DashBoard(driver)\n        p = Profile(driver)\n        lp.do_login(Constant.USERNAME, Constant.PASSWORD)\n        db.element_displayed(db.DASHBOARD_TEXT)\n        p.do_click(p.PROFILE_BTN)\n        p.do_click(p.PROFILE_SUB_BTN)\n        p.do_click(p.UPGRADE_PLAN_BTN)\n>       assert p.get_element_text(p.UPGRADE_PLAN_TEXT)==\"Prices, Simple and suited for all your needs\"\nE       AssertionError: assert 'Prices, Simple and suited for all\\nyour needs' == 'Prices, Simple and suited for all your needs'\nE         \nE         - Prices, Simple and suited for all your needs\nE         ?                                  ^^^^^^^^^^^\nE         + Prices, Simple and suited for all\nE         ?                                  ^\nE         + your needs\n\ntests\\test_profile.py:51: AssertionError"}, "start": 1759236765710, "stop": 1759236771235, "uuid": "45fd2bc5-73e7-4975-a8a3-46586948f8f7", "historyId": "c2afe6016ad4b7d93d056c060a855008", "testCaseId": "c2afe6016ad4b7d93d056c060a855008", "fullName": "tests.test_profile#test_verify_redirect_to_upgrade_plan_page", "labels": [{"name": "parentSuite", "value": "tests"}, {"name": "suite", "value": "test_profile"}, {"name": "host", "value": "DESKTOP-THM7RLI"}, {"name": "thread", "value": "17948-MainThread"}, {"name": "framework", "value": "pytest"}, {"name": "language", "value": "cpython3"}, {"name": "package", "value": "tests.test_profile"}], "titlePath": ["tests", "test_profile.py"]}