{"name": "test_offer_search_functionality", "status": "broken", "statusDetails": {"message": "selenium.common.exceptions.InvalidArgumentException: Message: invalid argument: 'value' must be a string\n  (Session info: chrome=140.0.7339.185)\nStacktrace:\n\tGetHandleVerifier [0x0x7ff6004f30f5+79493]\n\tGetHandleVerifier [0x0x7ff6004f3150+79584]\n\t(No symbol) [0x0x7ff6002701ba]\n\t(No symbol) [0x0x7ff6002c7e2e]\n\t(No symbol) [0x0x7ff6002c832c]\n\t(No symbol) [0x0x7ff60031be57]\n\t(No symbol) [0x0x7ff6002f074f]\n\t(No symbol) [0x0x7ff600318b8b]\n\t(No symbol) [0x0x7ff6002f04e3]\n\t(No symbol) [0x0x7ff6002b8e92]\n\t(No symbol) [0x0x7ff6002b9c63]\n\tGetHandleVerifier [0x0x7ff6007b0dbd+2954061]\n\tGetHandleVerifier [0x0x7ff6007ab02a+2930106]\n\tGetHandleVerifier [0x0x7ff6007cb357+3061991]\n\tGetHandleVerifier [0x0x7ff60050d60e+187294]\n\tGetHandleVerifier [0x0x7ff60051557f+219919]\n\tGetHandleVerifier [0x0x7ff6004fc294+116772]\n\tGetHandleVerifier [0x0x7ff6004fc449+117209]\n\tGetHandleVerifier [0x0x7ff6004e2618+11176]\n\tBaseThreadInitThunk [0x0x7ffb889ae8d7+23]\n\tRtlUserThreadStart [0x0x7ffb8a7c8d9c+44]", "trace": "driver = <selenium.webdriver.chrome.webdriver.WebDriver (session=\"18ef87942bb2a8bc92ea371346ac0637\")>\n\n    def test_offer_search_functionality(driver):\n        lp = LoginPage(driver)\n        o = Offer(driver)\n        lp.do_login(Constant.USERNAME, Constant.PASSWORD)\n        db = DashBoard(driver)\n        db.element_displayed(db.DASHBOARD_TEXT)\n        db.click_offer_ele()\n        # db.do_click(db.OFFER_TAB)\n        assert isinstance(o.is_table_data_present(), str), \"Table data not present\"\n        #o.do_click(o.SEARCH_INPUT)\n        o.select_table_count(\"100\")\n        assert isinstance(o.is_table_data_present(), str), \"Table data not present\"\n        o.fill(o.SEARCH_INPUT, Constant.OFFER_SEARCH)\n        time.sleep(4)\n>       offer_name_list = o.get_offer_name_list()\n                          ^^^^^^^^^^^^^^^^^^^^^^^\n\ntests\\test_offer.py:56: \n_ _ _ _ _ _ _ _ _ _ _ _ _ _ _ _ _ _ _ _ _ _ _ _ _ _ _ _ _ _ _ _ _ _ _ _ _ _ _ _\npages\\offer_page.py:143: in get_offer_name_list\n    return self.get_elements_text_as_list(self.OFFER_NAME_LIST)\n           ^^^^^^^^^^^^^^^^^^^^^^^^^^^^^^^^^^^^^^^^^^^^^^^^^^^^\npages\\base_page.py:124: in get_elements_text_as_list\n    elements = self.driver.find_elements(By.XPATH, locator)\n               ^^^^^^^^^^^^^^^^^^^^^^^^^^^^^^^^^^^^^^^^^^^^\n.venv\\Lib\\site-packages\\selenium\\webdriver\\remote\\webdriver.py:967: in find_elements\n    return self.execute(Command.FIND_ELEMENTS, {\"using\": by, \"value\": value})[\"value\"] or []\n           ^^^^^^^^^^^^^^^^^^^^^^^^^^^^^^^^^^^^^^^^^^^^^^^^^^^^^^^^^^^^^^^^^^\n.venv\\Lib\\site-packages\\selenium\\webdriver\\remote\\webdriver.py:458: in execute\n    self.error_handler.check_response(response)\n_ _ _ _ _ _ _ _ _ _ _ _ _ _ _ _ _ _ _ _ _ _ _ _ _ _ _ _ _ _ _ _ _ _ _ _ _ _ _ _\n\nself = <selenium.webdriver.remote.errorhandler.ErrorHandler object at 0x00000166E0312120>\nresponse = {'status': 400, 'value': '{\"value\":{\"error\":\"invalid argument\",\"message\":\"invalid argument: \\'value\\' must be a string...ff6004e2618+11176]\\\\n\\\\tBaseThreadInitThunk [0x0x7ffb889ae8d7+23]\\\\n\\\\tRtlUserThreadStart [0x0x7ffb8a7c8d9c+44]\\\\n\"}}'}\n\n    def check_response(self, response: dict[str, Any]) -> None:\n        \"\"\"Checks that a JSON response from the WebDriver does not have an\n        error.\n    \n        :Args:\n         - response - The JSON response from the WebDriver server as a dictionary\n           object.\n    \n        :Raises: If the response contains an error message.\n        \"\"\"\n        status = response.get(\"status\", None)\n        if not status or status == ErrorCode.SUCCESS:\n            return\n        value = None\n        message = response.get(\"message\", \"\")\n        screen: str = response.get(\"screen\", \"\")\n        stacktrace = None\n        if isinstance(status, int):\n            value_json = response.get(\"value\", None)\n            if value_json and isinstance(value_json, str):\n                try:\n                    value = json.loads(value_json)\n                    if isinstance(value, dict):\n                        if len(value) == 1:\n                            value = value[\"value\"]\n                        status = value.get(\"error\", None)\n                        if not status:\n                            status = value.get(\"status\", ErrorCode.UNKNOWN_ERROR)\n                            message = value.get(\"value\") or value.get(\"message\")\n                            if not isinstance(message, str):\n                                value = message\n                                message = message.get(\"message\")\n                        else:\n                            message = value.get(\"message\", None)\n                except ValueError:\n                    pass\n    \n        exception_class: type[WebDriverException]\n        e = ErrorCode()\n        error_codes = [item for item in dir(e) if not item.startswith(\"__\")]\n        for error_code in error_codes:\n            error_info = getattr(ErrorCode, error_code)\n            if isinstance(error_info, list) and status in error_info:\n                exception_class = getattr(ExceptionMapping, error_code, WebDriverException)\n                break\n        else:\n            exception_class = WebDriverException\n    \n        if not value:\n            value = response[\"value\"]\n        if isinstance(value, str):\n            raise exception_class(value)\n        if message == \"\" and \"message\" in value:\n            message = value[\"message\"]\n    \n        screen = None  # type: ignore[assignment]\n        if \"screen\" in value:\n            screen = value[\"screen\"]\n    \n        stacktrace = None\n        st_value = value.get(\"stackTrace\") or value.get(\"stacktrace\")\n        if st_value:\n            if isinstance(st_value, str):\n                stacktrace = st_value.split(\"\\n\")\n            else:\n                stacktrace = []\n                try:\n                    for frame in st_value:\n                        line = frame.get(\"lineNumber\", \"\")\n                        file = frame.get(\"fileName\", \"<anonymous>\")\n                        if line:\n                            file = f\"{file}:{line}\"\n                        meth = frame.get(\"methodName\", \"<anonymous>\")\n                        if \"className\" in frame:\n                            meth = f\"{frame['className']}.{meth}\"\n                        msg = \"    at %s (%s)\"\n                        msg = msg % (meth, file)\n                        stacktrace.append(msg)\n                except TypeError:\n                    pass\n        if exception_class == UnexpectedAlertPresentException:\n            alert_text = None\n            if \"data\" in value:\n                alert_text = value[\"data\"].get(\"text\")\n            elif \"alert\" in value:\n                alert_text = value[\"alert\"].get(\"text\")\n            raise exception_class(message, screen, stacktrace, alert_text)  # type: ignore[call-arg]  # mypy is not smart enough here\n>       raise exception_class(message, screen, stacktrace)\nE       selenium.common.exceptions.InvalidArgumentException: Message: invalid argument: 'value' must be a string\nE         (Session info: chrome=140.0.7339.185)\nE       Stacktrace:\nE       \tGetHandleVerifier [0x0x7ff6004f30f5+79493]\nE       \tGetHandleVerifier [0x0x7ff6004f3150+79584]\nE       \t(No symbol) [0x0x7ff6002701ba]\nE       \t(No symbol) [0x0x7ff6002c7e2e]\nE       \t(No symbol) [0x0x7ff6002c832c]\nE       \t(No symbol) [0x0x7ff60031be57]\nE       \t(No symbol) [0x0x7ff6002f074f]\nE       \t(No symbol) [0x0x7ff600318b8b]\nE       \t(No symbol) [0x0x7ff6002f04e3]\nE       \t(No symbol) [0x0x7ff6002b8e92]\nE       \t(No symbol) [0x0x7ff6002b9c63]\nE       \tGetHandleVerifier [0x0x7ff6007b0dbd+2954061]\nE       \tGetHandleVerifier [0x0x7ff6007ab02a+2930106]\nE       \tGetHandleVerifier [0x0x7ff6007cb357+3061991]\nE       \tGetHandleVerifier [0x0x7ff60050d60e+187294]\nE       \tGetHandleVerifier [0x0x7ff60051557f+219919]\nE       \tGetHandleVerifier [0x0x7ff6004fc294+116772]\nE       \tGetHandleVerifier [0x0x7ff6004fc449+117209]\nE       \tGetHandleVerifier [0x0x7ff6004e2618+11176]\nE       \tBaseThreadInitThunk [0x0x7ffb889ae8d7+23]\nE       \tRtlUserThreadStart [0x0x7ffb8a7c8d9c+44]\n\n.venv\\Lib\\site-packages\\selenium\\webdriver\\remote\\errorhandler.py:232: InvalidArgumentException"}, "start": 1758538326800, "stop": 1758538341841, "uuid": "6e078b15-bc69-4241-abca-54ce41cc539f", "historyId": "ce634b5ddbab686d114c45b25e9ee7ee", "testCaseId": "ce634b5ddbab686d114c45b25e9ee7ee", "fullName": "tests.test_offer#test_offer_search_functionality", "labels": [{"name": "parentSuite", "value": "tests"}, {"name": "suite", "value": "test_offer"}, {"name": "host", "value": "DESKTOP-THM7RLI"}, {"name": "thread", "value": "16208-MainThread"}, {"name": "framework", "value": "pytest"}, {"name": "language", "value": "cpython3"}, {"name": "package", "value": "tests.test_offer"}], "titlePath": ["tests", "test_offer.py"]}