{"name": "test_reporting_export_all_data", "status": "broken", "statusDetails": {"message": "selenium.common.exceptions.TimeoutException: Message: \nStacktrace:\n\tGetHandleVerifier [0x0x7ff7698a3d85+79397]\n\tGetHandleVerifier [0x0x7ff7698a3de0+79488]\n\t(No symbol) [0x0x7ff76964c0fa]\n\t(No symbol) [0x0x7ff7696a2fd6]\n\t(No symbol) [0x0x7ff7696a328c]\n\t(No symbol) [0x0x7ff7696f6537]\n\t(No symbol) [0x0x7ff7696cb1df]\n\t(No symbol) [0x0x7ff7696f3344]\n\t(No symbol) [0x0x7ff7696caf73]\n\t(No symbol) [0x0x7ff7696941b1]\n\t(No symbol) [0x0x7ff769694f43]\n\tGetHandleVerifier [0x0x7ff769b6e1ed+3005069]\n\tGetHandleVerifier [0x0x7ff769b6831d+2980797]\n\tGetHandleVerifier [0x0x7ff769b87e0d+3110573]\n\tGetHandleVerifier [0x0x7ff7698bd6de+184190]\n\tGetHandleVerifier [0x0x7ff7698c516f+215567]\n\tGetHandleVerifier [0x0x7ff7698ac974+115220]\n\tGetHandleVerifier [0x0x7ff7698acb29+115657]\n\tGetHandleVerifier [0x0x7ff769893268+11016]\n\tBaseThreadInitThunk [0x0x7ffc37b5e8d7+23]\n\tRtlUserThreadStart [0x0x7ffc39048d9c+44]", "trace": "driver_with_downloads = <selenium.webdriver.chrome.webdriver.WebDriver (session=\"0b1988f59caaba3278b035a9d53903bc\")>\n\n    def test_reporting_export_all_data(driver_with_downloads):\n        driver = driver_with_downloads\n        lp = LoginPage(driver)\n        r = Reporting(driver)\n        lp.do_login(Constant.USERNAME, Constant.PASSWORD)\n        db = DashBoard(driver)\n        db.element_displayed(db.DASHBOARD_TEXT)\n        db.click_reporting_ele()\n        r.set_date()\n        time.sleep(2)\n        r.do_click(r.REFRESH_BUTTON)\n        time.sleep(3)\n        r.scroll_to_element(r.CALL_DETAILS_TAB)\n        assert isinstance(r.is_table_data_present(), str), \"Table data not present\"\n        r.select_table_dropdown(\"100\")\n        time.sleep(3)\n        assert isinstance(r.is_table_data_present(), str), \"Table data not present\"\n        r.scroll_to_element(r.REVENUE)\n        r.do_click(r.EXPORT_BUTTON)\n        r.do_click(r.EXPORT_ALL_ROWS)\n>       r.do_click(r.EXPORT_SUB_BUTTON)\n\ntests\\test_reporting.py:317: \n_ _ _ _ _ _ _ _ _ _ _ _ _ _ _ _ _ _ _ _ _ _ _ _ _ _ _ _ _ _ _ _ _ _ _ _ _ _ _ _\npages\\base_page.py:13: in do_click\n    WebDriverWait(self.driver,10).until(EC.element_to_be_clickable(by_locator)).click()\n    ^^^^^^^^^^^^^^^^^^^^^^^^^^^^^^^^^^^^^^^^^^^^^^^^^^^^^^^^^^^^^^^^^^^^^^^^^^^\n_ _ _ _ _ _ _ _ _ _ _ _ _ _ _ _ _ _ _ _ _ _ _ _ _ _ _ _ _ _ _ _ _ _ _ _ _ _ _ _\n\nself = <selenium.webdriver.support.wait.WebDriverWait (session=\"0b1988f59caaba3278b035a9d53903bc\")>\nmethod = <function element_to_be_clickable.<locals>._predicate at 0x0000015582A47E20>\nmessage = ''\n\n    def until(self, method: Callable[[D], Union[Literal[False], T]], message: str = \"\") -> T:\n        \"\"\"Wait until the method returns a value that is not False.\n    \n        Calls the method provided with the driver as an argument until the\n        return value does not evaluate to ``False``.\n    \n        Parameters:\n        -----------\n        method: callable(WebDriver)\n            - A callable object that takes a WebDriver instance as an argument.\n    \n        message: str\n            - Optional message for :exc:`TimeoutException`\n    \n        Return:\n        -------\n        object: T\n            - The result of the last call to `method`\n    \n        Raises:\n        -------\n        TimeoutException\n            - If 'method' does not return a truthy value within the WebDriverWait\n            object's timeout\n    \n        Example:\n        --------\n        >>> from selenium.webdriver.common.by import By\n        >>> from selenium.webdriver.support.ui import WebDriverWait\n        >>> from selenium.webdriver.support import expected_conditions as EC\n    \n        # Wait until an element is visible on the page\n        >>> wait = WebDriverWait(driver, 10)\n        >>> element = wait.until(EC.visibility_of_element_located((By.ID, \"exampleId\")))\n        >>> print(element.text)\n        \"\"\"\n        screen = None\n        stacktrace = None\n    \n        end_time = time.monotonic() + self._timeout\n        while True:\n            try:\n                value = method(self._driver)\n                if value:\n                    return value\n            except self._ignored_exceptions as exc:\n                screen = getattr(exc, \"screen\", None)\n                stacktrace = getattr(exc, \"stacktrace\", None)\n            if time.monotonic() > end_time:\n                break\n            time.sleep(self._poll)\n>       raise TimeoutException(message, screen, stacktrace)\nE       selenium.common.exceptions.TimeoutException: Message: \nE       Stacktrace:\nE       \tGetHandleVerifier [0x0x7ff7698a3d85+79397]\nE       \tGetHandleVerifier [0x0x7ff7698a3de0+79488]\nE       \t(No symbol) [0x0x7ff76964c0fa]\nE       \t(No symbol) [0x0x7ff7696a2fd6]\nE       \t(No symbol) [0x0x7ff7696a328c]\nE       \t(No symbol) [0x0x7ff7696f6537]\nE       \t(No symbol) [0x0x7ff7696cb1df]\nE       \t(No symbol) [0x0x7ff7696f3344]\nE       \t(No symbol) [0x0x7ff7696caf73]\nE       \t(No symbol) [0x0x7ff7696941b1]\nE       \t(No symbol) [0x0x7ff769694f43]\nE       \tGetHandleVerifier [0x0x7ff769b6e1ed+3005069]\nE       \tGetHandleVerifier [0x0x7ff769b6831d+2980797]\nE       \tGetHandleVerifier [0x0x7ff769b87e0d+3110573]\nE       \tGetHandleVerifier [0x0x7ff7698bd6de+184190]\nE       \tGetHandleVerifier [0x0x7ff7698c516f+215567]\nE       \tGetHandleVerifier [0x0x7ff7698ac974+115220]\nE       \tGetHandleVerifier [0x0x7ff7698acb29+115657]\nE       \tGetHandleVerifier [0x0x7ff769893268+11016]\nE       \tBaseThreadInitThunk [0x0x7ffc37b5e8d7+23]\nE       \tRtlUserThreadStart [0x0x7ffc39048d9c+44]\n\n.venv\\Lib\\site-packages\\selenium\\webdriver\\support\\wait.py:138: TimeoutException"}, "start": 1757663263110, "stop": 1757663293927, "uuid": "4f0e0c5b-540a-4dfe-9355-99c221c8cb8b", "historyId": "417b6463bd44627a8cb9fd484c629ace", "testCaseId": "417b6463bd44627a8cb9fd484c629ace", "fullName": "tests.test_reporting#test_reporting_export_all_data", "labels": [{"name": "parentSuite", "value": "tests"}, {"name": "suite", "value": "test_reporting"}, {"name": "host", "value": "DESKTOP-THM7RLI"}, {"name": "thread", "value": "12576-MainThread"}, {"name": "framework", "value": "pytest"}, {"name": "language", "value": "cpython3"}, {"name": "package", "value": "tests.test_reporting"}], "titlePath": ["tests", "test_reporting.py"]}