{"name": "test_offer_search_functionality", "status": "failed", "statusDetails": {"message": "AssertionError: Search functionality not working, offer testing does not contain 'avi'\nassert 'avi' in 'offer testing'\n +  where 'offer testing' = <built-in method lower of str object at 0x000001AB7E0502F0>()\n +    where <built-in method lower of str object at 0x000001AB7E0502F0> = 'offer testing'.lower", "trace": "driver = <selenium.webdriver.chrome.webdriver.WebDriver (session=\"c8c40f8579334cf5ddaa95807d70b407\")>\n\n    def test_offer_search_functionality(driver):\n        lp = LoginPage(driver)\n        o = Offer(driver)\n        lp.do_login(Constant.USERNAME, Constant.PASSWORD)\n        db = DashBoard(driver)\n        db.element_displayed(db.DASHBOARD_TEXT)\n        db.click_offer_ele()\n        # db.do_click(db.OFFER_TAB)\n        assert isinstance(o.is_table_data_present(), str), \"Table data not present\"\n        #o.do_click(o.SEARCH_INPUT)\n        o.select_table_count(\"100\")\n        assert isinstance(o.is_table_data_present(), str), \"Table data not present\"\n        o.fill(o.SEARCH_INPUT,\"off\")\n        time.sleep(4)\n        offer_name_list = o.get_elements_text_as_list()\n        for name in offer_name_list:\n>           assert \"avi\" in name.lower(), f\"Search functionality not working, {name} does not contain 'avi'\"\nE           AssertionError: Search functionality not working, offer testing does not contain 'avi'\nE           assert 'avi' in 'offer testing'\nE            +  where 'offer testing' = <built-in method lower of str object at 0x000001AB7E0502F0>()\nE            +    where <built-in method lower of str object at 0x000001AB7E0502F0> = 'offer testing'.lower\n\ntests\\test_offer.py:59: AssertionError"}, "start": 1758106157998, "stop": 1758106173692, "uuid": "07f8e541-129a-4caa-bff3-d0fcf04b1039", "historyId": "ce634b5ddbab686d114c45b25e9ee7ee", "testCaseId": "ce634b5ddbab686d114c45b25e9ee7ee", "fullName": "tests.test_offer#test_offer_search_functionality", "labels": [{"name": "parentSuite", "value": "tests"}, {"name": "suite", "value": "test_offer"}, {"name": "host", "value": "DESKTOP-THM7RLI"}, {"name": "thread", "value": "11580-MainThread"}, {"name": "framework", "value": "pytest"}, {"name": "language", "value": "cpython3"}, {"name": "package", "value": "tests.test_offer"}], "titlePath": ["tests", "test_offer.py"]}