{"name": "test_reporting_get_apis", "status": "failed", "statusDetails": {"message": "AssertionError: API offer/select-plan/?user=79&record=last failed with status code 200\nassert 200 == 201\n +  where 200 = <Response [200]>.status_code", "trace": "def test_reporting_get_apis():\n        token = base_page.generate_token()\n        reporting_endpoints = [\"offer/select-plan/?user=79&record=last\",\n                               \"api/updateTimeZone/?user=79\",\n                               \"api/get-admin-status?user_id=79\",\n                               \"api/user-status/?user=79\",\n                               \"advertiser/time-zone\",\n                               \"advertiser/country\",\n                               \"api/get-all-profiles\",\n                               \"api/admin-profile/?user=79\",\n                               \"campaign/reports/export-report-data\"\n                              ]\n        for endpoint in reporting_endpoints:\n            url = Constant.BASE_API_URL + endpoint\n            headers = {\"Authorization\": f\"Bearer {token}\"}\n            response = requests.get(url, headers=headers, timeout=8)\n>           assert response.status_code == 201, f\"API {endpoint} failed with status code {response.status_code}\"\nE           AssertionError: API offer/select-plan/?user=79&record=last failed with status code 200\nE           assert 200 == 201\nE            +  where 200 = <Response [200]>.status_code\n\ntests\\test_reporting.py:311: AssertionError"}, "start": 1756886378166, "stop": 1756886381041, "uuid": "3bb3aa3d-fe2b-4dee-801d-0af5ca674334", "historyId": "b4424325199e88a56ed126b1f8242965", "testCaseId": "b4424325199e88a56ed126b1f8242965", "fullName": "tests.test_reporting#test_reporting_get_apis", "labels": [{"name": "parentSuite", "value": "tests"}, {"name": "suite", "value": "test_reporting"}, {"name": "host", "value": "DESKTOP-THM7RLI"}, {"name": "thread", "value": "6288-MainThread"}, {"name": "framework", "value": "pytest"}, {"name": "language", "value": "cpython3"}, {"name": "package", "value": "tests.test_reporting"}], "titlePath": ["tests", "test_reporting.py"]}