{"name": "test_invalid_login_data_driven[-KODEhash@000]", "status": "failed", "statusDetails": {"message": "AssertionError: assert False\n +  where False = is_login_successful()\n +    where is_login_successful = <pages.login_page.LoginPage object at 0x000002833C206A50>.is_login_successful", "trace": "driver = <selenium.webdriver.chrome.webdriver.WebDriver (session=\"c195cfe8757e4c8f03fe602eb67bf9d5\")>\nusername = '', password = 'KODEhash@000'\n\n    @pytest.mark.parametrize(\"username,password\", read_login_data())\n    def test_invalid_login_data_driven(driver, username, password):\n        lp = LoginPage(driver)\n        lp.do_login(username, password)\n>       assert lp.is_login_successful()\nE       assert False\nE        +  where False = is_login_successful()\nE        +    where is_login_successful = <pages.login_page.LoginPage object at 0x000002833C206A50>.is_login_successful\n\ntests\\test_login.py:23: AssertionError"}, "parameters": [{"name": "username", "value": "''"}, {"name": "password", "value": "'KODEhash@000'"}], "start": 1759146938910, "stop": 1759146949939, "uuid": "a32b43a8-9093-4c44-ae0e-1cb8414e2320", "historyId": "a13836f74c6f3cf360cc968ac59141bf", "testCaseId": "8aeb1d456e6b308728d3d59f1430bf09", "fullName": "tests.test_login#test_invalid_login_data_driven", "labels": [{"name": "parentSuite", "value": "tests"}, {"name": "suite", "value": "test_login"}, {"name": "host", "value": "DESKTOP-THM7RLI"}, {"name": "thread", "value": "4588-MainThread"}, {"name": "framework", "value": "pytest"}, {"name": "language", "value": "cpython3"}, {"name": "package", "value": "tests.test_login"}], "titlePath": ["tests", "test_login.py"]}